#
# There is insufficient memory for the Java Runtime Environment to continue.
# Native memory allocation (malloc) failed to allocate 65552 bytes for Chunk::new
# Possible reasons:
#   The system is out of physical RAM or swap space
#   The process is running with CompressedOops enabled, and the Java Heap may be blocking the growth of the native heap
# Possible solutions:
#   Reduce memory load on the system
#   Increase physical memory or swap space
#   Check if swap backing store is full
#   Decrease Java heap size (-Xmx/-Xms)
#   Decrease number of Java threads
#   Decrease Java thread stack sizes (-Xss)
#   Set larger code cache with -XX:ReservedCodeCacheSize=
#   JVM is running with Unscaled Compressed Oops mode in which the Java heap is
#     placed in the first 4GB address space. The Java Heap base address is the
#     maximum limit for the native heap growth. Please use -XX:HeapBaseMinAddress
#     to set the Java Heap base and to place the Java Heap above 4GB virtual address.
# This output file may be truncated or incomplete.
#
#  Out of Memory Error (allocation.cpp:389), pid=8064, tid=0x0000000000002bdc
#
# JRE version: OpenJDK Runtime Environment (8.0_292-b10) (build 1.8.0_292-b10)
# Java VM: OpenJDK 64-Bit Server VM (25.292-b10 mixed mode windows-amd64 compressed oops)
# Failed to write core dump. Minidumps are not enabled by default on client versions of Windows
#

---------------  T H R E A D  ---------------

Current thread (0x000002b0af383000):  JavaThread "C2 CompilerThread0" daemon [_thread_in_native, id=11228, stack(0x000000d5b3d00000,0x000000d5b3e00000)]

Stack: [0x000000d5b3d00000,0x000000d5b3e00000]
[error occurred during error reporting (printing stack bounds), id 0xc0000005]

Native frames: (J=compiled Java code, j=interpreted, Vv=VM code, C=native code)


Current CompileTask:
C2:  18306 5688   !   4       org.apache.maven.model.Model::clone (502 bytes)


---------------  P R O C E S S  ---------------

Java Threads: ( => current thread )
  0x000002b0af3fc000 JavaThread "Service Thread" daemon [_thread_blocked, id=15848, stack(0x000000d5b4100000,0x000000d5b4200000)]
  0x000002b0af3db800 JavaThread "C1 CompilerThread3" daemon [_thread_blocked, id=1408, stack(0x000000d5b4000000,0x000000d5b4100000)]
  0x000002b0af3ce800 JavaThread "C2 CompilerThread2" daemon [_thread_in_native, id=8536, stack(0x000000d5b3f00000,0x000000d5b4000000)]
  0x000002b0af385000 JavaThread "C2 CompilerThread1" daemon [_thread_in_native, id=4080, stack(0x000000d5b3e00000,0x000000d5b3f00000)]
=>0x000002b0af383000 JavaThread "C2 CompilerThread0" daemon [_thread_in_native, id=11228, stack(0x000000d5b3d00000,0x000000d5b3e00000)]
  0x000002b0af37e800 JavaThread "Monitor Ctrl-Break" daemon [_thread_in_native, id=11148, stack(0x000000d5b3c00000,0x000000d5b3d00000)]
  0x000002b0ad5a2800 JavaThread "Attach Listener" daemon [_thread_blocked, id=17032, stack(0x000000d5b3b00000,0x000000d5b3c00000)]
  0x000002b0ad5a1800 JavaThread "Signal Dispatcher" daemon [_thread_blocked, id=7576, stack(0x000000d5b3a00000,0x000000d5b3b00000)]
  0x000002b0ad56c000 JavaThread "Finalizer" daemon [_thread_blocked, id=17424, stack(0x000000d5b3900000,0x000000d5b3a00000)]
  0x000002b0ad56b000 JavaThread "Reference Handler" daemon [_thread_blocked, id=5608, stack(0x000000d5b3800000,0x000000d5b3900000)]
  0x000002b097a4f000 JavaThread "main" [_thread_in_native, id=7128, stack(0x000000d5b2e00000,0x000000d5b2f00000)]

Other Threads:
  0x000002b0ad536800 VMThread [stack: 0x000000d5b3700000,0x000000d5b3800000] [id=17040]
  0x000002b0af3ff800 WatcherThread [stack: 0x000000d5b4200000,0x000000d5b4300000] [id=11080]

VM state:not at safepoint (normal execution)

VM Mutex/Monitor currently owned by a thread: None

heap address: 0x0000000091800000, size: 1768 MB, Compressed Oops mode: 32-bit
Narrow klass base: 0x0000000000000000, Narrow klass shift: 3
Compressed class space size: 1073741824 Address: 0x0000000100000000

Heap:
 PSYoungGen      total 122368K, used 84147K [0x00000000db300000, 0x00000000e3f00000, 0x0000000100000000)
  eden space 110592K, 65% used [0x00000000db300000,0x00000000df9b1920,0x00000000e1f00000)
  from space 11776K, 99% used [0x00000000e2300000,0x00000000e2e7b548,0x00000000e2e80000)
  to   space 16384K, 0% used [0x00000000e2f00000,0x00000000e2f00000,0x00000000e3f00000)
 ParOldGen       total 78336K, used 39002K [0x0000000091800000, 0x0000000096480000, 0x00000000db300000)
  object space 78336K, 49% used [0x0000000091800000,0x0000000093e16be8,0x0000000096480000)
 Metaspace       used 28198K, capacity 29174K, committed 29360K, reserved 1075200K
  class space    used 3249K, capacity 3493K, committed 3504K, reserved 1048576K

Card table byte_map: [0x000002b0a8a50000,0x000002b0a8dd0000] byte_map_base: 0x000002b0a85c4000

Marking Bits: (ParMarkBitMap*) 0x000000005b0ef7f0
 Begin Bits: [0x000002b0a9020000, 0x000002b0aabc0000)
 End Bits:   [0x000002b0aabc0000, 0x000002b0ac760000)

Polling page: 0x000002b097b70000

CodeCache: size=245760Kb used=19399Kb max_used=19403Kb free=226360Kb
 bounds [0x000002b099690000, 0x000002b09a9a0000, 0x000002b0a8690000]
 total_blobs=5571 nmethods=5150 adapters=334
 compilation: enabled

Compilation events (10 events):
Event: 18.289 Thread 0x000002b0af3db800 nmethod 5734 0x000002b09a994bd0 code [0x000002b09a994d80, 0x000002b09a995820]
Event: 18.289 Thread 0x000002b0af3db800 5735       3       org.eclipse.aether.graph.Exclusion::equals (94 bytes)
Event: 18.289 Thread 0x000002b0af3db800 nmethod 5735 0x000002b09a996e90 code [0x000002b09a997060, 0x000002b09a9979b0]
Event: 18.293 Thread 0x000002b0af3ce800 nmethod 5730 0x000002b09a99add0 code [0x000002b09a99af40, 0x000002b09a99b4e8]
Event: 18.294 Thread 0x000002b0af3ce800 5736       4       java.util.AbstractList::hashCode (46 bytes)
Event: 18.299 Thread 0x000002b0af3db800 5737   !   3       java.util.AbstractSet::equals (48 bytes)
Event: 18.300 Thread 0x000002b0af3db800 nmethod 5737 0x000002b09a9941d0 code [0x000002b09a994380, 0x000002b09a994a70]
Event: 18.301 Thread 0x000002b0af3db800 5739       3       java.util.HashMap::comparableClassFor (105 bytes)
Event: 18.302 Thread 0x000002b0af3db800 nmethod 5739 0x000002b09a999c50 code [0x000002b09a999e60, 0x000002b09a99aa50]
Event: 18.304 Thread 0x000002b0af3db800 5740       3       org.apache.maven.repository.internal.RelocatedArtifact::getArtifactId (22 bytes)

GC Heap History (10 events):
Event: 6.833 GC heap before
{Heap before GC invocations=6 (full 0):
 PSYoungGen      total 61952K, used 61944K [0x00000000db300000, 0x00000000e3c00000, 0x0000000100000000)
  eden space 57344K, 100% used [0x00000000db300000,0x00000000deb00000,0x00000000deb00000)
  from space 4608K, 99% used [0x00000000deb00000,0x00000000def7e050,0x00000000def80000)
  to   space 12800K, 0% used [0x00000000e2f80000,0x00000000e2f80000,0x00000000e3c00000)
 ParOldGen       total 76800K, used 15162K [0x0000000091800000, 0x0000000096300000, 0x00000000db300000)
  object space 76800K, 19% used [0x0000000091800000,0x00000000926ce830,0x0000000096300000)
 Metaspace       used 18255K, capacity 18834K, committed 19200K, reserved 1067008K
  class space    used 2067K, capacity 2228K, committed 2304K, reserved 1048576K
Event: 6.844 GC heap after
Heap after GC invocations=6 (full 0):
 PSYoungGen      total 125440K, used 7785K [0x00000000db300000, 0x00000000e3a00000, 0x0000000100000000)
  eden space 114688K, 0% used [0x00000000db300000,0x00000000db300000,0x00000000e2300000)
  from space 10752K, 72% used [0x00000000e2f80000,0x00000000e371a430,0x00000000e3a00000)
  to   space 11776K, 0% used [0x00000000e2300000,0x00000000e2300000,0x00000000e2e80000)
 ParOldGen       total 76800K, used 15170K [0x0000000091800000, 0x0000000096300000, 0x00000000db300000)
  object space 76800K, 19% used [0x0000000091800000,0x00000000926d0830,0x0000000096300000)
 Metaspace       used 18255K, capacity 18834K, committed 19200K, reserved 1067008K
  class space    used 2067K, capacity 2228K, committed 2304K, reserved 1048576K
}
Event: 10.410 GC heap before
{Heap before GC invocations=7 (full 0):
 PSYoungGen      total 125440K, used 122473K [0x00000000db300000, 0x00000000e3a00000, 0x0000000100000000)
  eden space 114688K, 100% used [0x00000000db300000,0x00000000e2300000,0x00000000e2300000)
  from space 10752K, 72% used [0x00000000e2f80000,0x00000000e371a430,0x00000000e3a00000)
  to   space 11776K, 0% used [0x00000000e2300000,0x00000000e2300000,0x00000000e2e80000)
 ParOldGen       total 76800K, used 15170K [0x0000000091800000, 0x0000000096300000, 0x00000000db300000)
  object space 76800K, 19% used [0x0000000091800000,0x00000000926d0830,0x0000000096300000)
 Metaspace       used 20509K, capacity 21208K, committed 21296K, reserved 1069056K
  class space    used 2358K, capacity 2582K, committed 2608K, reserved 1048576K
Event: 10.431 GC heap after
Heap after GC invocations=7 (full 0):
 PSYoungGen      total 122368K, used 11746K [0x00000000db300000, 0x00000000e3f00000, 0x0000000100000000)
  eden space 110592K, 0% used [0x00000000db300000,0x00000000db300000,0x00000000e1f00000)
  from space 11776K, 99% used [0x00000000e2300000,0x00000000e2e789a8,0x00000000e2e80000)
  to   space 16384K, 0% used [0x00000000e2f00000,0x00000000e2f00000,0x00000000e3f00000)
 ParOldGen       total 76800K, used 21097K [0x0000000091800000, 0x0000000096300000, 0x00000000db300000)
  object space 76800K, 27% used [0x0000000091800000,0x0000000092c9a528,0x0000000096300000)
 Metaspace       used 20509K, capacity 21208K, committed 21296K, reserved 1069056K
  class space    used 2358K, capacity 2582K, committed 2608K, reserved 1048576K
}
Event: 10.431 GC heap before
{Heap before GC invocations=8 (full 1):
 PSYoungGen      total 122368K, used 11746K [0x00000000db300000, 0x00000000e3f00000, 0x0000000100000000)
  eden space 110592K, 0% used [0x00000000db300000,0x00000000db300000,0x00000000e1f00000)
  from space 11776K, 99% used [0x00000000e2300000,0x00000000e2e789a8,0x00000000e2e80000)
  to   space 16384K, 0% used [0x00000000e2f00000,0x00000000e2f00000,0x00000000e3f00000)
 ParOldGen       total 76800K, used 21097K [0x0000000091800000, 0x0000000096300000, 0x00000000db300000)
  object space 76800K, 27% used [0x0000000091800000,0x0000000092c9a528,0x0000000096300000)
 Metaspace       used 20509K, capacity 21208K, committed 21296K, reserved 1069056K
  class space    used 2358K, capacity 2582K, committed 2608K, reserved 1048576K
Event: 10.535 GC heap after
Heap after GC invocations=8 (full 1):
 PSYoungGen      total 122368K, used 0K [0x00000000db300000, 0x00000000e3f00000, 0x0000000100000000)
  eden space 110592K, 0% used [0x00000000db300000,0x00000000db300000,0x00000000e1f00000)
  from space 11776K, 0% used [0x00000000e2300000,0x00000000e2300000,0x00000000e2e80000)
  to   space 16384K, 0% used [0x00000000e2f00000,0x00000000e2f00000,0x00000000e3f00000)
 ParOldGen       total 78336K, used 25278K [0x0000000091800000, 0x0000000096480000, 0x00000000db300000)
  object space 78336K, 32% used [0x0000000091800000,0x00000000930af938,0x0000000096480000)
 Metaspace       used 20509K, capacity 21208K, committed 21296K, reserved 1069056K
  class space    used 2358K, capacity 2582K, committed 2608K, reserved 1048576K
}
Event: 13.937 GC heap before
{Heap before GC invocations=9 (full 1):
 PSYoungGen      total 122368K, used 110592K [0x00000000db300000, 0x00000000e3f00000, 0x0000000100000000)
  eden space 110592K, 100% used [0x00000000db300000,0x00000000e1f00000,0x00000000e1f00000)
  from space 11776K, 0% used [0x00000000e2300000,0x00000000e2300000,0x00000000e2e80000)
  to   space 16384K, 0% used [0x00000000e2f00000,0x00000000e2f00000,0x00000000e3f00000)
 ParOldGen       total 78336K, used 25278K [0x0000000091800000, 0x0000000096480000, 0x00000000db300000)
  object space 78336K, 32% used [0x0000000091800000,0x00000000930af938,0x0000000096480000)
 Metaspace       used 25876K, capacity 26712K, committed 26928K, reserved 1073152K
  class space    used 3013K, capacity 3251K, committed 3376K, reserved 1048576K
Event: 13.953 GC heap after
Heap after GC invocations=9 (full 1):
 PSYoungGen      total 126976K, used 16369K [0x00000000db300000, 0x00000000e3f00000, 0x0000000100000000)
  eden space 110592K, 0% used [0x00000000db300000,0x00000000db300000,0x00000000e1f00000)
  from space 16384K, 99% used [0x00000000e2f00000,0x00000000e3efc738,0x00000000e3f00000)
  to   space 11776K, 0% used [0x00000000e2300000,0x00000000e2300000,0x00000000e2e80000)
 ParOldGen       total 78336K, used 26471K [0x0000000091800000, 0x0000000096480000, 0x00000000db300000)
  object space 78336K, 33% used [0x0000000091800000,0x00000000931d9c10,0x0000000096480000)
 Metaspace       used 25876K, capacity 26712K, committed 26928K, reserved 1073152K
  class space    used 3013K, capacity 3251K, committed 3376K, reserved 1048576K
}
Event: 17.278 GC heap before
{Heap before GC invocations=10 (full 1):
 PSYoungGen      total 126976K, used 126961K [0x00000000db300000, 0x00000000e3f00000, 0x0000000100000000)
  eden space 110592K, 100% used [0x00000000db300000,0x00000000e1f00000,0x00000000e1f00000)
  from space 16384K, 99% used [0x00000000e2f00000,0x00000000e3efc738,0x00000000e3f00000)
  to   space 11776K, 0% used [0x00000000e2300000,0x00000000e2300000,0x00000000e2e80000)
 ParOldGen       total 78336K, used 26471K [0x0000000091800000, 0x0000000096480000, 0x00000000db300000)
  object space 78336K, 33% used [0x0000000091800000,0x00000000931d9c10,0x0000000096480000)
 Metaspace       used 27594K, capacity 28520K, committed 28848K, reserved 1075200K
  class space    used 3202K, capacity 3425K, committed 3504K, reserved 1048576K
Event: 17.299 GC heap after
Heap after GC invocations=10 (full 1):
 PSYoungGen      total 122368K, used 11757K [0x00000000db300000, 0x00000000e3f00000, 0x0000000100000000)
  eden space 110592K, 0% used [0x00000000db300000,0x00000000db300000,0x00000000e1f00000)
  from space 11776K, 99% used [0x00000000e2300000,0x00000000e2e7b548,0x00000000e2e80000)
  to   space 16384K, 0% used [0x00000000e2f00000,0x00000000e2f00000,0x00000000e3f00000)
 ParOldGen       total 78336K, used 39002K [0x0000000091800000, 0x0000000096480000, 0x00000000db300000)
  object space 78336K, 49% used [0x0000000091800000,0x0000000093e16be8,0x0000000096480000)
 Metaspace       used 27594K, capacity 28520K, committed 28848K, reserved 1075200K
  class space    used 3202K, capacity 3425K, committed 3504K, reserved 1048576K
}

Deoptimization events (10 events):
Event: 17.351 Thread 0x000002b097a4f000 Uncommon trap: reason=class_check action=maybe_recompile pc=0x000002b09a151f80 method=java.util.Collections$UnmodifiableMap.size()I @ 4
Event: 17.351 Thread 0x000002b097a4f000 Uncommon trap: reason=class_check action=maybe_recompile pc=0x000002b09a23eea8 method=java.util.Collections$UnmodifiableMap$UnmodifiableEntrySet$1.<init>(Ljava/util/Collections$UnmodifiableMap$UnmodifiableEntrySet;)V @ 17
Event: 17.832 Thread 0x000002b097a4f000 Uncommon trap: reason=unstable_if action=reinterpret pc=0x000002b09a24cf04 method=org.apache.maven.model.merge.ModelMerger.mergeConfigurationContainer_Configuration(Lorg/apache/maven/model/ConfigurationContainer;Lorg/apache/maven/model/ConfigurationContai
Event: 17.832 Thread 0x000002b097a4f000 Uncommon trap: reason=unstable_if action=reinterpret pc=0x000002b09a282e24 method=org.apache.maven.model.merge.ModelMerger.mergePlugin_GroupId(Lorg/apache/maven/model/Plugin;Lorg/apache/maven/model/Plugin;ZLjava/util/Map;)V @ 12
Event: 17.833 Thread 0x000002b097a4f000 Uncommon trap: reason=unstable_if action=reinterpret pc=0x000002b0997d52e4 method=org.apache.maven.model.merge.ModelMerger.mergePlugin_ArtifactId(Lorg/apache/maven/model/Plugin;Lorg/apache/maven/model/Plugin;ZLjava/util/Map;)V @ 12
Event: 17.833 Thread 0x000002b097a4f000 Uncommon trap: reason=unstable_if action=reinterpret pc=0x000002b09a2cf208 method=org.apache.maven.model.merge.MavenModelMerger.mergePlugin_Executions(Lorg/apache/maven/model/Plugin;Lorg/apache/maven/model/Plugin;ZLjava/util/Map;)V @ 88
Event: 17.833 Thread 0x000002b097a4f000 Uncommon trap: reason=unstable_if action=reinterpret pc=0x000002b09a2ab0c8 method=org.apache.maven.model.merge.MavenModelMerger.mergePlugin_Executions(Lorg/apache/maven/model/Plugin;Lorg/apache/maven/model/Plugin;ZLjava/util/Map;)V @ 88
Event: 17.946 Thread 0x000002b097a4f000 Uncommon trap: reason=speculate_class_check action=maybe_recompile pc=0x000002b09a168724 method=java.nio.charset.CharsetDecoder.reset()Ljava/nio/charset/CharsetDecoder; @ 1
Event: 17.961 Thread 0x000002b097a4f000 Uncommon trap: reason=unstable_if action=reinterpret pc=0x000002b09a403bd8 method=org.apache.maven.model.inheritance.DefaultInheritanceAssembler$InheritanceModelMerger.mergePluginContainer_Plugins(Lorg/apache/maven/model/PluginContainer;Lorg/apache/maven/
Event: 18.110 Thread 0x000002b097a4f000 Uncommon trap: reason=unstable_if action=reinterpret pc=0x000002b09a7f3efc method=org.eclipse.aether.internal.impl.collect.DataPool$ConstraintKey.equals(Ljava/util/List;Ljava/util/List;)Z @ 155

Classes redefined (0 events):
No events

Internal exceptions (10 events):
Event: 5.641 Thread 0x000002b097a4f000 Implicit null exception at 0x000002b099a745d5 to 0x000002b099a747ad
Event: 5.641 Thread 0x000002b097a4f000 Implicit null exception at 0x000002b099a00f2f to 0x000002b099a00f99
Event: 10.286 Thread 0x000002b097a4f000 Exception <a 'java/lang/ClassNotFoundException': com/sun/tools/javac/api/JavacTool> (0x00000000e1ec0b08) thrown at [C:\wsjdk\Corretto8Src\installers\windows\zip\corretto-build\buildRoot\src\hotspot\src\share\vm\classfile\systemDictionary.cpp, line 217]
Event: 11.406 Thread 0x000002b097a4f000 Exception <a 'java/io/FileNotFoundException'> (0x00000000dcca11b8) thrown at [C:\wsjdk\Corretto8Src\installers\windows\zip\corretto-build\buildRoot\src\hotspot\src\share\vm\prims\jni.cpp, line 711]
Event: 11.413 Thread 0x000002b097a4f000 Exception <a 'java/io/FileNotFoundException'> (0x00000000dccff498) thrown at [C:\wsjdk\Corretto8Src\installers\windows\zip\corretto-build\buildRoot\src\hotspot\src\share\vm\prims\jni.cpp, line 711]
Event: 13.270 Thread 0x000002b097a4f000 Implicit null exception at 0x000002b099dfabf1 to 0x000002b099dfb001
Event: 13.276 Thread 0x000002b097a4f000 Implicit null exception at 0x000002b099e09995 to 0x000002b099e09b91
Event: 14.038 Thread 0x000002b097a4f000 Implicit null exception at 0x000002b099e60ab1 to 0x000002b099e61661
Event: 15.729 Thread 0x000002b097a4f000 Exception <a 'java/io/FileNotFoundException'> (0x00000000df7001a0) thrown at [C:\wsjdk\Corretto8Src\installers\windows\zip\corretto-build\buildRoot\src\hotspot\src\share\vm\prims\jni.cpp, line 711]
Event: 15.731 Thread 0x000002b097a4f000 Exception <a 'java/io/FileNotFoundException'> (0x00000000df701bd8) thrown at [C:\wsjdk\Corretto8Src\installers\windows\zip\corretto-build\buildRoot\src\hotspot\src\share\vm\prims\jni.cpp, line 711]

Events (10 events):
Event: 17.946 Thread 0x000002b097a4f000 DEOPT PACKING pc=0x000002b09a168724 sp=0x000000d5b2efc190
Event: 17.946 Thread 0x000002b097a4f000 DEOPT UNPACKING pc=0x000002b0996d5583 sp=0x000000d5b2efc0d0 mode 2
Event: 17.961 Thread 0x000002b097a4f000 Uncommon trap: trap_request=0xffffff65 fr.pc=0x000002b09a403bd8
Event: 17.961 Thread 0x000002b097a4f000 DEOPT PACKING pc=0x000002b09a403bd8 sp=0x000000d5b2efc2c0
Event: 17.961 Thread 0x000002b097a4f000 DEOPT UNPACKING pc=0x000002b0996d5583 sp=0x000000d5b2efc2b8 mode 2
Event: 18.110 Thread 0x000002b097a4f000 Uncommon trap: trap_request=0xffffff65 fr.pc=0x000002b09a7f3efc
Event: 18.110 Thread 0x000002b097a4f000 DEOPT PACKING pc=0x000002b09a7f3efc sp=0x000000d5b2efd2d0
Event: 18.110 Thread 0x000002b097a4f000 DEOPT UNPACKING pc=0x000002b0996d5583 sp=0x000000d5b2efcfe8 mode 2
Event: 18.266 Executing VM operation: ForceSafepoint
Event: 18.266 Executing VM operation: ForceSafepoint done


Dynamic libraries:
0x00007ff645640000 - 0x00007ff64567a000 	C:\Users\yangz\.jdks\corretto-1.8.0_292\bin\java.exe
0x00007ff901460000 - 0x00007ff901650000 	C:\Windows\SYSTEM32\ntdll.dll
0x00007ff8fffd0000 - 0x00007ff900083000 	C:\Windows\System32\KERNEL32.DLL
0x00007ff8ff1a0000 - 0x00007ff8ff446000 	C:\Windows\System32\KERNELBASE.dll
0x00007ff8ff510000 - 0x00007ff8ff5b3000 	C:\Windows\System32\ADVAPI32.dll
0x00007ff8ff740000 - 0x00007ff8ff7de000 	C:\Windows\System32\msvcrt.dll
0x00007ff901230000 - 0x00007ff9012c7000 	C:\Windows\System32\sechost.dll
0x00007ff900f50000 - 0x00007ff90106f000 	C:\Windows\System32\RPCRT4.dll
0x00007ff900db0000 - 0x00007ff900f44000 	C:\Windows\System32\USER32.dll
0x00007ff8fe570000 - 0x00007ff8fe591000 	C:\Windows\System32\win32u.dll
0x00007ff900600000 - 0x00007ff900626000 	C:\Windows\System32\GDI32.dll
0x00007ff8fe3d0000 - 0x00007ff8fe568000 	C:\Windows\System32\gdi32full.dll
0x00007ff8fe680000 - 0x00007ff8fe71e000 	C:\Windows\System32\msvcp_win.dll
0x00007ff8fe720000 - 0x00007ff8fe81a000 	C:\Windows\System32\ucrtbase.dll
0x00007ff8e1780000 - 0x00007ff8e1a04000 	C:\Windows\WinSxS\amd64_microsoft.windows.common-controls_6595b64144ccf1df_6.0.18362.1801_none_9e79a739e46243f0\COMCTL32.dll
0x00007ff9002c0000 - 0x00007ff9005f6000 	C:\Windows\System32\combase.dll
0x00007ff8fe5f0000 - 0x00007ff8fe674000 	C:\Windows\System32\bcryptPrimitives.dll
0x00007ff8ffe80000 - 0x00007ff8ffeae000 	C:\Windows\System32\IMM32.DLL
0x00007ff8c8650000 - 0x00007ff8c873f000 	C:\Users\yangz\.jdks\corretto-1.8.0_292\jre\bin\msvcr120.dll
0x00007ff8c85a0000 - 0x00007ff8c8646000 	C:\Users\yangz\.jdks\corretto-1.8.0_292\jre\bin\msvcp120.dll
0x000000005a900000 - 0x000000005b16e000 	C:\Users\yangz\.jdks\corretto-1.8.0_292\jre\bin\server\jvm.dll
0x00007ff8ff500000 - 0x00007ff8ff508000 	C:\Windows\System32\PSAPI.DLL
0x00007ff8e9250000 - 0x00007ff8e9259000 	C:\Windows\SYSTEM32\WSOCK32.dll
0x00007ff901080000 - 0x00007ff9010ef000 	C:\Windows\System32\WS2_32.dll
0x00007ff8f5d00000 - 0x00007ff8f5d0a000 	C:\Windows\SYSTEM32\VERSION.dll
0x00007ff8fc430000 - 0x00007ff8fc454000 	C:\Windows\SYSTEM32\WINMM.dll
0x00007ff8fc400000 - 0x00007ff8fc42d000 	C:\Windows\SYSTEM32\WINMMBASE.dll
0x00007ff8fe5a0000 - 0x00007ff8fe5ea000 	C:\Windows\System32\cfgmgr32.dll
0x00007ff8fab60000 - 0x00007ff8fab6f000 	C:\Users\yangz\.jdks\corretto-1.8.0_292\jre\bin\verify.dll
0x00007ff8f3190000 - 0x00007ff8f31b9000 	C:\Users\yangz\.jdks\corretto-1.8.0_292\jre\bin\java.dll
0x00007ff8f3160000 - 0x00007ff8f318a000 	C:\Users\yangz\.jdks\corretto-1.8.0_292\jre\bin\instrument.dll
0x00007ff8f3140000 - 0x00007ff8f3156000 	C:\Users\yangz\.jdks\corretto-1.8.0_292\jre\bin\zip.dll
0x00007ff900630000 - 0x00007ff900d17000 	C:\Windows\System32\SHELL32.dll
0x00007ff8ff690000 - 0x00007ff8ff739000 	C:\Windows\System32\shcore.dll
0x00007ff8fe8b0000 - 0x00007ff8ff02b000 	C:\Windows\System32\windows.storage.dll
0x00007ff8fe340000 - 0x00007ff8fe35e000 	C:\Windows\System32\profapi.dll
0x00007ff8fe380000 - 0x00007ff8fe3ca000 	C:\Windows\System32\powrprof.dll
0x00007ff8fe310000 - 0x00007ff8fe320000 	C:\Windows\System32\UMPDC.dll
0x00007ff8fff70000 - 0x00007ff8fffc2000 	C:\Windows\System32\shlwapi.dll
0x00007ff8fe320000 - 0x00007ff8fe331000 	C:\Windows\System32\kernel.appcore.dll
0x00007ff8ff180000 - 0x00007ff8ff197000 	C:\Windows\System32\cryptsp.dll
0x00007ff8ef8e0000 - 0x00007ff8ef8fa000 	D:\IntelliJ IDEA 2021.1.1\bin\breakgen64.dll
0x00007ff8ef8c0000 - 0x00007ff8ef8da000 	C:\Users\yangz\.jdks\corretto-1.8.0_292\jre\bin\net.dll
0x00007ff8fdaf0000 - 0x00007ff8fdb57000 	C:\Windows\system32\mswsock.dll
0x00007ff8fd670000 - 0x00007ff8fd6a3000 	C:\Windows\system32\rsaenh.dll
0x00007ff8fe820000 - 0x00007ff8fe846000 	C:\Windows\System32\bcrypt.dll
0x00007ff8fe200000 - 0x00007ff8fe225000 	C:\Windows\SYSTEM32\USERENV.dll
0x00007ff8fdcc0000 - 0x00007ff8fdccc000 	C:\Windows\SYSTEM32\CRYPTBASE.dll
0x00007ff8fd800000 - 0x00007ff8fd83a000 	C:\Windows\SYSTEM32\IPHLPAPI.DLL
0x00007ff900d20000 - 0x00007ff900d28000 	C:\Windows\System32\NSI.dll
0x00007ff8f6610000 - 0x00007ff8f6626000 	C:\Windows\SYSTEM32\dhcpcsvc6.DLL
0x00007ff8f5ea0000 - 0x00007ff8f5ebc000 	C:\Windows\SYSTEM32\dhcpcsvc.DLL
0x00007ff8fd840000 - 0x00007ff8fd90a000 	C:\Windows\SYSTEM32\DNSAPI.dll
0x00007ff8ebd20000 - 0x00007ff8ebd32000 	C:\Users\yangz\.jdks\corretto-1.8.0_292\jre\bin\nio.dll
0x00007ff8f0760000 - 0x00007ff8f076a000 	C:\Users\yangz\AppData\Local\Temp\jansi-1.17.1-6211873359626377616.dll
0x00007ff8ef710000 - 0x00007ff8ef71a000 	C:\Users\yangz\AppData\Local\Temp\jansi-1.17.1-2624468237707021652.dll

VM Arguments:
jvm_args: -Dmaven.multiModuleProjectDirectory=C:\Users\yangz\IdeaProjects\COVID-19 -Dmaven.home=D:\apache-maven-3.8.1 -Dclassworlds.conf=D:\apache-maven-3.8.1\bin\m2.conf -Dmaven.ext.class.path=D:\IntelliJ IDEA 2021.1.1\plugins\maven\lib\maven-event-listener.jar -javaagent:D:\IntelliJ IDEA 2021.1.1\lib\idea_rt.jar=62198:D:\IntelliJ IDEA 2021.1.1\bin -Dfile.encoding=UTF-8 
java_command: org.codehaus.classworlds.Launcher -Didea.version=2021.1.1 --offline -s D:\apache-maven-3.8.1\conf\settings.xml -Dmaven.repo.local=D:\maven\repository2 -DskipTests=true install
java_class_path (initial): D:\apache-maven-3.8.1\boot\plexus-classworlds-2.6.0.jar;D:\apache-maven-3.8.1\boot\plexus-classworlds.license;D:\IntelliJ IDEA 2021.1.1\lib\idea_rt.jar
Launcher Type: SUN_STANDARD

Environment Variables:
JAVA_HOME=D:\Java\jdk1.8.0_301
CLASSPATH=.;D:\Java\jdk1.8.0_301\lib\dt.jar;D:\Java\jdk1.8.0_301\lib\tools.jar
PATH=D:\Java\jdk1.8.0_301\jre\bin;D:\Java\jdk1.8.0_301bin;D:\xshell6\;D:\Vmware\bin\;C:\Program Files\Common Files\Oracle\Java\javapath;C:\Program Files (x86)\Common Files\Oracle\Java\javapath;D:\apache-tomcat-9.0.44\bin;C:\Windows\system32;C:\Windows;C:\Windows\System32\Wbem;C:\Windows\System32\WindowsPowerShell\v1.0\;C:\Windows\System32\OpenSSH\;C:\Program Files (x86)\Microsoft SQL Server\150\DTS\Binn\;C:\Program Files\Azure Data Studio\bin;C:\Program Files\Microsoft SQL Server\Client SDK\ODBC\170\Tools\Binn\;C:\Program Files (x86)\Microsoft SQL Server\150\Tools\Binn\;C:\Program Files\Microsoft SQL Server\150\Tools\Binn\;C:\Program Files\Microsoft SQL Server\150\DTS\Binn\;C:\Program Files\Intel\WiFi\bin\;C:\Program Files\Common Files\Intel\WirelessCommon\;C:\sdk;C:\sdk\platform-tools;;D:\mysql-8.0.24-winx64bin;D:\apache-maven-3.8.1\bin;C:\Program Files\Common Files\Autodesk Shared\;C:\Program Files\Microsoft SQL Server\120\Tools\Binn\;C:\Program Files\Microsoft SQL Server\130\Tools\Binn\;D:\opencv3.4.1\opencv\build\x64\vc15\bin;"D:\apache-tomcat-7.0.109\bin;";"D:\apache-tomcat-7.0.109\lib;";D:\apache-jmeter-5.4.1\bin;C:\Program Files\Git\cmd;D:\erl-23.0\bin;D:\nodejs\;C:\Users\yangz\AppData\Local\Microsoft\WindowsApps;C:\Program Files\Bandizip\;C:\Program Files\Azure Data Studio\bin;D:\idea\IntelliJ IDEA 2021.1.1\bin;;D:\Microsoft VS Code\bin;C:\Users\yangz\AppData\Roaming\npm
USERNAME=yangz
OS=Windows_NT
PROCESSOR_IDENTIFIER=AMD64 Family 23 Model 17 Stepping 0, AuthenticAMD



---------------  S Y S T E M  ---------------

OS: Windows 10.0 , 64 bit Build 18362 (10.0.18362.1766)

CPU:total 8 (initial active 8) (8 cores per cpu, 1 threads per core) family 23 model 17 stepping 0, cmov, cx8, fxsr, mmx, sse, sse2, sse3, ssse3, sse4.1, sse4.2, popcnt, avx, avx2, aes, clmul, mmxext, 3dnowpref, lzcnt, sse4a, tsc, tscinvbit, tscinv, bmi1

Memory: 4k page, physical 7239248k(717372k free), swap 14908560k(4156k free)

vm_info: OpenJDK 64-Bit Server VM (25.292-b10) for windows-amd64 JRE (1.8.0_292-b10), built on Apr 14 2021 23:06:53 by "Administrator" with MS VC++ 12.0 (VS2013)

time: Mon Sep 20 13:14:00 2021
timezone: ?D1¨²¡À¨º¡Á?¨º¡À??
elapsed time: 18.315549 seconds (0d 0h 0m 18s)

