#
# There is insufficient memory for the Java Runtime Environment to continue.
# Native memory allocation (malloc) failed to allocate 32744 bytes for ChunkPool::allocate
# Possible reasons:
#   The system is out of physical RAM or swap space
#   The process is running with CompressedOops enabled, and the Java Heap may be blocking the growth of the native heap
# Possible solutions:
#   Reduce memory load on the system
#   Increase physical memory or swap space
#   Check if swap backing store is full
#   Decrease Java heap size (-Xmx/-Xms)
#   Decrease number of Java threads
#   Decrease Java thread stack sizes (-Xss)
#   Set larger code cache with -XX:ReservedCodeCacheSize=
#   JVM is running with Unscaled Compressed Oops mode in which the Java heap is
#     placed in the first 4GB address space. The Java Heap base address is the
#     maximum limit for the native heap growth. Please use -XX:HeapBaseMinAddress
#     to set the Java Heap base and to place the Java Heap above 4GB virtual address.
# This output file may be truncated or incomplete.
#
#  Out of Memory Error (allocation.cpp:272), pid=15968, tid=0x0000000000002bd0
#
# JRE version: OpenJDK Runtime Environment (8.0_292-b10) (build 1.8.0_292-b10)
# Java VM: OpenJDK 64-Bit Server VM (25.292-b10 mixed mode windows-amd64 compressed oops)
# Failed to write core dump. Minidumps are not enabled by default on client versions of Windows
#

---------------  T H R E A D  ---------------

Current thread (0x000002500f160000):  JavaThread "C2 CompilerThread0" daemon [_thread_in_native, id=11216, stack(0x000000997a900000,0x000000997aa00000)]

Stack: [0x000000997a900000,0x000000997aa00000]
[error occurred during error reporting (printing stack bounds), id 0xc0000005]

Native frames: (J=compiled Java code, j=interpreted, Vv=VM code, C=native code)


Current CompileTask:
C2:  11631 4902       4       org.codehaus.plexus.configuration.xml.XmlPlexusConfiguration::<init> (93 bytes)


---------------  P R O C E S S  ---------------

Java Threads: ( => current thread )
  0x000002500f21b800 JavaThread "Service Thread" daemon [_thread_blocked, id=15156, stack(0x000000997ad00000,0x000000997ae00000)]
  0x000002500f16f800 JavaThread "C1 CompilerThread3" daemon [_thread_blocked, id=9832, stack(0x000000997ac00000,0x000000997ad00000)]
  0x000002500f167000 JavaThread "C2 CompilerThread2" daemon [_thread_in_native, id=14260, stack(0x000000997ab00000,0x000000997ac00000)]
  0x000002500f161000 JavaThread "C2 CompilerThread1" daemon [_thread_in_native, id=17276, stack(0x000000997aa00000,0x000000997ab00000)]
=>0x000002500f160000 JavaThread "C2 CompilerThread0" daemon [_thread_in_native, id=11216, stack(0x000000997a900000,0x000000997aa00000)]
  0x000002500f15b000 JavaThread "Monitor Ctrl-Break" daemon [_thread_in_native, id=8952, stack(0x000000997a800000,0x000000997a900000)]
  0x000002507e377000 JavaThread "Attach Listener" daemon [_thread_blocked, id=10020, stack(0x000000997a700000,0x000000997a800000)]
  0x000002507e376000 JavaThread "Signal Dispatcher" daemon [_thread_blocked, id=4980, stack(0x000000997a600000,0x000000997a700000)]
  0x000002507e344800 JavaThread "Finalizer" daemon [_thread_blocked, id=16152, stack(0x000000997a500000,0x000000997a600000)]
  0x000002507e33c000 JavaThread "Reference Handler" daemon [_thread_blocked, id=11252, stack(0x000000997a400000,0x000000997a500000)]
  0x0000025077721000 JavaThread "main" [_thread_in_native, id=1788, stack(0x0000009979a00000,0x0000009979b00000)]

Other Threads:
  0x000002507e309000 VMThread [stack: 0x000000997a300000,0x000000997a400000] [id=5184]
  0x000002500f21e000 WatcherThread [stack: 0x000000997ae00000,0x000000997af00000] [id=7652]

VM state:not at safepoint (normal execution)

VM Mutex/Monitor currently owned by a thread: None

heap address: 0x0000000091800000, size: 1768 MB, Compressed Oops mode: 32-bit
Narrow klass base: 0x0000000000000000, Narrow klass shift: 3
Compressed class space size: 1073741824 Address: 0x0000000100000000

Heap:
 PSYoungGen      total 119808K, used 71680K [0x00000000db300000, 0x00000000e6480000, 0x0000000100000000)
  eden space 108032K, 55% used [0x00000000db300000,0x00000000ded87f60,0x00000000e1c80000)
  from space 11776K, 99% used [0x00000000e2d80000,0x00000000e38f8430,0x00000000e3900000)
  to   space 17408K, 0% used [0x00000000e1c80000,0x00000000e1c80000,0x00000000e2d80000)
 ParOldGen       total 73728K, used 30469K [0x0000000091800000, 0x0000000096000000, 0x00000000db300000)
  object space 73728K, 41% used [0x0000000091800000,0x00000000935c1598,0x0000000096000000)
 Metaspace       used 26168K, capacity 26998K, committed 27136K, reserved 1073152K
  class space    used 3044K, capacity 3272K, committed 3328K, reserved 1048576K

Card table byte_map: [0x0000025079820000,0x0000025079ba0000] byte_map_base: 0x0000025079394000

Marking Bits: (ParMarkBitMap*) 0x000000006814f7f0
 Begin Bits: [0x0000025079df0000, 0x000002507b990000)
 End Bits:   [0x000002507b990000, 0x000002507d530000)

Polling page: 0x0000025077900000

CodeCache: size=245760Kb used=16702Kb max_used=16702Kb free=229057Kb
 bounds [0x0000025000000000, 0x0000025001070000, 0x000002500f000000]
 total_blobs=4863 nmethods=4437 adapters=339
 compilation: enabled

Compilation events (10 events):
Event: 11.541 Thread 0x000002500f16f800 5029       3       org.eclipse.aether.graph.DefaultDependencyNode::setScope (30 bytes)
Event: 11.542 Thread 0x000002500f16f800 nmethod 5029 0x00000250009ea190 code [0x00000250009ea320, 0x00000250009ea660]
Event: 11.542 Thread 0x000002500f16f800 5030       3       org.eclipse.aether.util.graph.visitor.TreeDependencyVisitor::visitEnter (50 bytes)
Event: 11.542 Thread 0x000002500f16f800 nmethod 5030 0x00000250009e9990 code [0x00000250009e9b40, 0x00000250009ea010]
Event: 11.542 Thread 0x000002500f16f800 5031       3       org.eclipse.aether.util.graph.visitor.FilteringDependencyVisitor::visitEnter (66 bytes)
Event: 11.543 Thread 0x000002500f16f800 nmethod 5031 0x00000250009e9090 code [0x00000250009e9240, 0x00000250009e97a0]
Event: 11.543 Thread 0x000002500f16f800 5032       3       org.eclipse.aether.util.graph.visitor.TreeDependencyVisitor::visitLeave (31 bytes)
Event: 11.543 Thread 0x000002500f16f800 nmethod 5032 0x00000250009e8690 code [0x00000250009e8840, 0x00000250009e8de0]
Event: 11.543 Thread 0x000002500f16f800 5033       3       org.eclipse.aether.util.graph.visitor.FilteringDependencyVisitor::visitLeave (39 bytes)
Event: 11.544 Thread 0x000002500f16f800 nmethod 5033 0x00000250009e7950 code [0x00000250009e7b20, 0x00000250009e8250]

GC Heap History (10 events):
Event: 6.032 GC heap before
{Heap before GC invocations=7 (full 0):
 PSYoungGen      total 67584K, used 65210K [0x00000000db300000, 0x00000000e0100000, 0x0000000100000000)
  eden space 56832K, 100% used [0x00000000db300000,0x00000000dea80000,0x00000000dea80000)
  from space 10752K, 77% used [0x00000000df580000,0x00000000dfdae988,0x00000000e0000000)
  to   space 11264K, 0% used [0x00000000dea80000,0x00000000dea80000,0x00000000df580000)
 ParOldGen       total 76800K, used 12212K [0x0000000091800000, 0x0000000096300000, 0x00000000db300000)
  object space 76800K, 15% used [0x0000000091800000,0x00000000923ed188,0x0000000096300000)
 Metaspace       used 18261K, capacity 18828K, committed 19200K, reserved 1067008K
  class space    used 2075K, capacity 2227K, committed 2304K, reserved 1048576K
Event: 6.042 GC heap after
Heap after GC invocations=7 (full 0):
 PSYoungGen      total 68096K, used 9354K [0x00000000db300000, 0x00000000e3900000, 0x0000000100000000)
  eden space 56832K, 0% used [0x00000000db300000,0x00000000db300000,0x00000000dea80000)
  from space 11264K, 83% used [0x00000000dea80000,0x00000000df3a2950,0x00000000df580000)
  to   space 11776K, 0% used [0x00000000e2d80000,0x00000000e2d80000,0x00000000e3900000)
 ParOldGen       total 76800K, used 13256K [0x0000000091800000, 0x0000000096300000, 0x00000000db300000)
  object space 76800K, 17% used [0x0000000091800000,0x00000000924f21e8,0x0000000096300000)
 Metaspace       used 18261K, capacity 18828K, committed 19200K, reserved 1067008K
  class space    used 2075K, capacity 2227K, committed 2304K, reserved 1048576K
}
Event: 6.931 GC heap before
{Heap before GC invocations=8 (full 0):
 PSYoungGen      total 68096K, used 66186K [0x00000000db300000, 0x00000000e3900000, 0x0000000100000000)
  eden space 56832K, 100% used [0x00000000db300000,0x00000000dea80000,0x00000000dea80000)
  from space 11264K, 83% used [0x00000000dea80000,0x00000000df3a2950,0x00000000df580000)
  to   space 11776K, 0% used [0x00000000e2d80000,0x00000000e2d80000,0x00000000e3900000)
 ParOldGen       total 76800K, used 13256K [0x0000000091800000, 0x0000000096300000, 0x00000000db300000)
  object space 76800K, 17% used [0x0000000091800000,0x00000000924f21e8,0x0000000096300000)
 Metaspace       used 19438K, capacity 20132K, committed 20352K, reserved 1067008K
  class space    used 2227K, capacity 2414K, committed 2432K, reserved 1048576K
Event: 6.947 GC heap after
Heap after GC invocations=8 (full 0):
 PSYoungGen      total 122880K, used 11760K [0x00000000db300000, 0x00000000e3e00000, 0x0000000100000000)
  eden space 111104K, 0% used [0x00000000db300000,0x00000000db300000,0x00000000e1f80000)
  from space 11776K, 99% used [0x00000000e2d80000,0x00000000e38fc030,0x00000000e3900000)
  to   space 14336K, 0% used [0x00000000e1f80000,0x00000000e1f80000,0x00000000e2d80000)
 ParOldGen       total 76800K, used 15862K [0x0000000091800000, 0x0000000096300000, 0x00000000db300000)
  object space 76800K, 20% used [0x0000000091800000,0x000000009277dae0,0x0000000096300000)
 Metaspace       used 19438K, capacity 20132K, committed 20352K, reserved 1067008K
  class space    used 2227K, capacity 2414K, committed 2432K, reserved 1048576K
}
Event: 8.025 GC heap before
{Heap before GC invocations=9 (full 0):
 PSYoungGen      total 122880K, used 80350K [0x00000000db300000, 0x00000000e3e00000, 0x0000000100000000)
  eden space 111104K, 61% used [0x00000000db300000,0x00000000df5fbaa8,0x00000000e1f80000)
  from space 11776K, 99% used [0x00000000e2d80000,0x00000000e38fc030,0x00000000e3900000)
  to   space 14336K, 0% used [0x00000000e1f80000,0x00000000e1f80000,0x00000000e2d80000)
 ParOldGen       total 76800K, used 15862K [0x0000000091800000, 0x0000000096300000, 0x00000000db300000)
  object space 76800K, 20% used [0x0000000091800000,0x000000009277dae0,0x0000000096300000)
 Metaspace       used 20517K, capacity 21176K, committed 21248K, reserved 1069056K
  class space    used 2358K, capacity 2550K, committed 2560K, reserved 1048576K
Event: 8.040 GC heap after
Heap after GC invocations=9 (full 0):
 PSYoungGen      total 125440K, used 13968K [0x00000000db300000, 0x00000000e3e00000, 0x0000000100000000)
  eden space 111104K, 0% used [0x00000000db300000,0x00000000db300000,0x00000000e1f80000)
  from space 14336K, 97% used [0x00000000e1f80000,0x00000000e2d24010,0x00000000e2d80000)
  to   space 11776K, 0% used [0x00000000e2d80000,0x00000000e2d80000,0x00000000e3900000)
 ParOldGen       total 76800K, used 19823K [0x0000000091800000, 0x0000000096300000, 0x00000000db300000)
  object space 76800K, 25% used [0x0000000091800000,0x0000000092b5bcf8,0x0000000096300000)
 Metaspace       used 20517K, capacity 21176K, committed 21248K, reserved 1069056K
  class space    used 2358K, capacity 2550K, committed 2560K, reserved 1048576K
}
Event: 8.041 GC heap before
{Heap before GC invocations=10 (full 1):
 PSYoungGen      total 125440K, used 13968K [0x00000000db300000, 0x00000000e3e00000, 0x0000000100000000)
  eden space 111104K, 0% used [0x00000000db300000,0x00000000db300000,0x00000000e1f80000)
  from space 14336K, 97% used [0x00000000e1f80000,0x00000000e2d24010,0x00000000e2d80000)
  to   space 11776K, 0% used [0x00000000e2d80000,0x00000000e2d80000,0x00000000e3900000)
 ParOldGen       total 76800K, used 19823K [0x0000000091800000, 0x0000000096300000, 0x00000000db300000)
  object space 76800K, 25% used [0x0000000091800000,0x0000000092b5bcf8,0x0000000096300000)
 Metaspace       used 20517K, capacity 21176K, committed 21248K, reserved 1069056K
  class space    used 2358K, capacity 2550K, committed 2560K, reserved 1048576K
Event: 8.119 GC heap after
Heap after GC invocations=10 (full 1):
 PSYoungGen      total 125440K, used 0K [0x00000000db300000, 0x00000000e3e00000, 0x0000000100000000)
  eden space 111104K, 0% used [0x00000000db300000,0x00000000db300000,0x00000000e1f80000)
  from space 14336K, 0% used [0x00000000e1f80000,0x00000000e1f80000,0x00000000e2d80000)
  to   space 11776K, 0% used [0x00000000e2d80000,0x00000000e2d80000,0x00000000e3900000)
 ParOldGen       total 73728K, used 26781K [0x0000000091800000, 0x0000000096000000, 0x00000000db300000)
  object space 73728K, 36% used [0x0000000091800000,0x00000000932275a0,0x0000000096000000)
 Metaspace       used 20517K, capacity 21176K, committed 21248K, reserved 1069056K
  class space    used 2358K, capacity 2550K, committed 2560K, reserved 1048576K
}
Event: 10.867 GC heap before
{Heap before GC invocations=11 (full 1):
 PSYoungGen      total 125440K, used 111104K [0x00000000db300000, 0x00000000e3e00000, 0x0000000100000000)
  eden space 111104K, 100% used [0x00000000db300000,0x00000000e1f80000,0x00000000e1f80000)
  from space 14336K, 0% used [0x00000000e1f80000,0x00000000e1f80000,0x00000000e2d80000)
  to   space 11776K, 0% used [0x00000000e2d80000,0x00000000e2d80000,0x00000000e3900000)
 ParOldGen       total 73728K, used 26781K [0x0000000091800000, 0x0000000096000000, 0x00000000db300000)
  object space 73728K, 36% used [0x0000000091800000,0x00000000932275a0,0x0000000096000000)
 Metaspace       used 26094K, capacity 26864K, committed 27136K, reserved 1073152K
  class space    used 3043K, capacity 3271K, committed 3328K, reserved 1048576K
Event: 10.878 GC heap after
Heap after GC invocations=11 (full 1):
 PSYoungGen      total 119808K, used 11745K [0x00000000db300000, 0x00000000e6480000, 0x0000000100000000)
  eden space 108032K, 0% used [0x00000000db300000,0x00000000db300000,0x00000000e1c80000)
  from space 11776K, 99% used [0x00000000e2d80000,0x00000000e38f8430,0x00000000e3900000)
  to   space 17408K, 0% used [0x00000000e1c80000,0x00000000e1c80000,0x00000000e2d80000)
 ParOldGen       total 73728K, used 30469K [0x0000000091800000, 0x0000000096000000, 0x00000000db300000)
  object space 73728K, 41% used [0x0000000091800000,0x00000000935c1598,0x0000000096000000)
 Metaspace       used 26094K, capacity 26864K, committed 27136K, reserved 1073152K
  class space    used 3043K, capacity 3271K, committed 3328K, reserved 1048576K
}

Deoptimization events (10 events):
Event: 10.777 Thread 0x0000025077721000 Uncommon trap: reason=class_check action=maybe_recompile pc=0x0000025000598464 method=org.eclipse.sisu.inject.Implementations.find(Lcom/google/inject/Binding;)Ljava/lang/Class; @ 4
Event: 10.818 Thread 0x0000025077721000 Uncommon trap: reason=speculate_class_check action=maybe_recompile pc=0x00000250006e0634 method=java.nio.charset.CharsetEncoder.encode(Ljava/nio/CharBuffer;Ljava/nio/ByteBuffer;Z)Ljava/nio/charset/CoderResult; @ 57
Event: 10.830 Thread 0x0000025077721000 Uncommon trap: reason=speculate_class_check action=maybe_recompile pc=0x00000250006e37d0 method=java.nio.charset.CharsetEncoder.encode(Ljava/nio/CharBuffer;Ljava/nio/ByteBuffer;Z)Ljava/nio/charset/CoderResult; @ 57
Event: 10.910 Thread 0x0000025077721000 Uncommon trap: reason=unstable_if action=reinterpret pc=0x0000025000c19f44 method=org.apache.maven.model.merge.ModelMerger.mergeConfigurationContainer_Configuration(Lorg/apache/maven/model/ConfigurationContainer;Lorg/apache/maven/model/ConfigurationContai
Event: 10.910 Thread 0x0000025077721000 Uncommon trap: reason=unstable_if action=reinterpret pc=0x0000025000be7564 method=org.apache.maven.model.merge.ModelMerger.mergePlugin_GroupId(Lorg/apache/maven/model/Plugin;Lorg/apache/maven/model/Plugin;ZLjava/util/Map;)V @ 12
Event: 10.910 Thread 0x0000025077721000 Uncommon trap: reason=unstable_if action=reinterpret pc=0x0000025000118424 method=org.apache.maven.model.merge.ModelMerger.mergePlugin_ArtifactId(Lorg/apache/maven/model/Plugin;Lorg/apache/maven/model/Plugin;ZLjava/util/Map;)V @ 12
Event: 11.193 Thread 0x0000025077721000 Uncommon trap: reason=unstable_if action=reinterpret pc=0x000002500083d68c method=org.apache.maven.model.validation.DefaultModelValidator.validateEffectiveDependency(Lorg/apache/maven/model/building/ModelProblemCollector;Lorg/apache/maven/model/Dependency
Event: 11.194 Thread 0x0000025077721000 Uncommon trap: reason=unstable_if action=reinterpret pc=0x0000025000181880 method=org.eclipse.aether.artifact.DefaultArtifact.merge(Ljava/util/Map;Ljava/util/Map;)Ljava/util/Map; @ 1
Event: 11.234 Thread 0x0000025077721000 Uncommon trap: reason=unstable_if action=reinterpret pc=0x00000250006060ec method=org.eclipse.aether.artifact.DefaultArtifact.merge(Ljava/util/Map;Ljava/util/Map;)Ljava/util/Map; @ 1
Event: 11.463 Thread 0x0000025077721000 Uncommon trap: reason=unstable_if action=reinterpret pc=0x000002500105d184 method=org.apache.maven.repository.internal.ArtifactDescriptorReaderDelegate.convert(Lorg/apache/maven/model/Dependency;Lorg/eclipse/aether/artifact/ArtifactTypeRegistry;)Lorg/ecli

Classes redefined (0 events):
No events

Internal exceptions (10 events):
Event: 4.070 Thread 0x0000025077721000 Implicit null exception at 0x00000250007e9937 to 0x00000250007eb045
Event: 4.131 Thread 0x0000025077721000 Implicit null exception at 0x000002500082d5b7 to 0x000002500082d7fd
Event: 5.067 Thread 0x0000025077721000 Implicit null exception at 0x00000250003f5d95 to 0x00000250003f5f71
Event: 5.067 Thread 0x0000025077721000 Implicit null exception at 0x000002500038acaf to 0x000002500038ad19
Event: 7.973 Thread 0x0000025077721000 Exception <a 'java/lang/ClassNotFoundException': com/sun/tools/javac/api/JavacTool> (0x00000000df0e2e70) thrown at [C:\wsjdk\Corretto8Src\installers\windows\zip\corretto-build\buildRoot\src\hotspot\src\share\vm\classfile\systemDictionary.cpp, line 217]
Event: 8.590 Thread 0x0000025077721000 Exception <a 'java/io/FileNotFoundException'> (0x00000000dcb9c450) thrown at [C:\wsjdk\Corretto8Src\installers\windows\zip\corretto-build\buildRoot\src\hotspot\src\share\vm\prims\jni.cpp, line 711]
Event: 8.595 Thread 0x0000025077721000 Exception <a 'java/io/FileNotFoundException'> (0x00000000dcbf9308) thrown at [C:\wsjdk\Corretto8Src\installers\windows\zip\corretto-build\buildRoot\src\hotspot\src\share\vm\prims\jni.cpp, line 711]
Event: 9.794 Thread 0x0000025077721000 Implicit null exception at 0x000002500072f371 to 0x000002500072f781
Event: 9.800 Thread 0x0000025077721000 Implicit null exception at 0x0000025000725395 to 0x0000025000725595
Event: 10.367 Thread 0x0000025077721000 Implicit null exception at 0x00000250007a04f1 to 0x00000250007a10a1

Events (10 events):
Event: 11.537 Thread 0x0000025077721000 DEOPT PACKING pc=0x0000025000cfafba sp=0x0000009979afdea0
Event: 11.537 Thread 0x0000025077721000 DEOPT UNPACKING pc=0x00000250000471d8 sp=0x0000009979afdbb8 mode 0
Event: 11.538 Thread 0x0000025077721000 DEOPT PACKING pc=0x0000025000cfafba sp=0x0000009979afdea0
Event: 11.538 Thread 0x0000025077721000 DEOPT UNPACKING pc=0x00000250000471d8 sp=0x0000009979afdbb8 mode 0
Event: 11.538 Thread 0x0000025077721000 DEOPT PACKING pc=0x0000025000cfafba sp=0x0000009979afdea0
Event: 11.538 Thread 0x0000025077721000 DEOPT UNPACKING pc=0x00000250000471d8 sp=0x0000009979afdbb8 mode 0
Event: 11.539 Thread 0x0000025077721000 DEOPT PACKING pc=0x0000025000cfafba sp=0x0000009979afdea0
Event: 11.539 Thread 0x0000025077721000 DEOPT UNPACKING pc=0x00000250000471d8 sp=0x0000009979afdbb8 mode 0
Event: 11.539 Thread 0x0000025077721000 DEOPT PACKING pc=0x0000025000cfafba sp=0x0000009979afdea0
Event: 11.539 Thread 0x0000025077721000 DEOPT UNPACKING pc=0x00000250000471d8 sp=0x0000009979afdbb8 mode 0


Dynamic libraries:
0x00007ff7f1a80000 - 0x00007ff7f1aba000 	C:\Users\yangz\.jdks\corretto-1.8.0_292\bin\java.exe
0x00007ff8c4e20000 - 0x00007ff8c5010000 	C:\Windows\SYSTEM32\ntdll.dll
0x00007ff8c4cc0000 - 0x00007ff8c4d73000 	C:\Windows\System32\KERNEL32.DLL
0x00007ff8c20f0000 - 0x00007ff8c2396000 	C:\Windows\System32\KERNELBASE.dll
0x00007ff8c2ec0000 - 0x00007ff8c2f63000 	C:\Windows\System32\ADVAPI32.dll
0x00007ff8c30f0000 - 0x00007ff8c318e000 	C:\Windows\System32\msvcrt.dll
0x00007ff8c4a50000 - 0x00007ff8c4ae7000 	C:\Windows\System32\sechost.dll
0x00007ff8c4380000 - 0x00007ff8c449f000 	C:\Windows\System32\RPCRT4.dll
0x00007ff8c3820000 - 0x00007ff8c39b4000 	C:\Windows\System32\USER32.dll
0x00007ff8c23a0000 - 0x00007ff8c23c1000 	C:\Windows\System32\win32u.dll
0x00007ff8c42e0000 - 0x00007ff8c4306000 	C:\Windows\System32\GDI32.dll
0x00007ff8c23d0000 - 0x00007ff8c2568000 	C:\Windows\System32\gdi32full.dll
0x00007ff8c2050000 - 0x00007ff8c20ee000 	C:\Windows\System32\msvcp_win.dll
0x00007ff8c1d90000 - 0x00007ff8c1e8a000 	C:\Windows\System32\ucrtbase.dll
0x00007ff8a4b60000 - 0x00007ff8a4de4000 	C:\Windows\WinSxS\amd64_microsoft.windows.common-controls_6595b64144ccf1df_6.0.18362.1801_none_9e79a739e46243f0\COMCTL32.dll
0x00007ff8c44b0000 - 0x00007ff8c47e6000 	C:\Windows\System32\combase.dll
0x00007ff8c1f10000 - 0x00007ff8c1f94000 	C:\Windows\System32\bcryptPrimitives.dll
0x00007ff8c4180000 - 0x00007ff8c41ae000 	C:\Windows\System32\IMM32.DLL
0x00007ff87dc20000 - 0x00007ff87dd0f000 	C:\Users\yangz\.jdks\corretto-1.8.0_292\jre\bin\msvcr120.dll
0x00007ff87db70000 - 0x00007ff87dc16000 	C:\Users\yangz\.jdks\corretto-1.8.0_292\jre\bin\msvcp120.dll
0x0000000067960000 - 0x00000000681ce000 	C:\Users\yangz\.jdks\corretto-1.8.0_292\jre\bin\server\jvm.dll
0x00007ff8c2f70000 - 0x00007ff8c2f78000 	C:\Windows\System32\PSAPI.DLL
0x00007ff8bfc30000 - 0x00007ff8bfc54000 	C:\Windows\SYSTEM32\WINMM.dll
0x00007ff8b07e0000 - 0x00007ff8b07e9000 	C:\Windows\SYSTEM32\WSOCK32.dll
0x00007ff8b9b80000 - 0x00007ff8b9b8a000 	C:\Windows\SYSTEM32\VERSION.dll
0x00007ff8c3a20000 - 0x00007ff8c3a8f000 	C:\Windows\System32\WS2_32.dll
0x00007ff8bf7b0000 - 0x00007ff8bf7dd000 	C:\Windows\SYSTEM32\winmmbase.dll
0x00007ff8c1e90000 - 0x00007ff8c1eda000 	C:\Windows\System32\cfgmgr32.dll
0x00007ff8b35a0000 - 0x00007ff8b35af000 	C:\Users\yangz\.jdks\corretto-1.8.0_292\jre\bin\verify.dll
0x00007ff8b2470000 - 0x00007ff8b2499000 	C:\Users\yangz\.jdks\corretto-1.8.0_292\jre\bin\java.dll
0x00007ff8954a0000 - 0x00007ff8954ca000 	C:\Users\yangz\.jdks\corretto-1.8.0_292\jre\bin\instrument.dll
0x00007ff8b3580000 - 0x00007ff8b3596000 	C:\Users\yangz\.jdks\corretto-1.8.0_292\jre\bin\zip.dll
0x00007ff8c3a90000 - 0x00007ff8c4177000 	C:\Windows\System32\SHELL32.dll
0x00007ff8c41b0000 - 0x00007ff8c4259000 	C:\Windows\System32\shcore.dll
0x00007ff8c2740000 - 0x00007ff8c2ebb000 	C:\Windows\System32\windows.storage.dll
0x00007ff8c1d70000 - 0x00007ff8c1d8e000 	C:\Windows\System32\profapi.dll
0x00007ff8c1d00000 - 0x00007ff8c1d4a000 	C:\Windows\System32\powrprof.dll
0x00007ff8c1cd0000 - 0x00007ff8c1ce0000 	C:\Windows\System32\UMPDC.dll
0x00007ff8c4870000 - 0x00007ff8c48c2000 	C:\Windows\System32\shlwapi.dll
0x00007ff8c1d50000 - 0x00007ff8c1d61000 	C:\Windows\System32\kernel.appcore.dll
0x00007ff8c25d0000 - 0x00007ff8c25e7000 	C:\Windows\System32\cryptsp.dll
0x00007ff8b2450000 - 0x00007ff8b246a000 	C:\Program Files\JetBrains\IntelliJ IDEA 2021.1.1\bin\breakgen64.dll
0x00007ff895480000 - 0x00007ff89549a000 	C:\Users\yangz\.jdks\corretto-1.8.0_292\jre\bin\net.dll
0x00007ff8c14b0000 - 0x00007ff8c1517000 	C:\Windows\system32\mswsock.dll
0x00007ff8c1030000 - 0x00007ff8c1063000 	C:\Windows\system32\rsaenh.dll
0x00007ff8c1ee0000 - 0x00007ff8c1f06000 	C:\Windows\System32\bcrypt.dll
0x00007ff8c1bf0000 - 0x00007ff8c1c15000 	C:\Windows\SYSTEM32\USERENV.dll
0x00007ff8c1680000 - 0x00007ff8c168c000 	C:\Windows\SYSTEM32\CRYPTBASE.dll
0x00007ff8c11c0000 - 0x00007ff8c11fa000 	C:\Windows\SYSTEM32\IPHLPAPI.DLL
0x00007ff8c30e0000 - 0x00007ff8c30e8000 	C:\Windows\System32\NSI.dll
0x00007ff8babd0000 - 0x00007ff8babe6000 	C:\Windows\SYSTEM32\dhcpcsvc6.DLL
0x00007ff8babb0000 - 0x00007ff8babcc000 	C:\Windows\SYSTEM32\dhcpcsvc.DLL
0x00007ff8c1210000 - 0x00007ff8c12da000 	C:\Windows\SYSTEM32\DNSAPI.dll
0x00007ff895130000 - 0x00007ff895142000 	C:\Users\yangz\.jdks\corretto-1.8.0_292\jre\bin\nio.dll
0x00007ff8be5f0000 - 0x00007ff8be5fa000 	C:\Users\yangz\AppData\Local\Temp\jansi-1.17.1-4934728670089594399.dll
0x00007ff8bb500000 - 0x00007ff8bb50a000 	C:\Users\yangz\AppData\Local\Temp\jansi-1.17.1-5788587390458456138.dll

VM Arguments:
jvm_args: -Dmaven.multiModuleProjectDirectory=C:\Users\yangz\IdeaProjects\COVID-19 -Dmaven.home=C:\Program Files\JetBrains\IntelliJ IDEA 2021.1.1\plugins\maven\lib\maven3 -Dclassworlds.conf=C:\Program Files\JetBrains\IntelliJ IDEA 2021.1.1\plugins\maven\lib\maven3\bin\m2.conf -Dmaven.ext.class.path=C:\Program Files\JetBrains\IntelliJ IDEA 2021.1.1\plugins\maven\lib\maven-event-listener.jar -javaagent:C:\Program Files\JetBrains\IntelliJ IDEA 2021.1.1\lib\idea_rt.jar=60096:C:\Program Files\JetBrains\IntelliJ IDEA 2021.1.1\bin -Dfile.encoding=UTF-8 
java_command: org.codehaus.classworlds.Launcher -Didea.version=2021.1.1 -DskipTests=true install
java_class_path (initial): C:\Program Files\JetBrains\IntelliJ IDEA 2021.1.1\plugins\maven\lib\maven3\boot\plexus-classworlds-2.6.0.jar;C:\Program Files\JetBrains\IntelliJ IDEA 2021.1.1\plugins\maven\lib\maven3\boot\plexus-classworlds.license;C:\Program Files\JetBrains\IntelliJ IDEA 2021.1.1\lib\idea_rt.jar
Launcher Type: SUN_STANDARD

Environment Variables:
JAVA_HOME=D:\Java\jdk1.8.0_301
CLASSPATH=.;D:\Java\jdk1.8.0_301\lib\dt.jar;D:\Java\jdk1.8.0_301\lib\tools.jar
PATH=C:\Program Files (x86)\Common Files\Intel\Shared Libraries\redist\intel64\compiler;D:\Java\jdk1.8.0_301\jre\bin;D:\Java\jdk1.8.0_301bin;D:\Vmware\bin\;C:\Program Files\Common Files\Oracle\Java\javapath;C:\Program Files (x86)\Common Files\Oracle\Java\javapath;D:\apache-tomcat-9.0.44\bin;C:\Windows\system32;C:\Windows;C:\Windows\System32\Wbem;C:\Windows\System32\WindowsPowerShell\v1.0\;C:\Windows\System32\OpenSSH\;C:\Program Files (x86)\Microsoft SQL Server\150\DTS\Binn\;C:\Program Files\Azure Data Studio\bin;C:\Program Files\Microsoft SQL Server\Client SDK\ODBC\170\Tools\Binn\;C:\Program Files (x86)\Microsoft SQL Server\150\Tools\Binn\;C:\Program Files\Microsoft SQL Server\150\Tools\Binn\;C:\Program Files\Microsoft SQL Server\150\DTS\Binn\;C:\Program Files\Intel\WiFi\bin\;C:\Program Files\Common Files\Intel\WirelessCommon\;C:\sdk;C:\sdk\platform-tools;;D:\mysql-8.0.24-winx64bin;D:\apache-maven-3.8.1\bin;C:\Program Files\Common Files\Autodesk Shared\;C:\Program Files\Microsoft SQL Server\120\Tools\Binn\;C:\Program Files\Microsoft SQL Server\130\Tools\Binn\;D:\opencv3.4.1\opencv\build\x64\vc15\bin;"D:\apache-tomcat-7.0.109\bin;";"D:\apache-tomcat-7.0.109\lib;";D:\apache-jmeter-5.4.1\bin;D:\erl-23.0\bin;D:\nodejs\;D:\XShell7\;D:\Xftp7\;D:\Git\cmd;C:\Users\yangz\AppData\Local\Microsoft\WindowsApps;C:\Program Files\Azure Data Studio\bin;D:\idea\IntelliJ IDEA 2021.1.1\bin;;D:\Microsoft VS Code\bin;C:\Users\yangz\AppData\Roaming\npm;C:\Program Files\Bandizip\
USERNAME=yangz
OS=Windows_NT
PROCESSOR_IDENTIFIER=AMD64 Family 23 Model 17 Stepping 0, AuthenticAMD



---------------  S Y S T E M  ---------------

OS: Windows 10.0 , 64 bit Build 18362 (10.0.18362.1766)

CPU:total 8 (initial active 8) (8 cores per cpu, 1 threads per core) family 23 model 17 stepping 0, cmov, cx8, fxsr, mmx, sse, sse2, sse3, ssse3, sse4.1, sse4.2, popcnt, avx, avx2, aes, clmul, mmxext, 3dnowpref, lzcnt, sse4a, tsc, tscinvbit, tscinv, bmi1

Memory: 4k page, physical 7239248k(722256k free), swap 10516148k(5160k free)

vm_info: OpenJDK 64-Bit Server VM (25.292-b10) for windows-amd64 JRE (1.8.0_292-b10), built on Apr 14 2021 23:06:53 by "Administrator" with MS VC++ 12.0 (VS2013)

time: Tue Jan 11 13:09:21 2022
timezone: ?D1¨²¡À¨º¡Á?¨º¡À??
elapsed time: 11.649527 seconds (0d 0h 0m 11s)

