#
# There is insufficient memory for the Java Runtime Environment to continue.
# Native memory allocation (malloc) failed to allocate 332816 bytes for Chunk::new
# Possible reasons:
#   The system is out of physical RAM or swap space
#   The process is running with CompressedOops enabled, and the Java Heap may be blocking the growth of the native heap
# Possible solutions:
#   Reduce memory load on the system
#   Increase physical memory or swap space
#   Check if swap backing store is full
#   Decrease Java heap size (-Xmx/-Xms)
#   Decrease number of Java threads
#   Decrease Java thread stack sizes (-Xss)
#   Set larger code cache with -XX:ReservedCodeCacheSize=
#   JVM is running with Unscaled Compressed Oops mode in which the Java heap is
#     placed in the first 4GB address space. The Java Heap base address is the
#     maximum limit for the native heap growth. Please use -XX:HeapBaseMinAddress
#     to set the Java Heap base and to place the Java Heap above 4GB virtual address.
# This output file may be truncated or incomplete.
#
#  Out of Memory Error (allocation.cpp:389), pid=8140, tid=0x00000000000003c4
#
# JRE version: OpenJDK Runtime Environment (8.0_292-b10) (build 1.8.0_292-b10)
# Java VM: OpenJDK 64-Bit Server VM (25.292-b10 mixed mode windows-amd64 compressed oops)
# Failed to write core dump. Minidumps are not enabled by default on client versions of Windows
#

---------------  T H R E A D  ---------------

Current thread (0x000001a1dbd5b800):  JavaThread "C2 CompilerThread2" daemon [_thread_in_native, id=964, stack(0x0000005a64800000,0x0000005a64900000)]

Stack: [0x0000005a64800000,0x0000005a64900000]
[error occurred during error reporting (printing stack bounds), id 0xc0000005]

Native frames: (J=compiled Java code, j=interpreted, Vv=VM code, C=native code)


Current CompileTask:
C2:  16199 4792   !   4       com.sun.tools.javac.jvm.ClassReader::classSigToType (498 bytes)


---------------  P R O C E S S  ---------------

Java Threads: ( => current thread )
  0x000001a1dbe11000 JavaThread "Service Thread" daemon [_thread_blocked, id=8752, stack(0x0000005a64a00000,0x0000005a64b00000)]
  0x000001a1dbd5e000 JavaThread "C1 CompilerThread3" daemon [_thread_blocked, id=3224, stack(0x0000005a64900000,0x0000005a64a00000)]
=>0x000001a1dbd5b800 JavaThread "C2 CompilerThread2" daemon [_thread_in_native, id=964, stack(0x0000005a64800000,0x0000005a64900000)]
  0x000001a1dbd58000 JavaThread "C2 CompilerThread1" daemon [_thread_in_native, id=6468, stack(0x0000005a64700000,0x0000005a64800000)]
  0x000001a1dbd55000 JavaThread "C2 CompilerThread0" daemon [_thread_in_native, id=14692, stack(0x0000005a64600000,0x0000005a64700000)]
  0x000001a1dbd50800 JavaThread "Monitor Ctrl-Break" daemon [_thread_in_native, id=5072, stack(0x0000005a64500000,0x0000005a64600000)]
  0x000001a1d9fcf000 JavaThread "Attach Listener" daemon [_thread_blocked, id=12916, stack(0x0000005a64400000,0x0000005a64500000)]
  0x000001a1d9f7c800 JavaThread "Signal Dispatcher" daemon [_thread_blocked, id=2060, stack(0x0000005a64300000,0x0000005a64400000)]
  0x000001a1d9f4c000 JavaThread "Finalizer" daemon [_thread_blocked, id=4164, stack(0x0000005a64200000,0x0000005a64300000)]
  0x000001a1d9f3d000 JavaThread "Reference Handler" daemon [_thread_blocked, id=2944, stack(0x0000005a64100000,0x0000005a64200000)]
  0x000001a1c4370000 JavaThread "main" [_thread_in_native, id=7572, stack(0x0000005a63700000,0x0000005a63800000)]

Other Threads:
  0x000001a1d9f0b800 VMThread [stack: 0x0000005a64000000,0x0000005a64100000] [id=11396]
  0x000001a1dbdb3000 WatcherThread [stack: 0x0000005a64b00000,0x0000005a64c00000] [id=4748]

VM state:not at safepoint (normal execution)

VM Mutex/Monitor currently owned by a thread: None

heap address: 0x0000000091800000, size: 1768 MB, Compressed Oops mode: 32-bit
Narrow klass base: 0x0000000000000000, Narrow klass shift: 3
Compressed class space size: 1073741824 Address: 0x0000000100000000

Heap:
 PSYoungGen      total 124928K, used 96985K [0x00000000db300000, 0x00000000e8300000, 0x0000000100000000)
  eden space 111104K, 87% used [0x00000000db300000,0x00000000e11b6550,0x00000000e1f80000)
  from space 13824K, 0% used [0x00000000e1f80000,0x00000000e1f80000,0x00000000e2d00000)
  to   space 17408K, 0% used [0x00000000e7200000,0x00000000e7200000,0x00000000e8300000)
 ParOldGen       total 76288K, used 27150K [0x0000000091800000, 0x0000000096280000, 0x00000000db300000)
  object space 76288K, 35% used [0x0000000091800000,0x0000000093283b60,0x0000000096280000)
 Metaspace       used 25558K, capacity 26342K, committed 26624K, reserved 1073152K
  class space    used 2967K, capacity 3206K, committed 3328K, reserved 1048576K

Card table byte_map: [0x000001a1d5420000,0x000001a1d57a0000] byte_map_base: 0x000001a1d4f94000

Marking Bits: (ParMarkBitMap*) 0x000000006e56f7f0
 Begin Bits: [0x000001a1d59f0000, 0x000001a1d7590000)
 End Bits:   [0x000001a1d7590000, 0x000001a1d9130000)

Polling page: 0x000001a1c4500000

CodeCache: size=245760Kb used=16339Kb max_used=16353Kb free=229420Kb
 bounds [0x000001a1c6060000, 0x000001a1c7070000, 0x000001a1d5060000]
 total_blobs=4777 nmethods=4354 adapters=336
 compilation: enabled

Compilation events (10 events):
Event: 16.180 Thread 0x000001a1dbd5e000 4817       3       java.util.RegularEnumSet::add (9 bytes)
Event: 16.180 Thread 0x000001a1dbd5e000 nmethod 4817 0x000001a1c705d5d0 code [0x000001a1c705d740, 0x000001a1c705d9d0]
Event: 16.180 Thread 0x000001a1dbd5e000 4818       3       java.util.RegularEnumSet::add (40 bytes)
Event: 16.180 Thread 0x000001a1dbd5e000 nmethod 4818 0x000001a1c705da90 code [0x000001a1c705dc00, 0x000001a1c705df30]
Event: 16.184 Thread 0x000001a1dbd5e000 4819       3       com.sun.tools.javac.jvm.ClassFile::internalize (51 bytes)
Event: 16.184 Thread 0x000001a1dbd5e000 nmethod 4819 0x000001a1c705e010 code [0x000001a1c705e180, 0x000001a1c705e498]
Event: 16.189 Thread 0x000001a1dbd5e000 4820       3       com.sun.tools.javac.code.Symbol::complete (25 bytes)
Event: 16.189 Thread 0x000001a1dbd5e000 nmethod 4820 0x000001a1c705e650 code [0x000001a1c705e7c0, 0x000001a1c705ea50]
Event: 16.191 Thread 0x000001a1dbd5e000 4821       3       com.sun.tools.javac.comp.Resolve::findIdentInPackage (111 bytes)
Event: 16.193 Thread 0x000001a1dbd5e000 nmethod 4821 0x000001a1c705eb10 code [0x000001a1c705ecc0, 0x000001a1c705f360]

GC Heap History (10 events):
Event: 5.575 GC heap before
{Heap before GC invocations=6 (full 0):
 PSYoungGen      total 33280K, used 33272K [0x00000000db300000, 0x00000000e0000000, 0x0000000100000000)
  eden space 28672K, 100% used [0x00000000db300000,0x00000000dcf00000,0x00000000dcf00000)
  from space 4608K, 99% used [0x00000000dcf00000,0x00000000dd37e030,0x00000000dd380000)
  to   space 10752K, 0% used [0x00000000df580000,0x00000000df580000,0x00000000e0000000)
 ParOldGen       total 76800K, used 12508K [0x0000000091800000, 0x0000000096300000, 0x00000000db300000)
  object space 76800K, 16% used [0x0000000091800000,0x0000000092437350,0x0000000096300000)
 Metaspace       used 17163K, capacity 17494K, committed 17792K, reserved 1064960K
  class space    used 2015K, capacity 2146K, committed 2176K, reserved 1048576K
Event: 5.586 GC heap after
Heap after GC invocations=6 (full 0):
 PSYoungGen      total 67584K, used 8330K [0x00000000db300000, 0x00000000e0100000, 0x0000000100000000)
  eden space 56832K, 0% used [0x00000000db300000,0x00000000db300000,0x00000000dea80000)
  from space 10752K, 77% used [0x00000000df580000,0x00000000dfda2978,0x00000000e0000000)
  to   space 11264K, 0% used [0x00000000dea80000,0x00000000dea80000,0x00000000df580000)
 ParOldGen       total 76800K, used 12516K [0x0000000091800000, 0x0000000096300000, 0x00000000db300000)
  object space 76800K, 16% used [0x0000000091800000,0x0000000092439350,0x0000000096300000)
 Metaspace       used 17163K, capacity 17494K, committed 17792K, reserved 1064960K
  class space    used 2015K, capacity 2146K, committed 2176K, reserved 1048576K
}
Event: 7.128 GC heap before
{Heap before GC invocations=7 (full 0):
 PSYoungGen      total 67584K, used 65162K [0x00000000db300000, 0x00000000e0100000, 0x0000000100000000)
  eden space 56832K, 100% used [0x00000000db300000,0x00000000dea80000,0x00000000dea80000)
  from space 10752K, 77% used [0x00000000df580000,0x00000000dfda2978,0x00000000e0000000)
  to   space 11264K, 0% used [0x00000000dea80000,0x00000000dea80000,0x00000000df580000)
 ParOldGen       total 76800K, used 12516K [0x0000000091800000, 0x0000000096300000, 0x00000000db300000)
  object space 76800K, 16% used [0x0000000091800000,0x0000000092439350,0x0000000096300000)
 Metaspace       used 17989K, capacity 18456K, committed 18688K, reserved 1064960K
  class space    used 2049K, capacity 2187K, committed 2304K, reserved 1048576K
Event: 7.142 GC heap after
Heap after GC invocations=7 (full 0):
 PSYoungGen      total 68096K, used 9032K [0x00000000db300000, 0x00000000e3800000, 0x0000000100000000)
  eden space 56832K, 0% used [0x00000000db300000,0x00000000db300000,0x00000000dea80000)
  from space 11264K, 80% used [0x00000000dea80000,0x00000000df352080,0x00000000df580000)
  to   space 11264K, 0% used [0x00000000e2d00000,0x00000000e2d00000,0x00000000e3800000)
 ParOldGen       total 76800K, used 13508K [0x0000000091800000, 0x0000000096300000, 0x00000000db300000)
  object space 76800K, 17% used [0x0000000091800000,0x0000000092531360,0x0000000096300000)
 Metaspace       used 17989K, capacity 18456K, committed 18688K, reserved 1064960K
  class space    used 2049K, capacity 2187K, committed 2304K, reserved 1048576K
}
Event: 9.163 GC heap before
{Heap before GC invocations=8 (full 0):
 PSYoungGen      total 68096K, used 65864K [0x00000000db300000, 0x00000000e3800000, 0x0000000100000000)
  eden space 56832K, 100% used [0x00000000db300000,0x00000000dea80000,0x00000000dea80000)
  from space 11264K, 80% used [0x00000000dea80000,0x00000000df352080,0x00000000df580000)
  to   space 11264K, 0% used [0x00000000e2d00000,0x00000000e2d00000,0x00000000e3800000)
 ParOldGen       total 76800K, used 13508K [0x0000000091800000, 0x0000000096300000, 0x00000000db300000)
  object space 76800K, 17% used [0x0000000091800000,0x0000000092531360,0x0000000096300000)
 Metaspace       used 19510K, capacity 20186K, committed 20352K, reserved 1067008K
  class space    used 2229K, capacity 2413K, committed 2432K, reserved 1048576K
Event: 9.186 GC heap after
Heap after GC invocations=8 (full 0):
 PSYoungGen      total 122368K, used 11248K [0x00000000db300000, 0x00000000e3d00000, 0x0000000100000000)
  eden space 111104K, 0% used [0x00000000db300000,0x00000000db300000,0x00000000e1f80000)
  from space 11264K, 99% used [0x00000000e2d00000,0x00000000e37fc010,0x00000000e3800000)
  to   space 13824K, 0% used [0x00000000e1f80000,0x00000000e1f80000,0x00000000e2d00000)
 ParOldGen       total 76800K, used 15976K [0x0000000091800000, 0x0000000096300000, 0x00000000db300000)
  object space 76800K, 20% used [0x0000000091800000,0x000000009279a140,0x0000000096300000)
 Metaspace       used 19510K, capacity 20186K, committed 20352K, reserved 1067008K
  class space    used 2229K, capacity 2413K, committed 2432K, reserved 1048576K
}
Event: 11.630 GC heap before
{Heap before GC invocations=9 (full 0):
 PSYoungGen      total 122368K, used 88778K [0x00000000db300000, 0x00000000e3d00000, 0x0000000100000000)
  eden space 111104K, 69% used [0x00000000db300000,0x00000000dfeb6ac0,0x00000000e1f80000)
  from space 11264K, 99% used [0x00000000e2d00000,0x00000000e37fc010,0x00000000e3800000)
  to   space 13824K, 0% used [0x00000000e1f80000,0x00000000e1f80000,0x00000000e2d00000)
 ParOldGen       total 76800K, used 15976K [0x0000000091800000, 0x0000000096300000, 0x00000000db300000)
  object space 76800K, 20% used [0x0000000091800000,0x000000009279a140,0x0000000096300000)
 Metaspace       used 20499K, capacity 21172K, committed 21248K, reserved 1069056K
  class space    used 2351K, capacity 2550K, committed 2560K, reserved 1048576K
Event: 11.655 GC heap after
Heap after GC invocations=9 (full 0):
 PSYoungGen      total 124928K, used 13811K [0x00000000db300000, 0x00000000e8300000, 0x0000000100000000)
  eden space 111104K, 0% used [0x00000000db300000,0x00000000db300000,0x00000000e1f80000)
  from space 13824K, 99% used [0x00000000e1f80000,0x00000000e2cfcde0,0x00000000e2d00000)
  to   space 17408K, 0% used [0x00000000e7200000,0x00000000e7200000,0x00000000e8300000)
 ParOldGen       total 76800K, used 20582K [0x0000000091800000, 0x0000000096300000, 0x00000000db300000)
  object space 76800K, 26% used [0x0000000091800000,0x0000000092c19be0,0x0000000096300000)
 Metaspace       used 20499K, capacity 21172K, committed 21248K, reserved 1069056K
  class space    used 2351K, capacity 2550K, committed 2560K, reserved 1048576K
}
Event: 11.655 GC heap before
{Heap before GC invocations=10 (full 1):
 PSYoungGen      total 124928K, used 13811K [0x00000000db300000, 0x00000000e8300000, 0x0000000100000000)
  eden space 111104K, 0% used [0x00000000db300000,0x00000000db300000,0x00000000e1f80000)
  from space 13824K, 99% used [0x00000000e1f80000,0x00000000e2cfcde0,0x00000000e2d00000)
  to   space 17408K, 0% used [0x00000000e7200000,0x00000000e7200000,0x00000000e8300000)
 ParOldGen       total 76800K, used 20582K [0x0000000091800000, 0x0000000096300000, 0x00000000db300000)
  object space 76800K, 26% used [0x0000000091800000,0x0000000092c19be0,0x0000000096300000)
 Metaspace       used 20499K, capacity 21172K, committed 21248K, reserved 1069056K
  class space    used 2351K, capacity 2550K, committed 2560K, reserved 1048576K
Event: 11.771 GC heap after
Heap after GC invocations=10 (full 1):
 PSYoungGen      total 124928K, used 0K [0x00000000db300000, 0x00000000e8300000, 0x0000000100000000)
  eden space 111104K, 0% used [0x00000000db300000,0x00000000db300000,0x00000000e1f80000)
  from space 13824K, 0% used [0x00000000e1f80000,0x00000000e1f80000,0x00000000e2d00000)
  to   space 17408K, 0% used [0x00000000e7200000,0x00000000e7200000,0x00000000e8300000)
 ParOldGen       total 76288K, used 27150K [0x0000000091800000, 0x0000000096280000, 0x00000000db300000)
  object space 76288K, 35% used [0x0000000091800000,0x0000000093283b60,0x0000000096280000)
 Metaspace       used 20499K, capacity 21172K, committed 21248K, reserved 1069056K
  class space    used 2351K, capacity 2550K, committed 2560K, reserved 1048576K
}

Deoptimization events (10 events):
Event: 15.988 Thread 0x000001a1c4370000 Uncommon trap: reason=class_check action=maybe_recompile pc=0x000001a1c68692cc method=java.util.Collections$UnmodifiableMap$UnmodifiableEntrySet$1.hasNext()Z @ 4
Event: 15.988 Thread 0x000001a1c4370000 Uncommon trap: reason=class_check action=maybe_recompile pc=0x000001a1c6965db0 method=java.util.Collections$UnmodifiableMap$UnmodifiableEntrySet$1.next()Ljava/util/Map$Entry; @ 8
Event: 15.988 Thread 0x000001a1c4370000 Uncommon trap: reason=class_check action=maybe_recompile pc=0x000001a1c690b7c0 method=java.util.Collections$UnmodifiableMap$UnmodifiableEntrySet$UnmodifiableEntry.getKey()Ljava/lang/Object; @ 4
Event: 15.988 Thread 0x000001a1c4370000 Uncommon trap: reason=class_check action=maybe_recompile pc=0x000001a1c695f5c0 method=java.util.Collections$UnmodifiableMap$UnmodifiableEntrySet$UnmodifiableEntry.getValue()Ljava/lang/Object; @ 4
Event: 15.988 Thread 0x000001a1c4370000 Uncommon trap: reason=class_check action=maybe_recompile pc=0x000001a1c68692cc method=java.util.Collections$UnmodifiableMap$UnmodifiableEntrySet$1.hasNext()Z @ 4
Event: 15.988 Thread 0x000001a1c4370000 Uncommon trap: reason=class_check action=maybe_recompile pc=0x000001a1c6965db0 method=java.util.Collections$UnmodifiableMap$UnmodifiableEntrySet$1.next()Ljava/util/Map$Entry; @ 8
Event: 15.988 Thread 0x000001a1c4370000 Uncommon trap: reason=class_check action=maybe_recompile pc=0x000001a1c690b7c0 method=java.util.Collections$UnmodifiableMap$UnmodifiableEntrySet$UnmodifiableEntry.getKey()Ljava/lang/Object; @ 4
Event: 15.988 Thread 0x000001a1c4370000 Uncommon trap: reason=class_check action=maybe_recompile pc=0x000001a1c695f5c0 method=java.util.Collections$UnmodifiableMap$UnmodifiableEntrySet$UnmodifiableEntry.getValue()Ljava/lang/Object; @ 4
Event: 15.998 Thread 0x000001a1c4370000 Uncommon trap: reason=unstable_if action=reinterpret pc=0x000001a1c6f8f488 method=java.io.WinNTFileSystem.resolve(Ljava/lang/String;Ljava/lang/String;)Ljava/lang/String; @ 117
Event: 16.162 Thread 0x000001a1c4370000 Uncommon trap: reason=unstable_if action=reinterpret pc=0x000001a1c6da8f08 method=java.io.BufferedWriter.flushBuffer()V @ 15

Classes redefined (0 events):
No events

Internal exceptions (10 events):
Event: 3.997 Thread 0x000001a1c4370000 Implicit null exception at 0x000001a1c671c03e to 0x000001a1c671d31d
Event: 4.620 Thread 0x000001a1c4370000 Implicit null exception at 0x000001a1c68756de to 0x000001a1c6876e11
Event: 4.690 Thread 0x000001a1c4370000 Implicit null exception at 0x000001a1c68bffb7 to 0x000001a1c68c01fd
Event: 5.983 Thread 0x000001a1c4370000 Implicit null exception at 0x000001a1c6469d15 to 0x000001a1c6469ef1
Event: 5.984 Thread 0x000001a1c4370000 Implicit null exception at 0x000001a1c63f1aef to 0x000001a1c63f1b59
Event: 11.527 Thread 0x000001a1c4370000 Exception <a 'java/lang/ClassNotFoundException': com/sun/tools/javac/api/JavacTool> (0x00000000dfa30870) thrown at [C:\wsjdk\Corretto8Src\installers\windows\zip\corretto-build\buildRoot\src\hotspot\src\share\vm\classfile\systemDictionary.cpp, line 217]
Event: 12.872 Thread 0x000001a1c4370000 Exception <a 'java/io/FileNotFoundException'> (0x00000000dcc47820) thrown at [C:\wsjdk\Corretto8Src\installers\windows\zip\corretto-build\buildRoot\src\hotspot\src\share\vm\prims\jni.cpp, line 711]
Event: 12.881 Thread 0x000001a1c4370000 Exception <a 'java/io/FileNotFoundException'> (0x00000000dcca46d8) thrown at [C:\wsjdk\Corretto8Src\installers\windows\zip\corretto-build\buildRoot\src\hotspot\src\share\vm\prims\jni.cpp, line 711]
Event: 15.250 Thread 0x000001a1c4370000 Implicit null exception at 0x000001a1c67bdcb1 to 0x000001a1c67be0c9
Event: 15.264 Thread 0x000001a1c4370000 Implicit null exception at 0x000001a1c67ab215 to 0x000001a1c67ab419

Events (10 events):
Event: 16.012 loading class com/sun/tools/javac/tree/JCTree$JCPolyExpression$PolyKind done
Event: 16.042 Thread 0x000001a1c4370000 DEOPT PACKING pc=0x000001a1c61f3b70 sp=0x0000005a637fcb80
Event: 16.042 Thread 0x000001a1c4370000 DEOPT UNPACKING pc=0x000001a1c60a71d8 sp=0x0000005a637fc9d0 mode 0
Event: 16.052 loading class lombok/launch/AnnotationProcessorHider$ClaimingProcessor
Event: 16.052 loading class lombok/launch/AnnotationProcessorHider$ClaimingProcessor done
Event: 16.162 Thread 0x000001a1c4370000 Uncommon trap: trap_request=0xffffff65 fr.pc=0x000001a1c6da8f08
Event: 16.162 Executing VM operation: RevokeBias
Event: 16.162 Executing VM operation: RevokeBias done
Event: 16.162 Thread 0x000001a1c4370000 DEOPT PACKING pc=0x000001a1c6da8f08 sp=0x0000005a637fd4d0
Event: 16.162 Thread 0x000001a1c4370000 DEOPT UNPACKING pc=0x000001a1c60a5583 sp=0x0000005a637fd498 mode 2


Dynamic libraries:
0x00007ff7182c0000 - 0x00007ff7182fa000 	C:\Users\yangz\.jdks\corretto-1.8.0_292\bin\java.exe
0x00007ffae1da0000 - 0x00007ffae1f90000 	C:\Windows\SYSTEM32\ntdll.dll
0x00007ffae0260000 - 0x00007ffae0313000 	C:\Windows\System32\KERNEL32.DLL
0x00007ffadf0a0000 - 0x00007ffadf346000 	C:\Windows\System32\KERNELBASE.dll
0x00007ffae01a0000 - 0x00007ffae0243000 	C:\Windows\System32\ADVAPI32.dll
0x00007ffadfe40000 - 0x00007ffadfede000 	C:\Windows\System32\msvcrt.dll
0x00007ffae1c90000 - 0x00007ffae1d27000 	C:\Windows\System32\sechost.dll
0x00007ffae0020000 - 0x00007ffae013f000 	C:\Windows\System32\RPCRT4.dll
0x00007ffae0320000 - 0x00007ffae04b4000 	C:\Windows\System32\USER32.dll
0x00007ffadeda0000 - 0x00007ffadedc1000 	C:\Windows\System32\win32u.dll
0x00007ffae0170000 - 0x00007ffae0196000 	C:\Windows\System32\GDI32.dll
0x00007ffadef00000 - 0x00007ffadf098000 	C:\Windows\System32\gdi32full.dll
0x00007ffadf350000 - 0x00007ffadf3ee000 	C:\Windows\System32\msvcp_win.dll
0x00007ffadfd40000 - 0x00007ffadfe3a000 	C:\Windows\System32\ucrtbase.dll
0x00007ffac1f80000 - 0x00007ffac2204000 	C:\Windows\WinSxS\amd64_microsoft.windows.common-controls_6595b64144ccf1df_6.0.18362.1801_none_9e79a739e46243f0\COMCTL32.dll
0x00007ffae09a0000 - 0x00007ffae0cd6000 	C:\Windows\System32\combase.dll
0x00007ffaded10000 - 0x00007ffaded94000 	C:\Windows\System32\bcryptPrimitives.dll
0x00007ffae1d30000 - 0x00007ffae1d5e000 	C:\Windows\System32\IMM32.DLL
0x00007ffa9cd00000 - 0x00007ffa9cdef000 	C:\Users\yangz\.jdks\corretto-1.8.0_292\jre\bin\msvcr120.dll
0x00007ffaa05d0000 - 0x00007ffaa0676000 	C:\Users\yangz\.jdks\corretto-1.8.0_292\jre\bin\msvcp120.dll
0x000000006dd80000 - 0x000000006e5ee000 	C:\Users\yangz\.jdks\corretto-1.8.0_292\jre\bin\server\jvm.dll
0x00007ffae0250000 - 0x00007ffae0258000 	C:\Windows\System32\PSAPI.DLL
0x00007ffad84e0000 - 0x00007ffad84ea000 	C:\Windows\SYSTEM32\VERSION.dll
0x00007ffadc760000 - 0x00007ffadc784000 	C:\Windows\SYSTEM32\WINMM.dll
0x00007ffac68a0000 - 0x00007ffac68a9000 	C:\Windows\SYSTEM32\WSOCK32.dll
0x00007ffae06d0000 - 0x00007ffae073f000 	C:\Windows\System32\WS2_32.dll
0x00007ffadc550000 - 0x00007ffadc57d000 	C:\Windows\SYSTEM32\WINMMBASE.dll
0x00007ffadf3f0000 - 0x00007ffadf43a000 	C:\Windows\System32\cfgmgr32.dll
0x00007ffad02c0000 - 0x00007ffad02cf000 	C:\Users\yangz\.jdks\corretto-1.8.0_292\jre\bin\verify.dll
0x00007ffabd470000 - 0x00007ffabd499000 	C:\Users\yangz\.jdks\corretto-1.8.0_292\jre\bin\java.dll
0x00007ffab8c90000 - 0x00007ffab8cba000 	C:\Users\yangz\.jdks\corretto-1.8.0_292\jre\bin\instrument.dll
0x00007ffabe850000 - 0x00007ffabe866000 	C:\Users\yangz\.jdks\corretto-1.8.0_292\jre\bin\zip.dll
0x00007ffae0f80000 - 0x00007ffae1667000 	C:\Windows\System32\SHELL32.dll
0x00007ffae0830000 - 0x00007ffae08d9000 	C:\Windows\System32\shcore.dll
0x00007ffadf5c0000 - 0x00007ffadfd3b000 	C:\Windows\System32\windows.storage.dll
0x00007ffadec60000 - 0x00007ffadec7e000 	C:\Windows\System32\profapi.dll
0x00007ffadecc0000 - 0x00007ffaded0a000 	C:\Windows\System32\powrprof.dll
0x00007ffadec50000 - 0x00007ffadec60000 	C:\Windows\System32\UMPDC.dll
0x00007ffae0940000 - 0x00007ffae0992000 	C:\Windows\System32\shlwapi.dll
0x00007ffadec80000 - 0x00007ffadec91000 	C:\Windows\System32\kernel.appcore.dll
0x00007ffadee30000 - 0x00007ffadee47000 	C:\Windows\System32\cryptsp.dll
0x00007ffab35f0000 - 0x00007ffab360a000 	C:\Program Files\JetBrains\IntelliJ IDEA 2021.1.1\bin\breakgen64.dll
0x00007ffab2fa0000 - 0x00007ffab2fba000 	C:\Users\yangz\.jdks\corretto-1.8.0_292\jre\bin\net.dll
0x00007ffade430000 - 0x00007ffade497000 	C:\Windows\system32\mswsock.dll
0x00007ffaddfb0000 - 0x00007ffaddfe3000 	C:\Windows\system32\rsaenh.dll
0x00007ffadf590000 - 0x00007ffadf5b6000 	C:\Windows\System32\bcrypt.dll
0x00007ffadeb70000 - 0x00007ffadeb95000 	C:\Windows\SYSTEM32\USERENV.dll
0x00007ffade600000 - 0x00007ffade60c000 	C:\Windows\SYSTEM32\CRYPTBASE.dll
0x00007ffade140000 - 0x00007ffade17a000 	C:\Windows\SYSTEM32\IPHLPAPI.DLL
0x00007ffae0140000 - 0x00007ffae0148000 	C:\Windows\System32\NSI.dll
0x00007ffad8290000 - 0x00007ffad82a6000 	C:\Windows\SYSTEM32\dhcpcsvc6.DLL
0x00007ffad7980000 - 0x00007ffad799c000 	C:\Windows\SYSTEM32\dhcpcsvc.DLL
0x00007ffade190000 - 0x00007ffade25a000 	C:\Windows\SYSTEM32\DNSAPI.dll
0x00007ffaac2c0000 - 0x00007ffaac2d2000 	C:\Users\yangz\.jdks\corretto-1.8.0_292\jre\bin\nio.dll
0x00007ffabf250000 - 0x00007ffabf25a000 	C:\Users\yangz\AppData\Local\Temp\jansi-1.17.1-8924718340029239068.dll
0x00007ffabd460000 - 0x00007ffabd46a000 	C:\Users\yangz\AppData\Local\Temp\jansi-1.17.1-7122287422140617953.dll

VM Arguments:
jvm_args: -Dmaven.multiModuleProjectDirectory=C:\Users\yangz\IdeaProjects\COVID-19 -Dmaven.home=C:\Program Files\JetBrains\IntelliJ IDEA 2021.1.1\plugins\maven\lib\maven3 -Dclassworlds.conf=C:\Program Files\JetBrains\IntelliJ IDEA 2021.1.1\plugins\maven\lib\maven3\bin\m2.conf -Dmaven.ext.class.path=C:\Program Files\JetBrains\IntelliJ IDEA 2021.1.1\plugins\maven\lib\maven-event-listener.jar -javaagent:C:\Program Files\JetBrains\IntelliJ IDEA 2021.1.1\lib\idea_rt.jar=62618:C:\Program Files\JetBrains\IntelliJ IDEA 2021.1.1\bin -Dfile.encoding=UTF-8 
java_command: org.codehaus.classworlds.Launcher -Didea.version=2021.1.1 -DskipTests=true install
java_class_path (initial): C:\Program Files\JetBrains\IntelliJ IDEA 2021.1.1\plugins\maven\lib\maven3\boot\plexus-classworlds-2.6.0.jar;C:\Program Files\JetBrains\IntelliJ IDEA 2021.1.1\plugins\maven\lib\maven3\boot\plexus-classworlds.license;C:\Program Files\JetBrains\IntelliJ IDEA 2021.1.1\lib\idea_rt.jar
Launcher Type: SUN_STANDARD

Environment Variables:
JAVA_HOME=D:\Java\jdk1.8.0_301
CLASSPATH=.;D:\Java\jdk1.8.0_301\lib\dt.jar;D:\Java\jdk1.8.0_301\lib\tools.jar
PATH=C:\Program Files (x86)\Common Files\Intel\Shared Libraries\redist\intel64\compiler;D:\Java\jdk1.8.0_301\jre\bin;D:\Java\jdk1.8.0_301bin;D:\Vmware\bin\;C:\Program Files\Common Files\Oracle\Java\javapath;C:\Program Files (x86)\Common Files\Oracle\Java\javapath;D:\apache-tomcat-9.0.44\bin;C:\Windows\system32;C:\Windows;C:\Windows\System32\Wbem;C:\Windows\System32\WindowsPowerShell\v1.0\;C:\Windows\System32\OpenSSH\;C:\Program Files (x86)\Microsoft SQL Server\150\DTS\Binn\;C:\Program Files\Azure Data Studio\bin;C:\Program Files\Microsoft SQL Server\Client SDK\ODBC\170\Tools\Binn\;C:\Program Files (x86)\Microsoft SQL Server\150\Tools\Binn\;C:\Program Files\Microsoft SQL Server\150\Tools\Binn\;C:\Program Files\Microsoft SQL Server\150\DTS\Binn\;C:\Program Files\Intel\WiFi\bin\;C:\Program Files\Common Files\Intel\WirelessCommon\;C:\sdk;C:\sdk\platform-tools;;D:\mysql-8.0.24-winx64bin;D:\apache-maven-3.8.1\bin;C:\Program Files\Common Files\Autodesk Shared\;C:\Program Files\Microsoft SQL Server\120\Tools\Binn\;C:\Program Files\Microsoft SQL Server\130\Tools\Binn\;D:\opencv3.4.1\opencv\build\x64\vc15\bin;"D:\apache-tomcat-7.0.109\bin;";"D:\apache-tomcat-7.0.109\lib;";D:\apache-jmeter-5.4.1\bin;D:\erl-23.0\bin;D:\nodejs\;D:\XShell7\;D:\Xftp7\;C:\Users\yangz\AppData\Local\Microsoft\WindowsApps;C:\Program Files\Azure Data Studio\bin;D:\idea\IntelliJ IDEA 2021.1.1\bin;;D:\Microsoft VS Code\bin;C:\Users\yangz\AppData\Roaming\npm;C:\Program Files\Bandizip\
USERNAME=yangz
OS=Windows_NT
PROCESSOR_IDENTIFIER=AMD64 Family 23 Model 17 Stepping 0, AuthenticAMD



---------------  S Y S T E M  ---------------

OS: Windows 10.0 , 64 bit Build 18362 (10.0.18362.1766)

CPU:total 8 (initial active 8) (8 cores per cpu, 1 threads per core) family 23 model 17 stepping 0, cmov, cx8, fxsr, mmx, sse, sse2, sse3, ssse3, sse4.1, sse4.2, popcnt, avx, avx2, aes, clmul, mmxext, 3dnowpref, lzcnt, sse4a, tsc, tscinvbit, tscinv, bmi1

Memory: 4k page, physical 7239248k(378124k free), swap 11025316k(5128k free)

vm_info: OpenJDK 64-Bit Server VM (25.292-b10) for windows-amd64 JRE (1.8.0_292-b10), built on Apr 14 2021 23:06:53 by "Administrator" with MS VC++ 12.0 (VS2013)

time: Sun Jan 09 20:37:28 2022
timezone: ?D1¨²¡À¨º¡Á?¨º¡À??
elapsed time: 16.212978 seconds (0d 0h 0m 16s)

