#
# There is insufficient memory for the Java Runtime Environment to continue.
# Native memory allocation (malloc) failed to allocate 683696 bytes for Chunk::new
# Possible reasons:
#   The system is out of physical RAM or swap space
#   The process is running with CompressedOops enabled, and the Java Heap may be blocking the growth of the native heap
# Possible solutions:
#   Reduce memory load on the system
#   Increase physical memory or swap space
#   Check if swap backing store is full
#   Decrease Java heap size (-Xmx/-Xms)
#   Decrease number of Java threads
#   Decrease Java thread stack sizes (-Xss)
#   Set larger code cache with -XX:ReservedCodeCacheSize=
#   JVM is running with Unscaled Compressed Oops mode in which the Java heap is
#     placed in the first 4GB address space. The Java Heap base address is the
#     maximum limit for the native heap growth. Please use -XX:HeapBaseMinAddress
#     to set the Java Heap base and to place the Java Heap above 4GB virtual address.
# This output file may be truncated or incomplete.
#
#  Out of Memory Error (allocation.cpp:389), pid=5868, tid=0x00000000000010b0
#
# JRE version: OpenJDK Runtime Environment (8.0_292-b10) (build 1.8.0_292-b10)
# Java VM: OpenJDK 64-Bit Server VM (25.292-b10 mixed mode windows-amd64 compressed oops)
# Failed to write core dump. Minidumps are not enabled by default on client versions of Windows
#

---------------  T H R E A D  ---------------

Current thread (0x000002067f70a800):  JavaThread "C2 CompilerThread1" daemon [_thread_in_native, id=4272, stack(0x000000be55500000,0x000000be55600000)]

Stack: [0x000000be55500000,0x000000be55600000]
[error occurred during error reporting (printing stack bounds), id 0xc0000005]

Native frames: (J=compiled Java code, j=interpreted, Vv=VM code, C=native code)


Current CompileTask:
C2:   7691 3678   !   4       java.util.Formatter::format (271 bytes)


---------------  P R O C E S S  ---------------

Java Threads: ( => current thread )
  0x000002067f7c1800 JavaThread "Service Thread" daemon [_thread_blocked, id=5116, stack(0x000000be55800000,0x000000be55900000)]
  0x000002067f712000 JavaThread "C1 CompilerThread3" daemon [_thread_blocked, id=8256, stack(0x000000be55700000,0x000000be55800000)]
  0x000002067f70d000 JavaThread "C2 CompilerThread2" daemon [_thread_in_native, id=3864, stack(0x000000be55600000,0x000000be55700000)]
=>0x000002067f70a800 JavaThread "C2 CompilerThread1" daemon [_thread_in_native, id=4272, stack(0x000000be55500000,0x000000be55600000)]
  0x000002067f707000 JavaThread "C2 CompilerThread0" daemon [_thread_in_native, id=13180, stack(0x000000be55400000,0x000000be55500000)]
  0x000002067f703800 JavaThread "Monitor Ctrl-Break" daemon [_thread_in_native, id=13252, stack(0x000000be55300000,0x000000be55400000)]
  0x000002067d91d000 JavaThread "Attach Listener" daemon [_thread_blocked, id=14168, stack(0x000000be55200000,0x000000be55300000)]
  0x000002067d970000 JavaThread "Signal Dispatcher" daemon [_thread_blocked, id=8548, stack(0x000000be55100000,0x000000be55200000)]
  0x000002067d8ed000 JavaThread "Finalizer" daemon [_thread_blocked, id=1260, stack(0x000000be55000000,0x000000be55100000)]
  0x000002067d8de000 JavaThread "Reference Handler" daemon [_thread_blocked, id=7780, stack(0x000000be54f00000,0x000000be55000000)]
  0x0000020667d20000 JavaThread "main" [_thread_in_Java, id=5832, stack(0x000000be54500000,0x000000be54600000)]

Other Threads:
  0x000002067d8ac800 VMThread [stack: 0x000000be54e00000,0x000000be54f00000] [id=3256]
  0x000002067f7cc800 WatcherThread [stack: 0x000000be55900000,0x000000be55a00000] [id=11952]

VM state:not at safepoint (normal execution)

VM Mutex/Monitor currently owned by a thread: None

heap address: 0x0000000091800000, size: 1768 MB, Compressed Oops mode: 32-bit
Narrow klass base: 0x0000000000000000, Narrow klass shift: 3
Compressed class space size: 1073741824 Address: 0x0000000100000000

Heap:
 PSYoungGen      total 33280K, used 26832K [0x00000000db300000, 0x00000000df600000, 0x0000000100000000)
  eden space 28672K, 77% used [0x00000000db300000,0x00000000dc8b42d0,0x00000000dcf00000)
  from space 4608K, 100% used [0x00000000dcf00000,0x00000000dd380000,0x00000000dd380000)
  to   space 11264K, 0% used [0x00000000deb00000,0x00000000deb00000,0x00000000df600000)
 ParOldGen       total 76800K, used 35391K [0x0000000091800000, 0x0000000096300000, 0x00000000db300000)
  object space 76800K, 46% used [0x0000000091800000,0x0000000093a8feb8,0x0000000096300000)
 Metaspace       used 17758K, capacity 18170K, committed 18304K, reserved 1064960K
  class space    used 2013K, capacity 2124K, committed 2176K, reserved 1048576K

Card table byte_map: [0x0000020678dc0000,0x0000020679140000] byte_map_base: 0x0000020678934000

Marking Bits: (ParMarkBitMap*) 0x000000005d16f7f0
 Begin Bits: [0x0000020679390000, 0x000002067af30000)
 End Bits:   [0x000002067af30000, 0x000002067cad0000)

Polling page: 0x0000020667cd0000

CodeCache: size=245760Kb used=13981Kb max_used=13981Kb free=231779Kb
 bounds [0x0000020669a00000, 0x000002066a7c0000, 0x0000020678a00000]
 total_blobs=4087 nmethods=3708 adapters=292
 compilation: enabled

Compilation events (10 events):
Event: 7.648 Thread 0x000002067f712000 3739       3       com.google.inject.internal.InjectorImpl::isProvider (13 bytes)
Event: 7.648 Thread 0x000002067f712000 nmethod 3739 0x000002066a7b0d10 code [0x000002066a7b0e80, 0x000002066a7b1238]
Event: 7.648 Thread 0x000002067f712000 3736       1       com.google.inject.internal.InternalContext::getDependency (5 bytes)
Event: 7.648 Thread 0x000002067f712000 nmethod 3736 0x000002066a7b1350 code [0x000002066a7b14a0, 0x000002066a7b15b8]
Event: 7.648 Thread 0x000002067f712000 3740       1       com.google.inject.Key$AnnotationTypeStrategy::hasAttributes (2 bytes)
Event: 7.648 Thread 0x000002067f712000 nmethod 3740 0x000002066a7b1610 code [0x000002066a7b1760, 0x000002066a7b1878]
Event: 7.648 Thread 0x000002067f712000 3741   !   3       org.slf4j.impl.SimpleLoggerConfiguration::getStringProperty (28 bytes)
Event: 7.649 Thread 0x000002067f712000 nmethod 3741 0x000002066a7b18d0 code [0x000002066a7b1a80, 0x000002066a7b2000]
Event: 7.649 Thread 0x000002067f712000 3742       3       org.slf4j.impl.SimpleLoggerConfiguration::getStringProperty (16 bytes)
Event: 7.649 Thread 0x000002067f712000 nmethod 3742 0x000002066a7b22d0 code [0x000002066a7b24a0, 0x000002066a7b2b00]

GC Heap History (10 events):
Event: 5.143 GC heap before
{Heap before GC invocations=7 (full 0):
 PSYoungGen      total 33280K, used 33272K [0x00000000db300000, 0x00000000dd800000, 0x0000000100000000)
  eden space 28672K, 100% used [0x00000000db300000,0x00000000dcf00000,0x00000000dcf00000)
  from space 4608K, 99% used [0x00000000dd380000,0x00000000dd7fe010,0x00000000dd800000)
  to   space 4608K, 0% used [0x00000000dcf00000,0x00000000dcf00000,0x00000000dd380000)
 ParOldGen       total 76800K, used 14491K [0x0000000091800000, 0x0000000096300000, 0x00000000db300000)
  object space 76800K, 18% used [0x0000000091800000,0x0000000092626f48,0x0000000096300000)
 Metaspace       used 16749K, capacity 17162K, committed 17408K, reserved 1064960K
  class space    used 1932K, capacity 2048K, committed 2048K, reserved 1048576K
Event: 5.151 GC heap after
Heap after GC invocations=7 (full 0):
 PSYoungGen      total 33280K, used 4608K [0x00000000db300000, 0x00000000dd800000, 0x0000000100000000)
  eden space 28672K, 0% used [0x00000000db300000,0x00000000db300000,0x00000000dcf00000)
  from space 4608K, 100% used [0x00000000dcf00000,0x00000000dd380000,0x00000000dd380000)
  to   space 4608K, 0% used [0x00000000dd380000,0x00000000dd380000,0x00000000dd800000)
 ParOldGen       total 76800K, used 18104K [0x0000000091800000, 0x0000000096300000, 0x00000000db300000)
  object space 76800K, 23% used [0x0000000091800000,0x00000000929ae300,0x0000000096300000)
 Metaspace       used 16749K, capacity 17162K, committed 17408K, reserved 1064960K
  class space    used 1932K, capacity 2048K, committed 2048K, reserved 1048576K
}
Event: 5.641 GC heap before
{Heap before GC invocations=8 (full 0):
 PSYoungGen      total 33280K, used 33280K [0x00000000db300000, 0x00000000dd800000, 0x0000000100000000)
  eden space 28672K, 100% used [0x00000000db300000,0x00000000dcf00000,0x00000000dcf00000)
  from space 4608K, 100% used [0x00000000dcf00000,0x00000000dd380000,0x00000000dd380000)
  to   space 4608K, 0% used [0x00000000dd380000,0x00000000dd380000,0x00000000dd800000)
 ParOldGen       total 76800K, used 18104K [0x0000000091800000, 0x0000000096300000, 0x00000000db300000)
  object space 76800K, 23% used [0x0000000091800000,0x00000000929ae300,0x0000000096300000)
 Metaspace       used 16926K, capacity 17366K, committed 17792K, reserved 1064960K
  class space    used 1935K, capacity 2050K, committed 2176K, reserved 1048576K
Event: 5.648 GC heap after
Heap after GC invocations=8 (full 0):
 PSYoungGen      total 33280K, used 4592K [0x00000000db300000, 0x00000000dd800000, 0x0000000100000000)
  eden space 28672K, 0% used [0x00000000db300000,0x00000000db300000,0x00000000dcf00000)
  from space 4608K, 99% used [0x00000000dd380000,0x00000000dd7fc010,0x00000000dd800000)
  to   space 4608K, 0% used [0x00000000dcf00000,0x00000000dcf00000,0x00000000dd380000)
 ParOldGen       total 76800K, used 22662K [0x0000000091800000, 0x0000000096300000, 0x00000000db300000)
  object space 76800K, 29% used [0x0000000091800000,0x0000000092e21890,0x0000000096300000)
 Metaspace       used 16926K, capacity 17366K, committed 17792K, reserved 1064960K
  class space    used 1935K, capacity 2050K, committed 2176K, reserved 1048576K
}
Event: 6.001 GC heap before
{Heap before GC invocations=9 (full 0):
 PSYoungGen      total 33280K, used 33264K [0x00000000db300000, 0x00000000dd800000, 0x0000000100000000)
  eden space 28672K, 100% used [0x00000000db300000,0x00000000dcf00000,0x00000000dcf00000)
  from space 4608K, 99% used [0x00000000dd380000,0x00000000dd7fc010,0x00000000dd800000)
  to   space 4608K, 0% used [0x00000000dcf00000,0x00000000dcf00000,0x00000000dd380000)
 ParOldGen       total 76800K, used 22662K [0x0000000091800000, 0x0000000096300000, 0x00000000db300000)
  object space 76800K, 29% used [0x0000000091800000,0x0000000092e21890,0x0000000096300000)
 Metaspace       used 17041K, capacity 17494K, committed 17792K, reserved 1064960K
  class space    used 1935K, capacity 2050K, committed 2176K, reserved 1048576K
Event: 6.007 GC heap after
Heap after GC invocations=9 (full 0):
 PSYoungGen      total 33280K, used 4608K [0x00000000db300000, 0x00000000dd800000, 0x0000000100000000)
  eden space 28672K, 0% used [0x00000000db300000,0x00000000db300000,0x00000000dcf00000)
  from space 4608K, 100% used [0x00000000dcf00000,0x00000000dd380000,0x00000000dd380000)
  to   space 4608K, 0% used [0x00000000dd380000,0x00000000dd380000,0x00000000dd800000)
 ParOldGen       total 76800K, used 27042K [0x0000000091800000, 0x0000000096300000, 0x00000000db300000)
  object space 76800K, 35% used [0x0000000091800000,0x0000000093268bf8,0x0000000096300000)
 Metaspace       used 17041K, capacity 17494K, committed 17792K, reserved 1064960K
  class space    used 1935K, capacity 2050K, committed 2176K, reserved 1048576K
}
Event: 6.360 GC heap before
{Heap before GC invocations=10 (full 0):
 PSYoungGen      total 33280K, used 33280K [0x00000000db300000, 0x00000000dd800000, 0x0000000100000000)
  eden space 28672K, 100% used [0x00000000db300000,0x00000000dcf00000,0x00000000dcf00000)
  from space 4608K, 100% used [0x00000000dcf00000,0x00000000dd380000,0x00000000dd380000)
  to   space 4608K, 0% used [0x00000000dd380000,0x00000000dd380000,0x00000000dd800000)
 ParOldGen       total 76800K, used 27042K [0x0000000091800000, 0x0000000096300000, 0x00000000db300000)
  object space 76800K, 35% used [0x0000000091800000,0x0000000093268bf8,0x0000000096300000)
 Metaspace       used 17092K, capacity 17500K, committed 17792K, reserved 1064960K
  class space    used 1937K, capacity 2051K, committed 2176K, reserved 1048576K
Event: 6.367 GC heap after
Heap after GC invocations=10 (full 0):
 PSYoungGen      total 33280K, used 4608K [0x00000000db300000, 0x00000000dd800000, 0x0000000100000000)
  eden space 28672K, 0% used [0x00000000db300000,0x00000000db300000,0x00000000dcf00000)
  from space 4608K, 100% used [0x00000000dd380000,0x00000000dd800000,0x00000000dd800000)
  to   space 4608K, 0% used [0x00000000dcf00000,0x00000000dcf00000,0x00000000dd380000)
 ParOldGen       total 76800K, used 30762K [0x0000000091800000, 0x0000000096300000, 0x00000000db300000)
  object space 76800K, 40% used [0x0000000091800000,0x000000009360a9c8,0x0000000096300000)
 Metaspace       used 17092K, capacity 17500K, committed 17792K, reserved 1064960K
  class space    used 1937K, capacity 2051K, committed 2176K, reserved 1048576K
}
Event: 7.155 GC heap before
{Heap before GC invocations=11 (full 0):
 PSYoungGen      total 33280K, used 33280K [0x00000000db300000, 0x00000000dd800000, 0x0000000100000000)
  eden space 28672K, 100% used [0x00000000db300000,0x00000000dcf00000,0x00000000dcf00000)
  from space 4608K, 100% used [0x00000000dd380000,0x00000000dd800000,0x00000000dd800000)
  to   space 4608K, 0% used [0x00000000dcf00000,0x00000000dcf00000,0x00000000dd380000)
 ParOldGen       total 76800K, used 30762K [0x0000000091800000, 0x0000000096300000, 0x00000000db300000)
  object space 76800K, 40% used [0x0000000091800000,0x000000009360a9c8,0x0000000096300000)
 Metaspace       used 17267K, capacity 17698K, committed 18048K, reserved 1064960K
  class space    used 1950K, capacity 2052K, committed 2176K, reserved 1048576K
Event: 7.162 GC heap after
Heap after GC invocations=11 (full 0):
 PSYoungGen      total 33280K, used 4608K [0x00000000db300000, 0x00000000df600000, 0x0000000100000000)
  eden space 28672K, 0% used [0x00000000db300000,0x00000000db300000,0x00000000dcf00000)
  from space 4608K, 100% used [0x00000000dcf00000,0x00000000dd380000,0x00000000dd380000)
  to   space 11264K, 0% used [0x00000000deb00000,0x00000000deb00000,0x00000000df600000)
 ParOldGen       total 76800K, used 35391K [0x0000000091800000, 0x0000000096300000, 0x00000000db300000)
  object space 76800K, 46% used [0x0000000091800000,0x0000000093a8feb8,0x0000000096300000)
 Metaspace       used 17267K, capacity 17698K, committed 18048K, reserved 1064960K
  class space    used 1950K, capacity 2052K, committed 2176K, reserved 1048576K
}

Deoptimization events (10 events):
Event: 7.235 Thread 0x0000020667d20000 Uncommon trap: reason=unstable_if action=reinterpret pc=0x000002066a6d2930 method=org.eclipse.aether.artifact.AbstractArtifact.equals(Ljava/lang/Object;)Z @ 114
Event: 7.246 Thread 0x0000020667d20000 Uncommon trap: reason=unstable_if action=reinterpret pc=0x000002066a67e890 method=org.eclipse.aether.artifact.DefaultArtifact.<init>(Ljava/lang/String;Ljava/lang/String;Ljava/lang/String;Ljava/lang/String;Ljava/lang/String;Ljava/util/Map;Lorg/eclipse/aeth
Event: 7.248 Thread 0x0000020667d20000 Uncommon trap: reason=unstable_if action=reinterpret pc=0x000002066a688390 method=org.eclipse.aether.graph.Dependency$Exclusions.copy(Ljava/util/Collection;)Ljava/util/Set; @ 1
Event: 7.549 Thread 0x0000020667d20000 Uncommon trap: reason=unstable_if action=reinterpret pc=0x000002066a1a3ddc method=org.codehaus.plexus.util.StringUtils.isNotEmpty(Ljava/lang/String;)Z @ 8
Event: 7.584 Thread 0x0000020667d20000 Uncommon trap: reason=unstable_if action=reinterpret pc=0x0000020669fcc2bc method=sun.net.www.protocol.jar.Handler.parseURL(Ljava/net/URL;Ljava/lang/String;II)V @ 116
Event: 7.610 Thread 0x0000020667d20000 Uncommon trap: reason=class_check action=maybe_recompile pc=0x0000020669f64c88 method=com.google.inject.internal.LinkedBindingImpl.acceptTargetVisitor(Lcom/google/inject/spi/BindingTargetVisitor;)Ljava/lang/Object; @ 2
Event: 7.610 Thread 0x0000020667d20000 Uncommon trap: reason=class_check action=maybe_recompile pc=0x0000020669f64c88 method=com.google.inject.internal.LinkedBindingImpl.acceptTargetVisitor(Lcom/google/inject/spi/BindingTargetVisitor;)Ljava/lang/Object; @ 2
Event: 7.638 Thread 0x0000020667d20000 Uncommon trap: reason=class_check action=maybe_recompile pc=0x0000020669f64c88 method=com.google.inject.internal.LinkedBindingImpl.acceptTargetVisitor(Lcom/google/inject/spi/BindingTargetVisitor;)Ljava/lang/Object; @ 2
Event: 7.638 Thread 0x0000020667d20000 Uncommon trap: reason=class_check action=maybe_recompile pc=0x0000020669f64c88 method=com.google.inject.internal.LinkedBindingImpl.acceptTargetVisitor(Lcom/google/inject/spi/BindingTargetVisitor;)Ljava/lang/Object; @ 2
Event: 7.642 Thread 0x0000020667d20000 Uncommon trap: reason=null_check action=make_not_entrant pc=0x000002066a3b0b58 method=com.google.inject.internal.InjectorImpl.enterContext()Lcom/google/inject/internal/InternalContext; @ 7

Classes redefined (0 events):
No events

Internal exceptions (10 events):
Event: 2.615 Thread 0x0000020667d20000 Exception <a 'java/lang/NoClassDefFoundError': javax/annotation/Priority> (0x00000000db452450) thrown at [C:\wsjdk\Corretto8Src\installers\windows\zip\corretto-build\buildRoot\src\hotspot\src\share\vm\classfile\systemDictionary.cpp, line 206]
Event: 2.753 Thread 0x0000020667d20000 Implicit null exception at 0x0000020669b1aad5 to 0x0000020669b1aca9
Event: 2.932 Thread 0x0000020667d20000 Implicit null exception at 0x0000020669ccbb16 to 0x0000020669ccbea5
Event: 2.932 Thread 0x0000020667d20000 Implicit null exception at 0x0000020669c44e56 to 0x0000020669c451e1
Event: 3.279 Thread 0x0000020667d20000 Implicit null exception at 0x000002066a0acab7 to 0x000002066a0add8d
Event: 3.742 Thread 0x0000020667d20000 Implicit null exception at 0x000002066a1c5cb7 to 0x000002066a1c5efd
Event: 3.980 Thread 0x0000020667d20000 Implicit null exception at 0x000002066a25d120 to 0x000002066a25e385
Event: 6.589 Thread 0x0000020667d20000 Implicit null exception at 0x000002066a6a1976 to 0x000002066a6a1bf9
Event: 7.248 Thread 0x0000020667d20000 Implicit null exception at 0x000002066a687d48 to 0x000002066a68836d
Event: 7.642 Thread 0x0000020667d20000 Implicit null exception at 0x000002066a3b0741 to 0x000002066a3b0b49

Events (10 events):
Event: 7.680 loading class org/eclipse/sisu/plexus/CompositeBeanHelper
Event: 7.680 loading class org/eclipse/sisu/plexus/CompositeBeanHelper done
Event: 7.683 loading class org/codehaus/plexus/util/introspection/ReflectionValueExtractor
Event: 7.683 loading class org/codehaus/plexus/util/introspection/ReflectionValueExtractor done
Event: 7.684 loading class org/codehaus/plexus/util/introspection/ReflectionValueExtractor$Tokenizer
Event: 7.684 loading class org/codehaus/plexus/util/introspection/ReflectionValueExtractor$Tokenizer done
Event: 7.685 loading class org/codehaus/plexus/util/introspection/ClassMap
Event: 7.685 loading class org/codehaus/plexus/util/introspection/ClassMap done
Event: 7.686 loading class org/codehaus/plexus/util/introspection/MethodMap$AmbiguousException
Event: 7.686 loading class org/codehaus/plexus/util/introspection/MethodMap$AmbiguousException done


Dynamic libraries:
0x00007ff78aa20000 - 0x00007ff78aa5a000 	C:\Users\yangz\.jdks\corretto-1.8.0_292\bin\java.exe
0x00007ffe540e0000 - 0x00007ffe542d0000 	C:\Windows\SYSTEM32\ntdll.dll
0x00007ffe52560000 - 0x00007ffe52613000 	C:\Windows\System32\KERNEL32.DLL
0x00007ffe51ab0000 - 0x00007ffe51d56000 	C:\Windows\System32\KERNELBASE.dll
0x00007ffe532e0000 - 0x00007ffe53383000 	C:\Windows\System32\ADVAPI32.dll
0x00007ffe52640000 - 0x00007ffe526de000 	C:\Windows\System32\msvcrt.dll
0x00007ffe536e0000 - 0x00007ffe53777000 	C:\Windows\System32\sechost.dll
0x00007ffe52440000 - 0x00007ffe5255f000 	C:\Windows\System32\RPCRT4.dll
0x00007ffe53950000 - 0x00007ffe53ae4000 	C:\Windows\System32\USER32.dll
0x00007ffe51fb0000 - 0x00007ffe51fd1000 	C:\Windows\System32\win32u.dll
0x00007ffe526e0000 - 0x00007ffe52706000 	C:\Windows\System32\GDI32.dll
0x00007ffe51d60000 - 0x00007ffe51ef8000 	C:\Windows\System32\gdi32full.dll
0x00007ffe51920000 - 0x00007ffe519be000 	C:\Windows\System32\msvcp_win.dll
0x00007ffe52080000 - 0x00007ffe5217a000 	C:\Windows\System32\ucrtbase.dll
0x00007ffe33640000 - 0x00007ffe338c4000 	C:\Windows\WinSxS\amd64_microsoft.windows.common-controls_6595b64144ccf1df_6.0.18362.1801_none_9e79a739e46243f0\COMCTL32.dll
0x00007ffe52fa0000 - 0x00007ffe532d6000 	C:\Windows\System32\combase.dll
0x00007ffe51a20000 - 0x00007ffe51aa4000 	C:\Windows\System32\bcryptPrimitives.dll
0x00007ffe533f0000 - 0x00007ffe5341e000 	C:\Windows\System32\IMM32.DLL
0x00007ffe1c060000 - 0x00007ffe1c14f000 	C:\Users\yangz\.jdks\corretto-1.8.0_292\jre\bin\msvcr120.dll
0x00007ffe1bfb0000 - 0x00007ffe1c056000 	C:\Users\yangz\.jdks\corretto-1.8.0_292\jre\bin\msvcp120.dll
0x000000005c980000 - 0x000000005d1ee000 	C:\Users\yangz\.jdks\corretto-1.8.0_292\jre\bin\server\jvm.dll
0x00007ffe52630000 - 0x00007ffe52638000 	C:\Windows\System32\PSAPI.DLL
0x00007ffe49de0000 - 0x00007ffe49dea000 	C:\Windows\SYSTEM32\VERSION.dll
0x00007ffe3a040000 - 0x00007ffe3a049000 	C:\Windows\SYSTEM32\WSOCK32.dll
0x00007ffe4eaa0000 - 0x00007ffe4eac4000 	C:\Windows\SYSTEM32\WINMM.dll
0x00007ffe538e0000 - 0x00007ffe5394f000 	C:\Windows\System32\WS2_32.dll
0x00007ffe4ea70000 - 0x00007ffe4ea9d000 	C:\Windows\SYSTEM32\WINMMBASE.dll
0x00007ffe52000000 - 0x00007ffe5204a000 	C:\Windows\System32\cfgmgr32.dll
0x00007ffe4c6d0000 - 0x00007ffe4c6df000 	C:\Users\yangz\.jdks\corretto-1.8.0_292\jre\bin\verify.dll
0x00007ffe380d0000 - 0x00007ffe380f9000 	C:\Users\yangz\.jdks\corretto-1.8.0_292\jre\bin\java.dll
0x00007ffe31ca0000 - 0x00007ffe31cca000 	C:\Users\yangz\.jdks\corretto-1.8.0_292\jre\bin\instrument.dll
0x00007ffe41fa0000 - 0x00007ffe41fb6000 	C:\Users\yangz\.jdks\corretto-1.8.0_292\jre\bin\zip.dll
0x00007ffe52710000 - 0x00007ffe52df7000 	C:\Windows\System32\SHELL32.dll
0x00007ffe53580000 - 0x00007ffe53629000 	C:\Windows\System32\shcore.dll
0x00007ffe51050000 - 0x00007ffe517cb000 	C:\Windows\System32\windows.storage.dll
0x00007ffe51010000 - 0x00007ffe5102e000 	C:\Windows\System32\profapi.dll
0x00007ffe50fc0000 - 0x00007ffe5100a000 	C:\Windows\System32\powrprof.dll
0x00007ffe50f90000 - 0x00007ffe50fa0000 	C:\Windows\System32\UMPDC.dll
0x00007ffe53390000 - 0x00007ffe533e2000 	C:\Windows\System32\shlwapi.dll
0x00007ffe50fa0000 - 0x00007ffe50fb1000 	C:\Windows\System32\kernel.appcore.dll
0x00007ffe51fe0000 - 0x00007ffe51ff7000 	C:\Windows\System32\cryptsp.dll
0x00007ffe41a60000 - 0x00007ffe41a7a000 	C:\Program Files\JetBrains\IntelliJ IDEA 2021.1.1\bin\breakgen64.dll
0x00007ffe31c80000 - 0x00007ffe31c9a000 	C:\Users\yangz\.jdks\corretto-1.8.0_292\jre\bin\net.dll
0x00007ffe50770000 - 0x00007ffe507d7000 	C:\Windows\system32\mswsock.dll
0x00007ffe502f0000 - 0x00007ffe50323000 	C:\Windows\system32\rsaenh.dll
0x00007ffe52050000 - 0x00007ffe52076000 	C:\Windows\System32\bcrypt.dll
0x00007ffe50e80000 - 0x00007ffe50ea5000 	C:\Windows\SYSTEM32\USERENV.dll
0x00007ffe50940000 - 0x00007ffe5094c000 	C:\Windows\SYSTEM32\CRYPTBASE.dll
0x00007ffe50480000 - 0x00007ffe504ba000 	C:\Windows\SYSTEM32\IPHLPAPI.DLL
0x00007ffe52620000 - 0x00007ffe52628000 	C:\Windows\System32\NSI.dll
0x00007ffe49e40000 - 0x00007ffe49e56000 	C:\Windows\SYSTEM32\dhcpcsvc6.DLL
0x00007ffe49e00000 - 0x00007ffe49e1c000 	C:\Windows\SYSTEM32\dhcpcsvc.DLL
0x00007ffe504c0000 - 0x00007ffe5058a000 	C:\Windows\SYSTEM32\DNSAPI.dll
0x00007ffe31c60000 - 0x00007ffe31c72000 	C:\Users\yangz\.jdks\corretto-1.8.0_292\jre\bin\nio.dll
0x00007ffe4c6c0000 - 0x00007ffe4c6ca000 	C:\Users\yangz\AppData\Local\Temp\jansi-1.17.1-702721621550858744.dll
0x00007ffe4a2c0000 - 0x00007ffe4a2ca000 	C:\Users\yangz\AppData\Local\Temp\jansi-1.17.1-5067982304275565874.dll

VM Arguments:
jvm_args: -Dmaven.multiModuleProjectDirectory=C:\Users\yangz\IdeaProjects\COVID-19\domain\User\User_Module -Dmaven.home=C:\Program Files\JetBrains\IntelliJ IDEA 2021.1.1\plugins\maven\lib\maven3 -Dclassworlds.conf=C:\Program Files\JetBrains\IntelliJ IDEA 2021.1.1\plugins\maven\lib\maven3\bin\m2.conf -Dmaven.ext.class.path=C:\Program Files\JetBrains\IntelliJ IDEA 2021.1.1\plugins\maven\lib\maven-event-listener.jar -javaagent:C:\Program Files\JetBrains\IntelliJ IDEA 2021.1.1\lib\idea_rt.jar=56621:C:\Program Files\JetBrains\IntelliJ IDEA 2021.1.1\bin -Dfile.encoding=UTF-8 
java_command: org.codehaus.classworlds.Launcher -Didea.version=2021.1.1 -DskipTests=true package
java_class_path (initial): C:\Program Files\JetBrains\IntelliJ IDEA 2021.1.1\plugins\maven\lib\maven3\boot\plexus-classworlds-2.6.0.jar;C:\Program Files\JetBrains\IntelliJ IDEA 2021.1.1\plugins\maven\lib\maven3\boot\plexus-classworlds.license;C:\Program Files\JetBrains\IntelliJ IDEA 2021.1.1\lib\idea_rt.jar
Launcher Type: SUN_STANDARD

Environment Variables:
JAVA_HOME=D:\Java\jdk1.8.0_301
CLASSPATH=.;D:\Java\jdk1.8.0_301\lib\dt.jar;D:\Java\jdk1.8.0_301\lib\tools.jar
PATH=D:\Java\jdk1.8.0_301\jre\bin;D:\Java\jdk1.8.0_301bin;D:\Vmware\bin\;C:\Program Files\Common Files\Oracle\Java\javapath;C:\Program Files (x86)\Common Files\Oracle\Java\javapath;D:\apache-tomcat-9.0.44\bin;C:\Windows\system32;C:\Windows;C:\Windows\System32\Wbem;C:\Windows\System32\WindowsPowerShell\v1.0\;C:\Windows\System32\OpenSSH\;C:\Program Files (x86)\Microsoft SQL Server\150\DTS\Binn\;C:\Program Files\Azure Data Studio\bin;C:\Program Files\Microsoft SQL Server\Client SDK\ODBC\170\Tools\Binn\;C:\Program Files (x86)\Microsoft SQL Server\150\Tools\Binn\;C:\Program Files\Microsoft SQL Server\150\Tools\Binn\;C:\Program Files\Microsoft SQL Server\150\DTS\Binn\;C:\Program Files\Intel\WiFi\bin\;C:\Program Files\Common Files\Intel\WirelessCommon\;C:\sdk;C:\sdk\platform-tools;;D:\mysql-8.0.24-winx64bin;D:\apache-maven-3.8.1\bin;C:\Program Files\Common Files\Autodesk Shared\;C:\Program Files\Microsoft SQL Server\120\Tools\Binn\;C:\Program Files\Microsoft SQL Server\130\Tools\Binn\;D:\opencv3.4.1\opencv\build\x64\vc15\bin;"D:\apache-tomcat-7.0.109\bin;";"D:\apache-tomcat-7.0.109\lib;";D:\apache-jmeter-5.4.1\bin;D:\erl-23.0\bin;D:\nodejs\;D:\XShell7\;D:\Xftp7\;C:\Users\yangz\AppData\Local\Microsoft\WindowsApps;C:\Program Files\Azure Data Studio\bin;D:\idea\IntelliJ IDEA 2021.1.1\bin;;D:\Microsoft VS Code\bin;C:\Users\yangz\AppData\Roaming\npm;C:\Program Files\Bandizip\
USERNAME=yangz
OS=Windows_NT
PROCESSOR_IDENTIFIER=AMD64 Family 23 Model 17 Stepping 0, AuthenticAMD



---------------  S Y S T E M  ---------------

OS: Windows 10.0 , 64 bit Build 18362 (10.0.18362.1766)

CPU:total 8 (initial active 8) (8 cores per cpu, 1 threads per core) family 23 model 17 stepping 0, cmov, cx8, fxsr, mmx, sse, sse2, sse3, ssse3, sse4.1, sse4.2, popcnt, avx, avx2, aes, clmul, mmxext, 3dnowpref, lzcnt, sse4a, tsc, tscinvbit, tscinv, bmi1

Memory: 4k page, physical 7239248k(947812k free), swap 10795008k(4304k free)

vm_info: OpenJDK 64-Bit Server VM (25.292-b10) for windows-amd64 JRE (1.8.0_292-b10), built on Apr 14 2021 23:06:53 by "Administrator" with MS VC++ 12.0 (VS2013)

time: Wed Dec 29 11:57:41 2021
timezone: ?D1¨²¡À¨º¡Á?¨º¡À??
elapsed time: 7.702519 seconds (0d 0h 0m 7s)

