#
# There is insufficient memory for the Java Runtime Environment to continue.
# Native memory allocation (malloc) failed to allocate 1267536 bytes for Chunk::new
# Possible reasons:
#   The system is out of physical RAM or swap space
#   The process is running with CompressedOops enabled, and the Java Heap may be blocking the growth of the native heap
# Possible solutions:
#   Reduce memory load on the system
#   Increase physical memory or swap space
#   Check if swap backing store is full
#   Decrease Java heap size (-Xmx/-Xms)
#   Decrease number of Java threads
#   Decrease Java thread stack sizes (-Xss)
#   Set larger code cache with -XX:ReservedCodeCacheSize=
#   JVM is running with Unscaled Compressed Oops mode in which the Java heap is
#     placed in the first 4GB address space. The Java Heap base address is the
#     maximum limit for the native heap growth. Please use -XX:HeapBaseMinAddress
#     to set the Java Heap base and to place the Java Heap above 4GB virtual address.
# This output file may be truncated or incomplete.
#
#  Out of Memory Error (allocation.cpp:389), pid=5748, tid=0x0000000000004300
#
# JRE version: OpenJDK Runtime Environment (8.0_292-b10) (build 1.8.0_292-b10)
# Java VM: OpenJDK 64-Bit Server VM (25.292-b10 mixed mode windows-amd64 compressed oops)
# Failed to write core dump. Minidumps are not enabled by default on client versions of Windows
#

---------------  T H R E A D  ---------------

Current thread (0x000001c6391bf000):  JavaThread "C2 CompilerThread2" daemon [_thread_in_native, id=17152, stack(0x000000874f100000,0x000000874f200000)]

Stack: [0x000000874f100000,0x000000874f200000]
[error occurred during error reporting (printing stack bounds), id 0xc0000005]

Native frames: (J=compiled Java code, j=interpreted, Vv=VM code, C=native code)


Current CompileTask:
C2:   6572 3888   !   4       java.net.URLClassLoader$1::run (63 bytes)


---------------  P R O C E S S  ---------------

Java Threads: ( => current thread )
  0x000001c6391cd800 JavaThread "Service Thread" daemon [_thread_blocked, id=4412, stack(0x000000874f300000,0x000000874f400000)]
  0x000001c6391c4800 JavaThread "C1 CompilerThread3" daemon [_thread_blocked, id=16332, stack(0x000000874f200000,0x000000874f300000)]
=>0x000001c6391bf000 JavaThread "C2 CompilerThread2" daemon [_thread_in_native, id=17152, stack(0x000000874f100000,0x000000874f200000)]
  0x000001c6391bb000 JavaThread "C2 CompilerThread1" daemon [_thread_in_native, id=16464, stack(0x000000874f000000,0x000000874f100000)]
  0x000001c6391bd800 JavaThread "C2 CompilerThread0" daemon [_thread_in_native, id=11608, stack(0x000000874ef00000,0x000000874f000000)]
  0x000001c6391a9000 JavaThread "Attach Listener" daemon [_thread_blocked, id=1548, stack(0x000000874ee00000,0x000000874ef00000)]
  0x000001c639156000 JavaThread "Signal Dispatcher" daemon [_thread_blocked, id=1032, stack(0x000000874ed00000,0x000000874ee00000)]
  0x000001c639123800 JavaThread "Finalizer" daemon [_thread_blocked, id=16244, stack(0x000000874ec00000,0x000000874ed00000)]
  0x000001c63911b800 JavaThread "Reference Handler" daemon [_thread_blocked, id=11668, stack(0x000000874eb00000,0x000000874ec00000)]
  0x000001c622aac800 JavaThread "main" [_thread_in_Java, id=13400, stack(0x000000874e100000,0x000000874e200000)]

Other Threads:
  0x000001c63852e000 VMThread [stack: 0x000000874ea00000,0x000000874eb00000] [id=12008]
  0x000001c63a539800 WatcherThread [stack: 0x000000874f400000,0x000000874f500000] [id=15804]

VM state:not at safepoint (normal execution)

VM Mutex/Monitor currently owned by a thread: None

heap address: 0x0000000091800000, size: 1768 MB, Compressed Oops mode: 32-bit
Narrow klass base: 0x0000000000000000, Narrow klass shift: 3
Compressed class space size: 1073741824 Address: 0x0000000100000000

Heap:
 PSYoungGen      total 61952K, used 35243K [0x00000000db300000, 0x00000000df400000, 0x0000000100000000)
  eden space 57344K, 53% used [0x00000000db300000,0x00000000dd0eeed0,0x00000000deb00000)
  from space 4608K, 99% used [0x00000000deb00000,0x00000000def7c010,0x00000000def80000)
  to   space 4608K, 0% used [0x00000000def80000,0x00000000def80000,0x00000000df400000)
 ParOldGen       total 76800K, used 25438K [0x0000000091800000, 0x0000000096300000, 0x00000000db300000)
  object space 76800K, 33% used [0x0000000091800000,0x00000000930d78e8,0x0000000096300000)
 Metaspace       used 18979K, capacity 19628K, committed 19840K, reserved 1067008K
  class space    used 2171K, capacity 2310K, committed 2432K, reserved 1048576K

Card table byte_map: [0x000001c633b70000,0x000001c633ef0000] byte_map_base: 0x000001c6336e4000

Marking Bits: (ParMarkBitMap*) 0x0000000071dbf7f0
 Begin Bits: [0x000001c634140000, 0x000001c635ce0000)
 End Bits:   [0x000001c635ce0000, 0x000001c637880000)

Polling page: 0x000001c624780000

CodeCache: size=245760Kb used=12728Kb max_used=14312Kb free=233031Kb
 bounds [0x000001c6247b0000, 0x000001c6255c0000, 0x000001c6337b0000]
 total_blobs=3894 nmethods=3513 adapters=294
 compilation: enabled

Compilation events (10 events):
Event: 6.471 Thread 0x000001c6391c4800 3922   !   3       org.apache.maven.repository.internal.DefaultArtifactDescriptorReader::loadPom (818 bytes)
Event: 6.481 Thread 0x000001c6391c4800 nmethod 3922 0x000001c624abc750 code [0x000001c624abd160, 0x000001c624ac4890]
Event: 6.482 Thread 0x000001c6391c4800 3923       3       org.apache.maven.repository.internal.ArtifactDescriptorReaderDelegate::<init> (5 bytes)
Event: 6.482 Thread 0x000001c6391c4800 nmethod 3923 0x000001c624ad6d90 code [0x000001c624ad6ee0, 0x000001c624ad7098]
Event: 6.530 Thread 0x000001c6391c4800 3924       1       org.apache.maven.model.Extension::getGroupId (5 bytes)
Event: 6.531 Thread 0x000001c6391c4800 nmethod 3924 0x000001c624aaf810 code [0x000001c624aaf960, 0x000001c624aafa78]
Event: 6.531 Thread 0x000001c6391c4800 3926       3       org.apache.maven.model.IssueManagement::getLocation (147 bytes)
Event: 6.531 Thread 0x000001c6391c4800 nmethod 3926 0x000001c624b45a10 code [0x000001c624b45c20, 0x000001c624b46900]
Event: 6.531 Thread 0x000001c6391c4800 3925       1       org.apache.maven.model.Extension::getArtifactId (5 bytes)
Event: 6.532 Thread 0x000001c6391c4800 nmethod 3925 0x000001c624bf0150 code [0x000001c624bf02a0, 0x000001c624bf03b8]

GC Heap History (10 events):
Event: 2.470 GC heap before
{Heap before GC invocations=3 (full 0):
 PSYoungGen      total 33280K, used 33266K [0x00000000db300000, 0x00000000dd800000, 0x0000000100000000)
  eden space 28672K, 100% used [0x00000000db300000,0x00000000dcf00000,0x00000000dcf00000)
  from space 4608K, 99% used [0x00000000dd380000,0x00000000dd7fca40,0x00000000dd800000)
  to   space 4608K, 0% used [0x00000000dcf00000,0x00000000dcf00000,0x00000000dd380000)
 ParOldGen       total 76800K, used 2145K [0x0000000091800000, 0x0000000096300000, 0x00000000db300000)
  object space 76800K, 2% used [0x0000000091800000,0x0000000091a18420,0x0000000096300000)
 Metaspace       used 14121K, capacity 14344K, committed 14464K, reserved 1062912K
  class space    used 1743K, capacity 1844K, committed 1920K, reserved 1048576K
Event: 2.481 GC heap after
Heap after GC invocations=3 (full 0):
 PSYoungGen      total 33280K, used 4602K [0x00000000db300000, 0x00000000df400000, 0x0000000100000000)
  eden space 28672K, 0% used [0x00000000db300000,0x00000000db300000,0x00000000dcf00000)
  from space 4608K, 99% used [0x00000000dcf00000,0x00000000dd37e8b0,0x00000000dd380000)
  to   space 4608K, 0% used [0x00000000def80000,0x00000000def80000,0x00000000df400000)
 ParOldGen       total 76800K, used 4457K [0x0000000091800000, 0x0000000096300000, 0x00000000db300000)
  object space 76800K, 5% used [0x0000000091800000,0x0000000091c5a540,0x0000000096300000)
 Metaspace       used 14121K, capacity 14344K, committed 14464K, reserved 1062912K
  class space    used 1743K, capacity 1844K, committed 1920K, reserved 1048576K
}
Event: 3.234 GC heap before
{Heap before GC invocations=4 (full 0):
 PSYoungGen      total 33280K, used 33274K [0x00000000db300000, 0x00000000df400000, 0x0000000100000000)
  eden space 28672K, 100% used [0x00000000db300000,0x00000000dcf00000,0x00000000dcf00000)
  from space 4608K, 99% used [0x00000000dcf00000,0x00000000dd37e8b0,0x00000000dd380000)
  to   space 4608K, 0% used [0x00000000def80000,0x00000000def80000,0x00000000df400000)
 ParOldGen       total 76800K, used 4457K [0x0000000091800000, 0x0000000096300000, 0x00000000db300000)
  object space 76800K, 5% used [0x0000000091800000,0x0000000091c5a540,0x0000000096300000)
 Metaspace       used 15840K, capacity 16098K, committed 16384K, reserved 1062912K
  class space    used 1885K, capacity 1978K, committed 2048K, reserved 1048576K
Event: 3.241 GC heap after
Heap after GC invocations=4 (full 0):
 PSYoungGen      total 61952K, used 4600K [0x00000000db300000, 0x00000000df400000, 0x0000000100000000)
  eden space 57344K, 0% used [0x00000000db300000,0x00000000db300000,0x00000000deb00000)
  from space 4608K, 99% used [0x00000000def80000,0x00000000df3fe050,0x00000000df400000)
  to   space 4608K, 0% used [0x00000000deb00000,0x00000000deb00000,0x00000000def80000)
 ParOldGen       total 76800K, used 8001K [0x0000000091800000, 0x0000000096300000, 0x00000000db300000)
  object space 76800K, 10% used [0x0000000091800000,0x0000000091fd0780,0x0000000096300000)
 Metaspace       used 15840K, capacity 16098K, committed 16384K, reserved 1062912K
  class space    used 1885K, capacity 1978K, committed 2048K, reserved 1048576K
}
Event: 3.953 GC heap before
{Heap before GC invocations=5 (full 0):
 PSYoungGen      total 61952K, used 61944K [0x00000000db300000, 0x00000000df400000, 0x0000000100000000)
  eden space 57344K, 100% used [0x00000000db300000,0x00000000deb00000,0x00000000deb00000)
  from space 4608K, 99% used [0x00000000def80000,0x00000000df3fe050,0x00000000df400000)
  to   space 4608K, 0% used [0x00000000deb00000,0x00000000deb00000,0x00000000def80000)
 ParOldGen       total 76800K, used 8001K [0x0000000091800000, 0x0000000096300000, 0x00000000db300000)
  object space 76800K, 10% used [0x0000000091800000,0x0000000091fd0780,0x0000000096300000)
 Metaspace       used 16321K, capacity 16664K, committed 16896K, reserved 1064960K
  class space    used 1900K, capacity 2013K, committed 2048K, reserved 1048576K
Event: 3.965 GC heap after
Heap after GC invocations=5 (full 0):
 PSYoungGen      total 61952K, used 4600K [0x00000000db300000, 0x00000000df400000, 0x0000000100000000)
  eden space 57344K, 0% used [0x00000000db300000,0x00000000db300000,0x00000000deb00000)
  from space 4608K, 99% used [0x00000000deb00000,0x00000000def7e030,0x00000000def80000)
  to   space 4608K, 0% used [0x00000000def80000,0x00000000def80000,0x00000000df400000)
 ParOldGen       total 76800K, used 16230K [0x0000000091800000, 0x0000000096300000, 0x00000000db300000)
  object space 76800K, 21% used [0x0000000091800000,0x00000000927d98d0,0x0000000096300000)
 Metaspace       used 16321K, capacity 16664K, committed 16896K, reserved 1064960K
  class space    used 1900K, capacity 2013K, committed 2048K, reserved 1048576K
}
Event: 4.863 GC heap before
{Heap before GC invocations=6 (full 0):
 PSYoungGen      total 61952K, used 61944K [0x00000000db300000, 0x00000000df400000, 0x0000000100000000)
  eden space 57344K, 100% used [0x00000000db300000,0x00000000deb00000,0x00000000deb00000)
  from space 4608K, 99% used [0x00000000deb00000,0x00000000def7e030,0x00000000def80000)
  to   space 4608K, 0% used [0x00000000def80000,0x00000000def80000,0x00000000df400000)
 ParOldGen       total 76800K, used 16230K [0x0000000091800000, 0x0000000096300000, 0x00000000db300000)
  object space 76800K, 21% used [0x0000000091800000,0x00000000927d98d0,0x0000000096300000)
 Metaspace       used 16786K, capacity 17148K, committed 17408K, reserved 1064960K
  class space    used 1918K, capacity 2019K, committed 2048K, reserved 1048576K
Event: 4.873 GC heap after
Heap after GC invocations=6 (full 0):
 PSYoungGen      total 61952K, used 4600K [0x00000000db300000, 0x00000000df400000, 0x0000000100000000)
  eden space 57344K, 0% used [0x00000000db300000,0x00000000db300000,0x00000000deb00000)
  from space 4608K, 99% used [0x00000000def80000,0x00000000df3fe050,0x00000000df400000)
  to   space 4608K, 0% used [0x00000000deb00000,0x00000000deb00000,0x00000000def80000)
 ParOldGen       total 76800K, used 22154K [0x0000000091800000, 0x0000000096300000, 0x00000000db300000)
  object space 76800K, 28% used [0x0000000091800000,0x0000000092da2b90,0x0000000096300000)
 Metaspace       used 16786K, capacity 17148K, committed 17408K, reserved 1064960K
  class space    used 1918K, capacity 2019K, committed 2048K, reserved 1048576K
}
Event: 5.979 GC heap before
{Heap before GC invocations=7 (full 0):
 PSYoungGen      total 61952K, used 61944K [0x00000000db300000, 0x00000000df400000, 0x0000000100000000)
  eden space 57344K, 100% used [0x00000000db300000,0x00000000deb00000,0x00000000deb00000)
  from space 4608K, 99% used [0x00000000def80000,0x00000000df3fe050,0x00000000df400000)
  to   space 4608K, 0% used [0x00000000deb00000,0x00000000deb00000,0x00000000def80000)
 ParOldGen       total 76800K, used 22154K [0x0000000091800000, 0x0000000096300000, 0x00000000db300000)
  object space 76800K, 28% used [0x0000000091800000,0x0000000092da2b90,0x0000000096300000)
 Metaspace       used 17963K, capacity 18500K, committed 18816K, reserved 1067008K
  class space    used 2027K, capacity 2131K, committed 2176K, reserved 1048576K
Event: 5.991 GC heap after
Heap after GC invocations=7 (full 0):
 PSYoungGen      total 61952K, used 4592K [0x00000000db300000, 0x00000000df400000, 0x0000000100000000)
  eden space 57344K, 0% used [0x00000000db300000,0x00000000db300000,0x00000000deb00000)
  from space 4608K, 99% used [0x00000000deb00000,0x00000000def7c010,0x00000000def80000)
  to   space 4608K, 0% used [0x00000000def80000,0x00000000def80000,0x00000000df400000)
 ParOldGen       total 76800K, used 25438K [0x0000000091800000, 0x0000000096300000, 0x00000000db300000)
  object space 76800K, 33% used [0x0000000091800000,0x00000000930d78e8,0x0000000096300000)
 Metaspace       used 17963K, capacity 18500K, committed 18816K, reserved 1067008K
  class space    used 2027K, capacity 2131K, committed 2176K, reserved 1048576K
}

Deoptimization events (10 events):
Event: 5.842 Thread 0x000001c622aac800 Uncommon trap: reason=array_check action=maybe_recompile pc=0x000001c6248e4aa0 method=java.util.TimSort.binarySort([Ljava/lang/Object;IIILjava/util/Comparator;)V @ 215
Event: 5.842 Thread 0x000001c622aac800 Uncommon trap: reason=array_check action=maybe_recompile pc=0x000001c6248e4b64 method=java.util.TimSort.binarySort([Ljava/lang/Object;IIILjava/util/Comparator;)V @ 193
Event: 5.852 Thread 0x000001c622aac800 Uncommon trap: reason=array_check action=maybe_recompile pc=0x000001c625523de0 method=java.util.TimSort.binarySort([Ljava/lang/Object;IIILjava/util/Comparator;)V @ 183
Event: 5.852 Thread 0x000001c622aac800 Uncommon trap: reason=array_check action=maybe_recompile pc=0x000001c625523de0 method=java.util.TimSort.binarySort([Ljava/lang/Object;IIILjava/util/Comparator;)V @ 183
Event: 5.862 Thread 0x000001c622aac800 Uncommon trap: reason=class_check action=maybe_recompile pc=0x000001c62526920c method=org.eclipse.sisu.wire.EntryListAdapter$ValueIterator.next()Ljava/lang/Object; @ 4
Event: 5.917 Thread 0x000001c622aac800 Uncommon trap: reason=unstable_if action=reinterpret pc=0x000001c624e5dd04 method=java.nio.charset.CharsetEncoder.encode(Ljava/nio/CharBuffer;Ljava/nio/ByteBuffer;Z)Ljava/nio/charset/CoderResult; @ 1
Event: 5.919 Thread 0x000001c622aac800 Uncommon trap: reason=class_check action=maybe_recompile pc=0x000001c62526920c method=org.eclipse.sisu.wire.EntryListAdapter$ValueIterator.next()Ljava/lang/Object; @ 4
Event: 5.922 Thread 0x000001c622aac800 Uncommon trap: reason=unstable_if action=reinterpret pc=0x000001c624b83a70 method=java.util.concurrent.ConcurrentHashMap.putVal(Ljava/lang/Object;Ljava/lang/Object;Z)Ljava/lang/Object; @ 206
Event: 6.028 Thread 0x000001c622aac800 Uncommon trap: reason=speculate_class_check action=maybe_recompile pc=0x000001c62526c64c method=java.nio.charset.CharsetDecoder.reset()Ljava/nio/charset/CharsetDecoder; @ 1
Event: 6.057 Thread 0x000001c622aac800 Uncommon trap: reason=unstable_if action=reinterpret pc=0x000001c6253a850c method=org.eclipse.aether.util.graph.transformer.ConflictResolver$State.deriveScope(Lorg/eclipse/aether/graph/DependencyNode;Ljava/lang/Object;)Ljava/lang/String; @ 8

Classes redefined (0 events):
No events

Internal exceptions (10 events):
Event: 2.488 Thread 0x000001c622aac800 Exception <a 'java/lang/NullPointerException'> (0x00000000db32f138) thrown at [C:\wsjdk\Corretto8Src\installers\windows\zip\corretto-build\buildRoot\src\hotspot\src\share\vm\interpreter\linkResolver.cpp, line 1185]
Event: 2.488 Thread 0x000001c622aac800 Exception <a 'java/lang/NullPointerException'> (0x00000000db32f350) thrown at [C:\wsjdk\Corretto8Src\installers\windows\zip\corretto-build\buildRoot\src\hotspot\src\share\vm\interpreter\linkResolver.cpp, line 1185]
Event: 2.488 Thread 0x000001c622aac800 Exception <a 'java/lang/NullPointerException'> (0x00000000db32f568) thrown at [C:\wsjdk\Corretto8Src\installers\windows\zip\corretto-build\buildRoot\src\hotspot\src\share\vm\interpreter\linkResolver.cpp, line 1185]
Event: 2.551 Thread 0x000001c622aac800 Implicit null exception at 0x000001c6249d6356 to 0x000001c6249d66d5
Event: 2.551 Thread 0x000001c622aac800 Implicit null exception at 0x000001c6249a88d6 to 0x000001c6249a8c55
Event: 3.041 Thread 0x000001c622aac800 Implicit null exception at 0x000001c624eaba79 to 0x000001c624eacd69
Event: 3.245 Thread 0x000001c622aac800 Implicit null exception at 0x000001c624f7c6f7 to 0x000001c624f7c93d
Event: 3.530 Thread 0x000001c622aac800 Implicit null exception at 0x000001c625061b42 to 0x000001c625063d01
Event: 4.709 Thread 0x000001c622aac800 Implicit null exception at 0x000001c624a78755 to 0x000001c624a78931
Event: 4.711 Thread 0x000001c622aac800 Implicit null exception at 0x000001c624b56a2f to 0x000001c624b56a99

Events (10 events):
Event: 6.451 loading class org/codehaus/plexus/util/AbstractScanner
Event: 6.451 loading class org/codehaus/plexus/util/AbstractScanner done
Event: 6.452 loading class org/codehaus/plexus/util/Scanner
Event: 6.452 loading class org/codehaus/plexus/util/Scanner done
Event: 6.452 loading class org/codehaus/plexus/util/Scanner
Event: 6.452 loading class org/codehaus/plexus/util/Scanner done
Event: 6.454 loading class org/codehaus/plexus/util/SelectorUtils
Event: 6.454 loading class org/codehaus/plexus/util/SelectorUtils done
Event: 6.454 loading class org/codehaus/plexus/util/SelectorUtils
Event: 6.454 loading class org/codehaus/plexus/util/SelectorUtils done


Dynamic libraries:
0x00007ff6daf20000 - 0x00007ff6daf5a000 	C:\Users\yangz\.jdks\corretto-1.8.0_292\bin\java.exe
0x00007ffff5440000 - 0x00007ffff5630000 	C:\Windows\SYSTEM32\ntdll.dll
0x00007ffff4b50000 - 0x00007ffff4c03000 	C:\Windows\System32\KERNEL32.DLL
0x00007ffff31d0000 - 0x00007ffff3476000 	C:\Windows\System32\KERNELBASE.dll
0x00007ffff40b0000 - 0x00007ffff4153000 	C:\Windows\System32\ADVAPI32.dll
0x00007ffff4e20000 - 0x00007ffff4ebe000 	C:\Windows\System32\msvcrt.dll
0x00007ffff3610000 - 0x00007ffff36a7000 	C:\Windows\System32\sechost.dll
0x00007ffff36b0000 - 0x00007ffff37cf000 	C:\Windows\System32\RPCRT4.dll
0x00007ffff5260000 - 0x00007ffff53f4000 	C:\Windows\System32\USER32.dll
0x00007ffff25b0000 - 0x00007ffff25d1000 	C:\Windows\System32\win32u.dll
0x00007ffff4d70000 - 0x00007ffff4d96000 	C:\Windows\System32\GDI32.dll
0x00007ffff2ee0000 - 0x00007ffff3078000 	C:\Windows\System32\gdi32full.dll
0x00007ffff2e40000 - 0x00007ffff2ede000 	C:\Windows\System32\msvcp_win.dll
0x00007ffff2460000 - 0x00007ffff255a000 	C:\Windows\System32\ucrtbase.dll
0x00007fffd5390000 - 0x00007fffd5614000 	C:\Windows\WinSxS\amd64_microsoft.windows.common-controls_6595b64144ccf1df_6.0.18362.1801_none_9e79a739e46243f0\COMCTL32.dll
0x00007ffff4f20000 - 0x00007ffff5256000 	C:\Windows\System32\combase.dll
0x00007ffff23b0000 - 0x00007ffff2434000 	C:\Windows\System32\bcryptPrimitives.dll
0x00007ffff4ec0000 - 0x00007ffff4eee000 	C:\Windows\System32\IMM32.DLL
0x00007fffeb740000 - 0x00007fffeb82f000 	C:\Users\yangz\.jdks\corretto-1.8.0_292\jre\bin\msvcr120.dll
0x00007fffeb690000 - 0x00007fffeb736000 	C:\Users\yangz\.jdks\corretto-1.8.0_292\jre\bin\msvcp120.dll
0x00000000715d0000 - 0x0000000071e3e000 	C:\Users\yangz\.jdks\corretto-1.8.0_292\jre\bin\server\jvm.dll
0x00007ffff4ef0000 - 0x00007ffff4ef8000 	C:\Windows\System32\PSAPI.DLL
0x00007fffe11c0000 - 0x00007fffe11c9000 	C:\Windows\SYSTEM32\WSOCK32.dll
0x00007fffebac0000 - 0x00007fffebaca000 	C:\Windows\SYSTEM32\VERSION.dll
0x00007fffefe20000 - 0x00007fffefe44000 	C:\Windows\SYSTEM32\WINMM.dll
0x00007ffff4160000 - 0x00007ffff41cf000 	C:\Windows\System32\WS2_32.dll
0x00007fffefdf0000 - 0x00007fffefe1d000 	C:\Windows\SYSTEM32\winmmbase.dll
0x00007ffff2560000 - 0x00007ffff25aa000 	C:\Windows\System32\cfgmgr32.dll
0x00007fffee8a0000 - 0x00007fffee8af000 	C:\Users\yangz\.jdks\corretto-1.8.0_292\jre\bin\verify.dll
0x00007fffeb8c0000 - 0x00007fffeb8e9000 	C:\Users\yangz\.jdks\corretto-1.8.0_292\jre\bin\java.dll
0x00007fffeb640000 - 0x00007fffeb656000 	C:\Users\yangz\.jdks\corretto-1.8.0_292\jre\bin\zip.dll
0x00007ffff4250000 - 0x00007ffff4937000 	C:\Windows\System32\SHELL32.dll
0x00007ffff3d90000 - 0x00007ffff3e39000 	C:\Windows\System32\shcore.dll
0x00007ffff2690000 - 0x00007ffff2e0b000 	C:\Windows\System32\windows.storage.dll
0x00007ffff2320000 - 0x00007ffff233e000 	C:\Windows\System32\profapi.dll
0x00007ffff2360000 - 0x00007ffff23aa000 	C:\Windows\System32\powrprof.dll
0x00007ffff22f0000 - 0x00007ffff2300000 	C:\Windows\System32\UMPDC.dll
0x00007ffff3ea0000 - 0x00007ffff3ef2000 	C:\Windows\System32\shlwapi.dll
0x00007ffff2300000 - 0x00007ffff2311000 	C:\Windows\System32\kernel.appcore.dll
0x00007ffff2440000 - 0x00007ffff2457000 	C:\Windows\System32\cryptsp.dll
0x00007ffff1650000 - 0x00007ffff1683000 	C:\Windows\system32\rsaenh.dll
0x00007ffff2e10000 - 0x00007ffff2e36000 	C:\Windows\System32\bcrypt.dll
0x00007ffff21e0000 - 0x00007ffff2205000 	C:\Windows\SYSTEM32\USERENV.dll
0x00007ffff1ca0000 - 0x00007ffff1cac000 	C:\Windows\SYSTEM32\CRYPTBASE.dll
0x00007fffeb600000 - 0x00007fffeb61a000 	C:\Users\yangz\.jdks\corretto-1.8.0_292\jre\bin\net.dll
0x00007ffff1ad0000 - 0x00007ffff1b37000 	C:\Windows\system32\mswsock.dll
0x00007ffff17e0000 - 0x00007ffff181a000 	C:\Windows\SYSTEM32\IPHLPAPI.DLL
0x00007ffff4a90000 - 0x00007ffff4a98000 	C:\Windows\System32\NSI.dll
0x00007fffebad0000 - 0x00007fffebae6000 	C:\Windows\SYSTEM32\dhcpcsvc6.DLL
0x00007fffeb160000 - 0x00007fffeb17c000 	C:\Windows\SYSTEM32\dhcpcsvc.DLL
0x00007ffff1820000 - 0x00007ffff18ea000 	C:\Windows\SYSTEM32\DNSAPI.dll
0x00007fffd3230000 - 0x00007fffd3242000 	C:\Users\yangz\.jdks\corretto-1.8.0_292\jre\bin\nio.dll
0x00007fffeb5f0000 - 0x00007fffeb5fa000 	C:\Users\yangz\AppData\Local\Temp\jansi-1.17.1-1592743242047668120.dll
0x00007fffd31f0000 - 0x00007fffd31fa000 	C:\Users\yangz\AppData\Local\Temp\jansi-1.17.1-7605532904046448262.dll

VM Arguments:
jvm_args: -Dmaven.multiModuleProjectDirectory=C:\Users\yangz\IdeaProjects\COVID-19\platform\Eureka_server -Dmaven.home=C:\Program Files\JetBrains\IntelliJ IDEA 2021.1.1\plugins\maven\lib\maven3 -Dclassworlds.conf=C:\Program Files\JetBrains\IntelliJ IDEA 2021.1.1\plugins\maven\lib\maven3\bin\m2.conf -Dmaven.ext.class.path=C:\Program Files\JetBrains\IntelliJ IDEA 2021.1.1\plugins\maven\lib\maven-event-listener.jar -Dfile.encoding=UTF-8 
java_command: org.codehaus.classworlds.Launcher -Didea.version=2021.1.1 -DskipTests=true install
java_class_path (initial): C:\Program Files\JetBrains\IntelliJ IDEA 2021.1.1\plugins\maven\lib\maven3\boot\plexus-classworlds-2.6.0.jar;C:\Program Files\JetBrains\IntelliJ IDEA 2021.1.1\plugins\maven\lib\maven3\boot\plexus-classworlds.license
Launcher Type: SUN_STANDARD

Environment Variables:
JAVA_HOME=D:\Java\jdk1.8.0_301
CLASSPATH=.;D:\Java\jdk1.8.0_301\lib\dt.jar;D:\Java\jdk1.8.0_301\lib\tools.jar
PATH=C:\Program Files (x86)\Common Files\Intel\Shared Libraries\redist\intel64\compiler;D:\Java\jdk1.8.0_301\jre\bin;D:\Java\jdk1.8.0_301bin;D:\Vmware\bin\;C:\Program Files\Common Files\Oracle\Java\javapath;C:\Program Files (x86)\Common Files\Oracle\Java\javapath;D:\apache-tomcat-9.0.44\bin;C:\Windows\system32;C:\Windows;C:\Windows\System32\Wbem;C:\Windows\System32\WindowsPowerShell\v1.0\;C:\Windows\System32\OpenSSH\;C:\Program Files (x86)\Microsoft SQL Server\150\DTS\Binn\;C:\Program Files\Azure Data Studio\bin;C:\Program Files\Microsoft SQL Server\Client SDK\ODBC\170\Tools\Binn\;C:\Program Files (x86)\Microsoft SQL Server\150\Tools\Binn\;C:\Program Files\Microsoft SQL Server\150\Tools\Binn\;C:\Program Files\Microsoft SQL Server\150\DTS\Binn\;C:\Program Files\Intel\WiFi\bin\;C:\Program Files\Common Files\Intel\WirelessCommon\;C:\sdk;C:\sdk\platform-tools;;D:\mysql-8.0.24-winx64bin;D:\apache-maven-3.8.1\bin;C:\Program Files\Common Files\Autodesk Shared\;C:\Program Files\Microsoft SQL Server\120\Tools\Binn\;C:\Program Files\Microsoft SQL Server\130\Tools\Binn\;D:\opencv3.4.1\opencv\build\x64\vc15\bin;"D:\apache-tomcat-7.0.109\bin;";"D:\apache-tomcat-7.0.109\lib;";D:\apache-jmeter-5.4.1\bin;D:\erl-23.0\bin;D:\nodejs\;D:\XShell7\;D:\Xftp7\;C:\Users\yangz\AppData\Local\Microsoft\WindowsApps;C:\Program Files\Azure Data Studio\bin;D:\idea\IntelliJ IDEA 2021.1.1\bin;;D:\Microsoft VS Code\bin;C:\Users\yangz\AppData\Roaming\npm;C:\Program Files\Bandizip\
USERNAME=yangz
OS=Windows_NT
PROCESSOR_IDENTIFIER=AMD64 Family 23 Model 17 Stepping 0, AuthenticAMD



---------------  S Y S T E M  ---------------

OS: Windows 10.0 , 64 bit Build 18362 (10.0.18362.1766)

CPU:total 8 (initial active 8) (8 cores per cpu, 1 threads per core) family 23 model 17 stepping 0, cmov, cx8, fxsr, mmx, sse, sse2, sse3, ssse3, sse4.1, sse4.2, popcnt, avx, avx2, aes, clmul, mmxext, 3dnowpref, lzcnt, sse4a, tsc, tscinvbit, tscinv, bmi1

Memory: 4k page, physical 7239248k(773456k free), swap 11255320k(5900k free)

vm_info: OpenJDK 64-Bit Server VM (25.292-b10) for windows-amd64 JRE (1.8.0_292-b10), built on Apr 14 2021 23:06:53 by "Administrator" with MS VC++ 12.0 (VS2013)

time: Sat Jan 08 09:53:05 2022
timezone: ?D1¨²¡À¨º¡Á?¨º¡À??
elapsed time: 6.588560 seconds (0d 0h 0m 6s)

