#
# There is insufficient memory for the Java Runtime Environment to continue.
# Native memory allocation (malloc) failed to allocate 392464 bytes for Chunk::new
# Possible reasons:
#   The system is out of physical RAM or swap space
#   The process is running with CompressedOops enabled, and the Java Heap may be blocking the growth of the native heap
# Possible solutions:
#   Reduce memory load on the system
#   Increase physical memory or swap space
#   Check if swap backing store is full
#   Decrease Java heap size (-Xmx/-Xms)
#   Decrease number of Java threads
#   Decrease Java thread stack sizes (-Xss)
#   Set larger code cache with -XX:ReservedCodeCacheSize=
#   JVM is running with Unscaled Compressed Oops mode in which the Java heap is
#     placed in the first 4GB address space. The Java Heap base address is the
#     maximum limit for the native heap growth. Please use -XX:HeapBaseMinAddress
#     to set the Java Heap base and to place the Java Heap above 4GB virtual address.
# This output file may be truncated or incomplete.
#
#  Out of Memory Error (allocation.cpp:389), pid=15044, tid=0x0000000000004b44
#
# JRE version: OpenJDK Runtime Environment (8.0_292-b10) (build 1.8.0_292-b10)
# Java VM: OpenJDK 64-Bit Server VM (25.292-b10 mixed mode windows-amd64 compressed oops)
# Failed to write core dump. Minidumps are not enabled by default on client versions of Windows
#

---------------  T H R E A D  ---------------

Current thread (0x000001b55496b800):  JavaThread "C2 CompilerThread2" daemon [_thread_in_native, id=19268, stack(0x0000009e8cc00000,0x0000009e8cd00000)]

Stack: [0x0000009e8cc00000,0x0000009e8cd00000]
[error occurred during error reporting (printing stack bounds), id 0xc0000005]

Native frames: (J=compiled Java code, j=interpreted, Vv=VM code, C=native code)


Current CompileTask:
C2:   8602 5039   !   4       com.google.inject.spi.InjectionPoint::getInjectionPoints (489 bytes)


---------------  P R O C E S S  ---------------

Java Threads: ( => current thread )
  0x000001b556709800 JavaThread "Service Thread" daemon [_thread_blocked, id=8804, stack(0x0000009e8ce00000,0x0000009e8cf00000)]
  0x000001b554975000 JavaThread "C1 CompilerThread3" daemon [_thread_blocked, id=4108, stack(0x0000009e8cd00000,0x0000009e8ce00000)]
=>0x000001b55496b800 JavaThread "C2 CompilerThread2" daemon [_thread_in_native, id=19268, stack(0x0000009e8cc00000,0x0000009e8cd00000)]
  0x000001b55496a000 JavaThread "C2 CompilerThread1" daemon [_thread_in_native, id=12528, stack(0x0000009e8cb00000,0x0000009e8cc00000)]
  0x000001b554966800 JavaThread "C2 CompilerThread0" daemon [_thread_in_native, id=13920, stack(0x0000009e8ca00000,0x0000009e8cb00000)]
  0x000001b554960800 JavaThread "Attach Listener" daemon [_thread_blocked, id=15024, stack(0x0000009e8c900000,0x0000009e8ca00000)]
  0x000001b554903800 JavaThread "Signal Dispatcher" daemon [_thread_blocked, id=10200, stack(0x0000009e8c800000,0x0000009e8c900000)]
  0x000001b5548d9800 JavaThread "Finalizer" daemon [_thread_blocked, id=14020, stack(0x0000009e8c700000,0x0000009e8c800000)]
  0x000001b5548d1800 JavaThread "Reference Handler" daemon [_thread_blocked, id=18796, stack(0x0000009e8c600000,0x0000009e8c700000)]
  0x000001b53ed8e800 JavaThread "main" [_thread_in_Java, id=19420, stack(0x0000009e8bc00000,0x0000009e8bd00000)]

Other Threads:
  0x000001b5548a4800 VMThread [stack: 0x0000009e8c500000,0x0000009e8c600000] [id=8016]
  0x000001b55670c000 WatcherThread [stack: 0x0000009e8cf00000,0x0000009e8d000000] [id=10264]

VM state:not at safepoint (normal execution)

VM Mutex/Monitor currently owned by a thread: None

heap address: 0x0000000091800000, size: 1768 MB, Compressed Oops mode: 32-bit
Narrow klass base: 0x0000000000000000, Narrow klass shift: 3
Compressed class space size: 1073741824 Address: 0x0000000100000000

Heap:
 PSYoungGen      total 126976K, used 83875K [0x00000000db300000, 0x00000000e3e00000, 0x0000000100000000)
  eden space 113152K, 61% used [0x00000000db300000,0x00000000df770d08,0x00000000e2180000)
  from space 13824K, 99% used [0x00000000e2180000,0x00000000e2ef8018,0x00000000e2f00000)
  to   space 12288K, 0% used [0x00000000e2f00000,0x00000000e2f00000,0x00000000e3b00000)
 ParOldGen       total 82944K, used 40078K [0x0000000091800000, 0x0000000096900000, 0x00000000db300000)
  object space 82944K, 48% used [0x0000000091800000,0x0000000093f23a30,0x0000000096900000)
 Metaspace       used 26013K, capacity 26774K, committed 26880K, reserved 1073152K
  class space    used 3019K, capacity 3240K, committed 3328K, reserved 1048576K

Card table byte_map: [0x000001b54fdc0000,0x000001b550140000] byte_map_base: 0x000001b54f934000

Marking Bits: (ParMarkBitMap*) 0x000000005a49f7f0
 Begin Bits: [0x000001b550390000, 0x000001b551f30000)
 End Bits:   [0x000001b551f30000, 0x000001b553ad0000)

Polling page: 0x000001b5409d0000

CodeCache: size=245760Kb used=16580Kb max_used=16580Kb free=229179Kb
 bounds [0x000001b540a00000, 0x000001b541a50000, 0x000001b54fa00000]
 total_blobs=4940 nmethods=4522 adapters=331
 compilation: enabled

Compilation events (10 events):
Event: 8.503 Thread 0x000001b554975000 5139       3       com.google.common.collect.AbstractListMultimap::get (9 bytes)
Event: 8.503 Thread 0x000001b554975000 nmethod 5139 0x000001b541a42810 code [0x000001b541a429c0, 0x000001b541a431d0]
Event: 8.503 Thread 0x000001b554975000 5140       3       com.google.common.collect.AbstractListMultimap::wrapCollection (11 bytes)
Event: 8.504 Thread 0x000001b554975000 nmethod 5140 0x000001b541a43450 code [0x000001b541a43600, 0x000001b541a43da0]
Event: 8.504 Thread 0x000001b554975000 5141       3       com.google.common.collect.AbstractMapBasedMultimap::wrapList (33 bytes)
Event: 8.504 Thread 0x000001b554975000 nmethod 5141 0x000001b541a44090 code [0x000001b541a44240, 0x000001b541a44800]
Event: 8.504 Thread 0x000001b554975000 5142       3       com.google.common.collect.AbstractMapBasedMultimap$RandomAccessWrappedList::<init> (15 bytes)
Event: 8.504 Thread 0x000001b554975000 nmethod 5142 0x000001b541a44a50 code [0x000001b541a44bc0, 0x000001b541a44dd0]
Event: 8.590 Thread 0x000001b554975000 5143       1       org.fusesource.jansi.Ansi$Attribute::value (5 bytes)
Event: 8.590 Thread 0x000001b554975000 nmethod 5143 0x000001b541a44ed0 code [0x000001b541a45020, 0x000001b541a45138]

GC Heap History (10 events):
Event: 3.765 GC heap before
{Heap before GC invocations=6 (full 0):
 PSYoungGen      total 61952K, used 61928K [0x00000000db300000, 0x00000000e3b00000, 0x0000000100000000)
  eden space 57344K, 100% used [0x00000000db300000,0x00000000deb00000,0x00000000deb00000)
  from space 4608K, 99% used [0x00000000deb00000,0x00000000def7a040,0x00000000def80000)
  to   space 12288K, 0% used [0x00000000e2f00000,0x00000000e2f00000,0x00000000e3b00000)
 ParOldGen       total 76800K, used 16570K [0x0000000091800000, 0x0000000096300000, 0x00000000db300000)
  object space 76800K, 21% used [0x0000000091800000,0x000000009282eba8,0x0000000096300000)
 Metaspace       used 16550K, capacity 16854K, committed 17152K, reserved 1064960K
  class space    used 1893K, capacity 1986K, committed 2048K, reserved 1048576K
Event: 3.777 GC heap after
Heap after GC invocations=6 (full 0):
 PSYoungGen      total 125440K, used 11784K [0x00000000db300000, 0x00000000e3e00000, 0x0000000100000000)
  eden space 113152K, 0% used [0x00000000db300000,0x00000000db300000,0x00000000e2180000)
  from space 12288K, 95% used [0x00000000e2f00000,0x00000000e3a82270,0x00000000e3b00000)
  to   space 13824K, 0% used [0x00000000e2180000,0x00000000e2180000,0x00000000e2f00000)
 ParOldGen       total 76800K, used 16578K [0x0000000091800000, 0x0000000096300000, 0x00000000db300000)
  object space 76800K, 21% used [0x0000000091800000,0x0000000092830ba8,0x0000000096300000)
 Metaspace       used 16550K, capacity 16854K, committed 17152K, reserved 1064960K
  class space    used 1893K, capacity 1986K, committed 2048K, reserved 1048576K
}
Event: 5.141 GC heap before
{Heap before GC invocations=7 (full 0):
 PSYoungGen      total 125440K, used 124936K [0x00000000db300000, 0x00000000e3e00000, 0x0000000100000000)
  eden space 113152K, 100% used [0x00000000db300000,0x00000000e2180000,0x00000000e2180000)
  from space 12288K, 95% used [0x00000000e2f00000,0x00000000e3a82270,0x00000000e3b00000)
  to   space 13824K, 0% used [0x00000000e2180000,0x00000000e2180000,0x00000000e2f00000)
 ParOldGen       total 76800K, used 16578K [0x0000000091800000, 0x0000000096300000, 0x00000000db300000)
  object space 76800K, 21% used [0x0000000091800000,0x0000000092830ba8,0x0000000096300000)
 Metaspace       used 18031K, capacity 18526K, committed 18816K, reserved 1067008K
  class space    used 2039K, capacity 2140K, committed 2176K, reserved 1048576K
Event: 5.160 GC heap after
Heap after GC invocations=7 (full 0):
 PSYoungGen      total 126976K, used 13820K [0x00000000db300000, 0x00000000e3e00000, 0x0000000100000000)
  eden space 113152K, 0% used [0x00000000db300000,0x00000000db300000,0x00000000e2180000)
  from space 13824K, 99% used [0x00000000e2180000,0x00000000e2eff0e8,0x00000000e2f00000)
  to   space 12288K, 0% used [0x00000000e2f00000,0x00000000e2f00000,0x00000000e3b00000)
 ParOldGen       total 76800K, used 25979K [0x0000000091800000, 0x0000000096300000, 0x00000000db300000)
  object space 76800K, 33% used [0x0000000091800000,0x000000009315ec38,0x0000000096300000)
 Metaspace       used 18031K, capacity 18526K, committed 18816K, reserved 1067008K
  class space    used 2039K, capacity 2140K, committed 2176K, reserved 1048576K
}
Event: 5.371 GC heap before
{Heap before GC invocations=8 (full 0):
 PSYoungGen      total 126976K, used 25199K [0x00000000db300000, 0x00000000e3e00000, 0x0000000100000000)
  eden space 113152K, 10% used [0x00000000db300000,0x00000000dbe1cd20,0x00000000e2180000)
  from space 13824K, 99% used [0x00000000e2180000,0x00000000e2eff0e8,0x00000000e2f00000)
  to   space 12288K, 0% used [0x00000000e2f00000,0x00000000e2f00000,0x00000000e3b00000)
 ParOldGen       total 76800K, used 25979K [0x0000000091800000, 0x0000000096300000, 0x00000000db300000)
  object space 76800K, 33% used [0x0000000091800000,0x000000009315ec38,0x0000000096300000)
 Metaspace       used 20710K, capacity 21182K, committed 21248K, reserved 1069056K
  class space    used 2429K, capacity 2556K, committed 2560K, reserved 1048576K
Event: 5.384 GC heap after
Heap after GC invocations=8 (full 0):
 PSYoungGen      total 125440K, used 12268K [0x00000000db300000, 0x00000000e3e00000, 0x0000000100000000)
  eden space 113152K, 0% used [0x00000000db300000,0x00000000db300000,0x00000000e2180000)
  from space 12288K, 99% used [0x00000000e2f00000,0x00000000e3afb0f8,0x00000000e3b00000)
  to   space 13824K, 0% used [0x00000000e2180000,0x00000000e2180000,0x00000000e2f00000)
 ParOldGen       total 76800K, used 28355K [0x0000000091800000, 0x0000000096300000, 0x00000000db300000)
  object space 76800K, 36% used [0x0000000091800000,0x00000000933b0de8,0x0000000096300000)
 Metaspace       used 20710K, capacity 21182K, committed 21248K, reserved 1069056K
  class space    used 2429K, capacity 2556K, committed 2560K, reserved 1048576K
}
Event: 5.384 GC heap before
{Heap before GC invocations=9 (full 1):
 PSYoungGen      total 125440K, used 12268K [0x00000000db300000, 0x00000000e3e00000, 0x0000000100000000)
  eden space 113152K, 0% used [0x00000000db300000,0x00000000db300000,0x00000000e2180000)
  from space 12288K, 99% used [0x00000000e2f00000,0x00000000e3afb0f8,0x00000000e3b00000)
  to   space 13824K, 0% used [0x00000000e2180000,0x00000000e2180000,0x00000000e2f00000)
 ParOldGen       total 76800K, used 28355K [0x0000000091800000, 0x0000000096300000, 0x00000000db300000)
  object space 76800K, 36% used [0x0000000091800000,0x00000000933b0de8,0x0000000096300000)
 Metaspace       used 20710K, capacity 21182K, committed 21248K, reserved 1069056K
  class space    used 2429K, capacity 2556K, committed 2560K, reserved 1048576K
Event: 5.489 GC heap after
Heap after GC invocations=9 (full 1):
 PSYoungGen      total 125440K, used 0K [0x00000000db300000, 0x00000000e3e00000, 0x0000000100000000)
  eden space 113152K, 0% used [0x00000000db300000,0x00000000db300000,0x00000000e2180000)
  from space 12288K, 0% used [0x00000000e2f00000,0x00000000e2f00000,0x00000000e3b00000)
  to   space 13824K, 0% used [0x00000000e2180000,0x00000000e2180000,0x00000000e2f00000)
 ParOldGen       total 82944K, used 31813K [0x0000000091800000, 0x0000000096900000, 0x00000000db300000)
  object space 82944K, 38% used [0x0000000091800000,0x0000000093711458,0x0000000096900000)
 Metaspace       used 20710K, capacity 21182K, committed 21248K, reserved 1069056K
  class space    used 2429K, capacity 2556K, committed 2560K, reserved 1048576K
}
Event: 7.572 GC heap before
{Heap before GC invocations=10 (full 1):
 PSYoungGen      total 125440K, used 113152K [0x00000000db300000, 0x00000000e3e00000, 0x0000000100000000)
  eden space 113152K, 100% used [0x00000000db300000,0x00000000e2180000,0x00000000e2180000)
  from space 12288K, 0% used [0x00000000e2f00000,0x00000000e2f00000,0x00000000e3b00000)
  to   space 13824K, 0% used [0x00000000e2180000,0x00000000e2180000,0x00000000e2f00000)
 ParOldGen       total 82944K, used 31813K [0x0000000091800000, 0x0000000096900000, 0x00000000db300000)
  object space 82944K, 38% used [0x0000000091800000,0x0000000093711458,0x0000000096900000)
 Metaspace       used 23951K, capacity 24528K, committed 24704K, reserved 1071104K
  class space    used 2771K, capacity 2924K, committed 2944K, reserved 1048576K
Event: 7.588 GC heap after
Heap after GC invocations=10 (full 1):
 PSYoungGen      total 126976K, used 13792K [0x00000000db300000, 0x00000000e3e00000, 0x0000000100000000)
  eden space 113152K, 0% used [0x00000000db300000,0x00000000db300000,0x00000000e2180000)
  from space 13824K, 99% used [0x00000000e2180000,0x00000000e2ef8018,0x00000000e2f00000)
  to   space 12288K, 0% used [0x00000000e2f00000,0x00000000e2f00000,0x00000000e3b00000)
 ParOldGen       total 82944K, used 40078K [0x0000000091800000, 0x0000000096900000, 0x00000000db300000)
  object space 82944K, 48% used [0x0000000091800000,0x0000000093f23a30,0x0000000096900000)
 Metaspace       used 23951K, capacity 24528K, committed 24704K, reserved 1071104K
  class space    used 2771K, capacity 2924K, committed 2944K, reserved 1048576K
}

Deoptimization events (10 events):
Event: 8.354 Thread 0x000001b53ed8e800 Uncommon trap: reason=class_check action=maybe_recompile pc=0x000001b5411d0a1c method=java.util.Hashtable.put(Ljava/lang/Object;Ljava/lang/Object;)Ljava/lang/Object; @ 18
Event: 8.356 Thread 0x000001b53ed8e800 Uncommon trap: reason=class_check action=maybe_recompile pc=0x000001b5411d0a1c method=java.util.Hashtable.put(Ljava/lang/Object;Ljava/lang/Object;)Ljava/lang/Object; @ 18
Event: 8.357 Thread 0x000001b53ed8e800 Uncommon trap: reason=class_check action=maybe_recompile pc=0x000001b5411d0a1c method=java.util.Hashtable.put(Ljava/lang/Object;Ljava/lang/Object;)Ljava/lang/Object; @ 18
Event: 8.363 Thread 0x000001b53ed8e800 Uncommon trap: reason=class_check action=maybe_recompile pc=0x000001b5411cb3b8 method=java.util.Hashtable.addEntry(ILjava/lang/Object;Ljava/lang/Object;I)V @ 38
Event: 8.405 Thread 0x000001b53ed8e800 Uncommon trap: reason=class_check action=maybe_recompile pc=0x000001b5411cb3b8 method=java.util.Hashtable.addEntry(ILjava/lang/Object;Ljava/lang/Object;I)V @ 38
Event: 8.408 Thread 0x000001b53ed8e800 Uncommon trap: reason=class_check action=maybe_recompile pc=0x000001b5411ab240 method=java.util.Hashtable.get(Ljava/lang/Object;)Ljava/lang/Object; @ 6
Event: 8.408 Thread 0x000001b53ed8e800 Uncommon trap: reason=class_check action=maybe_recompile pc=0x000001b5411ab240 method=java.util.Hashtable.get(Ljava/lang/Object;)Ljava/lang/Object; @ 6
Event: 8.409 Thread 0x000001b53ed8e800 Uncommon trap: reason=class_check action=maybe_recompile pc=0x000001b5411ab240 method=java.util.Hashtable.get(Ljava/lang/Object;)Ljava/lang/Object; @ 6
Event: 8.409 Thread 0x000001b53ed8e800 Uncommon trap: reason=class_check action=maybe_recompile pc=0x000001b5411ab240 method=java.util.Hashtable.get(Ljava/lang/Object;)Ljava/lang/Object; @ 6
Event: 8.501 Thread 0x000001b53ed8e800 Uncommon trap: reason=unstable_if action=reinterpret pc=0x000001b540f473a8 method=java.util.Collections.indexedBinarySearch(Ljava/util/List;Ljava/lang/Object;)I @ 13

Classes redefined (0 events):
No events

Internal exceptions (10 events):
Event: 4.219 Thread 0x000001b53ed8e800 Implicit null exception at 0x000001b540e1adef to 0x000001b540e1ae59
Event: 4.516 Thread 0x000001b53ed8e800 Implicit null exception at 0x000001b541664328 to 0x000001b541665815
Event: 4.734 Thread 0x000001b53ed8e800 Implicit null exception at 0x000001b54139a541 to 0x000001b54139a949
Event: 5.134 Thread 0x000001b53ed8e800 Exception <a 'java/lang/ClassNotFoundException': com/sun/tools/javac/api/JavacTool> (0x00000000e212fc10) thrown at [C:\wsjdk\Corretto8Src\installers\windows\zip\corretto-build\buildRoot\src\hotspot\src\share\vm\classfile\systemDictionary.cpp, line 217]
Event: 5.932 Thread 0x000001b53ed8e800 Exception <a 'java/io/FileNotFoundException'> (0x00000000dce6d848) thrown at [C:\wsjdk\Corretto8Src\installers\windows\zip\corretto-build\buildRoot\src\hotspot\src\share\vm\prims\jni.cpp, line 711]
Event: 5.938 Thread 0x000001b53ed8e800 Exception <a 'java/io/FileNotFoundException'> (0x00000000dcecb120) thrown at [C:\wsjdk\Corretto8Src\installers\windows\zip\corretto-build\buildRoot\src\hotspot\src\share\vm\prims\jni.cpp, line 711]
Event: 7.228 Thread 0x000001b53ed8e800 Implicit null exception at 0x000001b5411522f1 to 0x000001b54115272d
Event: 7.232 Thread 0x000001b53ed8e800 Implicit null exception at 0x000001b541110d15 to 0x000001b541110f21
Event: 7.710 Thread 0x000001b53ed8e800 Implicit null exception at 0x000001b541133671 to 0x000001b5411341d9
Event: 7.711 Thread 0x000001b53ed8e800 Implicit null exception at 0x000001b5415f5eb9 to 0x000001b5415f6509

Events (10 events):
Event: 8.583 loading class sun/util/locale/provider/TimeZoneNameProviderImpl
Event: 8.584 loading class sun/util/locale/provider/TimeZoneNameProviderImpl done
Event: 8.584 loading class sun/util/locale/provider/TimeZoneNameUtility$TimeZoneNameGetter
Event: 8.584 loading class sun/util/locale/provider/TimeZoneNameUtility$TimeZoneNameGetter done
Event: 8.584 loading class sun/util/resources/TimeZoneNames
Event: 8.585 loading class sun/util/resources/TimeZoneNamesBundle
Event: 8.585 loading class sun/util/resources/TimeZoneNamesBundle done
Event: 8.585 loading class sun/util/resources/TimeZoneNames done
Event: 8.586 loading class sun/util/resources/en/TimeZoneNames_en
Event: 8.586 loading class sun/util/resources/en/TimeZoneNames_en done


Dynamic libraries:
0x00007ff657660000 - 0x00007ff65769a000 	C:\Users\yangz\.jdks\corretto-1.8.0_292\bin\java.exe
0x00007ff901460000 - 0x00007ff901650000 	C:\Windows\SYSTEM32\ntdll.dll
0x00007ff8fffd0000 - 0x00007ff900083000 	C:\Windows\System32\KERNEL32.DLL
0x00007ff8ff1a0000 - 0x00007ff8ff446000 	C:\Windows\System32\KERNELBASE.dll
0x00007ff8ff510000 - 0x00007ff8ff5b3000 	C:\Windows\System32\ADVAPI32.dll
0x00007ff8ff740000 - 0x00007ff8ff7de000 	C:\Windows\System32\msvcrt.dll
0x00007ff901230000 - 0x00007ff9012c7000 	C:\Windows\System32\sechost.dll
0x00007ff900f50000 - 0x00007ff90106f000 	C:\Windows\System32\RPCRT4.dll
0x00007ff900db0000 - 0x00007ff900f44000 	C:\Windows\System32\USER32.dll
0x00007ff8fe570000 - 0x00007ff8fe591000 	C:\Windows\System32\win32u.dll
0x00007ff900600000 - 0x00007ff900626000 	C:\Windows\System32\GDI32.dll
0x00007ff8fe3d0000 - 0x00007ff8fe568000 	C:\Windows\System32\gdi32full.dll
0x00007ff8fe680000 - 0x00007ff8fe71e000 	C:\Windows\System32\msvcp_win.dll
0x00007ff8fe720000 - 0x00007ff8fe81a000 	C:\Windows\System32\ucrtbase.dll
0x00007ff8e1780000 - 0x00007ff8e1a04000 	C:\Windows\WinSxS\amd64_microsoft.windows.common-controls_6595b64144ccf1df_6.0.18362.1801_none_9e79a739e46243f0\COMCTL32.dll
0x00007ff9002c0000 - 0x00007ff9005f6000 	C:\Windows\System32\combase.dll
0x00007ff8fe5f0000 - 0x00007ff8fe674000 	C:\Windows\System32\bcryptPrimitives.dll
0x00007ff8ffe80000 - 0x00007ff8ffeae000 	C:\Windows\System32\IMM32.DLL
0x00007ff8f6a80000 - 0x00007ff8f6b6f000 	C:\Users\yangz\.jdks\corretto-1.8.0_292\jre\bin\msvcr120.dll
0x00007ff8ce600000 - 0x00007ff8ce6a6000 	C:\Users\yangz\.jdks\corretto-1.8.0_292\jre\bin\msvcp120.dll
0x0000000059cb0000 - 0x000000005a51e000 	C:\Users\yangz\.jdks\corretto-1.8.0_292\jre\bin\server\jvm.dll
0x00007ff8ff500000 - 0x00007ff8ff508000 	C:\Windows\System32\PSAPI.DLL
0x00007ff8e9250000 - 0x00007ff8e9259000 	C:\Windows\SYSTEM32\WSOCK32.dll
0x00007ff901080000 - 0x00007ff9010ef000 	C:\Windows\System32\WS2_32.dll
0x00007ff8f5d00000 - 0x00007ff8f5d0a000 	C:\Windows\SYSTEM32\VERSION.dll
0x00007ff8fc430000 - 0x00007ff8fc454000 	C:\Windows\SYSTEM32\WINMM.dll
0x00007ff8fc400000 - 0x00007ff8fc42d000 	C:\Windows\SYSTEM32\winmmbase.dll
0x00007ff8fe5a0000 - 0x00007ff8fe5ea000 	C:\Windows\System32\cfgmgr32.dll
0x00007ff8f6f70000 - 0x00007ff8f6f7f000 	C:\Users\yangz\.jdks\corretto-1.8.0_292\jre\bin\verify.dll
0x00007ff8f6f40000 - 0x00007ff8f6f69000 	C:\Users\yangz\.jdks\corretto-1.8.0_292\jre\bin\java.dll
0x00007ff8f6f20000 - 0x00007ff8f6f36000 	C:\Users\yangz\.jdks\corretto-1.8.0_292\jre\bin\zip.dll
0x00007ff900630000 - 0x00007ff900d17000 	C:\Windows\System32\SHELL32.dll
0x00007ff8ff690000 - 0x00007ff8ff739000 	C:\Windows\System32\shcore.dll
0x00007ff8fe8b0000 - 0x00007ff8ff02b000 	C:\Windows\System32\windows.storage.dll
0x00007ff8fe340000 - 0x00007ff8fe35e000 	C:\Windows\System32\profapi.dll
0x00007ff8fe380000 - 0x00007ff8fe3ca000 	C:\Windows\System32\powrprof.dll
0x00007ff8fe310000 - 0x00007ff8fe320000 	C:\Windows\System32\UMPDC.dll
0x00007ff8fff70000 - 0x00007ff8fffc2000 	C:\Windows\System32\shlwapi.dll
0x00007ff8fe320000 - 0x00007ff8fe331000 	C:\Windows\System32\kernel.appcore.dll
0x00007ff8ff180000 - 0x00007ff8ff197000 	C:\Windows\System32\cryptsp.dll
0x00007ff8fd670000 - 0x00007ff8fd6a3000 	C:\Windows\system32\rsaenh.dll
0x00007ff8fe820000 - 0x00007ff8fe846000 	C:\Windows\System32\bcrypt.dll
0x00007ff8fe200000 - 0x00007ff8fe225000 	C:\Windows\SYSTEM32\USERENV.dll
0x00007ff8fdcc0000 - 0x00007ff8fdccc000 	C:\Windows\SYSTEM32\CRYPTBASE.dll
0x00007ff8f6be0000 - 0x00007ff8f6bfa000 	C:\Users\yangz\.jdks\corretto-1.8.0_292\jre\bin\net.dll
0x00007ff8fdaf0000 - 0x00007ff8fdb57000 	C:\Windows\system32\mswsock.dll
0x00007ff8fd800000 - 0x00007ff8fd83a000 	C:\Windows\SYSTEM32\IPHLPAPI.DLL
0x00007ff900d20000 - 0x00007ff900d28000 	C:\Windows\System32\NSI.dll
0x00007ff8f6610000 - 0x00007ff8f6626000 	C:\Windows\SYSTEM32\dhcpcsvc6.DLL
0x00007ff8f5ea0000 - 0x00007ff8f5ebc000 	C:\Windows\SYSTEM32\dhcpcsvc.DLL
0x00007ff8fd840000 - 0x00007ff8fd90a000 	C:\Windows\SYSTEM32\DNSAPI.dll
0x00007ff8f6a50000 - 0x00007ff8f6a62000 	C:\Users\yangz\.jdks\corretto-1.8.0_292\jre\bin\nio.dll
0x00007ff8f70d0000 - 0x00007ff8f70da000 	C:\Users\yangz\AppData\Local\Temp\jansi-1.17.1-2108703811400145247.dll
0x00007ff8f70c0000 - 0x00007ff8f70ca000 	C:\Users\yangz\AppData\Local\Temp\jansi-1.17.1-4435065967974053276.dll

VM Arguments:
jvm_args: -Dmaven.multiModuleProjectDirectory=C:\Users\yangz\IdeaProjects\COVID-19\domain\User\User_Module -Dmaven.home=D:\apache-maven-3.8.1 -Dclassworlds.conf=D:\apache-maven-3.8.1\bin\m2.conf -Dmaven.ext.class.path=D:\IntelliJ IDEA 2021.1.1\plugins\maven\lib\maven-event-listener.jar -Dfile.encoding=UTF-8 
java_command: org.codehaus.classworlds.Launcher -Didea.version=2021.1.1 --offline -s D:\apache-maven-3.8.1\conf\settings.xml -Dmaven.repo.local=D:\maven\repository2 -DskipTests=true install
java_class_path (initial): D:\apache-maven-3.8.1\boot\plexus-classworlds-2.6.0.jar;D:\apache-maven-3.8.1\boot\plexus-classworlds.license
Launcher Type: SUN_STANDARD

Environment Variables:
JAVA_HOME=D:\Java\jdk1.8.0_301
CLASSPATH=.;D:\Java\jdk1.8.0_301\lib\dt.jar;D:\Java\jdk1.8.0_301\lib\tools.jar
PATH=D:\Java\jdk1.8.0_301\jre\bin;D:\Java\jdk1.8.0_301bin;D:\xshell6\;D:\Vmware\bin\;C:\Program Files\Common Files\Oracle\Java\javapath;C:\Program Files (x86)\Common Files\Oracle\Java\javapath;D:\apache-tomcat-9.0.44\bin;C:\Windows\system32;C:\Windows;C:\Windows\System32\Wbem;C:\Windows\System32\WindowsPowerShell\v1.0\;C:\Windows\System32\OpenSSH\;C:\Program Files (x86)\Microsoft SQL Server\150\DTS\Binn\;C:\Program Files\Azure Data Studio\bin;C:\Program Files\Microsoft SQL Server\Client SDK\ODBC\170\Tools\Binn\;C:\Program Files (x86)\Microsoft SQL Server\150\Tools\Binn\;C:\Program Files\Microsoft SQL Server\150\Tools\Binn\;C:\Program Files\Microsoft SQL Server\150\DTS\Binn\;C:\Program Files\Intel\WiFi\bin\;C:\Program Files\Common Files\Intel\WirelessCommon\;C:\sdk;C:\sdk\platform-tools;;D:\mysql-8.0.24-winx64bin;D:\apache-maven-3.8.1\bin;C:\Program Files\Common Files\Autodesk Shared\;C:\Program Files\Microsoft SQL Server\120\Tools\Binn\;C:\Program Files\Microsoft SQL Server\130\Tools\Binn\;D:\opencv3.4.1\opencv\build\x64\vc15\bin;"D:\apache-tomcat-7.0.109\bin;";"D:\apache-tomcat-7.0.109\lib;";D:\apache-jmeter-5.4.1\bin;C:\Program Files\Git\cmd;D:\erl-23.0\bin;D:\nodejs\;C:\Users\yangz\AppData\Local\Microsoft\WindowsApps;C:\Program Files\Bandizip\;C:\Program Files\Azure Data Studio\bin;D:\idea\IntelliJ IDEA 2021.1.1\bin;;D:\Microsoft VS Code\bin;C:\Users\yangz\AppData\Roaming\npm
USERNAME=yangz
OS=Windows_NT
PROCESSOR_IDENTIFIER=AMD64 Family 23 Model 17 Stepping 0, AuthenticAMD



---------------  S Y S T E M  ---------------

OS: Windows 10.0 , 64 bit Build 18362 (10.0.18362.1766)

CPU:total 8 (initial active 8) (8 cores per cpu, 1 threads per core) family 23 model 17 stepping 0, cmov, cx8, fxsr, mmx, sse, sse2, sse3, ssse3, sse4.1, sse4.2, popcnt, avx, avx2, aes, clmul, mmxext, 3dnowpref, lzcnt, sse4a, tsc, tscinvbit, tscinv, bmi1

Memory: 4k page, physical 7239248k(821380k free), swap 14717796k(5364k free)

vm_info: OpenJDK 64-Bit Server VM (25.292-b10) for windows-amd64 JRE (1.8.0_292-b10), built on Apr 14 2021 23:06:53 by "Administrator" with MS VC++ 12.0 (VS2013)

time: Sat Sep 25 13:10:08 2021
timezone: ?D1¨²¡À¨º¡Á?¨º¡À??
elapsed time: 8.609477 seconds (0d 0h 0m 8s)

