#
# There is insufficient memory for the Java Runtime Environment to continue.
# Native memory allocation (malloc) failed to allocate 52416 bytes for Chunk::new
# Possible reasons:
#   The system is out of physical RAM or swap space
#   The process is running with CompressedOops enabled, and the Java Heap may be blocking the growth of the native heap
# Possible solutions:
#   Reduce memory load on the system
#   Increase physical memory or swap space
#   Check if swap backing store is full
#   Decrease Java heap size (-Xmx/-Xms)
#   Decrease number of Java threads
#   Decrease Java thread stack sizes (-Xss)
#   Set larger code cache with -XX:ReservedCodeCacheSize=
#   JVM is running with Unscaled Compressed Oops mode in which the Java heap is
#     placed in the first 4GB address space. The Java Heap base address is the
#     maximum limit for the native heap growth. Please use -XX:HeapBaseMinAddress
#     to set the Java Heap base and to place the Java Heap above 4GB virtual address.
# This output file may be truncated or incomplete.
#
#  Out of Memory Error (allocation.cpp:389), pid=12352, tid=0x000000000000121c
#
# JRE version: OpenJDK Runtime Environment (8.0_292-b10) (build 1.8.0_292-b10)
# Java VM: OpenJDK 64-Bit Server VM (25.292-b10 mixed mode windows-amd64 compressed oops)
# Failed to write core dump. Minidumps are not enabled by default on client versions of Windows
#

---------------  T H R E A D  ---------------

Current thread (0x0000022c7dc8c800):  JavaThread "C2 CompilerThread2" daemon [_thread_in_native, id=4636, stack(0x000000efe8a00000,0x000000efe8b00000)]

Stack: [0x000000efe8a00000,0x000000efe8b00000]
[error occurred during error reporting (printing stack bounds), id 0xc0000005]

Native frames: (J=compiled Java code, j=interpreted, Vv=VM code, C=native code)


Current CompileTask:
C2:  10808 3868   !   4       java.lang.ref.ReferenceQueue::remove (125 bytes)


---------------  P R O C E S S  ---------------

Java Threads: ( => current thread )
  0x0000022c7ef68000 JavaThread "Service Thread" daemon [_thread_blocked, id=5860, stack(0x000000efe8c00000,0x000000efe8d00000)]
  0x0000022c7eed1000 JavaThread "C1 CompilerThread3" daemon [_thread_in_vm, id=7492, stack(0x000000efe8b00000,0x000000efe8c00000)]
=>0x0000022c7dc8c800 JavaThread "C2 CompilerThread2" daemon [_thread_in_native, id=4636, stack(0x000000efe8a00000,0x000000efe8b00000)]
  0x0000022c7dc8b000 JavaThread "C2 CompilerThread1" daemon [_thread_in_native, id=3144, stack(0x000000efe8900000,0x000000efe8a00000)]
  0x0000022c7dc84800 JavaThread "C2 CompilerThread0" daemon [_thread_in_native, id=13772, stack(0x000000efe8800000,0x000000efe8900000)]
  0x0000022c7dc27000 JavaThread "Attach Listener" daemon [_thread_blocked, id=12024, stack(0x000000efe8700000,0x000000efe8800000)]
  0x0000022c7dc7a800 JavaThread "Signal Dispatcher" daemon [_thread_blocked, id=11388, stack(0x000000efe8600000,0x000000efe8700000)]
  0x0000022c7dbf8000 JavaThread "Finalizer" daemon [_thread_blocked, id=8940, stack(0x000000efe8500000,0x000000efe8600000)]
  0x0000022c7dbef800 JavaThread "Reference Handler" daemon [_thread_blocked, id=2604, stack(0x000000efe8400000,0x000000efe8500000)]
  0x0000022c67539800 JavaThread "main" [_thread_in_Java, id=11400, stack(0x000000efe7a00000,0x000000efe7b00000)]

Other Threads:
  0x0000022c7dbc3800 VMThread [stack: 0x000000efe8300000,0x000000efe8400000] [id=10644]
  0x0000022c7ef37800 WatcherThread [stack: 0x000000efe8d00000,0x000000efe8e00000] [id=9408]

VM state:not at safepoint (normal execution)

VM Mutex/Monitor currently owned by a thread:  ([mutex/lock_event])
[0x0000022c67536360] CodeCache_lock - owner thread: 0x0000000000000000

heap address: 0x0000000091800000, size: 1768 MB, Compressed Oops mode: 32-bit
Narrow klass base: 0x0000000000000000, Narrow klass shift: 3
Compressed class space size: 1073741824 Address: 0x0000000100000000

Heap:
 PSYoungGen      total 127488K, used 2151K [0x00000000db300000, 0x00000000e4600000, 0x0000000100000000)
  eden space 109056K, 1% used [0x00000000db300000,0x00000000db519f68,0x00000000e1d80000)
  from space 18432K, 0% used [0x00000000e1d80000,0x00000000e1d80000,0x00000000e2f80000)
  to   space 13824K, 0% used [0x00000000e2f80000,0x00000000e2f80000,0x00000000e3d00000)
 ParOldGen       total 76800K, used 34471K [0x0000000091800000, 0x0000000096300000, 0x00000000db300000)
  object space 76800K, 44% used [0x0000000091800000,0x00000000939a9f38,0x0000000096300000)
 Metaspace       used 20893K, capacity 21410K, committed 21632K, reserved 1069056K
  class space    used 2450K, capacity 2588K, committed 2688K, reserved 1048576K

Card table byte_map: [0x0000022c78660000,0x0000022c789e0000] byte_map_base: 0x0000022c781d4000

Marking Bits: (ParMarkBitMap*) 0x0000000069bcf7f0
 Begin Bits: [0x0000022c78c30000, 0x0000022c7a7d0000)
 End Bits:   [0x0000022c7a7d0000, 0x0000022c7c370000)

Polling page: 0x0000022c676d0000

CodeCache: size=245760Kb used=12844Kb max_used=14030Kb free=232915Kb
 bounds [0x0000022c692a0000, 0x0000022c6a080000, 0x0000022c782a0000]
 total_blobs=3843 nmethods=3447 adapters=309
 compilation: enabled

Compilation events (10 events):
Event: 10.347 Thread 0x0000022c7eed1000 nmethod 3863 0x0000022c69a08f50 code [0x0000022c69a090a0, 0x0000022c69a09258]
Event: 10.493 Thread 0x0000022c7dc8c800 3864   !   4       java.util.zip.ZipFile$ZipFileInputStream::close (110 bytes)
Event: 10.504 Thread 0x0000022c7dc8c800 nmethod 3864 0x0000022c697cc4d0 code [0x0000022c697cc660, 0x0000022c697ccf08]
Event: 10.777 Thread 0x0000022c7dc8c800 3865   !   4       java.lang.ref.Reference::tryHandlePending (115 bytes)
Event: 10.790 Thread 0x0000022c7dc8c800 nmethod 3865 0x0000022c698f1910 code [0x0000022c698f1ac0, 0x0000022c698f2428]
Event: 10.791 Thread 0x0000022c7dc8c800 3866   !   4       java.lang.ref.ReferenceQueue::enqueue (119 bytes)
Event: 10.795 Thread 0x0000022c7dc8c800 nmethod 3866 0x0000022c693c2310 code [0x0000022c693c2460, 0x0000022c693c2928]
Event: 10.796 Thread 0x0000022c7dc8c800 3867       4       java.lang.ref.ReferenceQueue::remove (6 bytes)
Event: 10.803 Thread 0x0000022c7dc8c800 nmethod 3867 0x0000022c69843650 code [0x0000022c698437c0, 0x0000022c69843d70]
Event: 10.804 Thread 0x0000022c7dc8c800 3868   !   4       java.lang.ref.ReferenceQueue::remove (125 bytes)

GC Heap History (10 events):
Event: 4.959 GC heap before
{Heap before GC invocations=6 (full 0):
 PSYoungGen      total 33280K, used 33256K [0x00000000db300000, 0x00000000dfe00000, 0x0000000100000000)
  eden space 28672K, 100% used [0x00000000db300000,0x00000000dcf00000,0x00000000dcf00000)
  from space 4608K, 99% used [0x00000000dcf00000,0x00000000dd37a040,0x00000000dd380000)
  to   space 9728K, 0% used [0x00000000df480000,0x00000000df480000,0x00000000dfe00000)
 ParOldGen       total 76800K, used 11948K [0x0000000091800000, 0x0000000096300000, 0x00000000db300000)
  object space 76800K, 15% used [0x0000000091800000,0x00000000923ab0f0,0x0000000096300000)
 Metaspace       used 16246K, capacity 16568K, committed 16896K, reserved 1064960K
  class space    used 1892K, capacity 1981K, committed 2048K, reserved 1048576K
Event: 4.995 GC heap after
Heap after GC invocations=6 (full 0):
 PSYoungGen      total 66560K, used 8536K [0x00000000db300000, 0x00000000dff00000, 0x0000000100000000)
  eden space 56832K, 0% used [0x00000000db300000,0x00000000db300000,0x00000000dea80000)
  from space 9728K, 87% used [0x00000000df480000,0x00000000dfcd6050,0x00000000dfe00000)
  to   space 10240K, 0% used [0x00000000dea80000,0x00000000dea80000,0x00000000df480000)
 ParOldGen       total 76800K, used 11956K [0x0000000091800000, 0x0000000096300000, 0x00000000db300000)
  object space 76800K, 15% used [0x0000000091800000,0x00000000923ad0f0,0x0000000096300000)
 Metaspace       used 16246K, capacity 16568K, committed 16896K, reserved 1064960K
  class space    used 1892K, capacity 1981K, committed 2048K, reserved 1048576K
}
Event: 6.320 GC heap before
{Heap before GC invocations=7 (full 0):
 PSYoungGen      total 66560K, used 65368K [0x00000000db300000, 0x00000000dff00000, 0x0000000100000000)
  eden space 56832K, 100% used [0x00000000db300000,0x00000000dea80000,0x00000000dea80000)
  from space 9728K, 87% used [0x00000000df480000,0x00000000dfcd6050,0x00000000dfe00000)
  to   space 10240K, 0% used [0x00000000dea80000,0x00000000dea80000,0x00000000df480000)
 ParOldGen       total 76800K, used 11956K [0x0000000091800000, 0x0000000096300000, 0x00000000db300000)
  object space 76800K, 15% used [0x0000000091800000,0x00000000923ad0f0,0x0000000096300000)
 Metaspace       used 16592K, capacity 16950K, committed 17152K, reserved 1064960K
  class space    used 1904K, capacity 2018K, committed 2048K, reserved 1048576K
Event: 6.335 GC heap after
Heap after GC invocations=7 (full 0):
 PSYoungGen      total 67072K, used 10208K [0x00000000db300000, 0x00000000e3d00000, 0x0000000100000000)
  eden space 56832K, 0% used [0x00000000db300000,0x00000000db300000,0x00000000dea80000)
  from space 10240K, 99% used [0x00000000dea80000,0x00000000df478020,0x00000000df480000)
  to   space 13824K, 0% used [0x00000000e2f80000,0x00000000e2f80000,0x00000000e3d00000)
 ParOldGen       total 76800K, used 17089K [0x0000000091800000, 0x0000000096300000, 0x00000000db300000)
  object space 76800K, 22% used [0x0000000091800000,0x00000000928b0728,0x0000000096300000)
 Metaspace       used 16592K, capacity 16950K, committed 17152K, reserved 1064960K
  class space    used 1904K, capacity 2018K, committed 2048K, reserved 1048576K
}
Event: 7.108 GC heap before
{Heap before GC invocations=8 (full 0):
 PSYoungGen      total 67072K, used 67040K [0x00000000db300000, 0x00000000e3d00000, 0x0000000100000000)
  eden space 56832K, 100% used [0x00000000db300000,0x00000000dea80000,0x00000000dea80000)
  from space 10240K, 99% used [0x00000000dea80000,0x00000000df478020,0x00000000df480000)
  to   space 13824K, 0% used [0x00000000e2f80000,0x00000000e2f80000,0x00000000e3d00000)
 ParOldGen       total 76800K, used 17089K [0x0000000091800000, 0x0000000096300000, 0x00000000db300000)
  object space 76800K, 22% used [0x0000000091800000,0x00000000928b0728,0x0000000096300000)
 Metaspace       used 16753K, capacity 17148K, committed 17408K, reserved 1064960K
  class space    used 1907K, capacity 2019K, committed 2048K, reserved 1048576K
Event: 7.134 GC heap after
Heap after GC invocations=8 (full 0):
 PSYoungGen      total 122880K, used 13824K [0x00000000db300000, 0x00000000e4600000, 0x0000000100000000)
  eden space 109056K, 0% used [0x00000000db300000,0x00000000db300000,0x00000000e1d80000)
  from space 13824K, 100% used [0x00000000e2f80000,0x00000000e3d00000,0x00000000e3d00000)
  to   space 18432K, 0% used [0x00000000e1d80000,0x00000000e1d80000,0x00000000e2f80000)
 ParOldGen       total 76800K, used 23003K [0x0000000091800000, 0x0000000096300000, 0x00000000db300000)
  object space 76800K, 29% used [0x0000000091800000,0x0000000092e76d18,0x0000000096300000)
 Metaspace       used 16753K, capacity 17148K, committed 17408K, reserved 1064960K
  class space    used 1907K, capacity 2019K, committed 2048K, reserved 1048576K
}
Event: 10.558 GC heap before
{Heap before GC invocations=9 (full 0):
 PSYoungGen      total 122880K, used 92008K [0x00000000db300000, 0x00000000e4600000, 0x0000000100000000)
  eden space 109056K, 71% used [0x00000000db300000,0x00000000dff5a3e8,0x00000000e1d80000)
  from space 13824K, 100% used [0x00000000e2f80000,0x00000000e3d00000,0x00000000e3d00000)
  to   space 18432K, 0% used [0x00000000e1d80000,0x00000000e1d80000,0x00000000e2f80000)
 ParOldGen       total 76800K, used 23003K [0x0000000091800000, 0x0000000096300000, 0x00000000db300000)
  object space 76800K, 29% used [0x0000000091800000,0x0000000092e76d18,0x0000000096300000)
 Metaspace       used 20666K, capacity 21154K, committed 21248K, reserved 1069056K
  class space    used 2417K, capacity 2524K, committed 2560K, reserved 1048576K
Event: 10.594 GC heap after
Heap after GC invocations=9 (full 0):
 PSYoungGen      total 127488K, used 15888K [0x00000000db300000, 0x00000000e4600000, 0x0000000100000000)
  eden space 109056K, 0% used [0x00000000db300000,0x00000000db300000,0x00000000e1d80000)
  from space 18432K, 86% used [0x00000000e1d80000,0x00000000e2d04358,0x00000000e2f80000)
  to   space 13824K, 0% used [0x00000000e2f80000,0x00000000e2f80000,0x00000000e3d00000)
 ParOldGen       total 76800K, used 25550K [0x0000000091800000, 0x0000000096300000, 0x00000000db300000)
  object space 76800K, 33% used [0x0000000091800000,0x00000000930f3a78,0x0000000096300000)
 Metaspace       used 20666K, capacity 21154K, committed 21248K, reserved 1069056K
  class space    used 2417K, capacity 2524K, committed 2560K, reserved 1048576K
}
Event: 10.594 GC heap before
{Heap before GC invocations=10 (full 1):
 PSYoungGen      total 127488K, used 15888K [0x00000000db300000, 0x00000000e4600000, 0x0000000100000000)
  eden space 109056K, 0% used [0x00000000db300000,0x00000000db300000,0x00000000e1d80000)
  from space 18432K, 86% used [0x00000000e1d80000,0x00000000e2d04358,0x00000000e2f80000)
  to   space 13824K, 0% used [0x00000000e2f80000,0x00000000e2f80000,0x00000000e3d00000)
 ParOldGen       total 76800K, used 25550K [0x0000000091800000, 0x0000000096300000, 0x00000000db300000)
  object space 76800K, 33% used [0x0000000091800000,0x00000000930f3a78,0x0000000096300000)
 Metaspace       used 20666K, capacity 21154K, committed 21248K, reserved 1069056K
  class space    used 2417K, capacity 2524K, committed 2560K, reserved 1048576K
Event: 10.777 GC heap after
Heap after GC invocations=10 (full 1):
 PSYoungGen      total 127488K, used 0K [0x00000000db300000, 0x00000000e4600000, 0x0000000100000000)
  eden space 109056K, 0% used [0x00000000db300000,0x00000000db300000,0x00000000e1d80000)
  from space 18432K, 0% used [0x00000000e1d80000,0x00000000e1d80000,0x00000000e2f80000)
  to   space 13824K, 0% used [0x00000000e2f80000,0x00000000e2f80000,0x00000000e3d00000)
 ParOldGen       total 76800K, used 34471K [0x0000000091800000, 0x0000000096300000, 0x00000000db300000)
  object space 76800K, 44% used [0x0000000091800000,0x00000000939a9f38,0x0000000096300000)
 Metaspace       used 20666K, capacity 21154K, committed 21248K, reserved 1069056K
  class space    used 2417K, capacity 2524K, committed 2560K, reserved 1048576K
}

Deoptimization events (10 events):
Event: 8.843 Thread 0x0000022c67539800 Uncommon trap: reason=class_check action=maybe_recompile pc=0x0000022c697e5408 method=com.google.inject.internal.LinkedBindingImpl.acceptTargetVisitor(Lcom/google/inject/spi/BindingTargetVisitor;)Ljava/lang/Object; @ 2
Event: 8.843 Thread 0x0000022c67539800 Uncommon trap: reason=class_check action=maybe_recompile pc=0x0000022c697e5408 method=com.google.inject.internal.LinkedBindingImpl.acceptTargetVisitor(Lcom/google/inject/spi/BindingTargetVisitor;)Ljava/lang/Object; @ 2
Event: 8.846 Thread 0x0000022c67539800 Uncommon trap: reason=null_check action=make_not_entrant pc=0x0000022c69c47618 method=com.google.inject.internal.InjectorImpl.enterContext()Lcom/google/inject/internal/InternalContext; @ 7
Event: 8.912 Thread 0x0000022c67539800 Uncommon trap: reason=class_check action=maybe_recompile pc=0x0000022c69cf2f8c method=org.eclipse.sisu.wire.EntryListAdapter$ValueIterator.next()Ljava/lang/Object; @ 4
Event: 8.941 Thread 0x0000022c67539800 Uncommon trap: reason=class_check action=maybe_recompile pc=0x0000022c69cf2f8c method=org.eclipse.sisu.wire.EntryListAdapter$ValueIterator.next()Ljava/lang/Object; @ 4
Event: 8.941 Thread 0x0000022c67539800 Uncommon trap: reason=class_check action=maybe_recompile pc=0x0000022c69f4fb90 method=java.util.Formatter$FormatSpecifier.printString(Ljava/lang/Object;Ljava/util/Locale;)V @ 98
Event: 8.945 Thread 0x0000022c67539800 Uncommon trap: reason=class_check action=maybe_recompile pc=0x0000022c69f4fb90 method=java.util.Formatter$FormatSpecifier.printString(Ljava/lang/Object;Ljava/util/Locale;)V @ 98
Event: 9.997 Thread 0x0000022c67539800 Uncommon trap: reason=class_check action=maybe_recompile pc=0x0000022c69cf2f8c method=org.eclipse.sisu.wire.EntryListAdapter$ValueIterator.next()Ljava/lang/Object; @ 4
Event: 10.162 Thread 0x0000022c67539800 Uncommon trap: reason=predicate action=maybe_recompile pc=0x0000022c699bba30 method=sun.misc.Resource.getBytes()[B @ 53
Event: 10.209 Thread 0x0000022c67539800 Uncommon trap: reason=unstable_if action=reinterpret pc=0x0000022c69566950 method=java.util.Locale.hashCode()I @ 6

Classes redefined (0 events):
No events

Internal exceptions (10 events):
Event: 3.225 Thread 0x0000022c67539800 Implicit null exception at 0x0000022c695b3e16 to 0x0000022c695b41a5
Event: 3.225 Thread 0x0000022c67539800 Implicit null exception at 0x0000022c694df856 to 0x0000022c694dfbe1
Event: 3.647 Thread 0x0000022c67539800 Implicit null exception at 0x0000022c699535b9 to 0x0000022c699548b1
Event: 3.996 Thread 0x0000022c67539800 Implicit null exception at 0x0000022c69a34f37 to 0x0000022c69a3517d
Event: 4.234 Thread 0x0000022c67539800 Implicit null exception at 0x0000022c69acd760 to 0x0000022c69ace9c5
Event: 7.224 Thread 0x0000022c67539800 Implicit null exception at 0x0000022c69ef7b76 to 0x0000022c69ef7dfd
Event: 7.227 Thread 0x0000022c67539800 Implicit null exception at 0x0000022c696a25ef to 0x0000022c696a2659
Event: 8.341 Thread 0x0000022c67539800 Implicit null exception at 0x0000022c69c9bfc8 to 0x0000022c69c9c5a5
Event: 8.846 Thread 0x0000022c67539800 Implicit null exception at 0x0000022c69c47201 to 0x0000022c69c47609
Event: 10.155 Thread 0x0000022c67539800 Exception <a 'java/lang/ClassNotFoundException': com/sun/tools/javac/api/JavacTool> (0x00000000df4959e0) thrown at [C:\wsjdk\Corretto8Src\installers\windows\zip\corretto-build\buildRoot\src\hotspot\src\share\vm\classfile\systemDictionary.cpp, line 217]

Events (10 events):
Event: 10.801 loading class com/sun/tools/javac/tree/TreeInfo
Event: 10.801 loading class com/sun/tools/javac/tree/TreeInfo done
Event: 10.802 loading class com/sun/tools/javac/tree/TreeInfo$1DeclScanner
Event: 10.802 loading class com/sun/tools/javac/tree/TreeInfo$1DeclScanner done
Event: 10.803 loading class com/sun/tools/javac/tree/TreeInfo$1Result
Event: 10.803 loading class com/sun/tools/javac/tree/TreeInfo$1Result done
Event: 10.804 loading class com/sun/tools/javac/comp/Resolve$VerboseResolutionMode
Event: 10.804 loading class com/sun/tools/javac/comp/Resolve$VerboseResolutionMode done
Event: 10.805 loading class com/sun/tools/javac/jvm/Profile
Event: 10.805 loading class com/sun/tools/javac/jvm/Profile done


Dynamic libraries:
0x00007ff747fa0000 - 0x00007ff747fda000 	C:\Users\yangz\.jdks\corretto-1.8.0_292\bin\java.exe
0x00007ff8e1460000 - 0x00007ff8e1650000 	C:\Windows\SYSTEM32\ntdll.dll
0x00007ff8e0130000 - 0x00007ff8e01e3000 	C:\Windows\System32\KERNEL32.DLL
0x00007ff8de4f0000 - 0x00007ff8de796000 	C:\Windows\System32\KERNELBASE.dll
0x00007ff8dfca0000 - 0x00007ff8dfd43000 	C:\Windows\System32\ADVAPI32.dll
0x00007ff8dfd50000 - 0x00007ff8dfdee000 	C:\Windows\System32\msvcrt.dll
0x00007ff8df9e0000 - 0x00007ff8dfa77000 	C:\Windows\System32\sechost.dll
0x00007ff8dfa80000 - 0x00007ff8dfb9f000 	C:\Windows\System32\RPCRT4.dll
0x00007ff8e01f0000 - 0x00007ff8e0384000 	C:\Windows\System32\USER32.dll
0x00007ff8df4d0000 - 0x00007ff8df4f1000 	C:\Windows\System32\win32u.dll
0x00007ff8df890000 - 0x00007ff8df8b6000 	C:\Windows\System32\GDI32.dll
0x00007ff8de9b0000 - 0x00007ff8deb48000 	C:\Windows\System32\gdi32full.dll
0x00007ff8dec00000 - 0x00007ff8dec9e000 	C:\Windows\System32\msvcp_win.dll
0x00007ff8de3d0000 - 0x00007ff8de4ca000 	C:\Windows\System32\ucrtbase.dll
0x00007ff8bfae0000 - 0x00007ff8bfd64000 	C:\Windows\WinSxS\amd64_microsoft.windows.common-controls_6595b64144ccf1df_6.0.18362.1801_none_9e79a739e46243f0\COMCTL32.dll
0x00007ff8e0810000 - 0x00007ff8e0b46000 	C:\Windows\System32\combase.dll
0x00007ff8de8f0000 - 0x00007ff8de974000 	C:\Windows\System32\bcryptPrimitives.dll
0x00007ff8e0030000 - 0x00007ff8e005e000 	C:\Windows\System32\IMM32.DLL
0x00007ff89cfb0000 - 0x00007ff89d09f000 	C:\Users\yangz\.jdks\corretto-1.8.0_292\jre\bin\msvcr120.dll
0x00007ff89c8b0000 - 0x00007ff89c956000 	C:\Users\yangz\.jdks\corretto-1.8.0_292\jre\bin\msvcp120.dll
0x00000000693e0000 - 0x0000000069c4e000 	C:\Users\yangz\.jdks\corretto-1.8.0_292\jre\bin\server\jvm.dll
0x00007ff8dfc00000 - 0x00007ff8dfc08000 	C:\Windows\System32\PSAPI.DLL
0x00007ff8c5730000 - 0x00007ff8c5739000 	C:\Windows\SYSTEM32\WSOCK32.dll
0x00007ff8d6470000 - 0x00007ff8d647a000 	C:\Windows\SYSTEM32\VERSION.dll
0x00007ff8dbe40000 - 0x00007ff8dbe64000 	C:\Windows\SYSTEM32\WINMM.dll
0x00007ff8dfc30000 - 0x00007ff8dfc9f000 	C:\Windows\System32\WS2_32.dll
0x00007ff8dbe10000 - 0x00007ff8dbe3d000 	C:\Windows\SYSTEM32\winmmbase.dll
0x00007ff8deca0000 - 0x00007ff8decea000 	C:\Windows\System32\cfgmgr32.dll
0x00007ff8d8450000 - 0x00007ff8d845f000 	C:\Users\yangz\.jdks\corretto-1.8.0_292\jre\bin\verify.dll
0x00007ff8b6ea0000 - 0x00007ff8b6ec9000 	C:\Users\yangz\.jdks\corretto-1.8.0_292\jre\bin\java.dll
0x00007ff8d3250000 - 0x00007ff8d3266000 	C:\Users\yangz\.jdks\corretto-1.8.0_292\jre\bin\zip.dll
0x00007ff8e0c20000 - 0x00007ff8e1307000 	C:\Windows\System32\SHELL32.dll
0x00007ff8df930000 - 0x00007ff8df9d9000 	C:\Windows\System32\shcore.dll
0x00007ff8ded50000 - 0x00007ff8df4cb000 	C:\Windows\System32\windows.storage.dll
0x00007ff8de3b0000 - 0x00007ff8de3ce000 	C:\Windows\System32\profapi.dll
0x00007ff8de360000 - 0x00007ff8de3aa000 	C:\Windows\System32\powrprof.dll
0x00007ff8de310000 - 0x00007ff8de320000 	C:\Windows\System32\UMPDC.dll
0x00007ff8e13c0000 - 0x00007ff8e1412000 	C:\Windows\System32\shlwapi.dll
0x00007ff8de340000 - 0x00007ff8de351000 	C:\Windows\System32\kernel.appcore.dll
0x00007ff8de4d0000 - 0x00007ff8de4e7000 	C:\Windows\System32\cryptsp.dll
0x00007ff8dd670000 - 0x00007ff8dd6a3000 	C:\Windows\system32\rsaenh.dll
0x00007ff8de980000 - 0x00007ff8de9a6000 	C:\Windows\System32\bcrypt.dll
0x00007ff8de230000 - 0x00007ff8de255000 	C:\Windows\SYSTEM32\USERENV.dll
0x00007ff8ddcc0000 - 0x00007ff8ddccc000 	C:\Windows\SYSTEM32\CRYPTBASE.dll
0x00007ff8b38c0000 - 0x00007ff8b38da000 	C:\Users\yangz\.jdks\corretto-1.8.0_292\jre\bin\net.dll
0x00007ff8ddaf0000 - 0x00007ff8ddb57000 	C:\Windows\system32\mswsock.dll
0x00007ff8dd800000 - 0x00007ff8dd83a000 	C:\Windows\SYSTEM32\IPHLPAPI.DLL
0x00007ff8df880000 - 0x00007ff8df888000 	C:\Windows\System32\NSI.dll
0x00007ff8d7030000 - 0x00007ff8d7046000 	C:\Windows\SYSTEM32\dhcpcsvc6.DLL
0x00007ff8d7010000 - 0x00007ff8d702c000 	C:\Windows\SYSTEM32\dhcpcsvc.DLL
0x00007ff8dd840000 - 0x00007ff8dd90a000 	C:\Windows\SYSTEM32\DNSAPI.dll
0x00007ff8b2c00000 - 0x00007ff8b2c12000 	C:\Users\yangz\.jdks\corretto-1.8.0_292\jre\bin\nio.dll
0x00007ff8d7fc0000 - 0x00007ff8d7fca000 	C:\Users\yangz\AppData\Local\Temp\jansi-1.17.1-8781249508906091448.dll
0x00007ff8d7f90000 - 0x00007ff8d7f9a000 	C:\Users\yangz\AppData\Local\Temp\jansi-1.17.1-4658263526659063994.dll

VM Arguments:
jvm_args: -Dmaven.multiModuleProjectDirectory=C:\Users\yangz\IdeaProjects\COVID-19\domain\User\User_Module -Dmaven.home=C:\Program Files\JetBrains\IntelliJ IDEA 2021.1.1\plugins\maven\lib\maven3 -Dclassworlds.conf=C:\Program Files\JetBrains\IntelliJ IDEA 2021.1.1\plugins\maven\lib\maven3\bin\m2.conf -Dmaven.ext.class.path=C:\Program Files\JetBrains\IntelliJ IDEA 2021.1.1\plugins\maven\lib\maven-event-listener.jar -Dfile.encoding=UTF-8 
java_command: org.codehaus.classworlds.Launcher -Didea.version=2021.1.1 -DskipTests=true install
java_class_path (initial): C:\Program Files\JetBrains\IntelliJ IDEA 2021.1.1\plugins\maven\lib\maven3\boot\plexus-classworlds-2.6.0.jar;C:\Program Files\JetBrains\IntelliJ IDEA 2021.1.1\plugins\maven\lib\maven3\boot\plexus-classworlds.license
Launcher Type: SUN_STANDARD

Environment Variables:
JAVA_HOME=D:\Java\jdk1.8.0_301
CLASSPATH=.;D:\Java\jdk1.8.0_301\lib\dt.jar;D:\Java\jdk1.8.0_301\lib\tools.jar
PATH=D:\Java\jdk1.8.0_301\jre\bin;D:\Java\jdk1.8.0_301bin;D:\Vmware\bin\;C:\Program Files\Common Files\Oracle\Java\javapath;C:\Program Files (x86)\Common Files\Oracle\Java\javapath;D:\apache-tomcat-9.0.44\bin;C:\Windows\system32;C:\Windows;C:\Windows\System32\Wbem;C:\Windows\System32\WindowsPowerShell\v1.0\;C:\Windows\System32\OpenSSH\;C:\Program Files (x86)\Microsoft SQL Server\150\DTS\Binn\;C:\Program Files\Azure Data Studio\bin;C:\Program Files\Microsoft SQL Server\Client SDK\ODBC\170\Tools\Binn\;C:\Program Files (x86)\Microsoft SQL Server\150\Tools\Binn\;C:\Program Files\Microsoft SQL Server\150\Tools\Binn\;C:\Program Files\Microsoft SQL Server\150\DTS\Binn\;C:\Program Files\Intel\WiFi\bin\;C:\Program Files\Common Files\Intel\WirelessCommon\;C:\sdk;C:\sdk\platform-tools;;D:\mysql-8.0.24-winx64bin;D:\apache-maven-3.8.1\bin;C:\Program Files\Common Files\Autodesk Shared\;C:\Program Files\Microsoft SQL Server\120\Tools\Binn\;C:\Program Files\Microsoft SQL Server\130\Tools\Binn\;D:\opencv3.4.1\opencv\build\x64\vc15\bin;"D:\apache-tomcat-7.0.109\bin;";"D:\apache-tomcat-7.0.109\lib;";D:\apache-jmeter-5.4.1\bin;D:\erl-23.0\bin;D:\nodejs\;D:\XShell7\;D:\Xftp7\;C:\Users\yangz\AppData\Local\Microsoft\WindowsApps;C:\Program Files\Azure Data Studio\bin;D:\idea\IntelliJ IDEA 2021.1.1\bin;;D:\Microsoft VS Code\bin;C:\Users\yangz\AppData\Roaming\npm;C:\Program Files\Bandizip\
USERNAME=yangz
OS=Windows_NT
PROCESSOR_IDENTIFIER=AMD64 Family 23 Model 17 Stepping 0, AuthenticAMD



---------------  S Y S T E M  ---------------

OS: Windows 10.0 , 64 bit Build 18362 (10.0.18362.1766)

CPU:total 8 (initial active 8) (8 cores per cpu, 1 threads per core) family 23 model 17 stepping 0, cmov, cx8, fxsr, mmx, sse, sse2, sse3, ssse3, sse4.1, sse4.2, popcnt, avx, avx2, aes, clmul, mmxext, 3dnowpref, lzcnt, sse4a, tsc, tscinvbit, tscinv, bmi1

Memory: 4k page, physical 7239248k(372700k free), swap 10494796k(3960k free)

vm_info: OpenJDK 64-Bit Server VM (25.292-b10) for windows-amd64 JRE (1.8.0_292-b10), built on Apr 14 2021 23:06:53 by "Administrator" with MS VC++ 12.0 (VS2013)

time: Wed Dec 29 10:13:07 2021
timezone: ?D1¨²¡À¨º¡Á?¨º¡À??
elapsed time: 10.819352 seconds (0d 0h 0m 10s)

