#
# There is insufficient memory for the Java Runtime Environment to continue.
# Native memory allocation (malloc) failed to allocate 1249296 bytes for Chunk::new
# Possible reasons:
#   The system is out of physical RAM or swap space
#   The process is running with CompressedOops enabled, and the Java Heap may be blocking the growth of the native heap
# Possible solutions:
#   Reduce memory load on the system
#   Increase physical memory or swap space
#   Check if swap backing store is full
#   Decrease Java heap size (-Xmx/-Xms)
#   Decrease number of Java threads
#   Decrease Java thread stack sizes (-Xss)
#   Set larger code cache with -XX:ReservedCodeCacheSize=
#   JVM is running with Unscaled Compressed Oops mode in which the Java heap is
#     placed in the first 4GB address space. The Java Heap base address is the
#     maximum limit for the native heap growth. Please use -XX:HeapBaseMinAddress
#     to set the Java Heap base and to place the Java Heap above 4GB virtual address.
# This output file may be truncated or incomplete.
#
#  Out of Memory Error (allocation.cpp:389), pid=6980, tid=0x0000000000003d80
#
# JRE version: OpenJDK Runtime Environment (8.0_292-b10) (build 1.8.0_292-b10)
# Java VM: OpenJDK 64-Bit Server VM (25.292-b10 mixed mode windows-amd64 compressed oops)
# Failed to write core dump. Minidumps are not enabled by default on client versions of Windows
#

---------------  T H R E A D  ---------------

Current thread (0x000001ea1e733800):  JavaThread "C2 CompilerThread0" daemon [_thread_in_native, id=15744, stack(0x0000006aa0800000,0x0000006aa0900000)]

Stack: [0x0000006aa0800000,0x0000006aa0900000]
[error occurred during error reporting (printing stack bounds), id 0xc0000005]

Native frames: (J=compiled Java code, j=interpreted, Vv=VM code, C=native code)


Current CompileTask:
C2:   7907 4056   !   4       java.net.URLClassLoader$1::run (63 bytes)


---------------  P R O C E S S  ---------------

Java Threads: ( => current thread )
  0x000001ea204a9800 JavaThread "Service Thread" daemon [_thread_blocked, id=360, stack(0x0000006aa0c00000,0x0000006aa0d00000)]
  0x000001ea1e74b800 JavaThread "C1 CompilerThread3" daemon [_thread_in_native, id=16052, stack(0x0000006aa0b00000,0x0000006aa0c00000)]
  0x000001ea1e746000 JavaThread "C2 CompilerThread2" daemon [_thread_in_native, id=6452, stack(0x0000006aa0a00000,0x0000006aa0b00000)]
  0x000001ea1e73a000 JavaThread "C2 CompilerThread1" daemon [_thread_in_native, id=1240, stack(0x0000006aa0900000,0x0000006aa0a00000)]
=>0x000001ea1e733800 JavaThread "C2 CompilerThread0" daemon [_thread_in_native, id=15744, stack(0x0000006aa0800000,0x0000006aa0900000)]
  0x000001ea1e6d8800 JavaThread "Attach Listener" daemon [_thread_blocked, id=16100, stack(0x0000006aa0700000,0x0000006aa0800000)]
  0x000001ea1e6d6800 JavaThread "Signal Dispatcher" daemon [_thread_blocked, id=10764, stack(0x0000006aa0600000,0x0000006aa0700000)]
  0x000001ea1e6a8000 JavaThread "Finalizer" daemon [_thread_blocked, id=10012, stack(0x0000006aa0500000,0x0000006aa0600000)]
  0x000001ea1e6a0000 JavaThread "Reference Handler" daemon [_thread_blocked, id=11488, stack(0x0000006aa0400000,0x0000006aa0500000)]
  0x000001ea08a7a000 JavaThread "main" [_thread_in_Java, id=16340, stack(0x0000006a9fa00000,0x0000006a9fb00000)]

Other Threads:
  0x000001ea1e674000 VMThread [stack: 0x0000006aa0300000,0x0000006aa0400000] [id=7804]
  0x000001ea2047e800 WatcherThread [stack: 0x0000006aa0d00000,0x0000006aa0e00000] [id=1360]

VM state:not at safepoint (normal execution)

VM Mutex/Monitor currently owned by a thread:  ([mutex/lock_event])
[0x000001ea08a6e180] CodeCache_lock - owner thread: 0x000001ea1e74b800
[0x000001ea08a78370] Compile_lock - owner thread: 0x000001ea1e74b800
[0x000001ea08a77870] MethodCompileQueue_lock - owner thread: 0x000001ea1e74b800

heap address: 0x0000000091800000, size: 1768 MB, Compressed Oops mode: 32-bit
Narrow klass base: 0x0000000000000000, Narrow klass shift: 3
Compressed class space size: 1073741824 Address: 0x0000000100000000

Heap:
 PSYoungGen      total 66048K, used 10833K [0x00000000db300000, 0x00000000e0000000, 0x0000000100000000)
  eden space 56320K, 2% used [0x00000000db300000,0x00000000db419e30,0x00000000dea00000)
  from space 9728K, 99% used [0x00000000df480000,0x00000000dfdfa6a0,0x00000000dfe00000)
  to   space 10752K, 0% used [0x00000000dea00000,0x00000000dea00000,0x00000000df480000)
 ParOldGen       total 80896K, used 40293K [0x0000000091800000, 0x0000000096700000, 0x00000000db300000)
  object space 80896K, 49% used [0x0000000091800000,0x0000000093f597d0,0x0000000096700000)
 Metaspace       used 22459K, capacity 22942K, committed 23216K, reserved 1069056K
  class space    used 2590K, capacity 2716K, committed 2736K, reserved 1048576K

Card table byte_map: [0x000001ea19bc0000,0x000001ea19f40000] byte_map_base: 0x000001ea19734000

Marking Bits: (ParMarkBitMap*) 0x000000006efef7f0
 Begin Bits: [0x000001ea1a190000, 0x000001ea1bd30000)
 End Bits:   [0x000001ea1bd30000, 0x000001ea1d8d0000)

Polling page: 0x000001ea08c10000

CodeCache: size=245760Kb used=13626Kb max_used=14107Kb free=232133Kb
 bounds [0x000001ea0a800000, 0x000001ea0b640000, 0x000001ea19800000]
 total_blobs=4105 nmethods=3698 adapters=320
 compilation: enabled

Compilation events (10 events):
Event: 7.892 Thread 0x000001ea1e74b800 nmethod 4236 0x000001ea0a96bd10 code [0x000001ea0a96bf00, 0x000001ea0a96c8c0]
Event: 7.893 Thread 0x000001ea1e74b800 4241       3       com.sun.tools.javac.comp.Attr$ResultInfo::check (21 bytes)
Event: 7.893 Thread 0x000001ea1e74b800 nmethod 4241 0x000001ea0a9233d0 code [0x000001ea0a923540, 0x000001ea0a9236f0]
Event: 7.893 Thread 0x000001ea1e74b800 4242       3       com.sun.tools.javac.comp.Check::checkType (188 bytes)
Event: 7.894 Thread 0x000001ea1e74b800 nmethod 4242 0x000001ea0ae89b90 code [0x000001ea0ae89f80, 0x000001ea0ae8c440]
Event: 7.895 Thread 0x000001ea1e74b800 4237       3       com.sun.tools.javac.comp.Check::checkProfile (50 bytes)
Event: 7.895 Thread 0x000001ea1e74b800 nmethod 4237 0x000001ea0ae275d0 code [0x000001ea0ae277a0, 0x000001ea0ae28090]
Event: 7.898 Thread 0x000001ea1e74b800 4244       3       com.sun.tools.javac.tree.JCTree$JCFieldAccess::accept (6 bytes)
Event: 7.899 Thread 0x000001ea1e74b800 nmethod 4244 0x000001ea0ac353d0 code [0x000001ea0ac35540, 0x000001ea0ac35770]
Event: 7.900 Thread 0x000001ea1e74b800 4245       3       com.sun.tools.javac.comp.Attr::visitSelect (1224 bytes)

GC Heap History (10 events):
Event: 4.873 GC heap before
{Heap before GC invocations=7 (full 0):
 PSYoungGen      total 66048K, used 65128K [0x00000000db300000, 0x00000000e0000000, 0x0000000100000000)
  eden space 56320K, 100% used [0x00000000db300000,0x00000000dea00000,0x00000000dea00000)
  from space 9728K, 90% used [0x00000000df480000,0x00000000dfd1a020,0x00000000dfe00000)
  to   space 10752K, 0% used [0x00000000dea00000,0x00000000dea00000,0x00000000df480000)
 ParOldGen       total 76800K, used 12110K [0x0000000091800000, 0x0000000096300000, 0x00000000db300000)
  object space 76800K, 15% used [0x0000000091800000,0x00000000923d38a0,0x0000000096300000)
 Metaspace       used 16630K, capacity 16950K, committed 17152K, reserved 1064960K
  class space    used 1908K, capacity 2018K, committed 2048K, reserved 1048576K
Event: 4.884 GC heap after
Heap after GC invocations=7 (full 0):
 PSYoungGen      total 67072K, used 10736K [0x00000000db300000, 0x00000000e0000000, 0x0000000100000000)
  eden space 56320K, 0% used [0x00000000db300000,0x00000000db300000,0x00000000dea00000)
  from space 10752K, 99% used [0x00000000dea00000,0x00000000df47c030,0x00000000df480000)
  to   space 9728K, 0% used [0x00000000df480000,0x00000000df480000,0x00000000dfe00000)
 ParOldGen       total 76800K, used 16671K [0x0000000091800000, 0x0000000096300000, 0x00000000db300000)
  object space 76800K, 21% used [0x0000000091800000,0x0000000092847cc0,0x0000000096300000)
 Metaspace       used 16630K, capacity 16950K, committed 17152K, reserved 1064960K
  class space    used 1908K, capacity 2018K, committed 2048K, reserved 1048576K
}
Event: 5.783 GC heap before
{Heap before GC invocations=8 (full 0):
 PSYoungGen      total 67072K, used 67056K [0x00000000db300000, 0x00000000e0000000, 0x0000000100000000)
  eden space 56320K, 100% used [0x00000000db300000,0x00000000dea00000,0x00000000dea00000)
  from space 10752K, 99% used [0x00000000dea00000,0x00000000df47c030,0x00000000df480000)
  to   space 9728K, 0% used [0x00000000df480000,0x00000000df480000,0x00000000dfe00000)
 ParOldGen       total 76800K, used 16671K [0x0000000091800000, 0x0000000096300000, 0x00000000db300000)
  object space 76800K, 21% used [0x0000000091800000,0x0000000092847cc0,0x0000000096300000)
 Metaspace       used 16954K, capacity 17282K, committed 17408K, reserved 1064960K
  class space    used 1925K, capacity 2020K, committed 2048K, reserved 1048576K
Event: 5.799 GC heap after
Heap after GC invocations=8 (full 0):
 PSYoungGen      total 66048K, used 9728K [0x00000000db300000, 0x00000000e0000000, 0x0000000100000000)
  eden space 56320K, 0% used [0x00000000db300000,0x00000000db300000,0x00000000dea00000)
  from space 9728K, 100% used [0x00000000df480000,0x00000000dfe00000,0x00000000dfe00000)
  to   space 10752K, 0% used [0x00000000dea00000,0x00000000dea00000,0x00000000df480000)
 ParOldGen       total 76800K, used 25224K [0x0000000091800000, 0x0000000096300000, 0x00000000db300000)
  object space 76800K, 32% used [0x0000000091800000,0x00000000930a2370,0x0000000096300000)
 Metaspace       used 16954K, capacity 17282K, committed 17408K, reserved 1064960K
  class space    used 1925K, capacity 2020K, committed 2048K, reserved 1048576K
}
Event: 6.690 GC heap before
{Heap before GC invocations=9 (full 0):
 PSYoungGen      total 66048K, used 60377K [0x00000000db300000, 0x00000000e0000000, 0x0000000100000000)
  eden space 56320K, 89% used [0x00000000db300000,0x00000000de476678,0x00000000dea00000)
  from space 9728K, 100% used [0x00000000df480000,0x00000000dfe00000,0x00000000dfe00000)
  to   space 10752K, 0% used [0x00000000dea00000,0x00000000dea00000,0x00000000df480000)
 ParOldGen       total 76800K, used 25224K [0x0000000091800000, 0x0000000096300000, 0x00000000db300000)
  object space 76800K, 32% used [0x0000000091800000,0x00000000930a2370,0x0000000096300000)
 Metaspace       used 20754K, capacity 21214K, committed 21296K, reserved 1069056K
  class space    used 2441K, capacity 2588K, committed 2608K, reserved 1048576K
Event: 6.703 GC heap after
Heap after GC invocations=9 (full 0):
 PSYoungGen      total 67072K, used 10325K [0x00000000db300000, 0x00000000e0000000, 0x0000000100000000)
  eden space 56320K, 0% used [0x00000000db300000,0x00000000db300000,0x00000000dea00000)
  from space 10752K, 96% used [0x00000000dea00000,0x00000000df415680,0x00000000df480000)
  to   space 9728K, 0% used [0x00000000df480000,0x00000000df480000,0x00000000dfe00000)
 ParOldGen       total 76800K, used 28082K [0x0000000091800000, 0x0000000096300000, 0x00000000db300000)
  object space 76800K, 36% used [0x0000000091800000,0x000000009336cad0,0x0000000096300000)
 Metaspace       used 20754K, capacity 21214K, committed 21296K, reserved 1069056K
  class space    used 2441K, capacity 2588K, committed 2608K, reserved 1048576K
}
Event: 6.703 GC heap before
{Heap before GC invocations=10 (full 1):
 PSYoungGen      total 67072K, used 10325K [0x00000000db300000, 0x00000000e0000000, 0x0000000100000000)
  eden space 56320K, 0% used [0x00000000db300000,0x00000000db300000,0x00000000dea00000)
  from space 10752K, 96% used [0x00000000dea00000,0x00000000df415680,0x00000000df480000)
  to   space 9728K, 0% used [0x00000000df480000,0x00000000df480000,0x00000000dfe00000)
 ParOldGen       total 76800K, used 28082K [0x0000000091800000, 0x0000000096300000, 0x00000000db300000)
  object space 76800K, 36% used [0x0000000091800000,0x000000009336cad0,0x0000000096300000)
 Metaspace       used 20754K, capacity 21214K, committed 21296K, reserved 1069056K
  class space    used 2441K, capacity 2588K, committed 2608K, reserved 1048576K
Event: 6.786 GC heap after
Heap after GC invocations=10 (full 1):
 PSYoungGen      total 67072K, used 0K [0x00000000db300000, 0x00000000e0000000, 0x0000000100000000)
  eden space 56320K, 0% used [0x00000000db300000,0x00000000db300000,0x00000000dea00000)
  from space 10752K, 0% used [0x00000000dea00000,0x00000000dea00000,0x00000000df480000)
  to   space 9728K, 0% used [0x00000000df480000,0x00000000df480000,0x00000000dfe00000)
 ParOldGen       total 80896K, used 30980K [0x0000000091800000, 0x0000000096700000, 0x00000000db300000)
  object space 80896K, 38% used [0x0000000091800000,0x00000000936412a0,0x0000000096700000)
 Metaspace       used 20754K, capacity 21214K, committed 21296K, reserved 1069056K
  class space    used 2441K, capacity 2588K, committed 2608K, reserved 1048576K
}
Event: 7.868 GC heap before
{Heap before GC invocations=11 (full 1):
 PSYoungGen      total 67072K, used 56320K [0x00000000db300000, 0x00000000e0000000, 0x0000000100000000)
  eden space 56320K, 100% used [0x00000000db300000,0x00000000dea00000,0x00000000dea00000)
  from space 10752K, 0% used [0x00000000dea00000,0x00000000dea00000,0x00000000df480000)
  to   space 9728K, 0% used [0x00000000df480000,0x00000000df480000,0x00000000dfe00000)
 ParOldGen       total 80896K, used 30980K [0x0000000091800000, 0x0000000096700000, 0x00000000db300000)
  object space 80896K, 38% used [0x0000000091800000,0x00000000936412a0,0x0000000096700000)
 Metaspace       used 22441K, capacity 22942K, committed 23216K, reserved 1069056K
  class space    used 2590K, capacity 2716K, committed 2736K, reserved 1048576K
Event: 7.884 GC heap after
Heap after GC invocations=11 (full 1):
 PSYoungGen      total 66048K, used 9705K [0x00000000db300000, 0x00000000e0000000, 0x0000000100000000)
  eden space 56320K, 0% used [0x00000000db300000,0x00000000db300000,0x00000000dea00000)
  from space 9728K, 99% used [0x00000000df480000,0x00000000dfdfa6a0,0x00000000dfe00000)
  to   space 10752K, 0% used [0x00000000dea00000,0x00000000dea00000,0x00000000df480000)
 ParOldGen       total 80896K, used 40293K [0x0000000091800000, 0x0000000096700000, 0x00000000db300000)
  object space 80896K, 49% used [0x0000000091800000,0x0000000093f597d0,0x0000000096700000)
 Metaspace       used 22441K, capacity 22942K, committed 23216K, reserved 1069056K
  class space    used 2590K, capacity 2716K, committed 2736K, reserved 1048576K
}

Deoptimization events (10 events):
Event: 7.553 Thread 0x000001ea08a7a000 Uncommon trap: reason=array_check action=maybe_recompile pc=0x000001ea0ab467d8 method=java.util.ComparableTimSort.binarySort([Ljava/lang/Object;III)V @ 215
Event: 7.554 Thread 0x000001ea08a7a000 Uncommon trap: reason=array_check action=maybe_recompile pc=0x000001ea0a90f24c method=java.util.ComparableTimSort.binarySort([Ljava/lang/Object;III)V @ 215
Event: 7.559 Thread 0x000001ea08a7a000 Uncommon trap: reason=array_check action=maybe_recompile pc=0x000001ea0af0dbe4 method=java.util.ComparableTimSort.reverseRange([Ljava/lang/Object;II)V @ 20
Event: 7.559 Thread 0x000001ea08a7a000 Uncommon trap: reason=array_check action=maybe_recompile pc=0x000001ea0af0dbe4 method=java.util.ComparableTimSort.reverseRange([Ljava/lang/Object;II)V @ 20
Event: 7.559 Thread 0x000001ea08a7a000 Uncommon trap: reason=array_check action=maybe_recompile pc=0x000001ea0af0dbe4 method=java.util.ComparableTimSort.reverseRange([Ljava/lang/Object;II)V @ 20
Event: 7.559 Thread 0x000001ea08a7a000 Uncommon trap: reason=array_check action=maybe_recompile pc=0x000001ea0af0dbe4 method=java.util.ComparableTimSort.reverseRange([Ljava/lang/Object;II)V @ 20
Event: 7.562 Thread 0x000001ea08a7a000 Uncommon trap: reason=array_check action=maybe_recompile pc=0x000001ea0b13c36c method=java.util.ComparableTimSort.binarySort([Ljava/lang/Object;III)V @ 183
Event: 7.563 Thread 0x000001ea08a7a000 Uncommon trap: reason=array_check action=maybe_recompile pc=0x000001ea0b13c36c method=java.util.ComparableTimSort.binarySort([Ljava/lang/Object;III)V @ 183
Event: 7.676 Thread 0x000001ea08a7a000 Uncommon trap: reason=unstable_if action=reinterpret pc=0x000001ea0a967d70 method=com.sun.tools.javac.util.Name$Table.equals([BI[BII)Z @ 22
Event: 7.789 Thread 0x000001ea08a7a000 Uncommon trap: reason=unstable_if action=reinterpret pc=0x000001ea0ac04b4c method=java.io.WinNTFileSystem.normalize(Ljava/lang/String;II)Ljava/lang/String; @ 128

Classes redefined (0 events):
No events

Internal exceptions (10 events):
Event: 2.628 Thread 0x000001ea08a7a000 Implicit null exception at 0x000001ea0aa29614 to 0x000001ea0aa299dd
Event: 2.879 Thread 0x000001ea08a7a000 Implicit null exception at 0x000001ea0ae5f173 to 0x000001ea0ae6044d
Event: 3.266 Thread 0x000001ea08a7a000 Implicit null exception at 0x000001ea0afab537 to 0x000001ea0afab77d
Event: 3.498 Thread 0x000001ea08a7a000 Implicit null exception at 0x000001ea0b06b1e0 to 0x000001ea0b06c449
Event: 5.289 Thread 0x000001ea08a7a000 Implicit null exception at 0x000001ea0b3979b5 to 0x000001ea0b397b85
Event: 5.291 Thread 0x000001ea08a7a000 Implicit null exception at 0x000001ea0ac393af to 0x000001ea0ac39419
Event: 5.980 Thread 0x000001ea08a7a000 Implicit null exception at 0x000001ea0b1e1b81 to 0x000001ea0b1e1f89
Event: 6.512 Thread 0x000001ea08a7a000 Exception <a 'java/lang/ClassNotFoundException': com/sun/tools/javac/api/JavacTool> (0x00000000dda5ade8) thrown at [C:\wsjdk\Corretto8Src\installers\windows\zip\corretto-build\buildRoot\src\hotspot\src\share\vm\classfile\systemDictionary.cpp, line 217]
Event: 7.423 Thread 0x000001ea08a7a000 Exception <a 'java/io/FileNotFoundException'> (0x00000000dce7cf90) thrown at [C:\wsjdk\Corretto8Src\installers\windows\zip\corretto-build\buildRoot\src\hotspot\src\share\vm\prims\jni.cpp, line 711]
Event: 7.427 Thread 0x000001ea08a7a000 Exception <a 'java/io/FileNotFoundException'> (0x00000000dced9470) thrown at [C:\wsjdk\Corretto8Src\installers\windows\zip\corretto-build\buildRoot\src\hotspot\src\share\vm\prims\jni.cpp, line 711]

Events (10 events):
Event: 7.891 Thread 0x000001ea1e74b800 flushing nmethod 0x000001ea0a985fd0
Event: 7.892 Thread 0x000001ea1e74b800 flushing nmethod 0x000001ea0a9e9b50
Event: 7.895 Thread 0x000001ea1e74b800 flushing nmethod 0x000001ea0ac353d0
Event: 7.895 Thread 0x000001ea1e74b800 flushing nmethod 0x000001ea0ac39250
Event: 7.895 Thread 0x000001ea1e74b800 flushing nmethod 0x000001ea0ac8a290
Event: 7.895 Thread 0x000001ea1e74b800 flushing nmethod 0x000001ea0ac9f8d0
Event: 7.895 Thread 0x000001ea1e74b800 flushing nmethod 0x000001ea0acc2dd0
Event: 7.895 Thread 0x000001ea1e74b800 flushing nmethod 0x000001ea0ad0d450
Event: 7.899 Thread 0x000001ea1e74b800 flushing nmethod 0x000001ea0ad340d0
Event: 7.899 Thread 0x000001ea1e74b800 flushing nmethod 0x000001ea0ad5e710


Dynamic libraries:
0x00007ff7ac350000 - 0x00007ff7ac38a000 	C:\Users\yangz\.jdks\corretto-1.8.0_292\bin\java.exe
0x00007fffba260000 - 0x00007fffba450000 	C:\Windows\SYSTEM32\ntdll.dll
0x00007fffb8a70000 - 0x00007fffb8b23000 	C:\Windows\System32\KERNEL32.DLL
0x00007fffb7300000 - 0x00007fffb75a6000 	C:\Windows\System32\KERNELBASE.dll
0x00007fffb92e0000 - 0x00007fffb9383000 	C:\Windows\System32\ADVAPI32.dll
0x00007fffb9460000 - 0x00007fffb94fe000 	C:\Windows\System32\msvcrt.dll
0x00007fffb8b30000 - 0x00007fffb8bc7000 	C:\Windows\System32\sechost.dll
0x00007fffb8ff0000 - 0x00007fffb910f000 	C:\Windows\System32\RPCRT4.dll
0x00007fffb8380000 - 0x00007fffb8514000 	C:\Windows\System32\USER32.dll
0x00007fffb72d0000 - 0x00007fffb72f1000 	C:\Windows\System32\win32u.dll
0x00007fffb9cd0000 - 0x00007fffb9cf6000 	C:\Windows\System32\GDI32.dll
0x00007fffb7930000 - 0x00007fffb7ac8000 	C:\Windows\System32\gdi32full.dll
0x00007fffb7890000 - 0x00007fffb792e000 	C:\Windows\System32\msvcp_win.dll
0x00007fffb75b0000 - 0x00007fffb76aa000 	C:\Windows\System32\ucrtbase.dll
0x00007fffa6720000 - 0x00007fffa69a4000 	C:\Windows\WinSxS\amd64_microsoft.windows.common-controls_6595b64144ccf1df_6.0.18362.1801_none_9e79a739e46243f0\COMCTL32.dll
0x00007fffb8c80000 - 0x00007fffb8fb6000 	C:\Windows\System32\combase.dll
0x00007fffb7800000 - 0x00007fffb7884000 	C:\Windows\System32\bcryptPrimitives.dll
0x00007fffb8fc0000 - 0x00007fffb8fee000 	C:\Windows\System32\IMM32.DLL
0x00007fff74830000 - 0x00007fff7491f000 	C:\Users\yangz\.jdks\corretto-1.8.0_292\jre\bin\msvcr120.dll
0x00007fff74780000 - 0x00007fff74826000 	C:\Users\yangz\.jdks\corretto-1.8.0_292\jre\bin\msvcp120.dll
0x000000006e800000 - 0x000000006f06e000 	C:\Users\yangz\.jdks\corretto-1.8.0_292\jre\bin\server\jvm.dll
0x00007fffb9d00000 - 0x00007fffb9d08000 	C:\Windows\System32\PSAPI.DLL
0x00007fffa26d0000 - 0x00007fffa26d9000 	C:\Windows\SYSTEM32\WSOCK32.dll
0x00007fffaeea0000 - 0x00007fffaeeaa000 	C:\Windows\SYSTEM32\VERSION.dll
0x00007fffb89a0000 - 0x00007fffb8a0f000 	C:\Windows\System32\WS2_32.dll
0x00007fffb4c20000 - 0x00007fffb4c44000 	C:\Windows\SYSTEM32\WINMM.dll
0x00007fffb4bf0000 - 0x00007fffb4c1d000 	C:\Windows\SYSTEM32\winmmbase.dll
0x00007fffb7200000 - 0x00007fffb724a000 	C:\Windows\System32\cfgmgr32.dll
0x00007fffb2dc0000 - 0x00007fffb2dcf000 	C:\Users\yangz\.jdks\corretto-1.8.0_292\jre\bin\verify.dll
0x00007fffa2a20000 - 0x00007fffa2a49000 	C:\Users\yangz\.jdks\corretto-1.8.0_292\jre\bin\java.dll
0x00007fffb2b90000 - 0x00007fffb2ba6000 	C:\Users\yangz\.jdks\corretto-1.8.0_292\jre\bin\zip.dll
0x00007fffb9500000 - 0x00007fffb9be7000 	C:\Windows\System32\SHELL32.dll
0x00007fffb8bd0000 - 0x00007fffb8c79000 	C:\Windows\System32\shcore.dll
0x00007fffb7ad0000 - 0x00007fffb824b000 	C:\Windows\System32\windows.storage.dll
0x00007fffb71b0000 - 0x00007fffb71ce000 	C:\Windows\System32\profapi.dll
0x00007fffb7160000 - 0x00007fffb71aa000 	C:\Windows\System32\powrprof.dll
0x00007fffb7110000 - 0x00007fffb7120000 	C:\Windows\System32\UMPDC.dll
0x00007fffb8a10000 - 0x00007fffb8a62000 	C:\Windows\System32\shlwapi.dll
0x00007fffb7120000 - 0x00007fffb7131000 	C:\Windows\System32\kernel.appcore.dll
0x00007fffb7250000 - 0x00007fffb7267000 	C:\Windows\System32\cryptsp.dll
0x00007fffb6470000 - 0x00007fffb64a3000 	C:\Windows\system32\rsaenh.dll
0x00007fffb71d0000 - 0x00007fffb71f6000 	C:\Windows\System32\bcrypt.dll
0x00007fffb7000000 - 0x00007fffb7025000 	C:\Windows\SYSTEM32\USERENV.dll
0x00007fffb6ac0000 - 0x00007fffb6acc000 	C:\Windows\SYSTEM32\CRYPTBASE.dll
0x00007fffa4150000 - 0x00007fffa416a000 	C:\Users\yangz\.jdks\corretto-1.8.0_292\jre\bin\net.dll
0x00007fffb68f0000 - 0x00007fffb6957000 	C:\Windows\system32\mswsock.dll
0x00007fffb6600000 - 0x00007fffb663a000 	C:\Windows\SYSTEM32\IPHLPAPI.DLL
0x00007fffb9bf0000 - 0x00007fffb9bf8000 	C:\Windows\System32\NSI.dll
0x00007fffafa50000 - 0x00007fffafa66000 	C:\Windows\SYSTEM32\dhcpcsvc6.DLL
0x00007fffaf930000 - 0x00007fffaf94c000 	C:\Windows\SYSTEM32\dhcpcsvc.DLL
0x00007fffb6640000 - 0x00007fffb670a000 	C:\Windows\SYSTEM32\DNSAPI.dll
0x00007fffa3090000 - 0x00007fffa30a2000 	C:\Users\yangz\.jdks\corretto-1.8.0_292\jre\bin\nio.dll
0x00007fffa3ae0000 - 0x00007fffa3aea000 	C:\Users\yangz\AppData\Local\Temp\jansi-1.17.1-4620253941133577471.dll
0x00007fffa37d0000 - 0x00007fffa37da000 	C:\Users\yangz\AppData\Local\Temp\jansi-1.17.1-7748559349127452487.dll

VM Arguments:
jvm_args: -Dmaven.multiModuleProjectDirectory=C:\Users\yangz\IdeaProjects\COVID-19\domain\Admin\Admin_Module_service -Dmaven.home=C:\Program Files\JetBrains\IntelliJ IDEA 2021.1.1\plugins\maven\lib\maven3 -Dclassworlds.conf=C:\Program Files\JetBrains\IntelliJ IDEA 2021.1.1\plugins\maven\lib\maven3\bin\m2.conf -Dmaven.ext.class.path=C:\Program Files\JetBrains\IntelliJ IDEA 2021.1.1\plugins\maven\lib\maven-event-listener.jar -Dfile.encoding=UTF-8 
java_command: org.codehaus.classworlds.Launcher -Didea.version=2021.1.1 -DskipTests=true install
java_class_path (initial): C:\Program Files\JetBrains\IntelliJ IDEA 2021.1.1\plugins\maven\lib\maven3\boot\plexus-classworlds-2.6.0.jar;C:\Program Files\JetBrains\IntelliJ IDEA 2021.1.1\plugins\maven\lib\maven3\boot\plexus-classworlds.license
Launcher Type: SUN_STANDARD

Environment Variables:
JAVA_HOME=D:\Java\jdk1.8.0_301
CLASSPATH=.;D:\Java\jdk1.8.0_301\lib\dt.jar;D:\Java\jdk1.8.0_301\lib\tools.jar
PATH=D:\Java\jdk1.8.0_301\jre\bin;D:\Java\jdk1.8.0_301bin;D:\Vmware\bin\;C:\Program Files\Common Files\Oracle\Java\javapath;C:\Program Files (x86)\Common Files\Oracle\Java\javapath;D:\apache-tomcat-9.0.44\bin;C:\Windows\system32;C:\Windows;C:\Windows\System32\Wbem;C:\Windows\System32\WindowsPowerShell\v1.0\;C:\Windows\System32\OpenSSH\;C:\Program Files (x86)\Microsoft SQL Server\150\DTS\Binn\;C:\Program Files\Azure Data Studio\bin;C:\Program Files\Microsoft SQL Server\Client SDK\ODBC\170\Tools\Binn\;C:\Program Files (x86)\Microsoft SQL Server\150\Tools\Binn\;C:\Program Files\Microsoft SQL Server\150\Tools\Binn\;C:\Program Files\Microsoft SQL Server\150\DTS\Binn\;C:\Program Files\Intel\WiFi\bin\;C:\Program Files\Common Files\Intel\WirelessCommon\;C:\sdk;C:\sdk\platform-tools;;D:\mysql-8.0.24-winx64bin;D:\apache-maven-3.8.1\bin;C:\Program Files\Common Files\Autodesk Shared\;C:\Program Files\Microsoft SQL Server\120\Tools\Binn\;C:\Program Files\Microsoft SQL Server\130\Tools\Binn\;D:\opencv3.4.1\opencv\build\x64\vc15\bin;"D:\apache-tomcat-7.0.109\bin;";"D:\apache-tomcat-7.0.109\lib;";D:\apache-jmeter-5.4.1\bin;D:\erl-23.0\bin;D:\nodejs\;D:\XShell7\;D:\Xftp7\;C:\Users\yangz\AppData\Local\Microsoft\WindowsApps;C:\Program Files\Azure Data Studio\bin;D:\idea\IntelliJ IDEA 2021.1.1\bin;;D:\Microsoft VS Code\bin;C:\Users\yangz\AppData\Roaming\npm;C:\Program Files\Bandizip\
USERNAME=yangz
OS=Windows_NT
PROCESSOR_IDENTIFIER=AMD64 Family 23 Model 17 Stepping 0, AuthenticAMD



---------------  S Y S T E M  ---------------

OS: Windows 10.0 , 64 bit Build 18362 (10.0.18362.1766)

CPU:total 8 (initial active 8) (8 cores per cpu, 1 threads per core) family 23 model 17 stepping 0, cmov, cx8, fxsr, mmx, sse, sse2, sse3, ssse3, sse4.1, sse4.2, popcnt, avx, avx2, aes, clmul, mmxext, 3dnowpref, lzcnt, sse4a, tsc, tscinvbit, tscinv, bmi1

Memory: 4k page, physical 7239248k(718768k free), swap 10424224k(5280k free)

vm_info: OpenJDK 64-Bit Server VM (25.292-b10) for windows-amd64 JRE (1.8.0_292-b10), built on Apr 14 2021 23:06:53 by "Administrator" with MS VC++ 12.0 (VS2013)

time: Fri Dec 31 10:39:15 2021
timezone: ?D1¨²¡À¨º¡Á?¨º¡À??
elapsed time: 7.916382 seconds (0d 0h 0m 7s)

