#
# There is insufficient memory for the Java Runtime Environment to continue.
# Native memory allocation (malloc) failed to allocate 121056 bytes for Chunk::new
# Possible reasons:
#   The system is out of physical RAM or swap space
#   The process is running with CompressedOops enabled, and the Java Heap may be blocking the growth of the native heap
# Possible solutions:
#   Reduce memory load on the system
#   Increase physical memory or swap space
#   Check if swap backing store is full
#   Decrease Java heap size (-Xmx/-Xms)
#   Decrease number of Java threads
#   Decrease Java thread stack sizes (-Xss)
#   Set larger code cache with -XX:ReservedCodeCacheSize=
#   JVM is running with Unscaled Compressed Oops mode in which the Java heap is
#     placed in the first 4GB address space. The Java Heap base address is the
#     maximum limit for the native heap growth. Please use -XX:HeapBaseMinAddress
#     to set the Java Heap base and to place the Java Heap above 4GB virtual address.
# This output file may be truncated or incomplete.
#
#  Out of Memory Error (allocation.cpp:389), pid=16400, tid=0x00000000000024d4
#
# JRE version: OpenJDK Runtime Environment (8.0_292-b10) (build 1.8.0_292-b10)
# Java VM: OpenJDK 64-Bit Server VM (25.292-b10 mixed mode windows-amd64 compressed oops)
# Failed to write core dump. Minidumps are not enabled by default on client versions of Windows
#

---------------  T H R E A D  ---------------

Current thread (0x0000027ea7cc9000):  JavaThread "C2 CompilerThread2" daemon [_thread_in_native, id=9428, stack(0x0000007f7c800000,0x0000007f7c900000)]

Stack: [0x0000007f7c800000,0x0000007f7c900000]
[error occurred during error reporting (printing stack bounds), id 0xc0000005]

Native frames: (J=compiled Java code, j=interpreted, Vv=VM code, C=native code)


Current CompileTask:
C2:   3532 1869       4       java.io.PrintStream::print (9 bytes)


---------------  P R O C E S S  ---------------

Java Threads: ( => current thread )
  0x0000027ea7cdd800 JavaThread "Service Thread" daemon [_thread_blocked, id=10848, stack(0x0000007f7ca00000,0x0000007f7cb00000)]
  0x0000027ea7cd0800 JavaThread "C1 CompilerThread3" daemon [_thread_blocked, id=9112, stack(0x0000007f7c900000,0x0000007f7ca00000)]
=>0x0000027ea7cc9000 JavaThread "C2 CompilerThread2" daemon [_thread_in_native, id=9428, stack(0x0000007f7c800000,0x0000007f7c900000)]
  0x0000027ea7cc5000 JavaThread "C2 CompilerThread1" daemon [_thread_in_native, id=14924, stack(0x0000007f7c700000,0x0000007f7c800000)]
  0x0000027ea7cbe000 JavaThread "C2 CompilerThread0" daemon [_thread_in_native, id=15020, stack(0x0000007f7c600000,0x0000007f7c700000)]
  0x0000027ea7cba000 JavaThread "Attach Listener" daemon [_thread_blocked, id=7652, stack(0x0000007f7c500000,0x0000007f7c600000)]
  0x0000027ea7cb5800 JavaThread "Signal Dispatcher" daemon [_thread_blocked, id=4812, stack(0x0000007f7c400000,0x0000007f7c500000)]
  0x0000027ea7c33000 JavaThread "Finalizer" daemon [_thread_blocked, id=5564, stack(0x0000007f7c300000,0x0000007f7c400000)]
  0x0000027ea7c2b800 JavaThread "Reference Handler" daemon [_thread_blocked, id=14168, stack(0x0000007f7c200000,0x0000007f7c300000)]
  0x0000027e9164a800 JavaThread "main" [_thread_in_native, id=13624, stack(0x0000007f7b800000,0x0000007f7b900000)]

Other Threads:
  0x0000027ea7c03000 VMThread [stack: 0x0000007f7c100000,0x0000007f7c200000] [id=9764]
  0x0000027ea7cde800 WatcherThread [stack: 0x0000007f7cb00000,0x0000007f7cc00000] [id=14836]

VM state:not at safepoint (normal execution)

VM Mutex/Monitor currently owned by a thread: None

heap address: 0x0000000091800000, size: 1768 MB, Compressed Oops mode: 32-bit
Narrow klass base: 0x0000000000000000, Narrow klass shift: 3
Compressed class space size: 1073741824 Address: 0x0000000100000000

Heap:
 PSYoungGen      total 33280K, used 15628K [0x00000000db300000, 0x00000000dd800000, 0x0000000100000000)
  eden space 28672K, 38% used [0x00000000db300000,0x00000000dbdc8c68,0x00000000dcf00000)
  from space 4608K, 99% used [0x00000000dcf00000,0x00000000dd37a520,0x00000000dd380000)
  to   space 4608K, 0% used [0x00000000dd380000,0x00000000dd380000,0x00000000dd800000)
 ParOldGen       total 76800K, used 4213K [0x0000000091800000, 0x0000000096300000, 0x00000000db300000)
  object space 76800K, 5% used [0x0000000091800000,0x0000000091c1d538,0x0000000096300000)
 Metaspace       used 15316K, capacity 15554K, committed 15872K, reserved 1062912K
  class space    used 1860K, capacity 1946K, committed 2048K, reserved 1048576K

Card table byte_map: [0x0000027ea2670000,0x0000027ea29f0000] byte_map_base: 0x0000027ea21e4000

Marking Bits: (ParMarkBitMap*) 0x0000000058bbf7f0
 Begin Bits: [0x0000027ea2c40000, 0x0000027ea47e0000)
 End Bits:   [0x0000027ea47e0000, 0x0000027ea6380000)

Polling page: 0x0000027e93280000

CodeCache: size=245760Kb used=6570Kb max_used=6579Kb free=239189Kb
 bounds [0x0000027e932b0000, 0x0000027e93930000, 0x0000027ea22b0000]
 total_blobs=2276 nmethods=1903 adapters=286
 compilation: enabled

Compilation events (10 events):
Event: 3.519 Thread 0x0000027ea7cd0800 nmethod 1897 0x0000027e93914bd0 code [0x0000027e93914d40, 0x0000027e93914ff8]
Event: 3.519 Thread 0x0000027ea7cd0800 1898       3       java.util.regex.Pattern::access$200 (7 bytes)
Event: 3.520 Thread 0x0000027ea7cd0800 nmethod 1898 0x0000027e939150d0 code [0x0000027e93915240, 0x0000027e93915478]
Event: 3.520 Thread 0x0000027ea7cd0800 1899  s    3       java.io.ExpiringCache::get (39 bytes)
Event: 3.520 Thread 0x0000027ea7cd0800 nmethod 1899 0x0000027e93915510 code [0x0000027e939156a0, 0x0000027e93915ae0]
Event: 3.523 Thread 0x0000027ea7cd0800 1900       3       java.util.Formatter$FormatSpecifier::checkBadFlags (39 bytes)
Event: 3.524 Thread 0x0000027ea7cd0800 nmethod 1900 0x0000027e93915c10 code [0x0000027e93915dc0, 0x0000027e93916260]
Event: 3.526 Thread 0x0000027ea7cd0800 1902       3       java.util.LinkedHashMap::<init> (11 bytes)
Event: 3.526 Thread 0x0000027ea7cd0800 nmethod 1902 0x0000027e939164d0 code [0x0000027e93916660, 0x0000027e93916870]
Event: 3.526 Thread 0x0000027ea7cd0800 1904   !   3       org.apache.maven.model.ConfigurationContainer::clone (98 bytes)

GC Heap History (6 events):
Event: 1.736 GC heap before
{Heap before GC invocations=1 (full 0):
 PSYoungGen      total 33280K, used 28672K [0x00000000db300000, 0x00000000dd800000, 0x0000000100000000)
  eden space 28672K, 100% used [0x00000000db300000,0x00000000dcf00000,0x00000000dcf00000)
  from space 4608K, 0% used [0x00000000dd380000,0x00000000dd380000,0x00000000dd800000)
  to   space 4608K, 0% used [0x00000000dcf00000,0x00000000dcf00000,0x00000000dd380000)
 ParOldGen       total 76800K, used 0K [0x0000000091800000, 0x0000000096300000, 0x00000000db300000)
  object space 76800K, 0% used [0x0000000091800000,0x0000000091800000,0x0000000096300000)
 Metaspace       used 8506K, capacity 8604K, committed 8832K, reserved 1056768K
  class space    used 1011K, capacity 1080K, committed 1152K, reserved 1048576K
Event: 1.744 GC heap after
Heap after GC invocations=1 (full 0):
 PSYoungGen      total 33280K, used 4592K [0x00000000db300000, 0x00000000dd800000, 0x0000000100000000)
  eden space 28672K, 0% used [0x00000000db300000,0x00000000db300000,0x00000000dcf00000)
  from space 4608K, 99% used [0x00000000dcf00000,0x00000000dd37c388,0x00000000dd380000)
  to   space 4608K, 0% used [0x00000000dd380000,0x00000000dd380000,0x00000000dd800000)
 ParOldGen       total 76800K, used 585K [0x0000000091800000, 0x0000000096300000, 0x00000000db300000)
  object space 76800K, 0% used [0x0000000091800000,0x0000000091892450,0x0000000096300000)
 Metaspace       used 8506K, capacity 8604K, committed 8832K, reserved 1056768K
  class space    used 1011K, capacity 1080K, committed 1152K, reserved 1048576K
}
Event: 2.301 GC heap before
{Heap before GC invocations=2 (full 0):
 PSYoungGen      total 33280K, used 33264K [0x00000000db300000, 0x00000000dd800000, 0x0000000100000000)
  eden space 28672K, 100% used [0x00000000db300000,0x00000000dcf00000,0x00000000dcf00000)
  from space 4608K, 99% used [0x00000000dcf00000,0x00000000dd37c388,0x00000000dd380000)
  to   space 4608K, 0% used [0x00000000dd380000,0x00000000dd380000,0x00000000dd800000)
 ParOldGen       total 76800K, used 585K [0x0000000091800000, 0x0000000096300000, 0x00000000db300000)
  object space 76800K, 0% used [0x0000000091800000,0x0000000091892450,0x0000000096300000)
 Metaspace       used 10833K, capacity 10986K, committed 11136K, reserved 1058816K
  class space    used 1305K, capacity 1382K, committed 1408K, reserved 1048576K
Event: 2.309 GC heap after
Heap after GC invocations=2 (full 0):
 PSYoungGen      total 33280K, used 4598K [0x00000000db300000, 0x00000000dd800000, 0x0000000100000000)
  eden space 28672K, 0% used [0x00000000db300000,0x00000000db300000,0x00000000dcf00000)
  from space 4608K, 99% used [0x00000000dd380000,0x00000000dd7fd808,0x00000000dd800000)
  to   space 4608K, 0% used [0x00000000dcf00000,0x00000000dcf00000,0x00000000dd380000)
 ParOldGen       total 76800K, used 1932K [0x0000000091800000, 0x0000000096300000, 0x00000000db300000)
  object space 76800K, 2% used [0x0000000091800000,0x00000000919e3260,0x0000000096300000)
 Metaspace       used 10833K, capacity 10986K, committed 11136K, reserved 1058816K
  class space    used 1305K, capacity 1382K, committed 1408K, reserved 1048576K
}
Event: 3.169 GC heap before
{Heap before GC invocations=3 (full 0):
 PSYoungGen      total 33280K, used 33270K [0x00000000db300000, 0x00000000dd800000, 0x0000000100000000)
  eden space 28672K, 100% used [0x00000000db300000,0x00000000dcf00000,0x00000000dcf00000)
  from space 4608K, 99% used [0x00000000dd380000,0x00000000dd7fd808,0x00000000dd800000)
  to   space 4608K, 0% used [0x00000000dcf00000,0x00000000dcf00000,0x00000000dd380000)
 ParOldGen       total 76800K, used 1932K [0x0000000091800000, 0x0000000096300000, 0x00000000db300000)
  object space 76800K, 2% used [0x0000000091800000,0x00000000919e3260,0x0000000096300000)
 Metaspace       used 14095K, capacity 14344K, committed 14464K, reserved 1062912K
  class space    used 1741K, capacity 1844K, committed 1920K, reserved 1048576K
Event: 3.178 GC heap after
Heap after GC invocations=3 (full 0):
 PSYoungGen      total 33280K, used 4585K [0x00000000db300000, 0x00000000dd800000, 0x0000000100000000)
  eden space 28672K, 0% used [0x00000000db300000,0x00000000db300000,0x00000000dcf00000)
  from space 4608K, 99% used [0x00000000dcf00000,0x00000000dd37a520,0x00000000dd380000)
  to   space 4608K, 0% used [0x00000000dd380000,0x00000000dd380000,0x00000000dd800000)
 ParOldGen       total 76800K, used 4213K [0x0000000091800000, 0x0000000096300000, 0x00000000db300000)
  object space 76800K, 5% used [0x0000000091800000,0x0000000091c1d538,0x0000000096300000)
 Metaspace       used 14095K, capacity 14344K, committed 14464K, reserved 1062912K
  class space    used 1741K, capacity 1844K, committed 1920K, reserved 1048576K
}

Deoptimization events (10 events):
Event: 1.788 Thread 0x0000027e9164a800 Uncommon trap: reason=unstable_if action=reinterpret pc=0x0000027e935c9814 method=sun.nio.cs.StreamDecoder.implRead([CII)I @ 197
Event: 1.798 Thread 0x0000027e9164a800 Uncommon trap: reason=unstable_if action=reinterpret pc=0x0000027e935f5328 method=org.codehaus.plexus.util.xml.pull.MXParser.nextImpl()I @ 1046
Event: 1.891 Thread 0x0000027e9164a800 Uncommon trap: reason=range_check action=make_not_entrant pc=0x0000027e93636b60 method=sun.reflect.generics.parser.SignatureParser.current()C @ 34
Event: 2.195 Thread 0x0000027e9164a800 Uncommon trap: reason=unstable_if action=reinterpret pc=0x0000027e93640a20 method=java.lang.String.lastIndexOf([CII[CIII)I @ 118
Event: 3.066 Thread 0x0000027e9164a800 Uncommon trap: reason=unstable_if action=reinterpret pc=0x0000027e938381d0 method=org.eclipse.sisu.inject.InjectorBindings.isAssignableFrom(Lcom/google/inject/TypeLiteral;Lcom/google/inject/Binding;)Z @ 14
Event: 3.076 Thread 0x0000027e9164a800 Uncommon trap: reason=unstable_if action=reinterpret pc=0x0000027e93505a60 method=sun.misc.MetaIndex.mayContain(Ljava/lang/String;)Z @ 38
Event: 3.245 Thread 0x0000027e9164a800 Uncommon trap: reason=unstable_if action=reinterpret pc=0x0000027e9359c9dc method=sun.nio.cs.UTF_8$Decoder.decodeArrayLoop(Ljava/nio/ByteBuffer;Ljava/nio/CharBuffer;)Ljava/nio/charset/CoderResult; @ 84
Event: 3.249 Thread 0x0000027e9164a800 Uncommon trap: reason=unstable_if action=reinterpret pc=0x0000027e9357d87c method=java.lang.AbstractStringBuilder.append(Ljava/lang/String;)Ljava/lang/AbstractStringBuilder; @ 1
Event: 3.249 Thread 0x0000027e9164a800 Uncommon trap: reason=unstable_if action=reinterpret pc=0x0000027e934b82a0 method=java.lang.AbstractStringBuilder.append(Ljava/lang/String;)Ljava/lang/AbstractStringBuilder; @ 1
Event: 3.258 Thread 0x0000027e9164a800 Uncommon trap: reason=unstable_if action=reinterpret pc=0x0000027e934a2338 method=java.lang.String.replace(CC)Ljava/lang/String; @ 2

Classes redefined (0 events):
No events

Internal exceptions (10 events):
Event: 2.901 Thread 0x0000027e9164a800 Exception <a 'java/lang/NoClassDefFoundError'> (0x00000000dc8317c0) thrown at [C:\wsjdk\Corretto8Src\installers\windows\zip\corretto-build\buildRoot\src\hotspot\src\share\vm\prims\jvm.cpp, line 1527]
Event: 2.902 Thread 0x0000027e9164a800 Exception <a 'java/lang/NoClassDefFoundError': javax/annotation/Priority> (0x00000000dc836668) thrown at [C:\wsjdk\Corretto8Src\installers\windows\zip\corretto-build\buildRoot\src\hotspot\src\share\vm\classfile\systemDictionary.cpp, line 206]
Event: 3.193 Thread 0x0000027e9164a800 Exception <a 'java/lang/NullPointerException'> (0x00000000db380f70) thrown at [C:\wsjdk\Corretto8Src\installers\windows\zip\corretto-build\buildRoot\src\hotspot\src\share\vm\interpreter\linkResolver.cpp, line 1185]
Event: 3.193 Thread 0x0000027e9164a800 Exception <a 'java/lang/NullPointerException'> (0x00000000db381188) thrown at [C:\wsjdk\Corretto8Src\installers\windows\zip\corretto-build\buildRoot\src\hotspot\src\share\vm\interpreter\linkResolver.cpp, line 1185]
Event: 3.193 Thread 0x0000027e9164a800 Exception <a 'java/lang/NullPointerException'> (0x00000000db3813a0) thrown at [C:\wsjdk\Corretto8Src\installers\windows\zip\corretto-build\buildRoot\src\hotspot\src\share\vm\interpreter\linkResolver.cpp, line 1185]
Event: 3.194 Thread 0x0000027e9164a800 Exception <a 'java/lang/NullPointerException'> (0x00000000db389810) thrown at [C:\wsjdk\Corretto8Src\installers\windows\zip\corretto-build\buildRoot\src\hotspot\src\share\vm\interpreter\linkResolver.cpp, line 1185]
Event: 3.194 Thread 0x0000027e9164a800 Exception <a 'java/lang/NullPointerException'> (0x00000000db389a28) thrown at [C:\wsjdk\Corretto8Src\installers\windows\zip\corretto-build\buildRoot\src\hotspot\src\share\vm\interpreter\linkResolver.cpp, line 1185]
Event: 3.194 Thread 0x0000027e9164a800 Exception <a 'java/lang/NullPointerException'> (0x00000000db389c40) thrown at [C:\wsjdk\Corretto8Src\installers\windows\zip\corretto-build\buildRoot\src\hotspot\src\share\vm\interpreter\linkResolver.cpp, line 1185]
Event: 3.249 Thread 0x0000027e9164a800 Implicit null exception at 0x0000027e9357d4d6 to 0x0000027e9357d865
Event: 3.249 Thread 0x0000027e9164a800 Implicit null exception at 0x0000027e934b7e97 to 0x0000027e934b8289

Events (10 events):
Event: 3.368 loading class org/eclipse/aether/util/version/GenericVersion$Item
Event: 3.368 loading class org/eclipse/aether/util/version/GenericVersion$Item done
Event: 3.378 loading class org/apache/maven/model/Site
Event: 3.378 loading class org/apache/maven/model/Site done
Event: 3.391 loading class org/apache/maven/model/Exclusion
Event: 3.391 loading class org/apache/maven/model/Exclusion done
Event: 3.467 Thread 0x0000027e9164a800 DEOPT PACKING pc=0x0000027e9388c75b sp=0x0000007f7b8fd230
Event: 3.467 Thread 0x0000027e9164a800 DEOPT UNPACKING pc=0x0000027e932f71d8 sp=0x0000007f7b8fd030 mode 0
Event: 3.485 Thread 0x0000027e9164a800 DEOPT PACKING pc=0x0000027e9388c75b sp=0x0000007f7b8fd230
Event: 3.485 Thread 0x0000027e9164a800 DEOPT UNPACKING pc=0x0000027e932f71d8 sp=0x0000007f7b8fd030 mode 0


Dynamic libraries:
0x00007ff787190000 - 0x00007ff7871ca000 	C:\Users\yangz\.jdks\corretto-1.8.0_292\bin\java.exe
0x00007ff960160000 - 0x00007ff960350000 	C:\Windows\SYSTEM32\ntdll.dll
0x00007ff95fb50000 - 0x00007ff95fc03000 	C:\Windows\System32\KERNEL32.DLL
0x00007ff95def0000 - 0x00007ff95e196000 	C:\Windows\System32\KERNELBASE.dll
0x00007ff95f9f0000 - 0x00007ff95fa93000 	C:\Windows\System32\ADVAPI32.dll
0x00007ff95f590000 - 0x00007ff95f62e000 	C:\Windows\System32\msvcrt.dll
0x00007ff95f480000 - 0x00007ff95f517000 	C:\Windows\System32\sechost.dll
0x00007ff95f2b0000 - 0x00007ff95f3cf000 	C:\Windows\System32\RPCRT4.dll
0x00007ff95e310000 - 0x00007ff95e4a4000 	C:\Windows\System32\USER32.dll
0x00007ff95e1d0000 - 0x00007ff95e1f1000 	C:\Windows\System32\win32u.dll
0x00007ff95e4b0000 - 0x00007ff95e4d6000 	C:\Windows\System32\GDI32.dll
0x00007ff95dc00000 - 0x00007ff95dd98000 	C:\Windows\System32\gdi32full.dll
0x00007ff95de50000 - 0x00007ff95deee000 	C:\Windows\System32\msvcp_win.dll
0x00007ff95d180000 - 0x00007ff95d27a000 	C:\Windows\System32\ucrtbase.dll
0x00007ff940380000 - 0x00007ff940604000 	C:\Windows\WinSxS\amd64_microsoft.windows.common-controls_6595b64144ccf1df_6.0.18362.1801_none_9e79a739e46243f0\COMCTL32.dll
0x00007ff95f6b0000 - 0x00007ff95f9e6000 	C:\Windows\System32\combase.dll
0x00007ff95d2a0000 - 0x00007ff95d324000 	C:\Windows\System32\bcryptPrimitives.dll
0x00007ff95e200000 - 0x00007ff95e22e000 	C:\Windows\System32\IMM32.DLL
0x00007ff92c900000 - 0x00007ff92c9ef000 	C:\Users\yangz\.jdks\corretto-1.8.0_292\jre\bin\msvcr120.dll
0x00007ff92a3e0000 - 0x00007ff92a486000 	C:\Users\yangz\.jdks\corretto-1.8.0_292\jre\bin\msvcp120.dll
0x00000000583d0000 - 0x0000000058c3e000 	C:\Users\yangz\.jdks\corretto-1.8.0_292\jre\bin\server\jvm.dll
0x00007ff960110000 - 0x00007ff960118000 	C:\Windows\System32\PSAPI.DLL
0x00007ff955b10000 - 0x00007ff955b1a000 	C:\Windows\SYSTEM32\VERSION.dll
0x00007ff95a960000 - 0x00007ff95a984000 	C:\Windows\SYSTEM32\WINMM.dll
0x00007ff95a930000 - 0x00007ff95a95d000 	C:\Windows\SYSTEM32\WINMMBASE.dll
0x00007ff94ca30000 - 0x00007ff94ca39000 	C:\Windows\SYSTEM32\WSOCK32.dll
0x00007ff95d0d0000 - 0x00007ff95d11a000 	C:\Windows\System32\cfgmgr32.dll
0x00007ff95f630000 - 0x00007ff95f69f000 	C:\Windows\System32\WS2_32.dll
0x00007ff959970000 - 0x00007ff95997f000 	C:\Users\yangz\.jdks\corretto-1.8.0_292\jre\bin\verify.dll
0x00007ff94f080000 - 0x00007ff94f0a9000 	C:\Users\yangz\.jdks\corretto-1.8.0_292\jre\bin\java.dll
0x00007ff959950000 - 0x00007ff959966000 	C:\Users\yangz\.jdks\corretto-1.8.0_292\jre\bin\zip.dll
0x00007ff95e880000 - 0x00007ff95ef67000 	C:\Windows\System32\SHELL32.dll
0x00007ff95f3d0000 - 0x00007ff95f479000 	C:\Windows\System32\shcore.dll
0x00007ff95d330000 - 0x00007ff95daab000 	C:\Windows\System32\windows.storage.dll
0x00007ff95d0b0000 - 0x00007ff95d0ce000 	C:\Windows\System32\profapi.dll
0x00007ff95d040000 - 0x00007ff95d08a000 	C:\Windows\System32\powrprof.dll
0x00007ff95d010000 - 0x00007ff95d020000 	C:\Windows\System32\UMPDC.dll
0x00007ff95e230000 - 0x00007ff95e282000 	C:\Windows\System32\shlwapi.dll
0x00007ff95d090000 - 0x00007ff95d0a1000 	C:\Windows\System32\kernel.appcore.dll
0x00007ff95d280000 - 0x00007ff95d297000 	C:\Windows\System32\cryptsp.dll
0x00007ff95c370000 - 0x00007ff95c3a3000 	C:\Windows\system32\rsaenh.dll
0x00007ff95e1a0000 - 0x00007ff95e1c6000 	C:\Windows\System32\bcrypt.dll
0x00007ff95cf00000 - 0x00007ff95cf25000 	C:\Windows\SYSTEM32\USERENV.dll
0x00007ff95c9c0000 - 0x00007ff95c9cc000 	C:\Windows\SYSTEM32\CRYPTBASE.dll
0x00007ff93ba00000 - 0x00007ff93ba1a000 	C:\Users\yangz\.jdks\corretto-1.8.0_292\jre\bin\net.dll
0x00007ff95c7f0000 - 0x00007ff95c857000 	C:\Windows\system32\mswsock.dll
0x00007ff95c500000 - 0x00007ff95c53a000 	C:\Windows\SYSTEM32\IPHLPAPI.DLL
0x00007ff95f6a0000 - 0x00007ff95f6a8000 	C:\Windows\System32\NSI.dll
0x00007ff955ad0000 - 0x00007ff955ae6000 	C:\Windows\SYSTEM32\dhcpcsvc6.DLL
0x00007ff955d50000 - 0x00007ff955d6c000 	C:\Windows\SYSTEM32\dhcpcsvc.DLL
0x00007ff95c540000 - 0x00007ff95c60a000 	C:\Windows\SYSTEM32\DNSAPI.dll
0x00007ff9375e0000 - 0x00007ff9375f2000 	C:\Users\yangz\.jdks\corretto-1.8.0_292\jre\bin\nio.dll
0x00007ff959980000 - 0x00007ff95998a000 	C:\Users\yangz\AppData\Local\Temp\jansi-1.17.1-3840321939835312497.dll
0x00007ff9598c0000 - 0x00007ff9598ca000 	C:\Users\yangz\AppData\Local\Temp\jansi-1.17.1-7675511006366668210.dll

VM Arguments:
jvm_args: -Dmaven.multiModuleProjectDirectory=C:\Users\yangz\IdeaProjects\COVID-19\platform\Eureka_server -Dmaven.home=C:\Program Files\JetBrains\IntelliJ IDEA 2021.1.1\plugins\maven\lib\maven3 -Dclassworlds.conf=C:\Program Files\JetBrains\IntelliJ IDEA 2021.1.1\plugins\maven\lib\maven3\bin\m2.conf -Dmaven.ext.class.path=C:\Program Files\JetBrains\IntelliJ IDEA 2021.1.1\plugins\maven\lib\maven-event-listener.jar -Dfile.encoding=UTF-8 
java_command: org.codehaus.classworlds.Launcher -Didea.version=2021.1.1 -DskipTests=true install
java_class_path (initial): C:\Program Files\JetBrains\IntelliJ IDEA 2021.1.1\plugins\maven\lib\maven3\boot\plexus-classworlds-2.6.0.jar;C:\Program Files\JetBrains\IntelliJ IDEA 2021.1.1\plugins\maven\lib\maven3\boot\plexus-classworlds.license
Launcher Type: SUN_STANDARD

Environment Variables:
JAVA_HOME=D:\Java\jdk1.8.0_301
CLASSPATH=.;D:\Java\jdk1.8.0_301\lib\dt.jar;D:\Java\jdk1.8.0_301\lib\tools.jar
PATH=C:\Program Files (x86)\Common Files\Intel\Shared Libraries\redist\intel64\compiler;D:\Java\jdk1.8.0_301\jre\bin;D:\Java\jdk1.8.0_301bin;D:\Vmware\bin\;C:\Program Files\Common Files\Oracle\Java\javapath;C:\Program Files (x86)\Common Files\Oracle\Java\javapath;D:\apache-tomcat-9.0.44\bin;C:\Windows\system32;C:\Windows;C:\Windows\System32\Wbem;C:\Windows\System32\WindowsPowerShell\v1.0\;C:\Windows\System32\OpenSSH\;C:\Program Files (x86)\Microsoft SQL Server\150\DTS\Binn\;C:\Program Files\Azure Data Studio\bin;C:\Program Files\Microsoft SQL Server\Client SDK\ODBC\170\Tools\Binn\;C:\Program Files (x86)\Microsoft SQL Server\150\Tools\Binn\;C:\Program Files\Microsoft SQL Server\150\Tools\Binn\;C:\Program Files\Microsoft SQL Server\150\DTS\Binn\;C:\Program Files\Intel\WiFi\bin\;C:\Program Files\Common Files\Intel\WirelessCommon\;C:\sdk;C:\sdk\platform-tools;;D:\mysql-8.0.24-winx64bin;D:\apache-maven-3.8.1\bin;C:\Program Files\Common Files\Autodesk Shared\;C:\Program Files\Microsoft SQL Server\120\Tools\Binn\;C:\Program Files\Microsoft SQL Server\130\Tools\Binn\;D:\opencv3.4.1\opencv\build\x64\vc15\bin;"D:\apache-tomcat-7.0.109\bin;";"D:\apache-tomcat-7.0.109\lib;";D:\apache-jmeter-5.4.1\bin;D:\erl-23.0\bin;D:\nodejs\;D:\XShell7\;D:\Xftp7\;C:\Users\yangz\AppData\Local\Microsoft\WindowsApps;C:\Program Files\Azure Data Studio\bin;D:\idea\IntelliJ IDEA 2021.1.1\bin;;D:\Microsoft VS Code\bin;C:\Users\yangz\AppData\Roaming\npm;C:\Program Files\Bandizip\
USERNAME=yangz
OS=Windows_NT
PROCESSOR_IDENTIFIER=AMD64 Family 23 Model 17 Stepping 0, AuthenticAMD



---------------  S Y S T E M  ---------------

OS: Windows 10.0 , 64 bit Build 18362 (10.0.18362.1766)

CPU:total 8 (initial active 8) (8 cores per cpu, 1 threads per core) family 23 model 17 stepping 0, cmov, cx8, fxsr, mmx, sse, sse2, sse3, ssse3, sse4.1, sse4.2, popcnt, avx, avx2, aes, clmul, mmxext, 3dnowpref, lzcnt, sse4a, tsc, tscinvbit, tscinv, bmi1

Memory: 4k page, physical 7239248k(1669476k free), swap 9706244k(5136k free)

vm_info: OpenJDK 64-Bit Server VM (25.292-b10) for windows-amd64 JRE (1.8.0_292-b10), built on Apr 14 2021 23:06:53 by "Administrator" with MS VC++ 12.0 (VS2013)

time: Sun Jan 02 12:59:52 2022
timezone: ?D1¨²¡À¨º¡Á?¨º¡À??
elapsed time: 3.539308 seconds (0d 0h 0m 3s)

