#
# There is insufficient memory for the Java Runtime Environment to continue.
# Native memory allocation (malloc) failed to allocate 1205056 bytes for Chunk::new
# Possible reasons:
#   The system is out of physical RAM or swap space
#   The process is running with CompressedOops enabled, and the Java Heap may be blocking the growth of the native heap
# Possible solutions:
#   Reduce memory load on the system
#   Increase physical memory or swap space
#   Check if swap backing store is full
#   Decrease Java heap size (-Xmx/-Xms)
#   Decrease number of Java threads
#   Decrease Java thread stack sizes (-Xss)
#   Set larger code cache with -XX:ReservedCodeCacheSize=
#   JVM is running with Unscaled Compressed Oops mode in which the Java heap is
#     placed in the first 4GB address space. The Java Heap base address is the
#     maximum limit for the native heap growth. Please use -XX:HeapBaseMinAddress
#     to set the Java Heap base and to place the Java Heap above 4GB virtual address.
# This output file may be truncated or incomplete.
#
#  Out of Memory Error (allocation.cpp:389), pid=4780, tid=0x0000000000001fe4
#
# JRE version: OpenJDK Runtime Environment (8.0_292-b10) (build 1.8.0_292-b10)
# Java VM: OpenJDK 64-Bit Server VM (25.292-b10 mixed mode windows-amd64 compressed oops)
# Failed to write core dump. Minidumps are not enabled by default on client versions of Windows
#

---------------  T H R E A D  ---------------

Current thread (0x000001a71ce28800):  JavaThread "C2 CompilerThread2" daemon [_thread_in_native, id=8164, stack(0x0000000f5e000000,0x0000000f5e100000)]

Stack: [0x0000000f5e000000,0x0000000f5e100000]
[error occurred during error reporting (printing stack bounds), id 0xc0000005]

Native frames: (J=compiled Java code, j=interpreted, Vv=VM code, C=native code)


Current CompileTask:
C2:   7028 3668       4       java.net.URLClassLoader$1::run (5 bytes)


---------------  P R O C E S S  ---------------

Java Threads: ( => current thread )
  0x000001a71ce7b800 JavaThread "Service Thread" daemon [_thread_blocked, id=13364, stack(0x0000000f5e200000,0x0000000f5e300000)]
  0x000001a71ce33000 JavaThread "C1 CompilerThread3" daemon [_thread_in_native, id=8932, stack(0x0000000f5e100000,0x0000000f5e200000)]
=>0x000001a71ce28800 JavaThread "C2 CompilerThread2" daemon [_thread_in_native, id=8164, stack(0x0000000f5e000000,0x0000000f5e100000)]
  0x000001a71ce24800 JavaThread "C2 CompilerThread1" daemon [_thread_in_native, id=8708, stack(0x0000000f5df00000,0x0000000f5e000000)]
  0x000001a71ce21800 JavaThread "C2 CompilerThread0" daemon [_thread_in_native, id=11256, stack(0x0000000f5de00000,0x0000000f5df00000)]
  0x000001a71ce1b000 JavaThread "Monitor Ctrl-Break" daemon [_thread_in_native, id=12156, stack(0x0000000f5dd00000,0x0000000f5de00000)]
  0x000001a71b040000 JavaThread "Attach Listener" daemon [_thread_blocked, id=1660, stack(0x0000000f5dc00000,0x0000000f5dd00000)]
  0x000001a71b095000 JavaThread "Signal Dispatcher" daemon [_thread_blocked, id=11984, stack(0x0000000f5db00000,0x0000000f5dc00000)]
  0x000001a71b011800 JavaThread "Finalizer" daemon [_thread_blocked, id=9964, stack(0x0000000f5da00000,0x0000000f5db00000)]
  0x000001a71b00a000 JavaThread "Reference Handler" daemon [_thread_blocked, id=12676, stack(0x0000000f5d900000,0x0000000f5da00000)]
  0x000001a70558f000 JavaThread "main" [_thread_in_Java, id=2536, stack(0x0000000f5cf00000,0x0000000f5d000000)]

Other Threads:
  0x000001a70564e800 VMThread [stack: 0x0000000f5d800000,0x0000000f5d900000] [id=11624]
  0x000001a71b0ae000 WatcherThread [stack: 0x0000000f5e300000,0x0000000f5e400000] [id=3872]

VM state:not at safepoint (normal execution)

VM Mutex/Monitor currently owned by a thread:  ([mutex/lock_event])
[0x000001a70557cc00] CodeCache_lock - owner thread: 0x000001a71ce33000
[0x000001a70558c7b0] Compile_lock - owner thread: 0x000001a71ce33000
[0x000001a70558dbb0] MethodCompileQueue_lock - owner thread: 0x000001a71ce33000

heap address: 0x0000000091800000, size: 1768 MB, Compressed Oops mode: 32-bit
Narrow klass base: 0x0000000000000000, Narrow klass shift: 3
Compressed class space size: 1073741824 Address: 0x0000000100000000

Heap:
 PSYoungGen      total 33280K, used 26105K [0x00000000db300000, 0x00000000dd800000, 0x0000000100000000)
  eden space 28672K, 75% used [0x00000000db300000,0x00000000dc82e7f8,0x00000000dcf00000)
  from space 4608K, 95% used [0x00000000dcf00000,0x00000000dd350000,0x00000000dd380000)
  to   space 4608K, 0% used [0x00000000dd380000,0x00000000dd380000,0x00000000dd800000)
 ParOldGen       total 76800K, used 35096K [0x0000000091800000, 0x0000000096300000, 0x00000000db300000)
  object space 76800K, 45% used [0x0000000091800000,0x0000000093a461a8,0x0000000096300000)
 Metaspace       used 17953K, capacity 18426K, committed 18560K, reserved 1064960K
  class space    used 2030K, capacity 2124K, committed 2176K, reserved 1048576K

Card table byte_map: [0x000001a7164f0000,0x000001a716870000] byte_map_base: 0x000001a716064000

Marking Bits: (ParMarkBitMap*) 0x000000005d16f7f0
 Begin Bits: [0x000001a716ac0000, 0x000001a718660000)
 End Bits:   [0x000001a718660000, 0x000001a71a200000)

Polling page: 0x000001a705500000

CodeCache: size=245760Kb used=13885Kb max_used=13885Kb free=231874Kb
 bounds [0x000001a707130000, 0x000001a707ed0000, 0x000001a716130000]
 total_blobs=4078 nmethods=3697 adapters=294
 compilation: enabled

Compilation events (10 events):
Event: 7.013 Thread 0x000001a71ce33000 nmethod 3723 0x000001a707ec2490 code [0x000001a707ec25e0, 0x000001a707ec2738]
Event: 7.019 Thread 0x000001a71ce33000 3724       3       org.eclipse.aether.resolution.ArtifactDescriptorResult::setRepository (7 bytes)
Event: 7.019 Thread 0x000001a71ce33000 nmethod 3724 0x000001a707ec27d0 code [0x000001a707ec2920, 0x000001a707ec2a98]
Event: 7.019 Thread 0x000001a71ce33000 3725       3       org.apache.maven.ReactorReader::findModel (49 bytes)
Event: 7.020 Thread 0x000001a71ce33000 nmethod 3725 0x000001a707ec2b10 code [0x000001a707ec2ce0, 0x000001a707ec3310]
Event: 7.020 Thread 0x000001a71ce33000 3726       3       org.apache.maven.repository.internal.DefaultArtifactDescriptorReader::toProperties (28 bytes)
Event: 7.020 Thread 0x000001a71ce33000 nmethod 3726 0x000001a707ec34d0 code [0x000001a707ec36a0, 0x000001a707ec3bd0]
Event: 7.021 Thread 0x000001a71ce33000 3727       3       org.apache.maven.repository.internal.DefaultArtifactDescriptorReader::getRelocation (18 bytes)
Event: 7.021 Thread 0x000001a71ce33000 nmethod 3727 0x000001a707ec3dd0 code [0x000001a707ec3f40, 0x000001a707ec41b8]
Event: 7.025 Thread 0x000001a71ce33000 3728       3       org.apache.maven.model.io.xpp3.MavenXpp3Reader::parseBuildBase (582 bytes)

GC Heap History (10 events):
Event: 4.562 GC heap before
{Heap before GC invocations=7 (full 0):
 PSYoungGen      total 33280K, used 33256K [0x00000000db300000, 0x00000000dd800000, 0x0000000100000000)
  eden space 28672K, 100% used [0x00000000db300000,0x00000000dcf00000,0x00000000dcf00000)
  from space 4608K, 99% used [0x00000000dd380000,0x00000000dd7fa040,0x00000000dd800000)
  to   space 4608K, 0% used [0x00000000dcf00000,0x00000000dcf00000,0x00000000dd380000)
 ParOldGen       total 76800K, used 14979K [0x0000000091800000, 0x0000000096300000, 0x00000000db300000)
  object space 76800K, 19% used [0x0000000091800000,0x00000000926a0ed0,0x0000000096300000)
 Metaspace       used 16728K, capacity 17162K, committed 17408K, reserved 1064960K
  class space    used 1932K, capacity 2048K, committed 2048K, reserved 1048576K
Event: 4.570 GC heap after
Heap after GC invocations=7 (full 0):
 PSYoungGen      total 33280K, used 4592K [0x00000000db300000, 0x00000000dd800000, 0x0000000100000000)
  eden space 28672K, 0% used [0x00000000db300000,0x00000000db300000,0x00000000dcf00000)
  from space 4608K, 99% used [0x00000000dcf00000,0x00000000dd37c010,0x00000000dd380000)
  to   space 4608K, 0% used [0x00000000dd380000,0x00000000dd380000,0x00000000dd800000)
 ParOldGen       total 76800K, used 18518K [0x0000000091800000, 0x0000000096300000, 0x00000000db300000)
  object space 76800K, 24% used [0x0000000091800000,0x0000000092a15978,0x0000000096300000)
 Metaspace       used 16728K, capacity 17162K, committed 17408K, reserved 1064960K
  class space    used 1932K, capacity 2048K, committed 2048K, reserved 1048576K
}
Event: 5.021 GC heap before
{Heap before GC invocations=8 (full 0):
 PSYoungGen      total 33280K, used 33264K [0x00000000db300000, 0x00000000dd800000, 0x0000000100000000)
  eden space 28672K, 100% used [0x00000000db300000,0x00000000dcf00000,0x00000000dcf00000)
  from space 4608K, 99% used [0x00000000dcf00000,0x00000000dd37c010,0x00000000dd380000)
  to   space 4608K, 0% used [0x00000000dd380000,0x00000000dd380000,0x00000000dd800000)
 ParOldGen       total 76800K, used 18518K [0x0000000091800000, 0x0000000096300000, 0x00000000db300000)
  object space 76800K, 24% used [0x0000000091800000,0x0000000092a15978,0x0000000096300000)
 Metaspace       used 16927K, capacity 17366K, committed 17792K, reserved 1064960K
  class space    used 1935K, capacity 2050K, committed 2176K, reserved 1048576K
Event: 5.029 GC heap after
Heap after GC invocations=8 (full 0):
 PSYoungGen      total 33280K, used 4592K [0x00000000db300000, 0x00000000dd800000, 0x0000000100000000)
  eden space 28672K, 0% used [0x00000000db300000,0x00000000db300000,0x00000000dcf00000)
  from space 4608K, 99% used [0x00000000dd380000,0x00000000dd7fc030,0x00000000dd800000)
  to   space 4608K, 0% used [0x00000000dcf00000,0x00000000dcf00000,0x00000000dd380000)
 ParOldGen       total 76800K, used 22258K [0x0000000091800000, 0x0000000096300000, 0x00000000db300000)
  object space 76800K, 28% used [0x0000000091800000,0x0000000092dbc878,0x0000000096300000)
 Metaspace       used 16927K, capacity 17366K, committed 17792K, reserved 1064960K
  class space    used 1935K, capacity 2050K, committed 2176K, reserved 1048576K
}
Event: 5.453 GC heap before
{Heap before GC invocations=9 (full 0):
 PSYoungGen      total 33280K, used 33264K [0x00000000db300000, 0x00000000dd800000, 0x0000000100000000)
  eden space 28672K, 100% used [0x00000000db300000,0x00000000dcf00000,0x00000000dcf00000)
  from space 4608K, 99% used [0x00000000dd380000,0x00000000dd7fc030,0x00000000dd800000)
  to   space 4608K, 0% used [0x00000000dcf00000,0x00000000dcf00000,0x00000000dd380000)
 ParOldGen       total 76800K, used 22258K [0x0000000091800000, 0x0000000096300000, 0x00000000db300000)
  object space 76800K, 28% used [0x0000000091800000,0x0000000092dbc878,0x0000000096300000)
 Metaspace       used 17050K, capacity 17494K, committed 17792K, reserved 1064960K
  class space    used 1936K, capacity 2050K, committed 2176K, reserved 1048576K
Event: 5.459 GC heap after
Heap after GC invocations=9 (full 0):
 PSYoungGen      total 33280K, used 4608K [0x00000000db300000, 0x00000000dd800000, 0x0000000100000000)
  eden space 28672K, 0% used [0x00000000db300000,0x00000000db300000,0x00000000dcf00000)
  from space 4608K, 100% used [0x00000000dcf00000,0x00000000dd380000,0x00000000dd380000)
  to   space 4608K, 0% used [0x00000000dd380000,0x00000000dd380000,0x00000000dd800000)
 ParOldGen       total 76800K, used 26600K [0x0000000091800000, 0x0000000096300000, 0x00000000db300000)
  object space 76800K, 34% used [0x0000000091800000,0x00000000931fa290,0x0000000096300000)
 Metaspace       used 17050K, capacity 17494K, committed 17792K, reserved 1064960K
  class space    used 1936K, capacity 2050K, committed 2176K, reserved 1048576K
}
Event: 5.787 GC heap before
{Heap before GC invocations=10 (full 0):
 PSYoungGen      total 33280K, used 33280K [0x00000000db300000, 0x00000000dd800000, 0x0000000100000000)
  eden space 28672K, 100% used [0x00000000db300000,0x00000000dcf00000,0x00000000dcf00000)
  from space 4608K, 100% used [0x00000000dcf00000,0x00000000dd380000,0x00000000dd380000)
  to   space 4608K, 0% used [0x00000000dd380000,0x00000000dd380000,0x00000000dd800000)
 ParOldGen       total 76800K, used 26600K [0x0000000091800000, 0x0000000096300000, 0x00000000db300000)
  object space 76800K, 34% used [0x0000000091800000,0x00000000931fa290,0x0000000096300000)
 Metaspace       used 17114K, capacity 17500K, committed 17792K, reserved 1064960K
  class space    used 1937K, capacity 2051K, committed 2176K, reserved 1048576K
Event: 5.793 GC heap after
Heap after GC invocations=10 (full 0):
 PSYoungGen      total 33280K, used 4608K [0x00000000db300000, 0x00000000dd800000, 0x0000000100000000)
  eden space 28672K, 0% used [0x00000000db300000,0x00000000db300000,0x00000000dcf00000)
  from space 4608K, 100% used [0x00000000dd380000,0x00000000dd800000,0x00000000dd800000)
  to   space 4608K, 0% used [0x00000000dcf00000,0x00000000dcf00000,0x00000000dd380000)
 ParOldGen       total 76800K, used 30677K [0x0000000091800000, 0x0000000096300000, 0x00000000db300000)
  object space 76800K, 39% used [0x0000000091800000,0x00000000935f5748,0x0000000096300000)
 Metaspace       used 17114K, capacity 17500K, committed 17792K, reserved 1064960K
  class space    used 1937K, capacity 2051K, committed 2176K, reserved 1048576K
}
Event: 6.527 GC heap before
{Heap before GC invocations=11 (full 0):
 PSYoungGen      total 33280K, used 33280K [0x00000000db300000, 0x00000000dd800000, 0x0000000100000000)
  eden space 28672K, 100% used [0x00000000db300000,0x00000000dcf00000,0x00000000dcf00000)
  from space 4608K, 100% used [0x00000000dd380000,0x00000000dd800000,0x00000000dd800000)
  to   space 4608K, 0% used [0x00000000dcf00000,0x00000000dcf00000,0x00000000dd380000)
 ParOldGen       total 76800K, used 30677K [0x0000000091800000, 0x0000000096300000, 0x00000000db300000)
  object space 76800K, 39% used [0x0000000091800000,0x00000000935f5748,0x0000000096300000)
 Metaspace       used 17315K, capacity 17762K, committed 18048K, reserved 1064960K
  class space    used 1953K, capacity 2052K, committed 2176K, reserved 1048576K
Event: 6.534 GC heap after
Heap after GC invocations=11 (full 0):
 PSYoungGen      total 33280K, used 4416K [0x00000000db300000, 0x00000000dd800000, 0x0000000100000000)
  eden space 28672K, 0% used [0x00000000db300000,0x00000000db300000,0x00000000dcf00000)
  from space 4608K, 95% used [0x00000000dcf00000,0x00000000dd350000,0x00000000dd380000)
  to   space 4608K, 0% used [0x00000000dd380000,0x00000000dd380000,0x00000000dd800000)
 ParOldGen       total 76800K, used 35096K [0x0000000091800000, 0x0000000096300000, 0x00000000db300000)
  object space 76800K, 45% used [0x0000000091800000,0x0000000093a461a8,0x0000000096300000)
 Metaspace       used 17315K, capacity 17762K, committed 18048K, reserved 1064960K
  class space    used 1953K, capacity 2052K, committed 2176K, reserved 1048576K
}

Deoptimization events (10 events):
Event: 6.467 Thread 0x000001a70558f000 Uncommon trap: reason=unstable_if action=reinterpret pc=0x000001a707d65a50 method=org.eclipse.aether.graph.Dependency$Exclusions.copy(Ljava/util/Collection;)Ljava/util/Set; @ 1
Event: 6.782 Thread 0x000001a70558f000 Uncommon trap: reason=unstable_if action=reinterpret pc=0x000001a7078e869c method=org.codehaus.plexus.util.StringUtils.isNotEmpty(Ljava/lang/String;)Z @ 8
Event: 6.807 Thread 0x000001a70558f000 Uncommon trap: reason=unstable_if action=reinterpret pc=0x000001a7077032d0 method=sun.net.www.protocol.jar.Handler.parseURL(Ljava/net/URL;Ljava/lang/String;II)V @ 116
Event: 6.829 Thread 0x000001a70558f000 Uncommon trap: reason=class_check action=maybe_recompile pc=0x000001a7076ac088 method=com.google.inject.internal.LinkedBindingImpl.acceptTargetVisitor(Lcom/google/inject/spi/BindingTargetVisitor;)Ljava/lang/Object; @ 2
Event: 6.829 Thread 0x000001a70558f000 Uncommon trap: reason=class_check action=maybe_recompile pc=0x000001a7076ac088 method=com.google.inject.internal.LinkedBindingImpl.acceptTargetVisitor(Lcom/google/inject/spi/BindingTargetVisitor;)Ljava/lang/Object; @ 2
Event: 6.854 Thread 0x000001a70558f000 Uncommon trap: reason=class_check action=maybe_recompile pc=0x000001a7076ac088 method=com.google.inject.internal.LinkedBindingImpl.acceptTargetVisitor(Lcom/google/inject/spi/BindingTargetVisitor;)Ljava/lang/Object; @ 2
Event: 6.854 Thread 0x000001a70558f000 Uncommon trap: reason=class_check action=maybe_recompile pc=0x000001a7076ac088 method=com.google.inject.internal.LinkedBindingImpl.acceptTargetVisitor(Lcom/google/inject/spi/BindingTargetVisitor;)Ljava/lang/Object; @ 2
Event: 6.858 Thread 0x000001a70558f000 Uncommon trap: reason=null_check action=make_not_entrant pc=0x000001a707af2918 method=com.google.inject.internal.InjectorImpl.enterContext()Lcom/google/inject/internal/InternalContext; @ 7
Event: 6.917 Thread 0x000001a70558f000 Uncommon trap: reason=class_check action=maybe_recompile pc=0x000001a707b708d4 method=org.eclipse.sisu.wire.EntryListAdapter$ValueIterator.next()Ljava/lang/Object; @ 4
Event: 6.965 Thread 0x000001a70558f000 Uncommon trap: reason=class_check action=maybe_recompile pc=0x000001a707b708d4 method=org.eclipse.sisu.wire.EntryListAdapter$ValueIterator.next()Ljava/lang/Object; @ 4

Classes redefined (0 events):
No events

Internal exceptions (10 events):
Event: 2.597 Thread 0x000001a70558f000 Implicit null exception at 0x000001a707243c95 to 0x000001a707243e69
Event: 2.729 Thread 0x000001a70558f000 Implicit null exception at 0x000001a7073f9016 to 0x000001a7073f93a5
Event: 2.729 Thread 0x000001a70558f000 Implicit null exception at 0x000001a707377514 to 0x000001a7073778dd
Event: 3.019 Thread 0x000001a70558f000 Implicit null exception at 0x000001a7077f41fe to 0x000001a7077f54cd
Event: 3.352 Thread 0x000001a70558f000 Implicit null exception at 0x000001a7078d1b77 to 0x000001a7078d1dbd
Event: 3.519 Thread 0x000001a70558f000 Implicit null exception at 0x000001a707946a20 to 0x000001a707947c85
Event: 5.961 Thread 0x000001a70558f000 Implicit null exception at 0x000001a707d63c76 to 0x000001a707d63ef9
Event: 5.963 Thread 0x000001a70558f000 Implicit null exception at 0x000001a7074b572f to 0x000001a7074b5799
Event: 6.467 Thread 0x000001a70558f000 Implicit null exception at 0x000001a707d65408 to 0x000001a707d65a2d
Event: 6.858 Thread 0x000001a70558f000 Implicit null exception at 0x000001a707af2501 to 0x000001a707af2909

Events (10 events):
Event: 6.965 loading class org/apache/maven/plugin/logging/Log done
Event: 6.965 loading class org/apache/maven/plugin/logging/Log
Event: 6.965 loading class org/apache/maven/plugin/logging/Log done
Event: 6.965 Thread 0x000001a70558f000 Uncommon trap: trap_request=0xffffffde fr.pc=0x000001a707b708d4
Event: 6.965 Thread 0x000001a70558f000 DEOPT PACKING pc=0x000001a707b708d4 sp=0x0000000f5cffde80
Event: 6.965 Thread 0x000001a70558f000 DEOPT UNPACKING pc=0x000001a707175583 sp=0x0000000f5cffde28 mode 2
Event: 6.966 loading class org/apache/maven/artifact/resolver/filter/CumulativeScopeArtifactFilter
Event: 6.966 loading class org/apache/maven/artifact/resolver/filter/CumulativeScopeArtifactFilter done
Event: 6.967 loading class org/apache/maven/artifact/resolver/filter/AbstractScopeArtifactFilter
Event: 6.967 loading class org/apache/maven/artifact/resolver/filter/AbstractScopeArtifactFilter done


Dynamic libraries:
0x00007ff78aa20000 - 0x00007ff78aa5a000 	C:\Users\yangz\.jdks\corretto-1.8.0_292\bin\java.exe
0x00007ffe540e0000 - 0x00007ffe542d0000 	C:\Windows\SYSTEM32\ntdll.dll
0x00007ffe52560000 - 0x00007ffe52613000 	C:\Windows\System32\KERNEL32.DLL
0x00007ffe51ab0000 - 0x00007ffe51d56000 	C:\Windows\System32\KERNELBASE.dll
0x00007ffe532e0000 - 0x00007ffe53383000 	C:\Windows\System32\ADVAPI32.dll
0x00007ffe52640000 - 0x00007ffe526de000 	C:\Windows\System32\msvcrt.dll
0x00007ffe536e0000 - 0x00007ffe53777000 	C:\Windows\System32\sechost.dll
0x00007ffe52440000 - 0x00007ffe5255f000 	C:\Windows\System32\RPCRT4.dll
0x00007ffe53950000 - 0x00007ffe53ae4000 	C:\Windows\System32\USER32.dll
0x00007ffe51fb0000 - 0x00007ffe51fd1000 	C:\Windows\System32\win32u.dll
0x00007ffe526e0000 - 0x00007ffe52706000 	C:\Windows\System32\GDI32.dll
0x00007ffe51d60000 - 0x00007ffe51ef8000 	C:\Windows\System32\gdi32full.dll
0x00007ffe51920000 - 0x00007ffe519be000 	C:\Windows\System32\msvcp_win.dll
0x00007ffe52080000 - 0x00007ffe5217a000 	C:\Windows\System32\ucrtbase.dll
0x00007ffe33640000 - 0x00007ffe338c4000 	C:\Windows\WinSxS\amd64_microsoft.windows.common-controls_6595b64144ccf1df_6.0.18362.1801_none_9e79a739e46243f0\COMCTL32.dll
0x00007ffe52fa0000 - 0x00007ffe532d6000 	C:\Windows\System32\combase.dll
0x00007ffe51a20000 - 0x00007ffe51aa4000 	C:\Windows\System32\bcryptPrimitives.dll
0x00007ffe533f0000 - 0x00007ffe5341e000 	C:\Windows\System32\IMM32.DLL
0x00007ffe1ebb0000 - 0x00007ffe1ec9f000 	C:\Users\yangz\.jdks\corretto-1.8.0_292\jre\bin\msvcr120.dll
0x00007ffe1e8e0000 - 0x00007ffe1e986000 	C:\Users\yangz\.jdks\corretto-1.8.0_292\jre\bin\msvcp120.dll
0x000000005c980000 - 0x000000005d1ee000 	C:\Users\yangz\.jdks\corretto-1.8.0_292\jre\bin\server\jvm.dll
0x00007ffe52630000 - 0x00007ffe52638000 	C:\Windows\System32\PSAPI.DLL
0x00007ffe3a040000 - 0x00007ffe3a049000 	C:\Windows\SYSTEM32\WSOCK32.dll
0x00007ffe538e0000 - 0x00007ffe5394f000 	C:\Windows\System32\WS2_32.dll
0x00007ffe4eaa0000 - 0x00007ffe4eac4000 	C:\Windows\SYSTEM32\WINMM.dll
0x00007ffe4ea70000 - 0x00007ffe4ea9d000 	C:\Windows\SYSTEM32\winmmbase.dll
0x00007ffe49de0000 - 0x00007ffe49dea000 	C:\Windows\SYSTEM32\VERSION.dll
0x00007ffe52000000 - 0x00007ffe5204a000 	C:\Windows\System32\cfgmgr32.dll
0x00007ffe4c6d0000 - 0x00007ffe4c6df000 	C:\Users\yangz\.jdks\corretto-1.8.0_292\jre\bin\verify.dll
0x00007ffe42190000 - 0x00007ffe421b9000 	C:\Users\yangz\.jdks\corretto-1.8.0_292\jre\bin\java.dll
0x00007ffe380d0000 - 0x00007ffe380fa000 	C:\Users\yangz\.jdks\corretto-1.8.0_292\jre\bin\instrument.dll
0x00007ffe4c660000 - 0x00007ffe4c676000 	C:\Users\yangz\.jdks\corretto-1.8.0_292\jre\bin\zip.dll
0x00007ffe52710000 - 0x00007ffe52df7000 	C:\Windows\System32\SHELL32.dll
0x00007ffe53580000 - 0x00007ffe53629000 	C:\Windows\System32\shcore.dll
0x00007ffe51050000 - 0x00007ffe517cb000 	C:\Windows\System32\windows.storage.dll
0x00007ffe51010000 - 0x00007ffe5102e000 	C:\Windows\System32\profapi.dll
0x00007ffe50fc0000 - 0x00007ffe5100a000 	C:\Windows\System32\powrprof.dll
0x00007ffe50f90000 - 0x00007ffe50fa0000 	C:\Windows\System32\UMPDC.dll
0x00007ffe53390000 - 0x00007ffe533e2000 	C:\Windows\System32\shlwapi.dll
0x00007ffe50fa0000 - 0x00007ffe50fb1000 	C:\Windows\System32\kernel.appcore.dll
0x00007ffe51fe0000 - 0x00007ffe51ff7000 	C:\Windows\System32\cryptsp.dll
0x00007ffe42170000 - 0x00007ffe4218a000 	C:\Program Files\JetBrains\IntelliJ IDEA 2021.1.1\bin\breakgen64.dll
0x00007ffe41fa0000 - 0x00007ffe41fba000 	C:\Users\yangz\.jdks\corretto-1.8.0_292\jre\bin\net.dll
0x00007ffe50770000 - 0x00007ffe507d7000 	C:\Windows\system32\mswsock.dll
0x00007ffe502f0000 - 0x00007ffe50323000 	C:\Windows\system32\rsaenh.dll
0x00007ffe52050000 - 0x00007ffe52076000 	C:\Windows\System32\bcrypt.dll
0x00007ffe50e80000 - 0x00007ffe50ea5000 	C:\Windows\SYSTEM32\USERENV.dll
0x00007ffe50940000 - 0x00007ffe5094c000 	C:\Windows\SYSTEM32\CRYPTBASE.dll
0x00007ffe50480000 - 0x00007ffe504ba000 	C:\Windows\SYSTEM32\IPHLPAPI.DLL
0x00007ffe52620000 - 0x00007ffe52628000 	C:\Windows\System32\NSI.dll
0x00007ffe49e40000 - 0x00007ffe49e56000 	C:\Windows\SYSTEM32\dhcpcsvc6.DLL
0x00007ffe49e00000 - 0x00007ffe49e1c000 	C:\Windows\SYSTEM32\dhcpcsvc.DLL
0x00007ffe504c0000 - 0x00007ffe5058a000 	C:\Windows\SYSTEM32\DNSAPI.dll
0x00007ffe41a60000 - 0x00007ffe41a72000 	C:\Users\yangz\.jdks\corretto-1.8.0_292\jre\bin\nio.dll
0x00007ffe4c6c0000 - 0x00007ffe4c6ca000 	C:\Users\yangz\AppData\Local\Temp\jansi-1.17.1-6838364003184925713.dll
0x00007ffe4a2c0000 - 0x00007ffe4a2ca000 	C:\Users\yangz\AppData\Local\Temp\jansi-1.17.1-1874460999970290250.dll

VM Arguments:
jvm_args: -Dmaven.multiModuleProjectDirectory=C:\Users\yangz\IdeaProjects\COVID-19\domain\User\User_Module -Dmaven.home=C:\Program Files\JetBrains\IntelliJ IDEA 2021.1.1\plugins\maven\lib\maven3 -Dclassworlds.conf=C:\Program Files\JetBrains\IntelliJ IDEA 2021.1.1\plugins\maven\lib\maven3\bin\m2.conf -Dmaven.ext.class.path=C:\Program Files\JetBrains\IntelliJ IDEA 2021.1.1\plugins\maven\lib\maven-event-listener.jar -javaagent:C:\Program Files\JetBrains\IntelliJ IDEA 2021.1.1\lib\idea_rt.jar=56680:C:\Program Files\JetBrains\IntelliJ IDEA 2021.1.1\bin -Dfile.encoding=UTF-8 
java_command: org.codehaus.classworlds.Launcher -Didea.version=2021.1.1 -DskipTests=true compile
java_class_path (initial): C:\Program Files\JetBrains\IntelliJ IDEA 2021.1.1\plugins\maven\lib\maven3\boot\plexus-classworlds-2.6.0.jar;C:\Program Files\JetBrains\IntelliJ IDEA 2021.1.1\plugins\maven\lib\maven3\boot\plexus-classworlds.license;C:\Program Files\JetBrains\IntelliJ IDEA 2021.1.1\lib\idea_rt.jar
Launcher Type: SUN_STANDARD

Environment Variables:
JAVA_HOME=D:\Java\jdk1.8.0_301
CLASSPATH=.;D:\Java\jdk1.8.0_301\lib\dt.jar;D:\Java\jdk1.8.0_301\lib\tools.jar
PATH=D:\Java\jdk1.8.0_301\jre\bin;D:\Java\jdk1.8.0_301bin;D:\Vmware\bin\;C:\Program Files\Common Files\Oracle\Java\javapath;C:\Program Files (x86)\Common Files\Oracle\Java\javapath;D:\apache-tomcat-9.0.44\bin;C:\Windows\system32;C:\Windows;C:\Windows\System32\Wbem;C:\Windows\System32\WindowsPowerShell\v1.0\;C:\Windows\System32\OpenSSH\;C:\Program Files (x86)\Microsoft SQL Server\150\DTS\Binn\;C:\Program Files\Azure Data Studio\bin;C:\Program Files\Microsoft SQL Server\Client SDK\ODBC\170\Tools\Binn\;C:\Program Files (x86)\Microsoft SQL Server\150\Tools\Binn\;C:\Program Files\Microsoft SQL Server\150\Tools\Binn\;C:\Program Files\Microsoft SQL Server\150\DTS\Binn\;C:\Program Files\Intel\WiFi\bin\;C:\Program Files\Common Files\Intel\WirelessCommon\;C:\sdk;C:\sdk\platform-tools;;D:\mysql-8.0.24-winx64bin;D:\apache-maven-3.8.1\bin;C:\Program Files\Common Files\Autodesk Shared\;C:\Program Files\Microsoft SQL Server\120\Tools\Binn\;C:\Program Files\Microsoft SQL Server\130\Tools\Binn\;D:\opencv3.4.1\opencv\build\x64\vc15\bin;"D:\apache-tomcat-7.0.109\bin;";"D:\apache-tomcat-7.0.109\lib;";D:\apache-jmeter-5.4.1\bin;D:\erl-23.0\bin;D:\nodejs\;D:\XShell7\;D:\Xftp7\;C:\Users\yangz\AppData\Local\Microsoft\WindowsApps;C:\Program Files\Azure Data Studio\bin;D:\idea\IntelliJ IDEA 2021.1.1\bin;;D:\Microsoft VS Code\bin;C:\Users\yangz\AppData\Roaming\npm;C:\Program Files\Bandizip\
USERNAME=yangz
OS=Windows_NT
PROCESSOR_IDENTIFIER=AMD64 Family 23 Model 17 Stepping 0, AuthenticAMD



---------------  S Y S T E M  ---------------

OS: Windows 10.0 , 64 bit Build 18362 (10.0.18362.1766)

CPU:total 8 (initial active 8) (8 cores per cpu, 1 threads per core) family 23 model 17 stepping 0, cmov, cx8, fxsr, mmx, sse, sse2, sse3, ssse3, sse4.1, sse4.2, popcnt, avx, avx2, aes, clmul, mmxext, 3dnowpref, lzcnt, sse4a, tsc, tscinvbit, tscinv, bmi1

Memory: 4k page, physical 7239248k(1014336k free), swap 10795008k(6264k free)

vm_info: OpenJDK 64-Bit Server VM (25.292-b10) for windows-amd64 JRE (1.8.0_292-b10), built on Apr 14 2021 23:06:53 by "Administrator" with MS VC++ 12.0 (VS2013)

time: Wed Dec 29 12:00:02 2021
timezone: ?D1¨²¡À¨º¡Á?¨º¡À??
elapsed time: 7.037100 seconds (0d 0h 0m 7s)

