#
# There is insufficient memory for the Java Runtime Environment to continue.
# Native memory allocation (malloc) failed to allocate 1168016 bytes for Chunk::new
# Possible reasons:
#   The system is out of physical RAM or swap space
#   The process is running with CompressedOops enabled, and the Java Heap may be blocking the growth of the native heap
# Possible solutions:
#   Reduce memory load on the system
#   Increase physical memory or swap space
#   Check if swap backing store is full
#   Decrease Java heap size (-Xmx/-Xms)
#   Decrease number of Java threads
#   Decrease Java thread stack sizes (-Xss)
#   Set larger code cache with -XX:ReservedCodeCacheSize=
#   JVM is running with Unscaled Compressed Oops mode in which the Java heap is
#     placed in the first 4GB address space. The Java Heap base address is the
#     maximum limit for the native heap growth. Please use -XX:HeapBaseMinAddress
#     to set the Java Heap base and to place the Java Heap above 4GB virtual address.
# This output file may be truncated or incomplete.
#
#  Out of Memory Error (allocation.cpp:389), pid=18048, tid=0x00000000000029b8
#
# JRE version: OpenJDK Runtime Environment (8.0_292-b10) (build 1.8.0_292-b10)
# Java VM: OpenJDK 64-Bit Server VM (25.292-b10 mixed mode windows-amd64 compressed oops)
# Failed to write core dump. Minidumps are not enabled by default on client versions of Windows
#

---------------  T H R E A D  ---------------

Current thread (0x0000019e1d260000):  JavaThread "C2 CompilerThread0" daemon [_thread_in_native, id=10680, stack(0x000000902d800000,0x000000902d900000)]

Stack: [0x000000902d800000,0x000000902d900000]
[error occurred during error reporting (printing stack bounds), id 0xc0000005]

Native frames: (J=compiled Java code, j=interpreted, Vv=VM code, C=native code)


Current CompileTask:
C2:  10789 4931   !   4       lombok.core.AST::buildWithField0 (121 bytes)


---------------  P R O C E S S  ---------------

Java Threads: ( => current thread )
  0x0000019e1d326800 JavaThread "Service Thread" daemon [_thread_blocked, id=4808, stack(0x000000902dc00000,0x000000902dd00000)]
  0x0000019e1d273800 JavaThread "C1 CompilerThread3" daemon [_thread_in_vm, id=10952, stack(0x000000902db00000,0x000000902dc00000)]
  0x0000019e1d26d000 JavaThread "C2 CompilerThread2" daemon [_thread_in_native, id=17232, stack(0x000000902da00000,0x000000902db00000)]
  0x0000019e1d263000 JavaThread "C2 CompilerThread1" daemon [_thread_in_native, id=10092, stack(0x000000902d900000,0x000000902da00000)]
=>0x0000019e1d260000 JavaThread "C2 CompilerThread0" daemon [_thread_in_native, id=10680, stack(0x000000902d800000,0x000000902d900000)]
  0x0000019e1d25b800 JavaThread "Monitor Ctrl-Break" daemon [_thread_in_native, id=23448, stack(0x000000902d700000,0x000000902d800000)]
  0x0000019e1b474000 JavaThread "Attach Listener" daemon [_thread_blocked, id=23488, stack(0x000000902d600000,0x000000902d700000)]
  0x0000019e1b473800 JavaThread "Signal Dispatcher" daemon [_thread_blocked, id=10584, stack(0x000000902d500000,0x000000902d600000)]
  0x0000019e1b447800 JavaThread "Finalizer" daemon [_thread_blocked, id=15432, stack(0x000000902d400000,0x000000902d500000)]
  0x0000019e1b440800 JavaThread "Reference Handler" daemon [_thread_blocked, id=3016, stack(0x000000902d300000,0x000000902d400000)]
  0x0000019e05901000 JavaThread "main" [_thread_in_Java, id=18044, stack(0x000000902c900000,0x000000902ca00000)]

Other Threads:
  0x0000019e1b40d800 VMThread [stack: 0x000000902d200000,0x000000902d300000] [id=17880]
  0x0000019e1d329800 WatcherThread [stack: 0x000000902dd00000,0x000000902de00000] [id=14760]

VM state:not at safepoint (normal execution)

VM Mutex/Monitor currently owned by a thread: None

heap address: 0x0000000091800000, size: 1768 MB, Compressed Oops mode: 32-bit
Narrow klass base: 0x0000000000000000, Narrow klass shift: 3
Compressed class space size: 1073741824 Address: 0x0000000100000000

Heap:
 PSYoungGen      total 245248K, used 149684K [0x00000000db300000, 0x00000000eb300000, 0x0000000100000000)
  eden space 229376K, 65% used [0x00000000db300000,0x00000000e452d080,0x00000000e9300000)
  from space 15872K, 0% used [0x00000000ea380000,0x00000000ea380000,0x00000000eb300000)
  to   space 16384K, 0% used [0x00000000e9300000,0x00000000e9300000,0x00000000ea300000)
 ParOldGen       total 72704K, used 25045K [0x0000000091800000, 0x0000000095f00000, 0x00000000db300000)
  object space 72704K, 34% used [0x0000000091800000,0x00000000930755f8,0x0000000095f00000)
 Metaspace       used 26814K, capacity 27732K, committed 27904K, reserved 1073152K
  class space    used 3091K, capacity 3325K, committed 3328K, reserved 1048576K

Card table byte_map: [0x0000019e16920000,0x0000019e16ca0000] byte_map_base: 0x0000019e16494000

Marking Bits: (ParMarkBitMap*) 0x000000005af1f7f0
 Begin Bits: [0x0000019e16ef0000, 0x0000019e18a90000)
 End Bits:   [0x0000019e18a90000, 0x0000019e1a630000)

Polling page: 0x0000019e05a40000

CodeCache: size=245760Kb used=18401Kb max_used=18401Kb free=227358Kb
 bounds [0x0000019e07560000, 0x0000019e08770000, 0x0000019e16560000]
 total_blobs=5396 nmethods=4977 adapters=332
 compilation: enabled

Compilation events (10 events):
Event: 10.782 Thread 0x0000019e1d273800 5353       3       com.sun.tools.javac.code.Symbol$MethodSymbol::getKind (82 bytes)
Event: 10.783 Thread 0x0000019e1d273800 nmethod 5353 0x0000019e08762590 code [0x0000019e08762720, 0x0000019e08762b90]
Event: 10.783 Thread 0x0000019e1d273800 5358       3       com.sun.tools.javac.code.Types$13::visitType (10 bytes)
Event: 10.783 Thread 0x0000019e1d273800 nmethod 5358 0x0000019e08762cd0 code [0x0000019e08762e40, 0x0000019e087630f8]
Event: 10.783 Thread 0x0000019e1d273800 5359       3       com.sun.tools.javac.comp.Attr::attribExpr (11 bytes)
Event: 10.783 Thread 0x0000019e1d273800 nmethod 5359 0x0000019e087631d0 code [0x0000019e08763340, 0x0000019e087634f0]
Event: 10.783 Thread 0x0000019e1d273800 5360       3       com.sun.tools.javac.tree.JCTree$Tag::operatorIndex (12 bytes)
Event: 10.783 Thread 0x0000019e1d273800 nmethod 5360 0x0000019e08763590 code [0x0000019e087636e0, 0x0000019e08763978]
Event: 10.785 Thread 0x0000019e1d273800 5361       3       com.sun.tools.javac.code.Symbol::isInheritedIn (208 bytes)
Event: 10.786 Thread 0x0000019e1d273800 nmethod 5361 0x0000019e08763a50 code [0x0000019e08763cc0, 0x0000019e08764cf0]

GC Heap History (10 events):
Event: 4.229 GC heap before
{Heap before GC invocations=5 (full 0):
 PSYoungGen      total 61952K, used 61944K [0x00000000db300000, 0x00000000df400000, 0x0000000100000000)
  eden space 57344K, 100% used [0x00000000db300000,0x00000000deb00000,0x00000000deb00000)
  from space 4608K, 99% used [0x00000000def80000,0x00000000df3fe050,0x00000000df400000)
  to   space 4608K, 0% used [0x00000000deb00000,0x00000000deb00000,0x00000000def80000)
 ParOldGen       total 76800K, used 7426K [0x0000000091800000, 0x0000000096300000, 0x00000000db300000)
  object space 76800K, 9% used [0x0000000091800000,0x0000000091f409c0,0x0000000096300000)
 Metaspace       used 17089K, capacity 17502K, committed 17792K, reserved 1064960K
  class space    used 2004K, capacity 2146K, committed 2176K, reserved 1048576K
Event: 4.242 GC heap after
Heap after GC invocations=5 (full 0):
 PSYoungGen      total 61952K, used 4576K [0x00000000db300000, 0x00000000e3d00000, 0x0000000100000000)
  eden space 57344K, 0% used [0x00000000db300000,0x00000000db300000,0x00000000deb00000)
  from space 4608K, 99% used [0x00000000deb00000,0x00000000def78020,0x00000000def80000)
  to   space 13312K, 0% used [0x00000000e3000000,0x00000000e3000000,0x00000000e3d00000)
 ParOldGen       total 76800K, used 16303K [0x0000000091800000, 0x0000000096300000, 0x00000000db300000)
  object space 76800K, 21% used [0x0000000091800000,0x00000000927ebc48,0x0000000096300000)
 Metaspace       used 17089K, capacity 17502K, committed 17792K, reserved 1064960K
  class space    used 2004K, capacity 2146K, committed 2176K, reserved 1048576K
}
Event: 5.207 GC heap before
{Heap before GC invocations=6 (full 0):
 PSYoungGen      total 61952K, used 61920K [0x00000000db300000, 0x00000000e3d00000, 0x0000000100000000)
  eden space 57344K, 100% used [0x00000000db300000,0x00000000deb00000,0x00000000deb00000)
  from space 4608K, 99% used [0x00000000deb00000,0x00000000def78020,0x00000000def80000)
  to   space 13312K, 0% used [0x00000000e3000000,0x00000000e3000000,0x00000000e3d00000)
 ParOldGen       total 76800K, used 16303K [0x0000000091800000, 0x0000000096300000, 0x00000000db300000)
  object space 76800K, 21% used [0x0000000091800000,0x00000000927ebc48,0x0000000096300000)
 Metaspace       used 18221K, capacity 18764K, committed 18944K, reserved 1067008K
  class space    used 2067K, capacity 2227K, committed 2304K, reserved 1048576K
Event: 5.221 GC heap after
Heap after GC invocations=6 (full 0):
 PSYoungGen      total 125952K, used 7705K [0x00000000db300000, 0x00000000e3b00000, 0x0000000100000000)
  eden space 114688K, 0% used [0x00000000db300000,0x00000000db300000,0x00000000e2300000)
  from space 11264K, 68% used [0x00000000e3000000,0x00000000e37864c0,0x00000000e3b00000)
  to   space 12288K, 0% used [0x00000000e2300000,0x00000000e2300000,0x00000000e2f00000)
 ParOldGen       total 76800K, used 16311K [0x0000000091800000, 0x0000000096300000, 0x00000000db300000)
  object space 76800K, 21% used [0x0000000091800000,0x00000000927edc48,0x0000000096300000)
 Metaspace       used 18221K, capacity 18764K, committed 18944K, reserved 1067008K
  class space    used 2067K, capacity 2227K, committed 2304K, reserved 1048576K
}
Event: 7.060 GC heap before
{Heap before GC invocations=7 (full 0):
 PSYoungGen      total 125952K, used 122393K [0x00000000db300000, 0x00000000e3b00000, 0x0000000100000000)
  eden space 114688K, 100% used [0x00000000db300000,0x00000000e2300000,0x00000000e2300000)
  from space 11264K, 68% used [0x00000000e3000000,0x00000000e37864c0,0x00000000e3b00000)
  to   space 12288K, 0% used [0x00000000e2300000,0x00000000e2300000,0x00000000e2f00000)
 ParOldGen       total 76800K, used 16311K [0x0000000091800000, 0x0000000096300000, 0x00000000db300000)
  object space 76800K, 21% used [0x0000000091800000,0x00000000927edc48,0x0000000096300000)
 Metaspace       used 19483K, capacity 20196K, committed 20352K, reserved 1067008K
  class space    used 2219K, capacity 2414K, committed 2432K, reserved 1048576K
Event: 7.079 GC heap after
Heap after GC invocations=7 (full 0):
 PSYoungGen      total 126976K, used 12272K [0x00000000db300000, 0x00000000eb400000, 0x0000000100000000)
  eden space 114688K, 0% used [0x00000000db300000,0x00000000db300000,0x00000000e2300000)
  from space 12288K, 99% used [0x00000000e2300000,0x00000000e2efc010,0x00000000e2f00000)
  to   space 16896K, 0% used [0x00000000ea380000,0x00000000ea380000,0x00000000eb400000)
 ParOldGen       total 76800K, used 22080K [0x0000000091800000, 0x0000000096300000, 0x00000000db300000)
  object space 76800K, 28% used [0x0000000091800000,0x0000000092d90080,0x0000000096300000)
 Metaspace       used 19483K, capacity 20196K, committed 20352K, reserved 1067008K
  class space    used 2219K, capacity 2414K, committed 2432K, reserved 1048576K
}
Event: 7.273 GC heap before
{Heap before GC invocations=8 (full 0):
 PSYoungGen      total 126976K, used 19168K [0x00000000db300000, 0x00000000eb400000, 0x0000000100000000)
  eden space 114688K, 6% used [0x00000000db300000,0x00000000db9bc360,0x00000000e2300000)
  from space 12288K, 99% used [0x00000000e2300000,0x00000000e2efc010,0x00000000e2f00000)
  to   space 16896K, 0% used [0x00000000ea380000,0x00000000ea380000,0x00000000eb400000)
 ParOldGen       total 76800K, used 22080K [0x0000000091800000, 0x0000000096300000, 0x00000000db300000)
  object space 76800K, 28% used [0x0000000091800000,0x0000000092d90080,0x0000000096300000)
 Metaspace       used 20429K, capacity 21176K, committed 21248K, reserved 1069056K
  class space    used 2351K, capacity 2550K, committed 2560K, reserved 1048576K
Event: 7.286 GC heap after
Heap after GC invocations=8 (full 0):
 PSYoungGen      total 245248K, used 10516K [0x00000000db300000, 0x00000000eb300000, 0x0000000100000000)
  eden space 229376K, 0% used [0x00000000db300000,0x00000000db300000,0x00000000e9300000)
  from space 15872K, 66% used [0x00000000ea380000,0x00000000eadc52c0,0x00000000eb300000)
  to   space 16384K, 0% used [0x00000000e9300000,0x00000000e9300000,0x00000000ea300000)
 ParOldGen       total 76800K, used 23800K [0x0000000091800000, 0x0000000096300000, 0x00000000db300000)
  object space 76800K, 30% used [0x0000000091800000,0x0000000092f3e0a0,0x0000000096300000)
 Metaspace       used 20429K, capacity 21176K, committed 21248K, reserved 1069056K
  class space    used 2351K, capacity 2550K, committed 2560K, reserved 1048576K
}
Event: 7.286 GC heap before
{Heap before GC invocations=9 (full 1):
 PSYoungGen      total 245248K, used 10516K [0x00000000db300000, 0x00000000eb300000, 0x0000000100000000)
  eden space 229376K, 0% used [0x00000000db300000,0x00000000db300000,0x00000000e9300000)
  from space 15872K, 66% used [0x00000000ea380000,0x00000000eadc52c0,0x00000000eb300000)
  to   space 16384K, 0% used [0x00000000e9300000,0x00000000e9300000,0x00000000ea300000)
 ParOldGen       total 76800K, used 23800K [0x0000000091800000, 0x0000000096300000, 0x00000000db300000)
  object space 76800K, 30% used [0x0000000091800000,0x0000000092f3e0a0,0x0000000096300000)
 Metaspace       used 20429K, capacity 21176K, committed 21248K, reserved 1069056K
  class space    used 2351K, capacity 2550K, committed 2560K, reserved 1048576K
Event: 7.383 GC heap after
Heap after GC invocations=9 (full 1):
 PSYoungGen      total 245248K, used 0K [0x00000000db300000, 0x00000000eb300000, 0x0000000100000000)
  eden space 229376K, 0% used [0x00000000db300000,0x00000000db300000,0x00000000e9300000)
  from space 15872K, 0% used [0x00000000ea380000,0x00000000ea380000,0x00000000eb300000)
  to   space 16384K, 0% used [0x00000000e9300000,0x00000000e9300000,0x00000000ea300000)
 ParOldGen       total 72704K, used 25045K [0x0000000091800000, 0x0000000095f00000, 0x00000000db300000)
  object space 72704K, 34% used [0x0000000091800000,0x00000000930755f8,0x0000000095f00000)
 Metaspace       used 20429K, capacity 21176K, committed 21248K, reserved 1069056K
  class space    used 2351K, capacity 2550K, committed 2560K, reserved 1048576K
}

Deoptimization events (10 events):
Event: 10.332 Thread 0x0000019e05901000 Uncommon trap: reason=bimorphic action=maybe_recompile pc=0x0000019e0860ed4c method=lombok.javac.JavacNode.traverse(Llombok/javac/JavacASTVisitor;)V @ 153
Event: 10.332 Thread 0x0000019e05901000 Uncommon trap: reason=bimorphic action=maybe_recompile pc=0x0000019e0860ed74 method=lombok.javac.JavacNode.traverse(Llombok/javac/JavacASTVisitor;)V @ 715
Event: 10.332 Thread 0x0000019e05901000 Uncommon trap: reason=bimorphic action=maybe_recompile pc=0x0000019e0860ed4c method=lombok.javac.JavacNode.traverse(Llombok/javac/JavacASTVisitor;)V @ 153
Event: 10.351 Thread 0x0000019e05901000 Uncommon trap: reason=unstable_if action=reinterpret pc=0x0000019e07d2a8bc method=java.util.HashMap.hash(Ljava/lang/Object;)I @ 1
Event: 10.523 Thread 0x0000019e05901000 Uncommon trap: reason=unstable_if action=reinterpret pc=0x0000019e085cf1d4 method=com.sun.tools.javac.code.Scope.lookup(Lcom/sun/tools/javac/util/Name;Lcom/sun/tools/javac/util/Filter;)Lcom/sun/tools/javac/code/Scope$Entry; @ 54
Event: 10.544 Thread 0x0000019e05901000 Uncommon trap: reason=bimorphic action=maybe_recompile pc=0x0000019e083e4a4c method=java.util.HashMap.putVal(ILjava/lang/Object;Ljava/lang/Object;ZZ)Ljava/lang/Object; @ 253
Event: 10.547 Thread 0x0000019e05901000 Uncommon trap: reason=bimorphic action=maybe_recompile pc=0x0000019e083e4a4c method=java.util.HashMap.putVal(ILjava/lang/Object;Ljava/lang/Object;ZZ)Ljava/lang/Object; @ 253
Event: 10.549 Thread 0x0000019e05901000 Uncommon trap: reason=bimorphic action=maybe_recompile pc=0x0000019e083e4a4c method=java.util.HashMap.putVal(ILjava/lang/Object;Ljava/lang/Object;ZZ)Ljava/lang/Object; @ 253
Event: 10.677 Thread 0x0000019e05901000 Uncommon trap: reason=bimorphic action=maybe_recompile pc=0x0000019e083e4a4c method=java.util.HashMap.putVal(ILjava/lang/Object;Ljava/lang/Object;ZZ)Ljava/lang/Object; @ 253
Event: 10.681 Thread 0x0000019e05901000 Uncommon trap: reason=bimorphic action=maybe_recompile pc=0x0000019e0848fc70 method=java.util.HashMap.putVal(ILjava/lang/Object;Ljava/lang/Object;ZZ)Ljava/lang/Object; @ 253

Classes redefined (0 events):
No events

Internal exceptions (10 events):
Event: 3.600 Thread 0x0000019e05901000 Implicit null exception at 0x0000019e07d7f8b7 to 0x0000019e07d7fafd
Event: 4.078 Thread 0x0000019e05901000 Implicit null exception at 0x0000019e07e518c2 to 0x0000019e07e57469
Event: 4.397 Thread 0x0000019e05901000 Implicit null exception at 0x0000019e07955695 to 0x0000019e0795586d
Event: 4.397 Thread 0x0000019e05901000 Implicit null exception at 0x0000019e079b4e2f to 0x0000019e079b4e99
Event: 7.186 Thread 0x0000019e05901000 Exception <a 'java/lang/ClassNotFoundException': com/sun/tools/javac/api/JavacTool> (0x00000000db506420) thrown at [C:\wsjdk\Corretto8Src\installers\windows\zip\corretto-build\buildRoot\src\hotspot\src\share\vm\classfile\systemDictionary.cpp, line 217]
Event: 7.869 Thread 0x0000019e05901000 Exception <a 'java/io/FileNotFoundException'> (0x00000000dcceb170) thrown at [C:\wsjdk\Corretto8Src\installers\windows\zip\corretto-build\buildRoot\src\hotspot\src\share\vm\prims\jni.cpp, line 711]
Event: 7.874 Thread 0x0000019e05901000 Exception <a 'java/io/FileNotFoundException'> (0x00000000dcd49438) thrown at [C:\wsjdk\Corretto8Src\installers\windows\zip\corretto-build\buildRoot\src\hotspot\src\share\vm\prims\jni.cpp, line 711]
Event: 9.518 Thread 0x0000019e05901000 Implicit null exception at 0x0000019e07ccdb71 to 0x0000019e07ccdf81
Event: 9.526 Thread 0x0000019e05901000 Implicit null exception at 0x0000019e07cb9d95 to 0x0000019e07cb9f91
Event: 10.351 Thread 0x0000019e05901000 Implicit null exception at 0x0000019e07d29cf1 to 0x0000019e07d2a8a1

Events (10 events):
Event: 10.703 loading class com/sun/tools/javac/code/Types$MethodFilter
Event: 10.703 loading class com/sun/tools/javac/code/Types$MethodFilter done
Event: 10.704 loading class com/sun/tools/javac/code/Kinds
Event: 10.704 loading class com/sun/tools/javac/code/Kinds done
Event: 10.704 loading class com/sun/tools/javac/code/Kinds$1
Event: 10.704 loading class com/sun/tools/javac/code/Kinds$1 done
Event: 10.705 loading class com/sun/tools/javac/code/Kinds$KindName
Event: 10.705 loading class com/sun/tools/javac/code/Kinds$KindName done
Event: 10.739 Executing VM operation: ForceSafepoint
Event: 10.740 Executing VM operation: ForceSafepoint done


Dynamic libraries:
0x00007ff7be940000 - 0x00007ff7be97a000 	C:\Users\yangz\.jdks\corretto-1.8.0_292\bin\java.exe
0x00007ffc5f800000 - 0x00007ffc5f9f0000 	C:\Windows\SYSTEM32\ntdll.dll
0x00007ffc5f2f0000 - 0x00007ffc5f3a3000 	C:\Windows\System32\KERNEL32.DLL
0x00007ffc5d2f0000 - 0x00007ffc5d596000 	C:\Windows\System32\KERNELBASE.dll
0x00007ffc5d8b0000 - 0x00007ffc5d953000 	C:\Windows\System32\ADVAPI32.dll
0x00007ffc5f250000 - 0x00007ffc5f2ee000 	C:\Windows\System32\msvcrt.dll
0x00007ffc5dd50000 - 0x00007ffc5dde7000 	C:\Windows\System32\sechost.dll
0x00007ffc5f130000 - 0x00007ffc5f24f000 	C:\Windows\System32\RPCRT4.dll
0x00007ffc5f3c0000 - 0x00007ffc5f554000 	C:\Windows\System32\USER32.dll
0x00007ffc5d1f0000 - 0x00007ffc5d211000 	C:\Windows\System32\win32u.dll
0x00007ffc5f790000 - 0x00007ffc5f7b6000 	C:\Windows\System32\GDI32.dll
0x00007ffc5c7a0000 - 0x00007ffc5c938000 	C:\Windows\System32\gdi32full.dll
0x00007ffc5c940000 - 0x00007ffc5c9de000 	C:\Windows\System32\msvcp_win.dll
0x00007ffc5d7a0000 - 0x00007ffc5d89a000 	C:\Windows\System32\ucrtbase.dll
0x00007ffc3eae0000 - 0x00007ffc3ed64000 	C:\Windows\WinSxS\amd64_microsoft.windows.common-controls_6595b64144ccf1df_6.0.18362.1801_none_9e79a739e46243f0\COMCTL32.dll
0x00007ffc5da10000 - 0x00007ffc5dd46000 	C:\Windows\System32\combase.dll
0x00007ffc5c9e0000 - 0x00007ffc5ca64000 	C:\Windows\System32\bcryptPrimitives.dll
0x00007ffc5f100000 - 0x00007ffc5f12e000 	C:\Windows\System32\IMM32.DLL
0x00007ffc22030000 - 0x00007ffc2211f000 	C:\Users\yangz\.jdks\corretto-1.8.0_292\jre\bin\msvcr120.dll
0x00007ffc22c40000 - 0x00007ffc22ce6000 	C:\Users\yangz\.jdks\corretto-1.8.0_292\jre\bin\msvcp120.dll
0x000000005a730000 - 0x000000005af9e000 	C:\Users\yangz\.jdks\corretto-1.8.0_292\jre\bin\server\jvm.dll
0x00007ffc5f0f0000 - 0x00007ffc5f0f8000 	C:\Windows\System32\PSAPI.DLL
0x00007ffc5a1b0000 - 0x00007ffc5a1d4000 	C:\Windows\SYSTEM32\WINMM.dll
0x00007ffc537e0000 - 0x00007ffc537ea000 	C:\Windows\SYSTEM32\VERSION.dll
0x00007ffc44880000 - 0x00007ffc44889000 	C:\Windows\SYSTEM32\WSOCK32.dll
0x00007ffc5e5c0000 - 0x00007ffc5e62f000 	C:\Windows\System32\WS2_32.dll
0x00007ffc59fa0000 - 0x00007ffc59fcd000 	C:\Windows\SYSTEM32\winmmbase.dll
0x00007ffc5d220000 - 0x00007ffc5d26a000 	C:\Windows\System32\cfgmgr32.dll
0x00007ffc58d90000 - 0x00007ffc58d9f000 	C:\Users\yangz\.jdks\corretto-1.8.0_292\jre\bin\verify.dll
0x00007ffc2e790000 - 0x00007ffc2e7b9000 	C:\Users\yangz\.jdks\corretto-1.8.0_292\jre\bin\java.dll
0x00007ffc2bee0000 - 0x00007ffc2bf0a000 	C:\Users\yangz\.jdks\corretto-1.8.0_292\jre\bin\instrument.dll
0x00007ffc3b350000 - 0x00007ffc3b366000 	C:\Users\yangz\.jdks\corretto-1.8.0_292\jre\bin\zip.dll
0x00007ffc5ea00000 - 0x00007ffc5f0e7000 	C:\Windows\System32\SHELL32.dll
0x00007ffc5d960000 - 0x00007ffc5da09000 	C:\Windows\System32\shcore.dll
0x00007ffc5ca70000 - 0x00007ffc5d1eb000 	C:\Windows\System32\windows.storage.dll
0x00007ffc5c750000 - 0x00007ffc5c76e000 	C:\Windows\System32\profapi.dll
0x00007ffc5c700000 - 0x00007ffc5c74a000 	C:\Windows\System32\powrprof.dll
0x00007ffc5c6b0000 - 0x00007ffc5c6c0000 	C:\Windows\System32\UMPDC.dll
0x00007ffc5df40000 - 0x00007ffc5df92000 	C:\Windows\System32\shlwapi.dll
0x00007ffc5c6c0000 - 0x00007ffc5c6d1000 	C:\Windows\System32\kernel.appcore.dll
0x00007ffc5d2d0000 - 0x00007ffc5d2e7000 	C:\Windows\System32\cryptsp.dll
0x00007ffc2e040000 - 0x00007ffc2e05a000 	D:\IntelliJ IDEA 2021.1.1\bin\breakgen64.dll
0x00007ffc28d80000 - 0x00007ffc28d9a000 	C:\Users\yangz\.jdks\corretto-1.8.0_292\jre\bin\net.dll
0x00007ffc5be90000 - 0x00007ffc5bef7000 	C:\Windows\system32\mswsock.dll
0x00007ffc5ba10000 - 0x00007ffc5ba43000 	C:\Windows\system32\rsaenh.dll
0x00007ffc5c770000 - 0x00007ffc5c796000 	C:\Windows\System32\bcrypt.dll
0x00007ffc5c5a0000 - 0x00007ffc5c5c5000 	C:\Windows\SYSTEM32\USERENV.dll
0x00007ffc5c060000 - 0x00007ffc5c06c000 	C:\Windows\SYSTEM32\CRYPTBASE.dll
0x00007ffc5bba0000 - 0x00007ffc5bbda000 	C:\Windows\SYSTEM32\IPHLPAPI.DLL
0x00007ffc5d8a0000 - 0x00007ffc5d8a8000 	C:\Windows\System32\NSI.dll
0x00007ffc53eb0000 - 0x00007ffc53ec6000 	C:\Windows\SYSTEM32\dhcpcsvc6.DLL
0x00007ffc53e70000 - 0x00007ffc53e8c000 	C:\Windows\SYSTEM32\dhcpcsvc.DLL
0x00007ffc5bbf0000 - 0x00007ffc5bcba000 	C:\Windows\SYSTEM32\DNSAPI.dll
0x00007ffc28d60000 - 0x00007ffc28d72000 	C:\Users\yangz\.jdks\corretto-1.8.0_292\jre\bin\nio.dll
0x00007ffc54750000 - 0x00007ffc5475a000 	C:\Users\yangz\AppData\Local\Temp\jansi-1.17.1-3804092710353886405.dll
0x00007ffc52e60000 - 0x00007ffc52e6a000 	C:\Users\yangz\AppData\Local\Temp\jansi-1.17.1-1166504490875659727.dll

VM Arguments:
jvm_args: -Dmaven.multiModuleProjectDirectory=C:\Users\yangz\IdeaProjects\COVID-19 -Dmaven.home=D:\apache-maven-3.8.1 -Dclassworlds.conf=D:\apache-maven-3.8.1\bin\m2.conf -Dmaven.ext.class.path=D:\IntelliJ IDEA 2021.1.1\plugins\maven\lib\maven-event-listener.jar -javaagent:D:\IntelliJ IDEA 2021.1.1\lib\idea_rt.jar=60053:D:\IntelliJ IDEA 2021.1.1\bin -Dfile.encoding=UTF-8 
java_command: org.codehaus.classworlds.Launcher -Didea.version=2021.1.1 --offline -s D:\apache-maven-3.8.1\conf\settings.xml -Dmaven.repo.local=D:\maven\repository2 -DskipTests=true install
java_class_path (initial): D:\apache-maven-3.8.1\boot\plexus-classworlds-2.6.0.jar;D:\apache-maven-3.8.1\boot\plexus-classworlds.license;D:\IntelliJ IDEA 2021.1.1\lib\idea_rt.jar
Launcher Type: SUN_STANDARD

Environment Variables:
JAVA_HOME=D:\Java\jdk1.8.0_301
CLASSPATH=.;D:\Java\jdk1.8.0_301\lib\dt.jar;D:\Java\jdk1.8.0_301\lib\tools.jar
PATH=D:\Java\jdk1.8.0_301\jre\bin;D:\Java\jdk1.8.0_301bin;D:\Vmware\bin\;C:\Program Files\Common Files\Oracle\Java\javapath;C:\Program Files (x86)\Common Files\Oracle\Java\javapath;D:\apache-tomcat-9.0.44\bin;C:\Windows\system32;C:\Windows;C:\Windows\System32\Wbem;C:\Windows\System32\WindowsPowerShell\v1.0\;C:\Windows\System32\OpenSSH\;C:\Program Files (x86)\Microsoft SQL Server\150\DTS\Binn\;C:\Program Files\Azure Data Studio\bin;C:\Program Files\Microsoft SQL Server\Client SDK\ODBC\170\Tools\Binn\;C:\Program Files (x86)\Microsoft SQL Server\150\Tools\Binn\;C:\Program Files\Microsoft SQL Server\150\Tools\Binn\;C:\Program Files\Microsoft SQL Server\150\DTS\Binn\;C:\Program Files\Intel\WiFi\bin\;C:\Program Files\Common Files\Intel\WirelessCommon\;C:\sdk;C:\sdk\platform-tools;;D:\mysql-8.0.24-winx64bin;D:\apache-maven-3.8.1\bin;C:\Program Files\Common Files\Autodesk Shared\;C:\Program Files\Microsoft SQL Server\120\Tools\Binn\;C:\Program Files\Microsoft SQL Server\130\Tools\Binn\;D:\opencv3.4.1\opencv\build\x64\vc15\bin;"D:\apache-tomcat-7.0.109\bin;";"D:\apache-tomcat-7.0.109\lib;";D:\apache-jmeter-5.4.1\bin;C:\Program Files\Git\cmd;D:\erl-23.0\bin;D:\nodejs\;D:\XShell7\;C:\Users\yangz\AppData\Local\Microsoft\WindowsApps;C:\Program Files\Azure Data Studio\bin;D:\idea\IntelliJ IDEA 2021.1.1\bin;;D:\Microsoft VS Code\bin;C:\Users\yangz\AppData\Roaming\npm;C:\Program Files\Bandizip\
USERNAME=yangz
OS=Windows_NT
PROCESSOR_IDENTIFIER=AMD64 Family 23 Model 17 Stepping 0, AuthenticAMD



---------------  S Y S T E M  ---------------

OS: Windows 10.0 , 64 bit Build 18362 (10.0.18362.1766)

CPU:total 8 (initial active 8) (8 cores per cpu, 1 threads per core) family 23 model 17 stepping 0, cmov, cx8, fxsr, mmx, sse, sse2, sse3, ssse3, sse4.1, sse4.2, popcnt, avx, avx2, aes, clmul, mmxext, 3dnowpref, lzcnt, sse4a, tsc, tscinvbit, tscinv, bmi1

Memory: 4k page, physical 7239248k(482308k free), swap 17893272k(5364k free)

vm_info: OpenJDK 64-Bit Server VM (25.292-b10) for windows-amd64 JRE (1.8.0_292-b10), built on Apr 14 2021 23:06:53 by "Administrator" with MS VC++ 12.0 (VS2013)

time: Sun Oct 03 17:55:56 2021
timezone: ?D1¨²¡À¨º¡Á?¨º¡À??
elapsed time: 10.798527 seconds (0d 0h 0m 10s)

