#
# There is insufficient memory for the Java Runtime Environment to continue.
# Native memory allocation (malloc) failed to allocate 1051536 bytes for Chunk::new
# Possible reasons:
#   The system is out of physical RAM or swap space
#   The process is running with CompressedOops enabled, and the Java Heap may be blocking the growth of the native heap
# Possible solutions:
#   Reduce memory load on the system
#   Increase physical memory or swap space
#   Check if swap backing store is full
#   Decrease Java heap size (-Xmx/-Xms)
#   Decrease number of Java threads
#   Decrease Java thread stack sizes (-Xss)
#   Set larger code cache with -XX:ReservedCodeCacheSize=
#   JVM is running with Unscaled Compressed Oops mode in which the Java heap is
#     placed in the first 4GB address space. The Java Heap base address is the
#     maximum limit for the native heap growth. Please use -XX:HeapBaseMinAddress
#     to set the Java Heap base and to place the Java Heap above 4GB virtual address.
# This output file may be truncated or incomplete.
#
#  Out of Memory Error (allocation.cpp:389), pid=2036, tid=0x00000000000010f0
#
# JRE version: OpenJDK Runtime Environment (8.0_292-b10) (build 1.8.0_292-b10)
# Java VM: OpenJDK 64-Bit Server VM (25.292-b10 mixed mode windows-amd64 compressed oops)
# Failed to write core dump. Minidumps are not enabled by default on client versions of Windows
#

---------------  T H R E A D  ---------------

Current thread (0x000002235a540800):  JavaThread "C2 CompilerThread0" daemon [_thread_in_native, id=4336, stack(0x00000054a6c00000,0x00000054a6d00000)]

Stack: [0x00000054a6c00000,0x00000054a6d00000]
[error occurred during error reporting (printing stack bounds), id 0xc0000005]

Native frames: (J=compiled Java code, j=interpreted, Vv=VM code, C=native code)


Current CompileTask:
C2:   3500 2640   !   4       org.codehaus.plexus.interpolation.StringSearchInterpolator::interpolate (650 bytes)


---------------  P R O C E S S  ---------------

Java Threads: ( => current thread )
  0x000002235a54e000 JavaThread "Service Thread" daemon [_thread_blocked, id=12360, stack(0x00000054a7000000,0x00000054a7100000)]
  0x000002235a547000 JavaThread "C1 CompilerThread3" daemon [_thread_blocked, id=11672, stack(0x00000054a6f00000,0x00000054a7000000)]
  0x000002235a542000 JavaThread "C2 CompilerThread2" daemon [_thread_blocked, id=13592, stack(0x00000054a6e00000,0x00000054a6f00000)]
  0x000002235a541000 JavaThread "C2 CompilerThread1" daemon [_thread_blocked, id=14072, stack(0x00000054a6d00000,0x00000054a6e00000)]
=>0x000002235a540800 JavaThread "C2 CompilerThread0" daemon [_thread_in_native, id=4336, stack(0x00000054a6c00000,0x00000054a6d00000)]
  0x000002235a4df800 JavaThread "Attach Listener" daemon [_thread_blocked, id=7040, stack(0x00000054a6b00000,0x00000054a6c00000)]
  0x000002235a4de800 JavaThread "Signal Dispatcher" daemon [_thread_blocked, id=4536, stack(0x00000054a6a00000,0x00000054a6b00000)]
  0x000002235a4ad800 JavaThread "Finalizer" daemon [_thread_blocked, id=14492, stack(0x00000054a6900000,0x00000054a6a00000)]
  0x000002235a49d800 JavaThread "Reference Handler" daemon [_thread_blocked, id=15392, stack(0x00000054a6800000,0x00000054a6900000)]
  0x0000022343f08800 JavaThread "main" [_thread_in_native, id=6836, stack(0x00000054a5e00000,0x00000054a5f00000)]

Other Threads:
  0x000002235a471800 VMThread [stack: 0x00000054a6700000,0x00000054a6800000] [id=10264]
  0x000002235b83e800 WatcherThread [stack: 0x00000054a7100000,0x00000054a7200000] [id=14564]

VM state:not at safepoint (normal execution)

VM Mutex/Monitor currently owned by a thread: None

heap address: 0x0000000091800000, size: 1768 MB, Compressed Oops mode: 32-bit
Narrow klass base: 0x0000000000000000, Narrow klass shift: 3
Compressed class space size: 1073741824 Address: 0x0000000100000000

Heap:
 PSYoungGen      total 33280K, used 26460K [0x00000000db300000, 0x00000000dff00000, 0x0000000100000000)
  eden space 28672K, 76% used [0x00000000db300000,0x00000000dc8590f0,0x00000000dcf00000)
  from space 4608K, 99% used [0x00000000dcf00000,0x00000000dd37e030,0x00000000dd380000)
  to   space 10240K, 0% used [0x00000000df500000,0x00000000df500000,0x00000000dff00000)
 ParOldGen       total 76800K, used 12352K [0x0000000091800000, 0x0000000096300000, 0x00000000db300000)
  object space 76800K, 16% used [0x0000000091800000,0x0000000092410158,0x0000000096300000)
 Metaspace       used 16268K, capacity 16594K, committed 16896K, reserved 1064960K
  class space    used 1902K, capacity 2012K, committed 2048K, reserved 1048576K

Card table byte_map: [0x0000022354ed0000,0x0000022355250000] byte_map_base: 0x0000022354a44000

Marking Bits: (ParMarkBitMap*) 0x000000006efef7f0
 Begin Bits: [0x00000223554a0000, 0x0000022357040000)
 End Bits:   [0x0000022357040000, 0x0000022358be0000)

Polling page: 0x0000022343ec0000

CodeCache: size=245760Kb used=9780Kb max_used=9792Kb free=235979Kb
 bounds [0x0000022345b10000, 0x00000223464b0000, 0x0000022354b10000]
 total_blobs=3131 nmethods=2756 adapters=288
 compilation: enabled

Compilation events (10 events):
Event: 3.489 Thread 0x000002235a547000 2753       3       org.apache.maven.model.PluginExecution::setGoals (6 bytes)
Event: 3.489 Thread 0x000002235a547000 nmethod 2753 0x0000022346495310 code [0x0000022346495460, 0x00000223464955d8]
Event: 3.489 Thread 0x000002235a547000 2754   !   3       org.apache.maven.model.Activation::clone (127 bytes)
Event: 3.489 Thread 0x000002235a542000 2755       4       java.util.regex.Pattern$CharProperty$1::isSatisfiedBy (17 bytes)
Event: 3.491 Thread 0x000002235a547000 nmethod 2754 0x00000223464a5690 code [0x00000223464a5920, 0x00000223464a6b50]
Event: 3.491 Thread 0x000002235a547000 2756       3       org.eclipse.aether.util.version.GenericVersion$Item::isNumber (15 bytes)
Event: 3.491 Thread 0x000002235a547000 nmethod 2756 0x0000022346494f90 code [0x00000223464950e0, 0x0000022346495298]
Event: 3.491 Thread 0x000002235a542000 nmethod 2755 0x00000223464aa190 code [0x00000223464aa2e0, 0x00000223464aa3f8]
Event: 3.495 Thread 0x000002235a547000 2757       3       org.apache.maven.model.PluginExecution::<init> (16 bytes)
Event: 3.495 Thread 0x000002235a547000 nmethod 2757 0x00000223464a9d10 code [0x00000223464a9e80, 0x00000223464aa0b8]

GC Heap History (10 events):
Event: 1.376 GC heap before
{Heap before GC invocations=1 (full 0):
 PSYoungGen      total 33280K, used 28672K [0x00000000db300000, 0x00000000dd800000, 0x0000000100000000)
  eden space 28672K, 100% used [0x00000000db300000,0x00000000dcf00000,0x00000000dcf00000)
  from space 4608K, 0% used [0x00000000dd380000,0x00000000dd380000,0x00000000dd800000)
  to   space 4608K, 0% used [0x00000000dcf00000,0x00000000dcf00000,0x00000000dd380000)
 ParOldGen       total 76800K, used 0K [0x0000000091800000, 0x0000000096300000, 0x00000000db300000)
  object space 76800K, 0% used [0x0000000091800000,0x0000000091800000,0x0000000096300000)
 Metaspace       used 8536K, capacity 8668K, committed 8832K, reserved 1056768K
  class space    used 1015K, capacity 1080K, committed 1152K, reserved 1048576K
Event: 1.381 GC heap after
Heap after GC invocations=1 (full 0):
 PSYoungGen      total 33280K, used 4600K [0x00000000db300000, 0x00000000dd800000, 0x0000000100000000)
  eden space 28672K, 0% used [0x00000000db300000,0x00000000db300000,0x00000000dcf00000)
  from space 4608K, 99% used [0x00000000dcf00000,0x00000000dd37e170,0x00000000dd380000)
  to   space 4608K, 0% used [0x00000000dd380000,0x00000000dd380000,0x00000000dd800000)
 ParOldGen       total 76800K, used 713K [0x0000000091800000, 0x0000000096300000, 0x00000000db300000)
  object space 76800K, 0% used [0x0000000091800000,0x00000000918b2498,0x0000000096300000)
 Metaspace       used 8536K, capacity 8668K, committed 8832K, reserved 1056768K
  class space    used 1015K, capacity 1080K, committed 1152K, reserved 1048576K
}
Event: 1.768 GC heap before
{Heap before GC invocations=2 (full 0):
 PSYoungGen      total 33280K, used 33272K [0x00000000db300000, 0x00000000dd800000, 0x0000000100000000)
  eden space 28672K, 100% used [0x00000000db300000,0x00000000dcf00000,0x00000000dcf00000)
  from space 4608K, 99% used [0x00000000dcf00000,0x00000000dd37e170,0x00000000dd380000)
  to   space 4608K, 0% used [0x00000000dd380000,0x00000000dd380000,0x00000000dd800000)
 ParOldGen       total 76800K, used 713K [0x0000000091800000, 0x0000000096300000, 0x00000000db300000)
  object space 76800K, 0% used [0x0000000091800000,0x00000000918b2498,0x0000000096300000)
 Metaspace       used 10987K, capacity 11150K, committed 11520K, reserved 1058816K
  class space    used 1326K, capacity 1414K, committed 1536K, reserved 1048576K
Event: 1.773 GC heap after
Heap after GC invocations=2 (full 0):
 PSYoungGen      total 33280K, used 4588K [0x00000000db300000, 0x00000000dd800000, 0x0000000100000000)
  eden space 28672K, 0% used [0x00000000db300000,0x00000000db300000,0x00000000dcf00000)
  from space 4608K, 99% used [0x00000000dd380000,0x00000000dd7fb008,0x00000000dd800000)
  to   space 4608K, 0% used [0x00000000dcf00000,0x00000000dcf00000,0x00000000dd380000)
 ParOldGen       total 76800K, used 2199K [0x0000000091800000, 0x0000000096300000, 0x00000000db300000)
  object space 76800K, 2% used [0x0000000091800000,0x0000000091a25c10,0x0000000096300000)
 Metaspace       used 10987K, capacity 11150K, committed 11520K, reserved 1058816K
  class space    used 1326K, capacity 1414K, committed 1536K, reserved 1048576K
}
Event: 2.330 GC heap before
{Heap before GC invocations=3 (full 0):
 PSYoungGen      total 33280K, used 33260K [0x00000000db300000, 0x00000000dd800000, 0x0000000100000000)
  eden space 28672K, 100% used [0x00000000db300000,0x00000000dcf00000,0x00000000dcf00000)
  from space 4608K, 99% used [0x00000000dd380000,0x00000000dd7fb008,0x00000000dd800000)
  to   space 4608K, 0% used [0x00000000dcf00000,0x00000000dcf00000,0x00000000dd380000)
 ParOldGen       total 76800K, used 2199K [0x0000000091800000, 0x0000000096300000, 0x00000000db300000)
  object space 76800K, 2% used [0x0000000091800000,0x0000000091a25c10,0x0000000096300000)
 Metaspace       used 14309K, capacity 14536K, committed 14720K, reserved 1062912K
  class space    used 1765K, capacity 1844K, committed 1920K, reserved 1048576K
Event: 2.337 GC heap after
Heap after GC invocations=3 (full 0):
 PSYoungGen      total 33280K, used 4584K [0x00000000db300000, 0x00000000dd800000, 0x0000000100000000)
  eden space 28672K, 0% used [0x00000000db300000,0x00000000db300000,0x00000000dcf00000)
  from space 4608K, 99% used [0x00000000dcf00000,0x00000000dd37a040,0x00000000dd380000)
  to   space 4608K, 0% used [0x00000000dd380000,0x00000000dd380000,0x00000000dd800000)
 ParOldGen       total 76800K, used 4591K [0x0000000091800000, 0x0000000096300000, 0x00000000db300000)
  object space 76800K, 5% used [0x0000000091800000,0x0000000091c7bf68,0x0000000096300000)
 Metaspace       used 14309K, capacity 14536K, committed 14720K, reserved 1062912K
  class space    used 1765K, capacity 1844K, committed 1920K, reserved 1048576K
}
Event: 2.924 GC heap before
{Heap before GC invocations=4 (full 0):
 PSYoungGen      total 33280K, used 33256K [0x00000000db300000, 0x00000000dd800000, 0x0000000100000000)
  eden space 28672K, 100% used [0x00000000db300000,0x00000000dcf00000,0x00000000dcf00000)
  from space 4608K, 99% used [0x00000000dcf00000,0x00000000dd37a040,0x00000000dd380000)
  to   space 4608K, 0% used [0x00000000dd380000,0x00000000dd380000,0x00000000dd800000)
 ParOldGen       total 76800K, used 4591K [0x0000000091800000, 0x0000000096300000, 0x00000000db300000)
  object space 76800K, 5% used [0x0000000091800000,0x0000000091c7bf68,0x0000000096300000)
 Metaspace       used 15830K, capacity 16098K, committed 16384K, reserved 1062912K
  class space    used 1885K, capacity 1978K, committed 2048K, reserved 1048576K
Event: 2.930 GC heap after
Heap after GC invocations=4 (full 0):
 PSYoungGen      total 33280K, used 4587K [0x00000000db300000, 0x00000000dd800000, 0x0000000100000000)
  eden space 28672K, 0% used [0x00000000db300000,0x00000000db300000,0x00000000dcf00000)
  from space 4608K, 99% used [0x00000000dd380000,0x00000000dd7fac68,0x00000000dd800000)
  to   space 4608K, 0% used [0x00000000dcf00000,0x00000000dcf00000,0x00000000dd380000)
 ParOldGen       total 76800K, used 8324K [0x0000000091800000, 0x0000000096300000, 0x00000000db300000)
  object space 76800K, 10% used [0x0000000091800000,0x0000000092021358,0x0000000096300000)
 Metaspace       used 15830K, capacity 16098K, committed 16384K, reserved 1062912K
  class space    used 1885K, capacity 1978K, committed 2048K, reserved 1048576K
}
Event: 3.270 GC heap before
{Heap before GC invocations=5 (full 0):
 PSYoungGen      total 33280K, used 33259K [0x00000000db300000, 0x00000000dd800000, 0x0000000100000000)
  eden space 28672K, 100% used [0x00000000db300000,0x00000000dcf00000,0x00000000dcf00000)
  from space 4608K, 99% used [0x00000000dd380000,0x00000000dd7fac68,0x00000000dd800000)
  to   space 4608K, 0% used [0x00000000dcf00000,0x00000000dcf00000,0x00000000dd380000)
 ParOldGen       total 76800K, used 8324K [0x0000000091800000, 0x0000000096300000, 0x00000000db300000)
  object space 76800K, 10% used [0x0000000091800000,0x0000000092021358,0x0000000096300000)
 Metaspace       used 16128K, capacity 16454K, committed 16640K, reserved 1064960K
  class space    used 1900K, capacity 2010K, committed 2048K, reserved 1048576K
Event: 3.277 GC heap after
Heap after GC invocations=5 (full 0):
 PSYoungGen      total 33280K, used 4600K [0x00000000db300000, 0x00000000dff00000, 0x0000000100000000)
  eden space 28672K, 0% used [0x00000000db300000,0x00000000db300000,0x00000000dcf00000)
  from space 4608K, 99% used [0x00000000dcf00000,0x00000000dd37e030,0x00000000dd380000)
  to   space 10240K, 0% used [0x00000000df500000,0x00000000df500000,0x00000000dff00000)
 ParOldGen       total 76800K, used 12352K [0x0000000091800000, 0x0000000096300000, 0x00000000db300000)
  object space 76800K, 16% used [0x0000000091800000,0x0000000092410158,0x0000000096300000)
 Metaspace       used 16128K, capacity 16454K, committed 16640K, reserved 1064960K
  class space    used 1900K, capacity 2010K, committed 2048K, reserved 1048576K
}

Deoptimization events (10 events):
Event: 2.794 Thread 0x0000022343f08800 Uncommon trap: reason=unstable_if action=reinterpret pc=0x0000022346233cc4 method=org.apache.maven.model.validation.DefaultModelValidator.isValidIdCharacter(C)Z @ 51
Event: 2.859 Thread 0x0000022343f08800 Uncommon trap: reason=unstable_if action=reinterpret pc=0x0000022346218b20 method=org.codehaus.plexus.util.xml.pull.MXParser.nextImpl()I @ 1161
Event: 2.916 Thread 0x0000022343f08800 Uncommon trap: reason=null_check action=make_not_entrant pc=0x00000223462c20dc method=org.apache.maven.model.io.xpp3.MavenXpp3Reader.checkFieldWithDuplicate(Lorg/codehaus/plexus/util/xml/pull/XmlPullParser;Ljava/lang/String;Ljava/lang/String;Ljava/util/Se
Event: 3.107 Thread 0x0000022343f08800 Uncommon trap: reason=null_check action=make_not_entrant pc=0x0000022346367d54 method=org.apache.maven.model.validation.DefaultModelValidator.validateEffectiveDependency(Lorg/apache/maven/model/building/ModelProblemCollector;Lorg/apache/maven/model/Depend
Event: 3.307 Thread 0x0000022343f08800 Uncommon trap: reason=unstable_if action=reinterpret pc=0x000002234629fa00 method=org.codehaus.plexus.util.xml.pull.MXParser.nextImpl()I @ 280
Event: 3.317 Thread 0x0000022343f08800 Uncommon trap: reason=unstable_if action=reinterpret pc=0x000002234635df38 method=java.util.regex.Pattern$Curly.match(Ljava/util/regex/Matcher;ILjava/lang/CharSequence;)Z @ 45
Event: 3.343 Thread 0x0000022343f08800 Uncommon trap: reason=unstable_if action=reinterpret pc=0x0000022346418794 method=org.codehaus.plexus.util.xml.pull.MXParser.nextImpl()I @ 972
Event: 3.364 Thread 0x0000022343f08800 Uncommon trap: reason=unstable_if action=reinterpret pc=0x0000022345d0a818 method=java.io.WinNTFileSystem.normalize(Ljava/lang/String;II)Ljava/lang/String; @ 128
Event: 3.409 Thread 0x0000022343f08800 Uncommon trap: reason=unstable_if action=reinterpret pc=0x000002234633787c method=org.apache.maven.model.io.xpp3.MavenXpp3Reader.nextTag(Lorg/codehaus/plexus/util/xml/pull/XmlPullParser;)I @ 9
Event: 3.471 Thread 0x0000022343f08800 Uncommon trap: reason=unstable_if action=reinterpret pc=0x000002234631c078 method=org.codehaus.plexus.util.xml.pull.MXParser.parseAttribute()C @ 1002

Classes redefined (0 events):
No events

Internal exceptions (10 events):
Event: 2.310 Thread 0x0000022343f08800 Exception <a 'java/lang/NullPointerException'> (0x00000000dce245b8) thrown at [C:\wsjdk\Corretto8Src\installers\windows\zip\corretto-build\buildRoot\src\hotspot\src\share\vm\interpreter\linkResolver.cpp, line 1185]
Event: 2.310 Thread 0x0000022343f08800 Exception <a 'java/lang/NullPointerException'> (0x00000000dce247d0) thrown at [C:\wsjdk\Corretto8Src\installers\windows\zip\corretto-build\buildRoot\src\hotspot\src\share\vm\interpreter\linkResolver.cpp, line 1185]
Event: 2.311 Thread 0x0000022343f08800 Exception <a 'java/lang/NullPointerException'> (0x00000000dce2c598) thrown at [C:\wsjdk\Corretto8Src\installers\windows\zip\corretto-build\buildRoot\src\hotspot\src\share\vm\interpreter\linkResolver.cpp, line 1185]
Event: 2.311 Thread 0x0000022343f08800 Exception <a 'java/lang/NullPointerException'> (0x00000000dce2c7b0) thrown at [C:\wsjdk\Corretto8Src\installers\windows\zip\corretto-build\buildRoot\src\hotspot\src\share\vm\interpreter\linkResolver.cpp, line 1185]
Event: 2.311 Thread 0x0000022343f08800 Exception <a 'java/lang/NullPointerException'> (0x00000000dce2c9c8) thrown at [C:\wsjdk\Corretto8Src\installers\windows\zip\corretto-build\buildRoot\src\hotspot\src\share\vm\interpreter\linkResolver.cpp, line 1185]
Event: 2.355 Thread 0x0000022343f08800 Implicit null exception at 0x0000022345d79416 to 0x0000022345d797a5
Event: 2.355 Thread 0x0000022343f08800 Implicit null exception at 0x0000022345d40d56 to 0x0000022345d410e1
Event: 2.629 Thread 0x0000022343f08800 Implicit null exception at 0x00000223461adb79 to 0x00000223461aee69
Event: 2.916 Thread 0x0000022343f08800 Implicit null exception at 0x00000223462c1e77 to 0x00000223462c20bd
Event: 3.107 Thread 0x0000022343f08800 Implicit null exception at 0x0000022346366ae0 to 0x0000022346367d49

Events (10 events):
Event: 3.364 Thread 0x0000022343f08800 DEOPT PACKING pc=0x0000022345d0a818 sp=0x00000054a5efb8b0
Event: 3.364 Thread 0x0000022343f08800 DEOPT UNPACKING pc=0x0000022345b55583 sp=0x00000054a5efb7f8 mode 2
Event: 3.409 Thread 0x0000022343f08800 Uncommon trap: trap_request=0xffffff65 fr.pc=0x000002234633787c
Event: 3.409 Thread 0x0000022343f08800 DEOPT PACKING pc=0x000002234633787c sp=0x00000054a5efbc30
Event: 3.409 Thread 0x0000022343f08800 DEOPT UNPACKING pc=0x0000022345b55583 sp=0x00000054a5efbbc8 mode 2
Event: 3.410 Thread 0x0000022343f08800 DEOPT PACKING pc=0x00000223461a16df sp=0x00000054a5efb780
Event: 3.410 Thread 0x0000022343f08800 DEOPT UNPACKING pc=0x0000022345b571d8 sp=0x00000054a5efb4a0 mode 0
Event: 3.471 Thread 0x0000022343f08800 Uncommon trap: trap_request=0xffffff65 fr.pc=0x000002234631c078
Event: 3.471 Thread 0x0000022343f08800 DEOPT PACKING pc=0x000002234631c078 sp=0x00000054a5efbbe0
Event: 3.471 Thread 0x0000022343f08800 DEOPT UNPACKING pc=0x0000022345b55583 sp=0x00000054a5efbb70 mode 2


Dynamic libraries:
0x00007ff7ac350000 - 0x00007ff7ac38a000 	C:\Users\yangz\.jdks\corretto-1.8.0_292\bin\java.exe
0x00007fffba260000 - 0x00007fffba450000 	C:\Windows\SYSTEM32\ntdll.dll
0x00007fffb8a70000 - 0x00007fffb8b23000 	C:\Windows\System32\KERNEL32.DLL
0x00007fffb7300000 - 0x00007fffb75a6000 	C:\Windows\System32\KERNELBASE.dll
0x00007fffb92e0000 - 0x00007fffb9383000 	C:\Windows\System32\ADVAPI32.dll
0x00007fffb9460000 - 0x00007fffb94fe000 	C:\Windows\System32\msvcrt.dll
0x00007fffb8b30000 - 0x00007fffb8bc7000 	C:\Windows\System32\sechost.dll
0x00007fffb8ff0000 - 0x00007fffb910f000 	C:\Windows\System32\RPCRT4.dll
0x00007fffb8380000 - 0x00007fffb8514000 	C:\Windows\System32\USER32.dll
0x00007fffb72d0000 - 0x00007fffb72f1000 	C:\Windows\System32\win32u.dll
0x00007fffb9cd0000 - 0x00007fffb9cf6000 	C:\Windows\System32\GDI32.dll
0x00007fffb7930000 - 0x00007fffb7ac8000 	C:\Windows\System32\gdi32full.dll
0x00007fffb7890000 - 0x00007fffb792e000 	C:\Windows\System32\msvcp_win.dll
0x00007fffb75b0000 - 0x00007fffb76aa000 	C:\Windows\System32\ucrtbase.dll
0x00007fffa6720000 - 0x00007fffa69a4000 	C:\Windows\WinSxS\amd64_microsoft.windows.common-controls_6595b64144ccf1df_6.0.18362.1801_none_9e79a739e46243f0\COMCTL32.dll
0x00007fffb8c80000 - 0x00007fffb8fb6000 	C:\Windows\System32\combase.dll
0x00007fffb7800000 - 0x00007fffb7884000 	C:\Windows\System32\bcryptPrimitives.dll
0x00007fffb8fc0000 - 0x00007fffb8fee000 	C:\Windows\System32\IMM32.DLL
0x00007fff74830000 - 0x00007fff7491f000 	C:\Users\yangz\.jdks\corretto-1.8.0_292\jre\bin\msvcr120.dll
0x00007fff74780000 - 0x00007fff74826000 	C:\Users\yangz\.jdks\corretto-1.8.0_292\jre\bin\msvcp120.dll
0x000000006e800000 - 0x000000006f06e000 	C:\Users\yangz\.jdks\corretto-1.8.0_292\jre\bin\server\jvm.dll
0x00007fffb9d00000 - 0x00007fffb9d08000 	C:\Windows\System32\PSAPI.DLL
0x00007fffa26d0000 - 0x00007fffa26d9000 	C:\Windows\SYSTEM32\WSOCK32.dll
0x00007fffaeea0000 - 0x00007fffaeeaa000 	C:\Windows\SYSTEM32\VERSION.dll
0x00007fffb4c20000 - 0x00007fffb4c44000 	C:\Windows\SYSTEM32\WINMM.dll
0x00007fffb89a0000 - 0x00007fffb8a0f000 	C:\Windows\System32\WS2_32.dll
0x00007fffb4bf0000 - 0x00007fffb4c1d000 	C:\Windows\SYSTEM32\WINMMBASE.dll
0x00007fffb7200000 - 0x00007fffb724a000 	C:\Windows\System32\cfgmgr32.dll
0x00007fffb2dc0000 - 0x00007fffb2dcf000 	C:\Users\yangz\.jdks\corretto-1.8.0_292\jre\bin\verify.dll
0x00007fffa2a20000 - 0x00007fffa2a49000 	C:\Users\yangz\.jdks\corretto-1.8.0_292\jre\bin\java.dll
0x00007fffb2b90000 - 0x00007fffb2ba6000 	C:\Users\yangz\.jdks\corretto-1.8.0_292\jre\bin\zip.dll
0x00007fffb9500000 - 0x00007fffb9be7000 	C:\Windows\System32\SHELL32.dll
0x00007fffb8bd0000 - 0x00007fffb8c79000 	C:\Windows\System32\shcore.dll
0x00007fffb7ad0000 - 0x00007fffb824b000 	C:\Windows\System32\windows.storage.dll
0x00007fffb71b0000 - 0x00007fffb71ce000 	C:\Windows\System32\profapi.dll
0x00007fffb7160000 - 0x00007fffb71aa000 	C:\Windows\System32\powrprof.dll
0x00007fffb7110000 - 0x00007fffb7120000 	C:\Windows\System32\UMPDC.dll
0x00007fffb8a10000 - 0x00007fffb8a62000 	C:\Windows\System32\shlwapi.dll
0x00007fffb7120000 - 0x00007fffb7131000 	C:\Windows\System32\kernel.appcore.dll
0x00007fffb7250000 - 0x00007fffb7267000 	C:\Windows\System32\cryptsp.dll
0x00007fffb6470000 - 0x00007fffb64a3000 	C:\Windows\system32\rsaenh.dll
0x00007fffb71d0000 - 0x00007fffb71f6000 	C:\Windows\System32\bcrypt.dll
0x00007fffb7000000 - 0x00007fffb7025000 	C:\Windows\SYSTEM32\USERENV.dll
0x00007fffb6ac0000 - 0x00007fffb6acc000 	C:\Windows\SYSTEM32\CRYPTBASE.dll
0x00007fffa4150000 - 0x00007fffa416a000 	C:\Users\yangz\.jdks\corretto-1.8.0_292\jre\bin\net.dll
0x00007fffb68f0000 - 0x00007fffb6957000 	C:\Windows\system32\mswsock.dll
0x00007fffb6600000 - 0x00007fffb663a000 	C:\Windows\SYSTEM32\IPHLPAPI.DLL
0x00007fffb9bf0000 - 0x00007fffb9bf8000 	C:\Windows\System32\NSI.dll
0x00007fffafa50000 - 0x00007fffafa66000 	C:\Windows\SYSTEM32\dhcpcsvc6.DLL
0x00007fffaf930000 - 0x00007fffaf94c000 	C:\Windows\SYSTEM32\dhcpcsvc.DLL
0x00007fffb6640000 - 0x00007fffb670a000 	C:\Windows\SYSTEM32\DNSAPI.dll
0x00007fffa3090000 - 0x00007fffa30a2000 	C:\Users\yangz\.jdks\corretto-1.8.0_292\jre\bin\nio.dll
0x00007fffa3ae0000 - 0x00007fffa3aea000 	C:\Users\yangz\AppData\Local\Temp\jansi-1.17.1-6543280935762263527.dll
0x00007fffa37d0000 - 0x00007fffa37da000 	C:\Users\yangz\AppData\Local\Temp\jansi-1.17.1-8167153664893681466.dll

VM Arguments:
jvm_args: -Dmaven.multiModuleProjectDirectory=C:\Users\yangz\IdeaProjects\COVID-19\domain\Admin\Admin_Module_service -Dmaven.home=C:\Program Files\JetBrains\IntelliJ IDEA 2021.1.1\plugins\maven\lib\maven3 -Dclassworlds.conf=C:\Program Files\JetBrains\IntelliJ IDEA 2021.1.1\plugins\maven\lib\maven3\bin\m2.conf -Dmaven.ext.class.path=C:\Program Files\JetBrains\IntelliJ IDEA 2021.1.1\plugins\maven\lib\maven-event-listener.jar -Dfile.encoding=UTF-8 
java_command: org.codehaus.classworlds.Launcher -Didea.version=2021.1.1 -DskipTests=true install
java_class_path (initial): C:\Program Files\JetBrains\IntelliJ IDEA 2021.1.1\plugins\maven\lib\maven3\boot\plexus-classworlds-2.6.0.jar;C:\Program Files\JetBrains\IntelliJ IDEA 2021.1.1\plugins\maven\lib\maven3\boot\plexus-classworlds.license
Launcher Type: SUN_STANDARD

Environment Variables:
JAVA_HOME=D:\Java\jdk1.8.0_301
CLASSPATH=.;D:\Java\jdk1.8.0_301\lib\dt.jar;D:\Java\jdk1.8.0_301\lib\tools.jar
PATH=D:\Java\jdk1.8.0_301\jre\bin;D:\Java\jdk1.8.0_301bin;D:\Vmware\bin\;C:\Program Files\Common Files\Oracle\Java\javapath;C:\Program Files (x86)\Common Files\Oracle\Java\javapath;D:\apache-tomcat-9.0.44\bin;C:\Windows\system32;C:\Windows;C:\Windows\System32\Wbem;C:\Windows\System32\WindowsPowerShell\v1.0\;C:\Windows\System32\OpenSSH\;C:\Program Files (x86)\Microsoft SQL Server\150\DTS\Binn\;C:\Program Files\Azure Data Studio\bin;C:\Program Files\Microsoft SQL Server\Client SDK\ODBC\170\Tools\Binn\;C:\Program Files (x86)\Microsoft SQL Server\150\Tools\Binn\;C:\Program Files\Microsoft SQL Server\150\Tools\Binn\;C:\Program Files\Microsoft SQL Server\150\DTS\Binn\;C:\Program Files\Intel\WiFi\bin\;C:\Program Files\Common Files\Intel\WirelessCommon\;C:\sdk;C:\sdk\platform-tools;;D:\mysql-8.0.24-winx64bin;D:\apache-maven-3.8.1\bin;C:\Program Files\Common Files\Autodesk Shared\;C:\Program Files\Microsoft SQL Server\120\Tools\Binn\;C:\Program Files\Microsoft SQL Server\130\Tools\Binn\;D:\opencv3.4.1\opencv\build\x64\vc15\bin;"D:\apache-tomcat-7.0.109\bin;";"D:\apache-tomcat-7.0.109\lib;";D:\apache-jmeter-5.4.1\bin;D:\erl-23.0\bin;D:\nodejs\;D:\XShell7\;D:\Xftp7\;C:\Users\yangz\AppData\Local\Microsoft\WindowsApps;C:\Program Files\Azure Data Studio\bin;D:\idea\IntelliJ IDEA 2021.1.1\bin;;D:\Microsoft VS Code\bin;C:\Users\yangz\AppData\Roaming\npm;C:\Program Files\Bandizip\
USERNAME=yangz
OS=Windows_NT
PROCESSOR_IDENTIFIER=AMD64 Family 23 Model 17 Stepping 0, AuthenticAMD



---------------  S Y S T E M  ---------------

OS: Windows 10.0 , 64 bit Build 18362 (10.0.18362.1766)

CPU:total 8 (initial active 8) (8 cores per cpu, 1 threads per core) family 23 model 17 stepping 0, cmov, cx8, fxsr, mmx, sse, sse2, sse3, ssse3, sse4.1, sse4.2, popcnt, avx, avx2, aes, clmul, mmxext, 3dnowpref, lzcnt, sse4a, tsc, tscinvbit, tscinv, bmi1

Memory: 4k page, physical 7239248k(756756k free), swap 10424224k(5760k free)

vm_info: OpenJDK 64-Bit Server VM (25.292-b10) for windows-amd64 JRE (1.8.0_292-b10), built on Apr 14 2021 23:06:53 by "Administrator" with MS VC++ 12.0 (VS2013)

time: Fri Dec 31 10:39:30 2021
timezone: ?D1¨²¡À¨º¡Á?¨º¡À??
elapsed time: 3.510690 seconds (0d 0h 0m 3s)

