#
# There is insufficient memory for the Java Runtime Environment to continue.
# Native memory allocation (malloc) failed to allocate 442080 bytes for Chunk::new
# Possible reasons:
#   The system is out of physical RAM or swap space
#   The process is running with CompressedOops enabled, and the Java Heap may be blocking the growth of the native heap
# Possible solutions:
#   Reduce memory load on the system
#   Increase physical memory or swap space
#   Check if swap backing store is full
#   Decrease Java heap size (-Xmx/-Xms)
#   Decrease number of Java threads
#   Decrease Java thread stack sizes (-Xss)
#   Set larger code cache with -XX:ReservedCodeCacheSize=
#   JVM is running with Unscaled Compressed Oops mode in which the Java heap is
#     placed in the first 4GB address space. The Java Heap base address is the
#     maximum limit for the native heap growth. Please use -XX:HeapBaseMinAddress
#     to set the Java Heap base and to place the Java Heap above 4GB virtual address.
# This output file may be truncated or incomplete.
#
#  Out of Memory Error (allocation.cpp:389), pid=1104, tid=0x00000000000005e8
#
# JRE version: OpenJDK Runtime Environment (8.0_292-b10) (build 1.8.0_292-b10)
# Java VM: OpenJDK 64-Bit Server VM (25.292-b10 mixed mode windows-amd64 compressed oops)
# Failed to write core dump. Minidumps are not enabled by default on client versions of Windows
#

---------------  T H R E A D  ---------------

Current thread (0x000001cb20bd8800):  JavaThread "C2 CompilerThread1" daemon [_thread_in_native, id=1512, stack(0x0000007a46b00000,0x0000007a46c00000)]

Stack: [0x0000007a46b00000,0x0000007a46c00000]
[error occurred during error reporting (printing stack bounds), id 0xc0000005]

Native frames: (J=compiled Java code, j=interpreted, Vv=VM code, C=native code)


Current CompileTask:
C2:   9133 5057       4       java.net.URLClassLoader$1::run (5 bytes)


---------------  P R O C E S S  ---------------

Java Threads: ( => current thread )
  0x000001cb20bee800 JavaThread "Service Thread" daemon [_thread_blocked, id=16336, stack(0x0000007a46e00000,0x0000007a46f00000)]
  0x000001cb20bdd000 JavaThread "C1 CompilerThread3" daemon [_thread_blocked, id=5656, stack(0x0000007a46d00000,0x0000007a46e00000)]
  0x000001cb20bd9800 JavaThread "C2 CompilerThread2" daemon [_thread_in_native, id=16304, stack(0x0000007a46c00000,0x0000007a46d00000)]
=>0x000001cb20bd8800 JavaThread "C2 CompilerThread1" daemon [_thread_in_native, id=1512, stack(0x0000007a46b00000,0x0000007a46c00000)]
  0x000001cb20bd6800 JavaThread "C2 CompilerThread0" daemon [_thread_in_native, id=18656, stack(0x0000007a46a00000,0x0000007a46b00000)]
  0x000001cb20b74000 JavaThread "Attach Listener" daemon [_thread_blocked, id=8416, stack(0x0000007a46900000,0x0000007a46a00000)]
  0x000001cb20b5c800 JavaThread "Signal Dispatcher" daemon [_thread_blocked, id=18856, stack(0x0000007a46800000,0x0000007a46900000)]
  0x000001cb20b44000 JavaThread "Finalizer" daemon [_thread_blocked, id=13440, stack(0x0000007a46700000,0x0000007a46800000)]
  0x000001cb20b3c000 JavaThread "Reference Handler" daemon [_thread_blocked, id=18312, stack(0x0000007a46600000,0x0000007a46700000)]
  0x000001cb0a609000 JavaThread "main" [_thread_in_native, id=16584, stack(0x0000007a45c00000,0x0000007a45d00000)]

Other Threads:
  0x000001cb1ff2e000 VMThread [stack: 0x0000007a46500000,0x0000007a46600000] [id=3112]
  0x000001cb21ee3800 WatcherThread [stack: 0x0000007a46f00000,0x0000007a47000000] [id=6640]

VM state:not at safepoint (normal execution)

VM Mutex/Monitor currently owned by a thread: None

heap address: 0x0000000091800000, size: 1768 MB, Compressed Oops mode: 32-bit
Narrow klass base: 0x0000000000000000, Narrow klass shift: 3
Compressed class space size: 1073741824 Address: 0x0000000100000000

Heap:
 PSYoungGen      total 126976K, used 83679K [0x00000000db300000, 0x00000000e7480000, 0x0000000100000000)
  eden space 113152K, 61% used [0x00000000db300000,0x00000000df73cf68,0x00000000e2180000)
  from space 13824K, 99% used [0x00000000e2180000,0x00000000e2efb008,0x00000000e2f00000)
  to   space 23552K, 0% used [0x00000000e5d80000,0x00000000e5d80000,0x00000000e7480000)
 ParOldGen       total 81920K, used 40014K [0x0000000091800000, 0x0000000096800000, 0x00000000db300000)
  object space 81920K, 48% used [0x0000000091800000,0x0000000093f13900,0x0000000096800000)
 Metaspace       used 25809K, capacity 26578K, committed 26752K, reserved 1073152K
  class space    used 2999K, capacity 3172K, committed 3200K, reserved 1048576K

Card table byte_map: [0x000001cb1b570000,0x000001cb1b8f0000] byte_map_base: 0x000001cb1b0e4000

Marking Bits: (ParMarkBitMap*) 0x000000005a49f7f0
 Begin Bits: [0x000001cb1bb40000, 0x000001cb1d6e0000)
 End Bits:   [0x000001cb1d6e0000, 0x000001cb1f280000)

Polling page: 0x000001cb0a5a0000

CodeCache: size=245760Kb used=16671Kb max_used=16671Kb free=229088Kb
 bounds [0x000001cb0c1b0000, 0x000001cb0d210000, 0x000001cb1b1b0000]
 total_blobs=4956 nmethods=4539 adapters=330
 compilation: enabled

Compilation events (10 events):
Event: 9.122 Thread 0x000001cb20bdd000 5145       3       org.apache.maven.artifact.ArtifactUtils::toSnapshotVersion (77 bytes)
Event: 9.123 Thread 0x000001cb20bdd000 nmethod 5145 0x000001cb0d206850 code [0x000001cb0d206aa0, 0x000001cb0d207960]
Event: 9.127 Thread 0x000001cb20bdd000 5146       1       org.apache.maven.plugin.descriptor.MojoDescriptor::getPluginDescriptor (5 bytes)
Event: 9.128 Thread 0x000001cb20bdd000 nmethod 5146 0x000001cb0d206590 code [0x000001cb0d2066e0, 0x000001cb0d2067f8]
Event: 9.128 Thread 0x000001cb20bdd000 5147       3       com.google.common.cache.LocalCache::usesKeyReferences (16 bytes)
Event: 9.129 Thread 0x000001cb20bdd000 nmethod 5147 0x000001cb0d2061d0 code [0x000001cb0d206320, 0x000001cb0d2064d8]
Event: 9.129 Thread 0x000001cb20bdd000 5148       3       com.google.common.cache.LocalCache::usesValueReferences (16 bytes)
Event: 9.129 Thread 0x000001cb20bdd000 nmethod 5148 0x000001cb0d202c90 code [0x000001cb0d202de0, 0x000001cb0d202f98]
Event: 9.129 Thread 0x000001cb20bd9800 5149   !   4       com.google.inject.spi.InjectionPoint::getInjectionPoints (489 bytes)
Event: 9.130 Thread 0x000001cb20bdd000 5150       3       com.google.inject.Key::ensureRetainedAtRuntime (14 bytes)

GC Heap History (10 events):
Event: 3.887 GC heap before
{Heap before GC invocations=6 (full 0):
 PSYoungGen      total 61952K, used 61944K [0x00000000db300000, 0x00000000e3b00000, 0x0000000100000000)
  eden space 57344K, 100% used [0x00000000db300000,0x00000000deb00000,0x00000000deb00000)
  from space 4608K, 99% used [0x00000000deb00000,0x00000000def7e030,0x00000000def80000)
  to   space 12288K, 0% used [0x00000000e2f00000,0x00000000e2f00000,0x00000000e3b00000)
 ParOldGen       total 76800K, used 16288K [0x0000000091800000, 0x0000000096300000, 0x00000000db300000)
  object space 76800K, 21% used [0x0000000091800000,0x00000000927e8128,0x0000000096300000)
 Metaspace       used 16530K, capacity 16854K, committed 17152K, reserved 1064960K
  class space    used 1893K, capacity 1986K, committed 2048K, reserved 1048576K
Event: 3.899 GC heap after
Heap after GC invocations=6 (full 0):
 PSYoungGen      total 125440K, used 11912K [0x00000000db300000, 0x00000000e3e00000, 0x0000000100000000)
  eden space 113152K, 0% used [0x00000000db300000,0x00000000db300000,0x00000000e2180000)
  from space 12288K, 96% used [0x00000000e2f00000,0x00000000e3aa2270,0x00000000e3b00000)
  to   space 13824K, 0% used [0x00000000e2180000,0x00000000e2180000,0x00000000e2f00000)
 ParOldGen       total 76800K, used 16296K [0x0000000091800000, 0x0000000096300000, 0x00000000db300000)
  object space 76800K, 21% used [0x0000000091800000,0x00000000927ea128,0x0000000096300000)
 Metaspace       used 16530K, capacity 16854K, committed 17152K, reserved 1064960K
  class space    used 1893K, capacity 1986K, committed 2048K, reserved 1048576K
}
Event: 5.299 GC heap before
{Heap before GC invocations=7 (full 0):
 PSYoungGen      total 125440K, used 125064K [0x00000000db300000, 0x00000000e3e00000, 0x0000000100000000)
  eden space 113152K, 100% used [0x00000000db300000,0x00000000e2180000,0x00000000e2180000)
  from space 12288K, 96% used [0x00000000e2f00000,0x00000000e3aa2270,0x00000000e3b00000)
  to   space 13824K, 0% used [0x00000000e2180000,0x00000000e2180000,0x00000000e2f00000)
 ParOldGen       total 76800K, used 16296K [0x0000000091800000, 0x0000000096300000, 0x00000000db300000)
  object space 76800K, 21% used [0x0000000091800000,0x00000000927ea128,0x0000000096300000)
 Metaspace       used 18721K, capacity 19294K, committed 19456K, reserved 1067008K
  class space    used 2138K, capacity 2268K, committed 2304K, reserved 1048576K
Event: 5.318 GC heap after
Heap after GC invocations=7 (full 0):
 PSYoungGen      total 126976K, used 13804K [0x00000000db300000, 0x00000000e3e00000, 0x0000000100000000)
  eden space 113152K, 0% used [0x00000000db300000,0x00000000db300000,0x00000000e2180000)
  from space 13824K, 99% used [0x00000000e2180000,0x00000000e2efb0d8,0x00000000e2f00000)
  to   space 12288K, 0% used [0x00000000e2f00000,0x00000000e2f00000,0x00000000e3b00000)
 ParOldGen       total 76800K, used 25868K [0x0000000091800000, 0x0000000096300000, 0x00000000db300000)
  object space 76800K, 33% used [0x0000000091800000,0x00000000931432b0,0x0000000096300000)
 Metaspace       used 18721K, capacity 19294K, committed 19456K, reserved 1067008K
  class space    used 2138K, capacity 2268K, committed 2304K, reserved 1048576K
}
Event: 5.496 GC heap before
{Heap before GC invocations=8 (full 0):
 PSYoungGen      total 126976K, used 22882K [0x00000000db300000, 0x00000000e3e00000, 0x0000000100000000)
  eden space 113152K, 8% used [0x00000000db300000,0x00000000dbbddb20,0x00000000e2180000)
  from space 13824K, 99% used [0x00000000e2180000,0x00000000e2efb0d8,0x00000000e2f00000)
  to   space 12288K, 0% used [0x00000000e2f00000,0x00000000e2f00000,0x00000000e3b00000)
 ParOldGen       total 76800K, used 25868K [0x0000000091800000, 0x0000000096300000, 0x00000000db300000)
  object space 76800K, 33% used [0x0000000091800000,0x00000000931432b0,0x0000000096300000)
 Metaspace       used 20703K, capacity 21182K, committed 21248K, reserved 1069056K
  class space    used 2430K, capacity 2556K, committed 2560K, reserved 1048576K
Event: 5.512 GC heap after
Heap after GC invocations=8 (full 0):
 PSYoungGen      total 125440K, used 12251K [0x00000000db300000, 0x00000000e3e00000, 0x0000000100000000)
  eden space 113152K, 0% used [0x00000000db300000,0x00000000db300000,0x00000000e2180000)
  from space 12288K, 99% used [0x00000000e2f00000,0x00000000e3af6dc8,0x00000000e3b00000)
  to   space 13824K, 0% used [0x00000000e2180000,0x00000000e2180000,0x00000000e2f00000)
 ParOldGen       total 76800K, used 28157K [0x0000000091800000, 0x0000000096300000, 0x00000000db300000)
  object space 76800K, 36% used [0x0000000091800000,0x000000009337f668,0x0000000096300000)
 Metaspace       used 20703K, capacity 21182K, committed 21248K, reserved 1069056K
  class space    used 2430K, capacity 2556K, committed 2560K, reserved 1048576K
}
Event: 5.512 GC heap before
{Heap before GC invocations=9 (full 1):
 PSYoungGen      total 125440K, used 12251K [0x00000000db300000, 0x00000000e3e00000, 0x0000000100000000)
  eden space 113152K, 0% used [0x00000000db300000,0x00000000db300000,0x00000000e2180000)
  from space 12288K, 99% used [0x00000000e2f00000,0x00000000e3af6dc8,0x00000000e3b00000)
  to   space 13824K, 0% used [0x00000000e2180000,0x00000000e2180000,0x00000000e2f00000)
 ParOldGen       total 76800K, used 28157K [0x0000000091800000, 0x0000000096300000, 0x00000000db300000)
  object space 76800K, 36% used [0x0000000091800000,0x000000009337f668,0x0000000096300000)
 Metaspace       used 20703K, capacity 21182K, committed 21248K, reserved 1069056K
  class space    used 2430K, capacity 2556K, committed 2560K, reserved 1048576K
Event: 5.630 GC heap after
Heap after GC invocations=9 (full 1):
 PSYoungGen      total 125440K, used 0K [0x00000000db300000, 0x00000000e3e00000, 0x0000000100000000)
  eden space 113152K, 0% used [0x00000000db300000,0x00000000db300000,0x00000000e2180000)
  from space 12288K, 0% used [0x00000000e2f00000,0x00000000e2f00000,0x00000000e3b00000)
  to   space 13824K, 0% used [0x00000000e2180000,0x00000000e2180000,0x00000000e2f00000)
 ParOldGen       total 81920K, used 31804K [0x0000000091800000, 0x0000000096800000, 0x00000000db300000)
  object space 81920K, 38% used [0x0000000091800000,0x000000009370f3a0,0x0000000096800000)
 Metaspace       used 20703K, capacity 21182K, committed 21248K, reserved 1069056K
  class space    used 2430K, capacity 2556K, committed 2560K, reserved 1048576K
}
Event: 8.131 GC heap before
{Heap before GC invocations=10 (full 1):
 PSYoungGen      total 125440K, used 113152K [0x00000000db300000, 0x00000000e3e00000, 0x0000000100000000)
  eden space 113152K, 100% used [0x00000000db300000,0x00000000e2180000,0x00000000e2180000)
  from space 12288K, 0% used [0x00000000e2f00000,0x00000000e2f00000,0x00000000e3b00000)
  to   space 13824K, 0% used [0x00000000e2180000,0x00000000e2180000,0x00000000e2f00000)
 ParOldGen       total 81920K, used 31804K [0x0000000091800000, 0x0000000096800000, 0x00000000db300000)
  object space 81920K, 38% used [0x0000000091800000,0x000000009370f3a0,0x0000000096800000)
 Metaspace       used 23934K, capacity 24496K, committed 24832K, reserved 1071104K
  class space    used 2773K, capacity 2956K, committed 3072K, reserved 1048576K
Event: 8.149 GC heap after
Heap after GC invocations=10 (full 1):
 PSYoungGen      total 126976K, used 13804K [0x00000000db300000, 0x00000000e7480000, 0x0000000100000000)
  eden space 113152K, 0% used [0x00000000db300000,0x00000000db300000,0x00000000e2180000)
  from space 13824K, 99% used [0x00000000e2180000,0x00000000e2efb008,0x00000000e2f00000)
  to   space 23552K, 0% used [0x00000000e5d80000,0x00000000e5d80000,0x00000000e7480000)
 ParOldGen       total 81920K, used 40014K [0x0000000091800000, 0x0000000096800000, 0x00000000db300000)
  object space 81920K, 48% used [0x0000000091800000,0x0000000093f13900,0x0000000096800000)
 Metaspace       used 23934K, capacity 24496K, committed 24832K, reserved 1071104K
  class space    used 2773K, capacity 2956K, committed 3072K, reserved 1048576K
}

Deoptimization events (10 events):
Event: 8.966 Thread 0x000001cb0a609000 Uncommon trap: reason=class_check action=maybe_recompile pc=0x000001cb0cfc304c method=org.apache.maven.model.ModelBase.clone()Lorg/apache/maven/model/ModelBase; @ 119
Event: 9.022 Thread 0x000001cb0a609000 Uncommon trap: reason=unstable_if action=reinterpret pc=0x000001cb0c4e4f70 method=sun.nio.cs.StreamDecoder.read0()I @ 11
Event: 9.026 Thread 0x000001cb0a609000 Uncommon trap: reason=class_check action=maybe_recompile pc=0x000001cb0c97cb5c method=java.util.Hashtable.put(Ljava/lang/Object;Ljava/lang/Object;)Ljava/lang/Object; @ 18
Event: 9.028 Thread 0x000001cb0a609000 Uncommon trap: reason=class_check action=maybe_recompile pc=0x000001cb0c97cb5c method=java.util.Hashtable.put(Ljava/lang/Object;Ljava/lang/Object;)Ljava/lang/Object; @ 18
Event: 9.030 Thread 0x000001cb0a609000 Uncommon trap: reason=class_check action=maybe_recompile pc=0x000001cb0c97cb5c method=java.util.Hashtable.put(Ljava/lang/Object;Ljava/lang/Object;)Ljava/lang/Object; @ 18
Event: 9.031 Thread 0x000001cb0a609000 Uncommon trap: reason=class_check action=maybe_recompile pc=0x000001cb0c97cb5c method=java.util.Hashtable.put(Ljava/lang/Object;Ljava/lang/Object;)Ljava/lang/Object; @ 18
Event: 9.074 Thread 0x000001cb0a609000 Uncommon trap: reason=class_check action=maybe_recompile pc=0x000001cb0c95bbc0 method=java.util.Hashtable.get(Ljava/lang/Object;)Ljava/lang/Object; @ 6
Event: 9.074 Thread 0x000001cb0a609000 Uncommon trap: reason=class_check action=maybe_recompile pc=0x000001cb0c95bbc0 method=java.util.Hashtable.get(Ljava/lang/Object;)Ljava/lang/Object; @ 6
Event: 9.074 Thread 0x000001cb0a609000 Uncommon trap: reason=class_check action=maybe_recompile pc=0x000001cb0c95bbc0 method=java.util.Hashtable.get(Ljava/lang/Object;)Ljava/lang/Object; @ 6
Event: 9.075 Thread 0x000001cb0a609000 Uncommon trap: reason=class_check action=maybe_recompile pc=0x000001cb0c95bbc0 method=java.util.Hashtable.get(Ljava/lang/Object;)Ljava/lang/Object; @ 6

Classes redefined (0 events):
No events

Internal exceptions (10 events):
Event: 4.276 Thread 0x000001cb0a609000 Implicit null exception at 0x000001cb0c5c922f to 0x000001cb0c5c9299
Event: 4.556 Thread 0x000001cb0a609000 Implicit null exception at 0x000001cb0cdeee08 to 0x000001cb0cdef42d
Event: 4.754 Thread 0x000001cb0a609000 Implicit null exception at 0x000001cb0cb42fc1 to 0x000001cb0cb433c9
Event: 5.227 Thread 0x000001cb0a609000 Exception <a 'java/lang/ClassNotFoundException': com/sun/tools/javac/api/JavacTool> (0x00000000e1f172a8) thrown at [C:\wsjdk\Corretto8Src\installers\windows\zip\corretto-build\buildRoot\src\hotspot\src\share\vm\classfile\systemDictionary.cpp, line 217]
Event: 6.297 Thread 0x000001cb0a609000 Exception <a 'java/io/FileNotFoundException'> (0x00000000dce6f9a0) thrown at [C:\wsjdk\Corretto8Src\installers\windows\zip\corretto-build\buildRoot\src\hotspot\src\share\vm\prims\jni.cpp, line 711]
Event: 6.302 Thread 0x000001cb0a609000 Exception <a 'java/io/FileNotFoundException'> (0x00000000dcecd278) thrown at [C:\wsjdk\Corretto8Src\installers\windows\zip\corretto-build\buildRoot\src\hotspot\src\share\vm\prims\jni.cpp, line 711]
Event: 7.798 Thread 0x000001cb0a609000 Implicit null exception at 0x000001cb0c8cf6b1 to 0x000001cb0c8cfaed
Event: 7.802 Thread 0x000001cb0a609000 Implicit null exception at 0x000001cb0c8aef55 to 0x000001cb0c8af161
Event: 8.352 Thread 0x000001cb0a609000 Implicit null exception at 0x000001cb0c89e9b1 to 0x000001cb0c89f519
Event: 8.352 Thread 0x000001cb0a609000 Implicit null exception at 0x000001cb0cda8a39 to 0x000001cb0cda9095

Events (10 events):
Event: 9.127 loading class org/apache/maven/plugin/Mojo
Event: 9.127 loading class org/apache/maven/plugin/Mojo done
Event: 9.127 loading class org/apache/maven/plugin/install/HelpMojo
Event: 9.127 loading class org/apache/maven/plugin/install/HelpMojo done
Event: 9.128 loading class org/apache/maven/plugin/install/HelpMojo
Event: 9.128 loading class org/apache/maven/plugin/install/HelpMojo done
Event: 9.128 loading class org/apache/maven/plugin/install/HelpMojo
Event: 9.128 loading class org/apache/maven/plugin/install/HelpMojo done
Event: 9.128 loading class org/apache/maven/plugin/install/HelpMojo
Event: 9.128 loading class org/apache/maven/plugin/install/HelpMojo done


Dynamic libraries:
0x00007ff657660000 - 0x00007ff65769a000 	C:\Users\yangz\.jdks\corretto-1.8.0_292\bin\java.exe
0x00007ff901460000 - 0x00007ff901650000 	C:\Windows\SYSTEM32\ntdll.dll
0x00007ff8fffd0000 - 0x00007ff900083000 	C:\Windows\System32\KERNEL32.DLL
0x00007ff8ff1a0000 - 0x00007ff8ff446000 	C:\Windows\System32\KERNELBASE.dll
0x00007ff8ff510000 - 0x00007ff8ff5b3000 	C:\Windows\System32\ADVAPI32.dll
0x00007ff8ff740000 - 0x00007ff8ff7de000 	C:\Windows\System32\msvcrt.dll
0x00007ff901230000 - 0x00007ff9012c7000 	C:\Windows\System32\sechost.dll
0x00007ff900f50000 - 0x00007ff90106f000 	C:\Windows\System32\RPCRT4.dll
0x00007ff900db0000 - 0x00007ff900f44000 	C:\Windows\System32\USER32.dll
0x00007ff8fe570000 - 0x00007ff8fe591000 	C:\Windows\System32\win32u.dll
0x00007ff900600000 - 0x00007ff900626000 	C:\Windows\System32\GDI32.dll
0x00007ff8fe3d0000 - 0x00007ff8fe568000 	C:\Windows\System32\gdi32full.dll
0x00007ff8fe680000 - 0x00007ff8fe71e000 	C:\Windows\System32\msvcp_win.dll
0x00007ff8fe720000 - 0x00007ff8fe81a000 	C:\Windows\System32\ucrtbase.dll
0x00007ff8e1780000 - 0x00007ff8e1a04000 	C:\Windows\WinSxS\amd64_microsoft.windows.common-controls_6595b64144ccf1df_6.0.18362.1801_none_9e79a739e46243f0\COMCTL32.dll
0x00007ff9002c0000 - 0x00007ff9005f6000 	C:\Windows\System32\combase.dll
0x00007ff8fe5f0000 - 0x00007ff8fe674000 	C:\Windows\System32\bcryptPrimitives.dll
0x00007ff8ffe80000 - 0x00007ff8ffeae000 	C:\Windows\System32\IMM32.DLL
0x00007ff8f6a80000 - 0x00007ff8f6b6f000 	C:\Users\yangz\.jdks\corretto-1.8.0_292\jre\bin\msvcr120.dll
0x00007ff8ce600000 - 0x00007ff8ce6a6000 	C:\Users\yangz\.jdks\corretto-1.8.0_292\jre\bin\msvcp120.dll
0x0000000059cb0000 - 0x000000005a51e000 	C:\Users\yangz\.jdks\corretto-1.8.0_292\jre\bin\server\jvm.dll
0x00007ff8ff500000 - 0x00007ff8ff508000 	C:\Windows\System32\PSAPI.DLL
0x00007ff8f5d00000 - 0x00007ff8f5d0a000 	C:\Windows\SYSTEM32\VERSION.dll
0x00007ff8fc430000 - 0x00007ff8fc454000 	C:\Windows\SYSTEM32\WINMM.dll
0x00007ff8e9250000 - 0x00007ff8e9259000 	C:\Windows\SYSTEM32\WSOCK32.dll
0x00007ff901080000 - 0x00007ff9010ef000 	C:\Windows\System32\WS2_32.dll
0x00007ff8fc400000 - 0x00007ff8fc42d000 	C:\Windows\SYSTEM32\winmmbase.dll
0x00007ff8fe5a0000 - 0x00007ff8fe5ea000 	C:\Windows\System32\cfgmgr32.dll
0x00007ff8f6f70000 - 0x00007ff8f6f7f000 	C:\Users\yangz\.jdks\corretto-1.8.0_292\jre\bin\verify.dll
0x00007ff8f6f40000 - 0x00007ff8f6f69000 	C:\Users\yangz\.jdks\corretto-1.8.0_292\jre\bin\java.dll
0x00007ff8f6f20000 - 0x00007ff8f6f36000 	C:\Users\yangz\.jdks\corretto-1.8.0_292\jre\bin\zip.dll
0x00007ff900630000 - 0x00007ff900d17000 	C:\Windows\System32\SHELL32.dll
0x00007ff8ff690000 - 0x00007ff8ff739000 	C:\Windows\System32\shcore.dll
0x00007ff8fe8b0000 - 0x00007ff8ff02b000 	C:\Windows\System32\windows.storage.dll
0x00007ff8fe340000 - 0x00007ff8fe35e000 	C:\Windows\System32\profapi.dll
0x00007ff8fe380000 - 0x00007ff8fe3ca000 	C:\Windows\System32\powrprof.dll
0x00007ff8fe310000 - 0x00007ff8fe320000 	C:\Windows\System32\UMPDC.dll
0x00007ff8fff70000 - 0x00007ff8fffc2000 	C:\Windows\System32\shlwapi.dll
0x00007ff8fe320000 - 0x00007ff8fe331000 	C:\Windows\System32\kernel.appcore.dll
0x00007ff8ff180000 - 0x00007ff8ff197000 	C:\Windows\System32\cryptsp.dll
0x00007ff8fd670000 - 0x00007ff8fd6a3000 	C:\Windows\system32\rsaenh.dll
0x00007ff8fe820000 - 0x00007ff8fe846000 	C:\Windows\System32\bcrypt.dll
0x00007ff8fe200000 - 0x00007ff8fe225000 	C:\Windows\SYSTEM32\USERENV.dll
0x00007ff8fdcc0000 - 0x00007ff8fdccc000 	C:\Windows\SYSTEM32\CRYPTBASE.dll
0x00007ff8f6be0000 - 0x00007ff8f6bfa000 	C:\Users\yangz\.jdks\corretto-1.8.0_292\jre\bin\net.dll
0x00007ff8fdaf0000 - 0x00007ff8fdb57000 	C:\Windows\system32\mswsock.dll
0x00007ff8fd800000 - 0x00007ff8fd83a000 	C:\Windows\SYSTEM32\IPHLPAPI.DLL
0x00007ff900d20000 - 0x00007ff900d28000 	C:\Windows\System32\NSI.dll
0x00007ff8f6610000 - 0x00007ff8f6626000 	C:\Windows\SYSTEM32\dhcpcsvc6.DLL
0x00007ff8f5ea0000 - 0x00007ff8f5ebc000 	C:\Windows\SYSTEM32\dhcpcsvc.DLL
0x00007ff8fd840000 - 0x00007ff8fd90a000 	C:\Windows\SYSTEM32\DNSAPI.dll
0x00007ff8f6a50000 - 0x00007ff8f6a62000 	C:\Users\yangz\.jdks\corretto-1.8.0_292\jre\bin\nio.dll
0x00007ff8f70d0000 - 0x00007ff8f70da000 	C:\Users\yangz\AppData\Local\Temp\jansi-1.17.1-2078048930280030219.dll
0x00007ff8f70c0000 - 0x00007ff8f70ca000 	C:\Users\yangz\AppData\Local\Temp\jansi-1.17.1-3649317295042629964.dll

VM Arguments:
jvm_args: -Dmaven.multiModuleProjectDirectory=C:\Users\yangz\IdeaProjects\COVID-19\domain\User\User_Module -Dmaven.home=D:\apache-maven-3.8.1 -Dclassworlds.conf=D:\apache-maven-3.8.1\bin\m2.conf -Dmaven.ext.class.path=D:\IntelliJ IDEA 2021.1.1\plugins\maven\lib\maven-event-listener.jar -Dfile.encoding=UTF-8 
java_command: org.codehaus.classworlds.Launcher -Didea.version=2021.1.1 --offline -s D:\apache-maven-3.8.1\conf\settings.xml -Dmaven.repo.local=D:\maven\repository2 -DskipTests=true install
java_class_path (initial): D:\apache-maven-3.8.1\boot\plexus-classworlds-2.6.0.jar;D:\apache-maven-3.8.1\boot\plexus-classworlds.license
Launcher Type: SUN_STANDARD

Environment Variables:
JAVA_HOME=D:\Java\jdk1.8.0_301
CLASSPATH=.;D:\Java\jdk1.8.0_301\lib\dt.jar;D:\Java\jdk1.8.0_301\lib\tools.jar
PATH=D:\Java\jdk1.8.0_301\jre\bin;D:\Java\jdk1.8.0_301bin;D:\xshell6\;D:\Vmware\bin\;C:\Program Files\Common Files\Oracle\Java\javapath;C:\Program Files (x86)\Common Files\Oracle\Java\javapath;D:\apache-tomcat-9.0.44\bin;C:\Windows\system32;C:\Windows;C:\Windows\System32\Wbem;C:\Windows\System32\WindowsPowerShell\v1.0\;C:\Windows\System32\OpenSSH\;C:\Program Files (x86)\Microsoft SQL Server\150\DTS\Binn\;C:\Program Files\Azure Data Studio\bin;C:\Program Files\Microsoft SQL Server\Client SDK\ODBC\170\Tools\Binn\;C:\Program Files (x86)\Microsoft SQL Server\150\Tools\Binn\;C:\Program Files\Microsoft SQL Server\150\Tools\Binn\;C:\Program Files\Microsoft SQL Server\150\DTS\Binn\;C:\Program Files\Intel\WiFi\bin\;C:\Program Files\Common Files\Intel\WirelessCommon\;C:\sdk;C:\sdk\platform-tools;;D:\mysql-8.0.24-winx64bin;D:\apache-maven-3.8.1\bin;C:\Program Files\Common Files\Autodesk Shared\;C:\Program Files\Microsoft SQL Server\120\Tools\Binn\;C:\Program Files\Microsoft SQL Server\130\Tools\Binn\;D:\opencv3.4.1\opencv\build\x64\vc15\bin;"D:\apache-tomcat-7.0.109\bin;";"D:\apache-tomcat-7.0.109\lib;";D:\apache-jmeter-5.4.1\bin;C:\Program Files\Git\cmd;D:\erl-23.0\bin;D:\nodejs\;C:\Users\yangz\AppData\Local\Microsoft\WindowsApps;C:\Program Files\Bandizip\;C:\Program Files\Azure Data Studio\bin;D:\idea\IntelliJ IDEA 2021.1.1\bin;;D:\Microsoft VS Code\bin;C:\Users\yangz\AppData\Roaming\npm
USERNAME=yangz
OS=Windows_NT
PROCESSOR_IDENTIFIER=AMD64 Family 23 Model 17 Stepping 0, AuthenticAMD



---------------  S Y S T E M  ---------------

OS: Windows 10.0 , 64 bit Build 18362 (10.0.18362.1766)

CPU:total 8 (initial active 8) (8 cores per cpu, 1 threads per core) family 23 model 17 stepping 0, cmov, cx8, fxsr, mmx, sse, sse2, sse3, ssse3, sse4.1, sse4.2, popcnt, avx, avx2, aes, clmul, mmxext, 3dnowpref, lzcnt, sse4a, tsc, tscinvbit, tscinv, bmi1

Memory: 4k page, physical 7239248k(450220k free), swap 14717796k(5300k free)

vm_info: OpenJDK 64-Bit Server VM (25.292-b10) for windows-amd64 JRE (1.8.0_292-b10), built on Apr 14 2021 23:06:53 by "Administrator" with MS VC++ 12.0 (VS2013)

time: Sat Sep 25 13:05:10 2021
timezone: ?D1¨²¡À¨º¡Á?¨º¡À??
elapsed time: 9.140702 seconds (0d 0h 0m 9s)

