#
# There is insufficient memory for the Java Runtime Environment to continue.
# Native memory allocation (malloc) failed to allocate 32744 bytes for ChunkPool::allocate
# Possible reasons:
#   The system is out of physical RAM or swap space
#   The process is running with CompressedOops enabled, and the Java Heap may be blocking the growth of the native heap
# Possible solutions:
#   Reduce memory load on the system
#   Increase physical memory or swap space
#   Check if swap backing store is full
#   Decrease Java heap size (-Xmx/-Xms)
#   Decrease number of Java threads
#   Decrease Java thread stack sizes (-Xss)
#   Set larger code cache with -XX:ReservedCodeCacheSize=
#   JVM is running with Unscaled Compressed Oops mode in which the Java heap is
#     placed in the first 4GB address space. The Java Heap base address is the
#     maximum limit for the native heap growth. Please use -XX:HeapBaseMinAddress
#     to set the Java Heap base and to place the Java Heap above 4GB virtual address.
# This output file may be truncated or incomplete.
#
#  Out of Memory Error (allocation.cpp:272), pid=17136, tid=0x00000000000042fc
#
# JRE version: OpenJDK Runtime Environment (8.0_292-b10) (build 1.8.0_292-b10)
# Java VM: OpenJDK 64-Bit Server VM (25.292-b10 mixed mode windows-amd64 compressed oops)
# Failed to write core dump. Minidumps are not enabled by default on client versions of Windows
#

---------------  T H R E A D  ---------------

Current thread (0x0000023d94197800):  JavaThread "C2 CompilerThread1" daemon [_thread_in_native, id=17148, stack(0x00000078ea500000,0x00000078ea600000)]

Stack: [0x00000078ea500000,0x00000078ea600000]
[error occurred during error reporting (printing stack bounds), id 0xc0000005]

Native frames: (J=compiled Java code, j=interpreted, Vv=VM code, C=native code)


Current CompileTask:
C2:  17020 3919       4       java.net.URLClassLoader$1::run (5 bytes)


---------------  P R O C E S S  ---------------

Java Threads: ( => current thread )
  0x0000023d954e5800 JavaThread "Service Thread" daemon [_thread_blocked, id=5896, stack(0x00000078ea800000,0x00000078ea900000)]
  0x0000023d941a7000 JavaThread "C1 CompilerThread3" daemon [_thread_in_native, id=13436, stack(0x00000078ea700000,0x00000078ea800000)]
  0x0000023d941a2000 JavaThread "C2 CompilerThread2" daemon [_thread_in_native, id=17144, stack(0x00000078ea600000,0x00000078ea700000)]
=>0x0000023d94197800 JavaThread "C2 CompilerThread1" daemon [_thread_in_native, id=17148, stack(0x00000078ea500000,0x00000078ea600000)]
  0x0000023d94194000 JavaThread "C2 CompilerThread0" daemon [_thread_in_native, id=10748, stack(0x00000078ea400000,0x00000078ea500000)]
  0x0000023d9418f000 JavaThread "Attach Listener" daemon [_thread_blocked, id=7480, stack(0x00000078ea300000,0x00000078ea400000)]
  0x0000023d94135800 JavaThread "Signal Dispatcher" daemon [_thread_blocked, id=32, stack(0x00000078ea200000,0x00000078ea300000)]
  0x0000023d94105800 JavaThread "Finalizer" daemon [_thread_blocked, id=16244, stack(0x00000078ea100000,0x00000078ea200000)]
  0x0000023d940fd000 JavaThread "Reference Handler" daemon [_thread_blocked, id=9120, stack(0x00000078ea000000,0x00000078ea100000)]
  0x0000023dfdb1a000 JavaThread "main" [_thread_in_vm, id=5584, stack(0x00000078e9600000,0x00000078e9700000)]

Other Threads:
  0x0000023dfffde800 VMThread [stack: 0x00000078e9f00000,0x00000078ea000000] [id=15936]
  0x0000023d954e7000 WatcherThread [stack: 0x00000078ea900000,0x00000078eaa00000] [id=10220]

VM state:not at safepoint (normal execution)

VM Mutex/Monitor currently owned by a thread: None

heap address: 0x0000000091800000, size: 1768 MB, Compressed Oops mode: 32-bit
Narrow klass base: 0x0000000000000000, Narrow klass shift: 3
Compressed class space size: 1073741824 Address: 0x0000000100000000

Heap:
 PSYoungGen      total 126464K, used 89561K [0x00000000db300000, 0x00000000e3e00000, 0x0000000100000000)
  eden space 113664K, 69% used [0x00000000db300000,0x00000000e00225e8,0x00000000e2200000)
  from space 12800K, 82% used [0x00000000e2f80000,0x00000000e39d4030,0x00000000e3c00000)
  to   space 13824K, 0% used [0x00000000e2200000,0x00000000e2200000,0x00000000e2f80000)
 ParOldGen       total 76800K, used 16022K [0x0000000091800000, 0x0000000096300000, 0x00000000db300000)
  object space 76800K, 20% used [0x0000000091800000,0x00000000927a5978,0x0000000096300000)
 Metaspace       used 18790K, capacity 19432K, committed 19584K, reserved 1067008K
  class space    used 2151K, capacity 2310K, committed 2432K, reserved 1048576K

Card table byte_map: [0x0000023dffb60000,0x0000023dffee0000] byte_map_base: 0x0000023dff6d4000

Marking Bits: (ParMarkBitMap*) 0x0000000058bbf7f0
 Begin Bits: [0x0000023d8f250000, 0x0000023d90df0000)
 End Bits:   [0x0000023d90df0000, 0x0000023d92990000)

Polling page: 0x0000023dfdac0000

CodeCache: size=245760Kb used=14375Kb max_used=14375Kb free=231384Kb
 bounds [0x0000023d80000000, 0x0000023d80e20000, 0x0000023d8f000000]
 total_blobs=4280 nmethods=3899 adapters=294
 compilation: enabled

Compilation events (10 events):
Event: 16.998 Thread 0x0000023d941a7000 3926       3       java.lang.reflect.Executable::sharedGetParameterAnnotations (39 bytes)
Event: 16.999 Thread 0x0000023d941a7000 nmethod 3926 0x0000023d80e13010 code [0x0000023d80e13220, 0x0000023d80e13b10]
Event: 17.002 Thread 0x0000023d941a7000 3928       3       sun.reflect.misc.ReflectUtil::checkPackageAccess (77 bytes)
Event: 17.003 Thread 0x0000023d941a7000 nmethod 3928 0x0000023d80e14090 code [0x0000023d80e14280, 0x0000023d80e14e50]
Event: 17.003 Thread 0x0000023d941a7000 3929       3       sun.reflect.misc.ReflectUtil::isNonPublicProxyClass (51 bytes)
Event: 17.004 Thread 0x0000023d941a7000 nmethod 3929 0x0000023d80e15210 code [0x0000023d80e15440, 0x0000023d80e160b0]
Event: 17.004 Thread 0x0000023d941a7000 3930       3       java.lang.reflect.Proxy::isProxyClass (25 bytes)
Event: 17.005 Thread 0x0000023d941a7000 nmethod 3930 0x0000023d80e16610 code [0x0000023d80e16820, 0x0000023d80e171c0]
Event: 17.010 Thread 0x0000023d941a7000 3931   !   3       com.google.inject.spi.InjectionPoint::forConstructorOf (241 bytes)
Event: 17.016 Thread 0x0000023d94194000 3937   !   4       com.google.inject.spi.InjectionPoint::getInjectionPoints (489 bytes)

GC Heap History (10 events):
Event: 4.939 GC heap before
{Heap before GC invocations=2 (full 0):
 PSYoungGen      total 33280K, used 33264K [0x00000000db300000, 0x00000000dd800000, 0x0000000100000000)
  eden space 28672K, 100% used [0x00000000db300000,0x00000000dcf00000,0x00000000dcf00000)
  from space 4608K, 99% used [0x00000000dcf00000,0x00000000dd37c370,0x00000000dd380000)
  to   space 4608K, 0% used [0x00000000dd380000,0x00000000dd380000,0x00000000dd800000)
 ParOldGen       total 76800K, used 593K [0x0000000091800000, 0x0000000096300000, 0x00000000db300000)
  object space 76800K, 0% used [0x0000000091800000,0x00000000918944f8,0x0000000096300000)
 Metaspace       used 10861K, capacity 10986K, committed 11136K, reserved 1058816K
  class space    used 1304K, capacity 1382K, committed 1408K, reserved 1048576K
Event: 4.971 GC heap after
Heap after GC invocations=2 (full 0):
 PSYoungGen      total 33280K, used 4607K [0x00000000db300000, 0x00000000df400000, 0x0000000100000000)
  eden space 28672K, 0% used [0x00000000db300000,0x00000000db300000,0x00000000dcf00000)
  from space 4608K, 99% used [0x00000000dd380000,0x00000000dd7ffee0,0x00000000dd800000)
  to   space 4608K, 0% used [0x00000000dcf00000,0x00000000dcf00000,0x00000000dd380000)
 ParOldGen       total 76800K, used 1969K [0x0000000091800000, 0x0000000096300000, 0x00000000db300000)
  object space 76800K, 2% used [0x0000000091800000,0x00000000919ec470,0x0000000096300000)
 Metaspace       used 10861K, capacity 10986K, committed 11136K, reserved 1058816K
  class space    used 1304K, capacity 1382K, committed 1408K, reserved 1048576K
}
Event: 6.368 GC heap before
{Heap before GC invocations=3 (full 0):
 PSYoungGen      total 33280K, used 33279K [0x00000000db300000, 0x00000000df400000, 0x0000000100000000)
  eden space 28672K, 100% used [0x00000000db300000,0x00000000dcf00000,0x00000000dcf00000)
  from space 4608K, 99% used [0x00000000dd380000,0x00000000dd7ffee0,0x00000000dd800000)
  to   space 4608K, 0% used [0x00000000dcf00000,0x00000000dcf00000,0x00000000dd380000)
 ParOldGen       total 76800K, used 1969K [0x0000000091800000, 0x0000000096300000, 0x00000000db300000)
  object space 76800K, 2% used [0x0000000091800000,0x00000000919ec470,0x0000000096300000)
 Metaspace       used 14143K, capacity 14408K, committed 14720K, reserved 1062912K
  class space    used 1740K, capacity 1844K, committed 1920K, reserved 1048576K
Event: 6.410 GC heap after
Heap after GC invocations=3 (full 0):
 PSYoungGen      total 33280K, used 4587K [0x00000000db300000, 0x00000000df400000, 0x0000000100000000)
  eden space 28672K, 0% used [0x00000000db300000,0x00000000db300000,0x00000000dcf00000)
  from space 4608K, 99% used [0x00000000dcf00000,0x00000000dd37af58,0x00000000dd380000)
  to   space 4608K, 0% used [0x00000000def80000,0x00000000def80000,0x00000000df400000)
 ParOldGen       total 76800K, used 4192K [0x0000000091800000, 0x0000000096300000, 0x00000000db300000)
  object space 76800K, 5% used [0x0000000091800000,0x0000000091c182a0,0x0000000096300000)
 Metaspace       used 14143K, capacity 14408K, committed 14720K, reserved 1062912K
  class space    used 1740K, capacity 1844K, committed 1920K, reserved 1048576K
}
Event: 9.387 GC heap before
{Heap before GC invocations=4 (full 0):
 PSYoungGen      total 33280K, used 33259K [0x00000000db300000, 0x00000000df400000, 0x0000000100000000)
  eden space 28672K, 100% used [0x00000000db300000,0x00000000dcf00000,0x00000000dcf00000)
  from space 4608K, 99% used [0x00000000dcf00000,0x00000000dd37af58,0x00000000dd380000)
  to   space 4608K, 0% used [0x00000000def80000,0x00000000def80000,0x00000000df400000)
 ParOldGen       total 76800K, used 4192K [0x0000000091800000, 0x0000000096300000, 0x00000000db300000)
  object space 76800K, 5% used [0x0000000091800000,0x0000000091c182a0,0x0000000096300000)
 Metaspace       used 15877K, capacity 16162K, committed 16384K, reserved 1062912K
  class space    used 1886K, capacity 1978K, committed 2048K, reserved 1048576K
Event: 9.403 GC heap after
Heap after GC invocations=4 (full 0):
 PSYoungGen      total 61952K, used 4576K [0x00000000db300000, 0x00000000df400000, 0x0000000100000000)
  eden space 57344K, 0% used [0x00000000db300000,0x00000000db300000,0x00000000deb00000)
  from space 4608K, 99% used [0x00000000def80000,0x00000000df3f8020,0x00000000df400000)
  to   space 4608K, 0% used [0x00000000deb00000,0x00000000deb00000,0x00000000def80000)
 ParOldGen       total 76800K, used 7758K [0x0000000091800000, 0x0000000096300000, 0x00000000db300000)
  object space 76800K, 10% used [0x0000000091800000,0x0000000091f93a88,0x0000000096300000)
 Metaspace       used 15877K, capacity 16162K, committed 16384K, reserved 1062912K
  class space    used 1886K, capacity 1978K, committed 2048K, reserved 1048576K
}
Event: 11.882 GC heap before
{Heap before GC invocations=5 (full 0):
 PSYoungGen      total 61952K, used 61920K [0x00000000db300000, 0x00000000df400000, 0x0000000100000000)
  eden space 57344K, 100% used [0x00000000db300000,0x00000000deb00000,0x00000000deb00000)
  from space 4608K, 99% used [0x00000000def80000,0x00000000df3f8020,0x00000000df400000)
  to   space 4608K, 0% used [0x00000000deb00000,0x00000000deb00000,0x00000000def80000)
 ParOldGen       total 76800K, used 7758K [0x0000000091800000, 0x0000000096300000, 0x00000000db300000)
  object space 76800K, 10% used [0x0000000091800000,0x0000000091f93a88,0x0000000096300000)
 Metaspace       used 16361K, capacity 16664K, committed 16896K, reserved 1064960K
  class space    used 1900K, capacity 2013K, committed 2048K, reserved 1048576K
Event: 11.898 GC heap after
Heap after GC invocations=5 (full 0):
 PSYoungGen      total 61952K, used 4576K [0x00000000db300000, 0x00000000e3c00000, 0x0000000100000000)
  eden space 57344K, 0% used [0x00000000db300000,0x00000000db300000,0x00000000deb00000)
  from space 4608K, 99% used [0x00000000deb00000,0x00000000def78020,0x00000000def80000)
  to   space 12800K, 0% used [0x00000000e2f80000,0x00000000e2f80000,0x00000000e3c00000)
 ParOldGen       total 76800K, used 16014K [0x0000000091800000, 0x0000000096300000, 0x00000000db300000)
  object space 76800K, 20% used [0x0000000091800000,0x00000000927a3978,0x0000000096300000)
 Metaspace       used 16361K, capacity 16664K, committed 16896K, reserved 1064960K
  class space    used 1900K, capacity 2013K, committed 2048K, reserved 1048576K
}
Event: 13.861 GC heap before
{Heap before GC invocations=6 (full 0):
 PSYoungGen      total 61952K, used 61920K [0x00000000db300000, 0x00000000e3c00000, 0x0000000100000000)
  eden space 57344K, 100% used [0x00000000db300000,0x00000000deb00000,0x00000000deb00000)
  from space 4608K, 99% used [0x00000000deb00000,0x00000000def78020,0x00000000def80000)
  to   space 12800K, 0% used [0x00000000e2f80000,0x00000000e2f80000,0x00000000e3c00000)
 ParOldGen       total 76800K, used 16014K [0x0000000091800000, 0x0000000096300000, 0x00000000db300000)
  object space 76800K, 20% used [0x0000000091800000,0x00000000927a3978,0x0000000096300000)
 Metaspace       used 16841K, capacity 17212K, committed 17408K, reserved 1064960K
  class space    used 1919K, capacity 2019K, committed 2048K, reserved 1048576K
Event: 13.879 GC heap after
Heap after GC invocations=6 (full 0):
 PSYoungGen      total 126464K, used 10576K [0x00000000db300000, 0x00000000e3e00000, 0x0000000100000000)
  eden space 113664K, 0% used [0x00000000db300000,0x00000000db300000,0x00000000e2200000)
  from space 12800K, 82% used [0x00000000e2f80000,0x00000000e39d4030,0x00000000e3c00000)
  to   space 13824K, 0% used [0x00000000e2200000,0x00000000e2200000,0x00000000e2f80000)
 ParOldGen       total 76800K, used 16022K [0x0000000091800000, 0x0000000096300000, 0x00000000db300000)
  object space 76800K, 20% used [0x0000000091800000,0x00000000927a5978,0x0000000096300000)
 Metaspace       used 16841K, capacity 17212K, committed 17408K, reserved 1064960K
  class space    used 1919K, capacity 2019K, committed 2048K, reserved 1048576K
}

Deoptimization events (10 events):
Event: 15.245 Thread 0x0000023dfdb1a000 Uncommon trap: reason=class_check action=maybe_recompile pc=0x0000023d80aa30cc method=org.eclipse.sisu.wire.EntryListAdapter$ValueIterator.next()Ljava/lang/Object; @ 4
Event: 15.982 Thread 0x0000023dfdb1a000 Uncommon trap: reason=array_check action=maybe_recompile pc=0x0000023d80cdb020 method=java.util.TimSort.binarySort([Ljava/lang/Object;IIILjava/util/Comparator;)V @ 215
Event: 15.982 Thread 0x0000023dfdb1a000 Uncommon trap: reason=array_check action=maybe_recompile pc=0x0000023d80cdb1ac method=java.util.TimSort.binarySort([Ljava/lang/Object;IIILjava/util/Comparator;)V @ 183
Event: 15.982 Thread 0x0000023dfdb1a000 Uncommon trap: reason=array_check action=maybe_recompile pc=0x0000023d80cdb0e4 method=java.util.TimSort.binarySort([Ljava/lang/Object;IIILjava/util/Comparator;)V @ 193
Event: 15.982 Thread 0x0000023dfdb1a000 Uncommon trap: reason=array_check action=maybe_recompile pc=0x0000023d80cdb1ac method=java.util.TimSort.binarySort([Ljava/lang/Object;IIILjava/util/Comparator;)V @ 183
Event: 16.121 Thread 0x0000023dfdb1a000 Uncommon trap: reason=class_check action=maybe_recompile pc=0x0000023d80aa30cc method=org.eclipse.sisu.wire.EntryListAdapter$ValueIterator.next()Ljava/lang/Object; @ 4
Event: 16.210 Thread 0x0000023dfdb1a000 Uncommon trap: reason=unstable_if action=reinterpret pc=0x0000023d80684cd4 method=java.nio.charset.CharsetEncoder.encode(Ljava/nio/CharBuffer;Ljava/nio/ByteBuffer;Z)Ljava/nio/charset/CoderResult; @ 1
Event: 16.214 Thread 0x0000023dfdb1a000 Uncommon trap: reason=class_check action=maybe_recompile pc=0x0000023d80aa30cc method=org.eclipse.sisu.wire.EntryListAdapter$ValueIterator.next()Ljava/lang/Object; @ 4
Event: 16.221 Thread 0x0000023dfdb1a000 Uncommon trap: reason=unstable_if action=reinterpret pc=0x0000023d803cd8b0 method=java.util.concurrent.ConcurrentHashMap.putVal(Ljava/lang/Object;Ljava/lang/Object;Z)Ljava/lang/Object; @ 206
Event: 16.444 Thread 0x0000023dfdb1a000 Uncommon trap: reason=unstable_if action=reinterpret pc=0x0000023d80bfd84c method=org.eclipse.aether.util.graph.transformer.ConflictResolver$State.deriveScope(Lorg/eclipse/aether/graph/DependencyNode;Ljava/lang/Object;)Ljava/lang/String; @ 8

Classes redefined (0 events):
No events

Internal exceptions (10 events):
Event: 6.454 Thread 0x0000023dfdb1a000 Exception <a 'java/lang/NullPointerException'> (0x00000000db36f800) thrown at [C:\wsjdk\Corretto8Src\installers\windows\zip\corretto-build\buildRoot\src\hotspot\src\share\vm\interpreter\linkResolver.cpp, line 1185]
Event: 6.454 Thread 0x0000023dfdb1a000 Exception <a 'java/lang/NullPointerException'> (0x00000000db36fa18) thrown at [C:\wsjdk\Corretto8Src\installers\windows\zip\corretto-build\buildRoot\src\hotspot\src\share\vm\interpreter\linkResolver.cpp, line 1185]
Event: 6.577 Thread 0x0000023dfdb1a000 Implicit null exception at 0x0000023d802474d6 to 0x0000023d80247865
Event: 6.577 Thread 0x0000023dfdb1a000 Implicit null exception at 0x0000023d80221456 to 0x0000023d802217d5
Event: 7.742 Thread 0x0000023dfdb1a000 Implicit null exception at 0x0000023d806bf2b3 to 0x0000023d806c058d
Event: 9.422 Thread 0x0000023dfdb1a000 Implicit null exception at 0x0000023d807c61f7 to 0x0000023d807c643d
Event: 10.395 Thread 0x0000023dfdb1a000 Implicit null exception at 0x0000023d8085a480 to 0x0000023d8085ae61
Event: 13.510 Thread 0x0000023dfdb1a000 Implicit null exception at 0x0000023d802c7615 to 0x0000023d802c77f1
Event: 13.514 Thread 0x0000023dfdb1a000 Implicit null exception at 0x0000023d809409ef to 0x0000023d80940a59
Event: 15.129 Thread 0x0000023dfdb1a000 Implicit null exception at 0x0000023d809c1e41 to 0x0000023d809c2249

Events (10 events):
Event: 17.013 loading class org/codehaus/plexus/archiver/dir/DirectoryArchiver
Event: 17.013 loading class org/codehaus/plexus/archiver/dir/DirectoryArchiver done
Event: 17.015 loading class org/codehaus/plexus/archiver/tar/PlexusIoTarGZipFileResourceCollection$__sisu25
Event: 17.015 loading class org/codehaus/plexus/archiver/tar/PlexusIoTarGZipFileResourceCollection$__sisu25 done
Event: 17.015 loading class org/codehaus/plexus/archiver/tar/PlexusIoTarGZipFileResourceCollection
Event: 17.015 loading class org/codehaus/plexus/archiver/tar/PlexusIoTarGZipFileResourceCollection done
Event: 17.015 loading class org/codehaus/plexus/archiver/tar/PlexusIoTarGZipFileResourceCollection
Event: 17.015 loading class org/codehaus/plexus/archiver/tar/PlexusIoTarGZipFileResourceCollection done
Event: 17.018 loading class org/codehaus/plexus/archiver/tar/GZipTarFile
Event: 17.018 loading class org/codehaus/plexus/archiver/tar/GZipTarFile done


Dynamic libraries:
0x00007ff787190000 - 0x00007ff7871ca000 	C:\Users\yangz\.jdks\corretto-1.8.0_292\bin\java.exe
0x00007ff960160000 - 0x00007ff960350000 	C:\Windows\SYSTEM32\ntdll.dll
0x00007ff95fb50000 - 0x00007ff95fc03000 	C:\Windows\System32\KERNEL32.DLL
0x00007ff95def0000 - 0x00007ff95e196000 	C:\Windows\System32\KERNELBASE.dll
0x00007ff95f9f0000 - 0x00007ff95fa93000 	C:\Windows\System32\ADVAPI32.dll
0x00007ff95f590000 - 0x00007ff95f62e000 	C:\Windows\System32\msvcrt.dll
0x00007ff95f480000 - 0x00007ff95f517000 	C:\Windows\System32\sechost.dll
0x00007ff95f2b0000 - 0x00007ff95f3cf000 	C:\Windows\System32\RPCRT4.dll
0x00007ff95e310000 - 0x00007ff95e4a4000 	C:\Windows\System32\USER32.dll
0x00007ff95e1d0000 - 0x00007ff95e1f1000 	C:\Windows\System32\win32u.dll
0x00007ff95e4b0000 - 0x00007ff95e4d6000 	C:\Windows\System32\GDI32.dll
0x00007ff95dc00000 - 0x00007ff95dd98000 	C:\Windows\System32\gdi32full.dll
0x00007ff95de50000 - 0x00007ff95deee000 	C:\Windows\System32\msvcp_win.dll
0x00007ff95d180000 - 0x00007ff95d27a000 	C:\Windows\System32\ucrtbase.dll
0x00007ff940380000 - 0x00007ff940604000 	C:\Windows\WinSxS\amd64_microsoft.windows.common-controls_6595b64144ccf1df_6.0.18362.1801_none_9e79a739e46243f0\COMCTL32.dll
0x00007ff95f6b0000 - 0x00007ff95f9e6000 	C:\Windows\System32\combase.dll
0x00007ff95d2a0000 - 0x00007ff95d324000 	C:\Windows\System32\bcryptPrimitives.dll
0x00007ff95e200000 - 0x00007ff95e22e000 	C:\Windows\System32\IMM32.DLL
0x00007ff92c900000 - 0x00007ff92c9ef000 	C:\Users\yangz\.jdks\corretto-1.8.0_292\jre\bin\msvcr120.dll
0x00007ff92a3e0000 - 0x00007ff92a486000 	C:\Users\yangz\.jdks\corretto-1.8.0_292\jre\bin\msvcp120.dll
0x00000000583d0000 - 0x0000000058c3e000 	C:\Users\yangz\.jdks\corretto-1.8.0_292\jre\bin\server\jvm.dll
0x00007ff960110000 - 0x00007ff960118000 	C:\Windows\System32\PSAPI.DLL
0x00007ff95a960000 - 0x00007ff95a984000 	C:\Windows\SYSTEM32\WINMM.dll
0x00007ff94ca30000 - 0x00007ff94ca39000 	C:\Windows\SYSTEM32\WSOCK32.dll
0x00007ff955b10000 - 0x00007ff955b1a000 	C:\Windows\SYSTEM32\VERSION.dll
0x00007ff95f630000 - 0x00007ff95f69f000 	C:\Windows\System32\WS2_32.dll
0x00007ff95a930000 - 0x00007ff95a95d000 	C:\Windows\SYSTEM32\winmmbase.dll
0x00007ff95d0d0000 - 0x00007ff95d11a000 	C:\Windows\System32\cfgmgr32.dll
0x00007ff959970000 - 0x00007ff95997f000 	C:\Users\yangz\.jdks\corretto-1.8.0_292\jre\bin\verify.dll
0x00007ff94f080000 - 0x00007ff94f0a9000 	C:\Users\yangz\.jdks\corretto-1.8.0_292\jre\bin\java.dll
0x00007ff959950000 - 0x00007ff959966000 	C:\Users\yangz\.jdks\corretto-1.8.0_292\jre\bin\zip.dll
0x00007ff95e880000 - 0x00007ff95ef67000 	C:\Windows\System32\SHELL32.dll
0x00007ff95f3d0000 - 0x00007ff95f479000 	C:\Windows\System32\shcore.dll
0x00007ff95d330000 - 0x00007ff95daab000 	C:\Windows\System32\windows.storage.dll
0x00007ff95d0b0000 - 0x00007ff95d0ce000 	C:\Windows\System32\profapi.dll
0x00007ff95d040000 - 0x00007ff95d08a000 	C:\Windows\System32\powrprof.dll
0x00007ff95d010000 - 0x00007ff95d020000 	C:\Windows\System32\UMPDC.dll
0x00007ff95e230000 - 0x00007ff95e282000 	C:\Windows\System32\shlwapi.dll
0x00007ff95d090000 - 0x00007ff95d0a1000 	C:\Windows\System32\kernel.appcore.dll
0x00007ff95d280000 - 0x00007ff95d297000 	C:\Windows\System32\cryptsp.dll
0x00007ff95c370000 - 0x00007ff95c3a3000 	C:\Windows\system32\rsaenh.dll
0x00007ff95e1a0000 - 0x00007ff95e1c6000 	C:\Windows\System32\bcrypt.dll
0x00007ff95cf00000 - 0x00007ff95cf25000 	C:\Windows\SYSTEM32\USERENV.dll
0x00007ff95c9c0000 - 0x00007ff95c9cc000 	C:\Windows\SYSTEM32\CRYPTBASE.dll
0x00007ff93ba00000 - 0x00007ff93ba1a000 	C:\Users\yangz\.jdks\corretto-1.8.0_292\jre\bin\net.dll
0x00007ff95c7f0000 - 0x00007ff95c857000 	C:\Windows\system32\mswsock.dll
0x00007ff95c500000 - 0x00007ff95c53a000 	C:\Windows\SYSTEM32\IPHLPAPI.DLL
0x00007ff95f6a0000 - 0x00007ff95f6a8000 	C:\Windows\System32\NSI.dll
0x00007ff955ad0000 - 0x00007ff955ae6000 	C:\Windows\SYSTEM32\dhcpcsvc6.DLL
0x00007ff955d50000 - 0x00007ff955d6c000 	C:\Windows\SYSTEM32\dhcpcsvc.DLL
0x00007ff95c540000 - 0x00007ff95c60a000 	C:\Windows\SYSTEM32\DNSAPI.dll
0x00007ff9375e0000 - 0x00007ff9375f2000 	C:\Users\yangz\.jdks\corretto-1.8.0_292\jre\bin\nio.dll
0x00007ff952f10000 - 0x00007ff952f1a000 	C:\Users\yangz\AppData\Local\Temp\jansi-1.17.1-2598416663347800770.dll
0x00007ff952bb0000 - 0x00007ff952bba000 	C:\Users\yangz\AppData\Local\Temp\jansi-1.17.1-6803724718440006766.dll

VM Arguments:
jvm_args: -Dmaven.multiModuleProjectDirectory=C:\Users\yangz\IdeaProjects\COVID-19\platform\Eureka_server -Dmaven.home=C:\Program Files\JetBrains\IntelliJ IDEA 2021.1.1\plugins\maven\lib\maven3 -Dclassworlds.conf=C:\Program Files\JetBrains\IntelliJ IDEA 2021.1.1\plugins\maven\lib\maven3\bin\m2.conf -Dmaven.ext.class.path=C:\Program Files\JetBrains\IntelliJ IDEA 2021.1.1\plugins\maven\lib\maven-event-listener.jar -Dfile.encoding=UTF-8 
java_command: org.codehaus.classworlds.Launcher -Didea.version=2021.1.1 -DskipTests=true install
java_class_path (initial): C:\Program Files\JetBrains\IntelliJ IDEA 2021.1.1\plugins\maven\lib\maven3\boot\plexus-classworlds-2.6.0.jar;C:\Program Files\JetBrains\IntelliJ IDEA 2021.1.1\plugins\maven\lib\maven3\boot\plexus-classworlds.license
Launcher Type: SUN_STANDARD

Environment Variables:
JAVA_HOME=D:\Java\jdk1.8.0_301
CLASSPATH=.;D:\Java\jdk1.8.0_301\lib\dt.jar;D:\Java\jdk1.8.0_301\lib\tools.jar
PATH=C:\Program Files (x86)\Common Files\Intel\Shared Libraries\redist\intel64\compiler;D:\Java\jdk1.8.0_301\jre\bin;D:\Java\jdk1.8.0_301bin;D:\Vmware\bin\;C:\Program Files\Common Files\Oracle\Java\javapath;C:\Program Files (x86)\Common Files\Oracle\Java\javapath;D:\apache-tomcat-9.0.44\bin;C:\Windows\system32;C:\Windows;C:\Windows\System32\Wbem;C:\Windows\System32\WindowsPowerShell\v1.0\;C:\Windows\System32\OpenSSH\;C:\Program Files (x86)\Microsoft SQL Server\150\DTS\Binn\;C:\Program Files\Azure Data Studio\bin;C:\Program Files\Microsoft SQL Server\Client SDK\ODBC\170\Tools\Binn\;C:\Program Files (x86)\Microsoft SQL Server\150\Tools\Binn\;C:\Program Files\Microsoft SQL Server\150\Tools\Binn\;C:\Program Files\Microsoft SQL Server\150\DTS\Binn\;C:\Program Files\Intel\WiFi\bin\;C:\Program Files\Common Files\Intel\WirelessCommon\;C:\sdk;C:\sdk\platform-tools;;D:\mysql-8.0.24-winx64bin;D:\apache-maven-3.8.1\bin;C:\Program Files\Common Files\Autodesk Shared\;C:\Program Files\Microsoft SQL Server\120\Tools\Binn\;C:\Program Files\Microsoft SQL Server\130\Tools\Binn\;D:\opencv3.4.1\opencv\build\x64\vc15\bin;"D:\apache-tomcat-7.0.109\bin;";"D:\apache-tomcat-7.0.109\lib;";D:\apache-jmeter-5.4.1\bin;D:\erl-23.0\bin;D:\nodejs\;D:\XShell7\;D:\Xftp7\;C:\Users\yangz\AppData\Local\Microsoft\WindowsApps;C:\Program Files\Azure Data Studio\bin;D:\idea\IntelliJ IDEA 2021.1.1\bin;;D:\Microsoft VS Code\bin;C:\Users\yangz\AppData\Roaming\npm;C:\Program Files\Bandizip\
USERNAME=yangz
OS=Windows_NT
PROCESSOR_IDENTIFIER=AMD64 Family 23 Model 17 Stepping 0, AuthenticAMD



---------------  S Y S T E M  ---------------

OS: Windows 10.0 , 64 bit Build 18362 (10.0.18362.1766)

CPU:total 8 (initial active 8) (8 cores per cpu, 1 threads per core) family 23 model 17 stepping 0, cmov, cx8, fxsr, mmx, sse, sse2, sse3, ssse3, sse4.1, sse4.2, popcnt, avx, avx2, aes, clmul, mmxext, 3dnowpref, lzcnt, sse4a, tsc, tscinvbit, tscinv, bmi1

Memory: 4k page, physical 7239248k(1076656k free), swap 9706244k(2012k free)

vm_info: OpenJDK 64-Bit Server VM (25.292-b10) for windows-amd64 JRE (1.8.0_292-b10), built on Apr 14 2021 23:06:53 by "Administrator" with MS VC++ 12.0 (VS2013)

time: Sun Jan 02 12:55:05 2022
timezone: ?D1¨²¡À¨º¡Á?¨º¡À??
elapsed time: 17.031399 seconds (0d 0h 0m 17s)

