#
# There is insufficient memory for the Java Runtime Environment to continue.
# Native memory allocation (malloc) failed to allocate 32784 bytes for Chunk::new
# Possible reasons:
#   The system is out of physical RAM or swap space
#   The process is running with CompressedOops enabled, and the Java Heap may be blocking the growth of the native heap
# Possible solutions:
#   Reduce memory load on the system
#   Increase physical memory or swap space
#   Check if swap backing store is full
#   Decrease Java heap size (-Xmx/-Xms)
#   Decrease number of Java threads
#   Decrease Java thread stack sizes (-Xss)
#   Set larger code cache with -XX:ReservedCodeCacheSize=
#   JVM is running with Unscaled Compressed Oops mode in which the Java heap is
#     placed in the first 4GB address space. The Java Heap base address is the
#     maximum limit for the native heap growth. Please use -XX:HeapBaseMinAddress
#     to set the Java Heap base and to place the Java Heap above 4GB virtual address.
# This output file may be truncated or incomplete.
#
#  Out of Memory Error (allocation.cpp:389), pid=7744, tid=0x0000000000004410
#
# JRE version: OpenJDK Runtime Environment (8.0_292-b10) (build 1.8.0_292-b10)
# Java VM: OpenJDK 64-Bit Server VM (25.292-b10 mixed mode windows-amd64 compressed oops)
# Failed to write core dump. Minidumps are not enabled by default on client versions of Windows
#

---------------  T H R E A D  ---------------

Current thread (0x00000220f6add000):  JavaThread "C2 CompilerThread2" daemon [_thread_in_native, id=17424, stack(0x000000915a000000,0x000000915a100000)]

Stack: [0x000000915a000000,0x000000915a100000]
[error occurred during error reporting (printing stack bounds), id 0xc0000005]

Native frames: (J=compiled Java code, j=interpreted, Vv=VM code, C=native code)


Current CompileTask:
C2:   9188 3893   !   4       com.google.inject.spi.InjectionPoint::getInjectionPoints (489 bytes)


---------------  P R O C E S S  ---------------

Java Threads: ( => current thread )
  0x00000220f7dc5800 JavaThread "Service Thread" daemon [_thread_blocked, id=10924, stack(0x000000915a200000,0x000000915a300000)]
  0x00000220f7d78800 JavaThread "C1 CompilerThread3" daemon [_thread_blocked, id=17560, stack(0x000000915a100000,0x000000915a200000)]
=>0x00000220f6add000 JavaThread "C2 CompilerThread2" daemon [_thread_in_native, id=17424, stack(0x000000915a000000,0x000000915a100000)]
  0x00000220f6ad3800 JavaThread "C2 CompilerThread1" daemon [_thread_in_native, id=3600, stack(0x0000009159f00000,0x000000915a000000)]
  0x00000220f6ad7000 JavaThread "C2 CompilerThread0" daemon [_thread_in_native, id=3644, stack(0x0000009159e00000,0x0000009159f00000)]
  0x00000220f6a75000 JavaThread "Attach Listener" daemon [_thread_blocked, id=3044, stack(0x0000009159d00000,0x0000009159e00000)]
  0x00000220f6a74000 JavaThread "Signal Dispatcher" daemon [_thread_blocked, id=2220, stack(0x0000009159c00000,0x0000009159d00000)]
  0x00000220f6a45000 JavaThread "Finalizer" daemon [_thread_blocked, id=10000, stack(0x0000009159b00000,0x0000009159c00000)]
  0x00000220f5e4e000 JavaThread "Reference Handler" daemon [_thread_blocked, id=11660, stack(0x0000009159a00000,0x0000009159b00000)]
  0x00000220ef52a800 JavaThread "main" [_thread_in_vm, id=1456, stack(0x0000009159000000,0x0000009159100000)]

Other Threads:
  0x00000220f6a13800 VMThread [stack: 0x0000009159900000,0x0000009159a00000] [id=15792]
  0x00000220f7dc6800 WatcherThread [stack: 0x000000915a300000,0x000000915a400000] [id=16088]

VM state:not at safepoint (normal execution)

VM Mutex/Monitor currently owned by a thread: None

heap address: 0x0000000091800000, size: 1768 MB, Compressed Oops mode: 32-bit
Narrow klass base: 0x0000000000000000, Narrow klass shift: 3
Compressed class space size: 1073741824 Address: 0x0000000100000000

Heap:
 PSYoungGen      total 67072K, used 30620K [0x00000000db300000, 0x00000000e0000000, 0x0000000100000000)
  eden space 56832K, 35% used [0x00000000db300000,0x00000000dc6e7388,0x00000000dea80000)
  from space 10240K, 100% used [0x00000000df500000,0x00000000dff00000,0x00000000dff00000)
  to   space 10752K, 0% used [0x00000000dea80000,0x00000000dea80000,0x00000000df500000)
 ParOldGen       total 76800K, used 19086K [0x0000000091800000, 0x0000000096300000, 0x00000000db300000)
  object space 76800K, 24% used [0x0000000091800000,0x0000000092aa3b30,0x0000000096300000)
 Metaspace       used 18939K, capacity 19628K, committed 19840K, reserved 1067008K
  class space    used 2169K, capacity 2310K, committed 2432K, reserved 1048576K

Card table byte_map: [0x00000220f1490000,0x00000220f1810000] byte_map_base: 0x00000220f1004000

Marking Bits: (ParMarkBitMap*) 0x000000005fcff7f0
 Begin Bits: [0x00000220f1a60000, 0x00000220f3600000)
 End Bits:   [0x00000220f3600000, 0x00000220f51a0000)

Polling page: 0x00000220ef480000

CodeCache: size=245760Kb used=12628Kb max_used=14016Kb free=233131Kb
 bounds [0x0000022080000000, 0x0000022080dc0000, 0x000002208f000000]
 total_blobs=3878 nmethods=3497 adapters=294
 compilation: enabled

Compilation events (10 events):
Event: 9.145 Thread 0x00000220f7d78800 3903       3       com.google.inject.internal.util.Classes::isConcrete (25 bytes)
Event: 9.146 Thread 0x00000220f7d78800 nmethod 3903 0x000002208018c150 code [0x000002208018c2e0, 0x000002208018c6e0]
Event: 9.146 Thread 0x00000220f7d78800 3911       1       org.eclipse.sisu.inject.DefaultRankingFunction::maxRank (3 bytes)
Event: 9.146 Thread 0x00000220f7d78800 nmethod 3911 0x000002208049fb10 code [0x000002208049fc60, 0x000002208049fd78]
Event: 9.148 Thread 0x00000220f7d78800 3912       3       java.lang.Class::privateGetPublicMethods (267 bytes)
Event: 9.151 Thread 0x00000220f7d78800 nmethod 3912 0x00000220802c0a90 code [0x00000220802c0e60, 0x00000220802c2af0]
Event: 9.151 Thread 0x00000220f7d78800 3913       3       org.eclipse.sisu.inject.MildKeys::get (14 bytes)
Event: 9.152 Thread 0x00000220f7d78800 nmethod 3913 0x0000022080396850 code [0x0000022080396a00, 0x0000022080396ed0]
Event: 9.152 Thread 0x00000220f7d78800 3914       3       org.eclipse.sisu.inject.MildKeys::tempKey (10 bytes)
Event: 9.153 Thread 0x00000220f7d78800 nmethod 3914 0x0000022080654fd0 code [0x0000022080655160, 0x00000220806555b0]

GC Heap History (10 events):
Event: 4.725 GC heap before
{Heap before GC invocations=4 (full 0):
 PSYoungGen      total 33280K, used 33276K [0x00000000db300000, 0x00000000dd800000, 0x0000000100000000)
  eden space 28672K, 100% used [0x00000000db300000,0x00000000dcf00000,0x00000000dcf00000)
  from space 4608K, 99% used [0x00000000dcf00000,0x00000000dd37f108,0x00000000dd380000)
  to   space 4608K, 0% used [0x00000000dd380000,0x00000000dd380000,0x00000000dd800000)
 ParOldGen       total 76800K, used 4340K [0x0000000091800000, 0x0000000096300000, 0x00000000db300000)
  object space 76800K, 5% used [0x0000000091800000,0x0000000091c3d318,0x0000000096300000)
 Metaspace       used 15834K, capacity 16098K, committed 16384K, reserved 1062912K
  class space    used 1885K, capacity 1978K, committed 2048K, reserved 1048576K
Event: 4.734 GC heap after
Heap after GC invocations=4 (full 0):
 PSYoungGen      total 33280K, used 4600K [0x00000000db300000, 0x00000000dd800000, 0x0000000100000000)
  eden space 28672K, 0% used [0x00000000db300000,0x00000000db300000,0x00000000dcf00000)
  from space 4608K, 99% used [0x00000000dd380000,0x00000000dd7fe030,0x00000000dd800000)
  to   space 4608K, 0% used [0x00000000dcf00000,0x00000000dcf00000,0x00000000dd380000)
 ParOldGen       total 76800K, used 7895K [0x0000000091800000, 0x0000000096300000, 0x00000000db300000)
  object space 76800K, 10% used [0x0000000091800000,0x0000000091fb5c00,0x0000000096300000)
 Metaspace       used 15834K, capacity 16098K, committed 16384K, reserved 1062912K
  class space    used 1885K, capacity 1978K, committed 2048K, reserved 1048576K
}
Event: 5.233 GC heap before
{Heap before GC invocations=5 (full 0):
 PSYoungGen      total 33280K, used 33272K [0x00000000db300000, 0x00000000dd800000, 0x0000000100000000)
  eden space 28672K, 100% used [0x00000000db300000,0x00000000dcf00000,0x00000000dcf00000)
  from space 4608K, 99% used [0x00000000dd380000,0x00000000dd7fe030,0x00000000dd800000)
  to   space 4608K, 0% used [0x00000000dcf00000,0x00000000dcf00000,0x00000000dd380000)
 ParOldGen       total 76800K, used 7895K [0x0000000091800000, 0x0000000096300000, 0x00000000db300000)
  object space 76800K, 10% used [0x0000000091800000,0x0000000091fb5c00,0x0000000096300000)
 Metaspace       used 16112K, capacity 16454K, committed 16640K, reserved 1064960K
  class space    used 1897K, capacity 2010K, committed 2048K, reserved 1048576K
Event: 5.243 GC heap after
Heap after GC invocations=5 (full 0):
 PSYoungGen      total 33280K, used 4600K [0x00000000db300000, 0x00000000dff00000, 0x0000000100000000)
  eden space 28672K, 0% used [0x00000000db300000,0x00000000db300000,0x00000000dcf00000)
  from space 4608K, 99% used [0x00000000dcf00000,0x00000000dd37e050,0x00000000dd380000)
  to   space 10240K, 0% used [0x00000000df500000,0x00000000df500000,0x00000000dff00000)
 ParOldGen       total 76800K, used 12364K [0x0000000091800000, 0x0000000096300000, 0x00000000db300000)
  object space 76800K, 16% used [0x0000000091800000,0x00000000924132d0,0x0000000096300000)
 Metaspace       used 16112K, capacity 16454K, committed 16640K, reserved 1064960K
  class space    used 1897K, capacity 2010K, committed 2048K, reserved 1048576K
}
Event: 5.723 GC heap before
{Heap before GC invocations=6 (full 0):
 PSYoungGen      total 33280K, used 33272K [0x00000000db300000, 0x00000000dff00000, 0x0000000100000000)
  eden space 28672K, 100% used [0x00000000db300000,0x00000000dcf00000,0x00000000dcf00000)
  from space 4608K, 99% used [0x00000000dcf00000,0x00000000dd37e050,0x00000000dd380000)
  to   space 10240K, 0% used [0x00000000df500000,0x00000000df500000,0x00000000dff00000)
 ParOldGen       total 76800K, used 12364K [0x0000000091800000, 0x0000000096300000, 0x00000000db300000)
  object space 76800K, 16% used [0x0000000091800000,0x00000000924132d0,0x0000000096300000)
 Metaspace       used 16317K, capacity 16664K, committed 16896K, reserved 1064960K
  class space    used 1899K, capacity 2013K, committed 2048K, reserved 1048576K
Event: 5.733 GC heap after
Heap after GC invocations=6 (full 0):
 PSYoungGen      total 67072K, used 8456K [0x00000000db300000, 0x00000000e0000000, 0x0000000100000000)
  eden space 56832K, 0% used [0x00000000db300000,0x00000000db300000,0x00000000dea80000)
  from space 10240K, 82% used [0x00000000df500000,0x00000000dfd42060,0x00000000dff00000)
  to   space 10752K, 0% used [0x00000000dea80000,0x00000000dea80000,0x00000000df500000)
 ParOldGen       total 76800K, used 12372K [0x0000000091800000, 0x0000000096300000, 0x00000000db300000)
  object space 76800K, 16% used [0x0000000091800000,0x00000000924152d0,0x0000000096300000)
 Metaspace       used 16317K, capacity 16664K, committed 16896K, reserved 1064960K
  class space    used 1899K, capacity 2013K, committed 2048K, reserved 1048576K
}
Event: 7.112 GC heap before
{Heap before GC invocations=7 (full 0):
 PSYoungGen      total 67072K, used 65288K [0x00000000db300000, 0x00000000e0000000, 0x0000000100000000)
  eden space 56832K, 100% used [0x00000000db300000,0x00000000dea80000,0x00000000dea80000)
  from space 10240K, 82% used [0x00000000df500000,0x00000000dfd42060,0x00000000dff00000)
  to   space 10752K, 0% used [0x00000000dea80000,0x00000000dea80000,0x00000000df500000)
 ParOldGen       total 76800K, used 12372K [0x0000000091800000, 0x0000000096300000, 0x00000000db300000)
  object space 76800K, 16% used [0x0000000091800000,0x00000000924152d0,0x0000000096300000)
 Metaspace       used 16802K, capacity 17148K, committed 17408K, reserved 1064960K
  class space    used 1921K, capacity 2019K, committed 2048K, reserved 1048576K
Event: 7.126 GC heap after
Heap after GC invocations=7 (full 0):
 PSYoungGen      total 67584K, used 10720K [0x00000000db300000, 0x00000000e0000000, 0x0000000100000000)
  eden space 56832K, 0% used [0x00000000db300000,0x00000000db300000,0x00000000dea80000)
  from space 10752K, 99% used [0x00000000dea80000,0x00000000df4f8020,0x00000000df500000)
  to   space 10240K, 0% used [0x00000000df500000,0x00000000df500000,0x00000000dff00000)
 ParOldGen       total 76800K, used 15411K [0x0000000091800000, 0x0000000096300000, 0x00000000db300000)
  object space 76800K, 20% used [0x0000000091800000,0x000000009270cc68,0x0000000096300000)
 Metaspace       used 16802K, capacity 17148K, committed 17408K, reserved 1064960K
  class space    used 1921K, capacity 2019K, committed 2048K, reserved 1048576K
}
Event: 8.744 GC heap before
{Heap before GC invocations=8 (full 0):
 PSYoungGen      total 67584K, used 67552K [0x00000000db300000, 0x00000000e0000000, 0x0000000100000000)
  eden space 56832K, 100% used [0x00000000db300000,0x00000000dea80000,0x00000000dea80000)
  from space 10752K, 99% used [0x00000000dea80000,0x00000000df4f8020,0x00000000df500000)
  to   space 10240K, 0% used [0x00000000df500000,0x00000000df500000,0x00000000dff00000)
 ParOldGen       total 76800K, used 15411K [0x0000000091800000, 0x0000000096300000, 0x00000000db300000)
  object space 76800K, 20% used [0x0000000091800000,0x000000009270cc68,0x0000000096300000)
 Metaspace       used 17973K, capacity 18500K, committed 18816K, reserved 1067008K
  class space    used 2027K, capacity 2131K, committed 2176K, reserved 1048576K
Event: 8.758 GC heap after
Heap after GC invocations=8 (full 0):
 PSYoungGen      total 67072K, used 10240K [0x00000000db300000, 0x00000000e0000000, 0x0000000100000000)
  eden space 56832K, 0% used [0x00000000db300000,0x00000000db300000,0x00000000dea80000)
  from space 10240K, 100% used [0x00000000df500000,0x00000000dff00000,0x00000000dff00000)
  to   space 10752K, 0% used [0x00000000dea80000,0x00000000dea80000,0x00000000df500000)
 ParOldGen       total 76800K, used 19086K [0x0000000091800000, 0x0000000096300000, 0x00000000db300000)
  object space 76800K, 24% used [0x0000000091800000,0x0000000092aa3b30,0x0000000096300000)
 Metaspace       used 17973K, capacity 18500K, committed 18816K, reserved 1067008K
  class space    used 2027K, capacity 2131K, committed 2176K, reserved 1048576K
}

Deoptimization events (10 events):
Event: 8.376 Thread 0x00000220ef52a800 Uncommon trap: reason=array_check action=maybe_recompile pc=0x000002208013762c method=java.util.TimSort.binarySort([Ljava/lang/Object;IIILjava/util/Comparator;)V @ 183
Event: 8.376 Thread 0x00000220ef52a800 Uncommon trap: reason=array_check action=maybe_recompile pc=0x0000022080137564 method=java.util.TimSort.binarySort([Ljava/lang/Object;IIILjava/util/Comparator;)V @ 193
Event: 8.376 Thread 0x00000220ef52a800 Uncommon trap: reason=array_check action=maybe_recompile pc=0x000002208013762c method=java.util.TimSort.binarySort([Ljava/lang/Object;IIILjava/util/Comparator;)V @ 183
Event: 8.389 Thread 0x00000220ef52a800 Uncommon trap: reason=array_check action=maybe_recompile pc=0x0000022080d8d974 method=java.util.TimSort.binarySort([Ljava/lang/Object;IIILjava/util/Comparator;)V @ 215
Event: 8.389 Thread 0x00000220ef52a800 Uncommon trap: reason=array_check action=maybe_recompile pc=0x0000022080d8d974 method=java.util.TimSort.binarySort([Ljava/lang/Object;IIILjava/util/Comparator;)V @ 215
Event: 8.404 Thread 0x00000220ef52a800 Uncommon trap: reason=class_check action=maybe_recompile pc=0x0000022080a8f094 method=org.eclipse.sisu.wire.EntryListAdapter$ValueIterator.next()Ljava/lang/Object; @ 4
Event: 8.464 Thread 0x00000220ef52a800 Uncommon trap: reason=unstable_if action=reinterpret pc=0x00000220806b1b84 method=java.nio.charset.CharsetEncoder.encode(Ljava/nio/CharBuffer;Ljava/nio/ByteBuffer;Z)Ljava/nio/charset/CoderResult; @ 1
Event: 8.466 Thread 0x00000220ef52a800 Uncommon trap: reason=class_check action=maybe_recompile pc=0x0000022080a8f094 method=org.eclipse.sisu.wire.EntryListAdapter$ValueIterator.next()Ljava/lang/Object; @ 4
Event: 8.470 Thread 0x00000220ef52a800 Uncommon trap: reason=unstable_if action=reinterpret pc=0x00000220803d75b0 method=java.util.concurrent.ConcurrentHashMap.putVal(Ljava/lang/Object;Ljava/lang/Object;Z)Ljava/lang/Object; @ 206
Event: 8.681 Thread 0x00000220ef52a800 Uncommon trap: reason=unstable_if action=reinterpret pc=0x0000022080bc87d0 method=org.eclipse.aether.util.graph.transformer.ConflictResolver$State.deriveScope(Lorg/eclipse/aether/graph/DependencyNode;Ljava/lang/Object;)Ljava/lang/String; @ 8

Classes redefined (0 events):
No events

Internal exceptions (10 events):
Event: 3.807 Thread 0x00000220ef52a800 Exception <a 'java/lang/NullPointerException'> (0x00000000db363508) thrown at [C:\wsjdk\Corretto8Src\installers\windows\zip\corretto-build\buildRoot\src\hotspot\src\share\vm\interpreter\linkResolver.cpp, line 1185]
Event: 3.807 Thread 0x00000220ef52a800 Exception <a 'java/lang/NullPointerException'> (0x00000000db363720) thrown at [C:\wsjdk\Corretto8Src\installers\windows\zip\corretto-build\buildRoot\src\hotspot\src\share\vm\interpreter\linkResolver.cpp, line 1185]
Event: 3.872 Thread 0x00000220ef52a800 Implicit null exception at 0x00000220802771d6 to 0x0000022080277565
Event: 3.872 Thread 0x00000220ef52a800 Implicit null exception at 0x00000220802081d4 to 0x0000022080208575
Event: 4.273 Thread 0x00000220ef52a800 Implicit null exception at 0x00000220806bad79 to 0x00000220806bc071
Event: 4.721 Thread 0x00000220ef52a800 Implicit null exception at 0x00000220807b4277 to 0x00000220807b44bd
Event: 4.969 Thread 0x00000220ef52a800 Implicit null exception at 0x0000022080857960 to 0x0000022080858bc9
Event: 6.753 Thread 0x00000220ef52a800 Implicit null exception at 0x00000220802c92d5 to 0x00000220802c94b1
Event: 6.756 Thread 0x00000220ef52a800 Implicit null exception at 0x00000220804510ef to 0x0000022080451159
Event: 7.609 Thread 0x00000220ef52a800 Implicit null exception at 0x0000022080a6cdc1 to 0x0000022080a6d1c9

Events (10 events):
Event: 9.179 loading class org/codehaus/plexus/util/StringUtils
Event: 9.179 loading class org/codehaus/plexus/util/StringUtils done
Event: 9.179 loading class org/codehaus/plexus/util/StringUtils
Event: 9.179 loading class org/codehaus/plexus/util/StringUtils done
Event: 9.184 loading class java/util/Vector$Itr
Event: 9.184 loading class java/util/Vector$Itr done
Event: 9.185 loading class org/codehaus/plexus/util/DirectoryScanner
Event: 9.185 loading class org/codehaus/plexus/util/DirectoryScanner done
Event: 9.185 loading class org/codehaus/plexus/util/DirectoryScanner
Event: 9.185 loading class org/codehaus/plexus/util/DirectoryScanner done


Dynamic libraries:
0x00007ff61d970000 - 0x00007ff61d9aa000 	C:\Users\yangz\.jdks\corretto-1.8.0_292\bin\java.exe
0x00007fff6c580000 - 0x00007fff6c770000 	C:\Windows\SYSTEM32\ntdll.dll
0x00007fff6aaa0000 - 0x00007fff6ab53000 	C:\Windows\System32\KERNEL32.DLL
0x00007fff69840000 - 0x00007fff69ae6000 	C:\Windows\System32\KERNELBASE.dll
0x00007fff6aed0000 - 0x00007fff6af73000 	C:\Windows\System32\ADVAPI32.dll
0x00007fff6ae30000 - 0x00007fff6aece000 	C:\Windows\System32\msvcrt.dll
0x00007fff6a700000 - 0x00007fff6a797000 	C:\Windows\System32\sechost.dll
0x00007fff6aff0000 - 0x00007fff6b10f000 	C:\Windows\System32\RPCRT4.dll
0x00007fff6a7b0000 - 0x00007fff6a944000 	C:\Windows\System32\USER32.dll
0x00007fff6a3c0000 - 0x00007fff6a3e1000 	C:\Windows\System32\win32u.dll
0x00007fff6a6d0000 - 0x00007fff6a6f6000 	C:\Windows\System32\GDI32.dll
0x00007fff6a480000 - 0x00007fff6a618000 	C:\Windows\System32\gdi32full.dll
0x00007fff69b40000 - 0x00007fff69bde000 	C:\Windows\System32\msvcp_win.dll
0x00007fff695f0000 - 0x00007fff696ea000 	C:\Windows\System32\ucrtbase.dll
0x00007fff4c7a0000 - 0x00007fff4ca24000 	C:\Windows\WinSxS\amd64_microsoft.windows.common-controls_6595b64144ccf1df_6.0.18362.1801_none_9e79a739e46243f0\COMCTL32.dll
0x00007fff6b110000 - 0x00007fff6b446000 	C:\Windows\System32\combase.dll
0x00007fff6a3f0000 - 0x00007fff6a474000 	C:\Windows\System32\bcryptPrimitives.dll
0x00007fff6ab60000 - 0x00007fff6ab8e000 	C:\Windows\System32\IMM32.DLL
0x00007fff3e900000 - 0x00007fff3e9ef000 	C:\Users\yangz\.jdks\corretto-1.8.0_292\jre\bin\msvcr120.dll
0x00007fff3e850000 - 0x00007fff3e8f6000 	C:\Users\yangz\.jdks\corretto-1.8.0_292\jre\bin\msvcp120.dll
0x000000005f510000 - 0x000000005fd7e000 	C:\Users\yangz\.jdks\corretto-1.8.0_292\jre\bin\server\jvm.dll
0x00007fff6ac10000 - 0x00007fff6ac18000 	C:\Windows\System32\PSAPI.DLL
0x00007fff62230000 - 0x00007fff6223a000 	C:\Windows\SYSTEM32\VERSION.dll
0x00007fff52010000 - 0x00007fff52019000 	C:\Windows\SYSTEM32\WSOCK32.dll
0x00007fff66f60000 - 0x00007fff66f84000 	C:\Windows\SYSTEM32\WINMM.dll
0x00007fff6c4d0000 - 0x00007fff6c53f000 	C:\Windows\System32\WS2_32.dll
0x00007fff66f10000 - 0x00007fff66f3d000 	C:\Windows\SYSTEM32\winmmbase.dll
0x00007fff695a0000 - 0x00007fff695ea000 	C:\Windows\System32\cfgmgr32.dll
0x00007fff64b60000 - 0x00007fff64b6f000 	C:\Users\yangz\.jdks\corretto-1.8.0_292\jre\bin\verify.dll
0x00007fff47c90000 - 0x00007fff47cb9000 	C:\Users\yangz\.jdks\corretto-1.8.0_292\jre\bin\java.dll
0x00007fff502e0000 - 0x00007fff502f6000 	C:\Users\yangz\.jdks\corretto-1.8.0_292\jre\bin\zip.dll
0x00007fff6b450000 - 0x00007fff6bb37000 	C:\Windows\System32\SHELL32.dll
0x00007fff6a620000 - 0x00007fff6a6c9000 	C:\Windows\System32\shcore.dll
0x00007fff69be0000 - 0x00007fff6a35b000 	C:\Windows\System32\windows.storage.dll
0x00007fff69460000 - 0x00007fff6947e000 	C:\Windows\System32\profapi.dll
0x00007fff694a0000 - 0x00007fff694ea000 	C:\Windows\System32\powrprof.dll
0x00007fff69430000 - 0x00007fff69440000 	C:\Windows\System32\UMPDC.dll
0x00007fff6ac20000 - 0x00007fff6ac72000 	C:\Windows\System32\shlwapi.dll
0x00007fff69440000 - 0x00007fff69451000 	C:\Windows\System32\kernel.appcore.dll
0x00007fff69af0000 - 0x00007fff69b07000 	C:\Windows\System32\cryptsp.dll
0x00007fff68790000 - 0x00007fff687c3000 	C:\Windows\system32\rsaenh.dll
0x00007fff69b10000 - 0x00007fff69b36000 	C:\Windows\System32\bcrypt.dll
0x00007fff69350000 - 0x00007fff69375000 	C:\Windows\SYSTEM32\USERENV.dll
0x00007fff68de0000 - 0x00007fff68dec000 	C:\Windows\SYSTEM32\CRYPTBASE.dll
0x00007fff50250000 - 0x00007fff5026a000 	C:\Users\yangz\.jdks\corretto-1.8.0_292\jre\bin\net.dll
0x00007fff68c10000 - 0x00007fff68c77000 	C:\Windows\system32\mswsock.dll
0x00007fff68920000 - 0x00007fff6895a000 	C:\Windows\SYSTEM32\IPHLPAPI.DLL
0x00007fff6a950000 - 0x00007fff6a958000 	C:\Windows\System32\NSI.dll
0x00007fff624d0000 - 0x00007fff624e6000 	C:\Windows\SYSTEM32\dhcpcsvc6.DLL
0x00007fff624b0000 - 0x00007fff624cc000 	C:\Windows\SYSTEM32\dhcpcsvc.DLL
0x00007fff68960000 - 0x00007fff68a2a000 	C:\Windows\SYSTEM32\DNSAPI.dll
0x00007fff49260000 - 0x00007fff49272000 	C:\Users\yangz\.jdks\corretto-1.8.0_292\jre\bin\nio.dll
0x00007fff632b0000 - 0x00007fff632ba000 	C:\Users\yangz\AppData\Local\Temp\jansi-1.17.1-5561929401091274359.dll
0x00007fff632a0000 - 0x00007fff632aa000 	C:\Users\yangz\AppData\Local\Temp\jansi-1.17.1-3300821567593203220.dll

VM Arguments:
jvm_args: -Dmaven.multiModuleProjectDirectory=C:\Users\yangz\IdeaProjects\COVID-19\platform\Eureka_server -Dmaven.home=C:\Program Files\JetBrains\IntelliJ IDEA 2021.1.1\plugins\maven\lib\maven3 -Dclassworlds.conf=C:\Program Files\JetBrains\IntelliJ IDEA 2021.1.1\plugins\maven\lib\maven3\bin\m2.conf -Dmaven.ext.class.path=C:\Program Files\JetBrains\IntelliJ IDEA 2021.1.1\plugins\maven\lib\maven-event-listener.jar -Dfile.encoding=UTF-8 
java_command: org.codehaus.classworlds.Launcher -Didea.version=2021.1.1 -DskipTests=true install
java_class_path (initial): C:\Program Files\JetBrains\IntelliJ IDEA 2021.1.1\plugins\maven\lib\maven3\boot\plexus-classworlds-2.6.0.jar;C:\Program Files\JetBrains\IntelliJ IDEA 2021.1.1\plugins\maven\lib\maven3\boot\plexus-classworlds.license
Launcher Type: SUN_STANDARD

Environment Variables:
JAVA_HOME=D:\Java\jdk1.8.0_301
CLASSPATH=.;D:\Java\jdk1.8.0_301\lib\dt.jar;D:\Java\jdk1.8.0_301\lib\tools.jar
PATH=C:\Program Files (x86)\Common Files\Intel\Shared Libraries\redist\intel64\compiler;D:\Java\jdk1.8.0_301\jre\bin;D:\Java\jdk1.8.0_301bin;D:\Vmware\bin\;C:\Program Files\Common Files\Oracle\Java\javapath;C:\Program Files (x86)\Common Files\Oracle\Java\javapath;D:\apache-tomcat-9.0.44\bin;C:\Windows\system32;C:\Windows;C:\Windows\System32\Wbem;C:\Windows\System32\WindowsPowerShell\v1.0\;C:\Windows\System32\OpenSSH\;C:\Program Files (x86)\Microsoft SQL Server\150\DTS\Binn\;C:\Program Files\Azure Data Studio\bin;C:\Program Files\Microsoft SQL Server\Client SDK\ODBC\170\Tools\Binn\;C:\Program Files (x86)\Microsoft SQL Server\150\Tools\Binn\;C:\Program Files\Microsoft SQL Server\150\Tools\Binn\;C:\Program Files\Microsoft SQL Server\150\DTS\Binn\;C:\Program Files\Intel\WiFi\bin\;C:\Program Files\Common Files\Intel\WirelessCommon\;C:\sdk;C:\sdk\platform-tools;;D:\mysql-8.0.24-winx64bin;D:\apache-maven-3.8.1\bin;C:\Program Files\Common Files\Autodesk Shared\;C:\Program Files\Microsoft SQL Server\120\Tools\Binn\;C:\Program Files\Microsoft SQL Server\130\Tools\Binn\;D:\opencv3.4.1\opencv\build\x64\vc15\bin;"D:\apache-tomcat-7.0.109\bin;";"D:\apache-tomcat-7.0.109\lib;";D:\apache-jmeter-5.4.1\bin;D:\erl-23.0\bin;D:\nodejs\;D:\XShell7\;D:\Xftp7\;D:\Git\cmd;C:\Users\yangz\AppData\Local\Microsoft\WindowsApps;C:\Program Files\Azure Data Studio\bin;D:\idea\IntelliJ IDEA 2021.1.1\bin;;D:\Microsoft VS Code\bin;C:\Users\yangz\AppData\Roaming\npm;C:\Program Files\Bandizip\
USERNAME=yangz
OS=Windows_NT
PROCESSOR_IDENTIFIER=AMD64 Family 23 Model 17 Stepping 0, AuthenticAMD



---------------  S Y S T E M  ---------------

OS: Windows 10.0 , 64 bit Build 18362 (10.0.18362.1766)

CPU:total 8 (initial active 8) (8 cores per cpu, 1 threads per core) family 23 model 17 stepping 0, cmov, cx8, fxsr, mmx, sse, sse2, sse3, ssse3, sse4.1, sse4.2, popcnt, avx, avx2, aes, clmul, mmxext, 3dnowpref, lzcnt, sse4a, tsc, tscinvbit, tscinv, bmi1

Memory: 4k page, physical 7239248k(451720k free), swap 10371736k(5908k free)

vm_info: OpenJDK 64-Bit Server VM (25.292-b10) for windows-amd64 JRE (1.8.0_292-b10), built on Apr 14 2021 23:06:53 by "Administrator" with MS VC++ 12.0 (VS2013)

time: Thu Jan 13 08:29:55 2022
timezone: ?D1¨²¡À¨º¡Á?¨º¡À??
elapsed time: 9.201077 seconds (0d 0h 0m 9s)

