#
# There is insufficient memory for the Java Runtime Environment to continue.
# Native memory allocation (malloc) failed to allocate 489456 bytes for Chunk::new
# Possible reasons:
#   The system is out of physical RAM or swap space
#   The process is running with CompressedOops enabled, and the Java Heap may be blocking the growth of the native heap
# Possible solutions:
#   Reduce memory load on the system
#   Increase physical memory or swap space
#   Check if swap backing store is full
#   Decrease Java heap size (-Xmx/-Xms)
#   Decrease number of Java threads
#   Decrease Java thread stack sizes (-Xss)
#   Set larger code cache with -XX:ReservedCodeCacheSize=
#   JVM is running with Unscaled Compressed Oops mode in which the Java heap is
#     placed in the first 4GB address space. The Java Heap base address is the
#     maximum limit for the native heap growth. Please use -XX:HeapBaseMinAddress
#     to set the Java Heap base and to place the Java Heap above 4GB virtual address.
# This output file may be truncated or incomplete.
#
#  Out of Memory Error (allocation.cpp:389), pid=9568, tid=0x0000000000002138
#
# JRE version: OpenJDK Runtime Environment (8.0_292-b10) (build 1.8.0_292-b10)
# Java VM: OpenJDK 64-Bit Server VM (25.292-b10 mixed mode windows-amd64 compressed oops)
# Failed to write core dump. Minidumps are not enabled by default on client versions of Windows
#

---------------  T H R E A D  ---------------

Current thread (0x000002a3d9b86000):  JavaThread "C2 CompilerThread1" daemon [_thread_in_native, id=8504, stack(0x000000fa43400000,0x000000fa43500000)]

Stack: [0x000000fa43400000,0x000000fa43500000]
[error occurred during error reporting (printing stack bounds), id 0xc0000005]

Native frames: (J=compiled Java code, j=interpreted, Vv=VM code, C=native code)


Current CompileTask:
C2:   6966 3502       4       org.codehaus.plexus.util.xml.XmlReader::read (11 bytes)


---------------  P R O C E S S  ---------------

Java Threads: ( => current thread )
  0x000002a3d9b9d800 JavaThread "Service Thread" daemon [_thread_blocked, id=6812, stack(0x000000fa43700000,0x000000fa43800000)]
  0x000002a3dade9000 JavaThread "C1 CompilerThread3" daemon [_thread_in_native, id=9788, stack(0x000000fa43600000,0x000000fa43700000)]
  0x000002a3d9b8d000 JavaThread "C2 CompilerThread2" daemon [_thread_in_native, id=12608, stack(0x000000fa43500000,0x000000fa43600000)]
=>0x000002a3d9b86000 JavaThread "C2 CompilerThread1" daemon [_thread_in_native, id=8504, stack(0x000000fa43400000,0x000000fa43500000)]
  0x000002a3d9b80800 JavaThread "C2 CompilerThread0" daemon [_thread_blocked, id=10064, stack(0x000000fa43300000,0x000000fa43400000)]
  0x000002a3d9b23000 JavaThread "Attach Listener" daemon [_thread_blocked, id=17120, stack(0x000000fa43200000,0x000000fa43300000)]
  0x000002a3d9b22000 JavaThread "Signal Dispatcher" daemon [_thread_blocked, id=17116, stack(0x000000fa43100000,0x000000fa43200000)]
  0x000002a3d9af6800 JavaThread "Finalizer" daemon [_thread_blocked, id=16788, stack(0x000000fa43000000,0x000000fa43100000)]
  0x000002a3d9aee000 JavaThread "Reference Handler" daemon [_thread_blocked, id=15736, stack(0x000000fa42f00000,0x000000fa43000000)]
  0x000002a3c34eb000 JavaThread "main" [_thread_in_native, id=16820, stack(0x000000fa42500000,0x000000fa42600000)]

Other Threads:
  0x000002a3d9ac2800 VMThread [stack: 0x000000fa42e00000,0x000000fa42f00000] [id=16140]
  0x000002a3d9b9e800 WatcherThread [stack: 0x000000fa43800000,0x000000fa43900000] [id=15936]

VM state:not at safepoint (normal execution)

VM Mutex/Monitor currently owned by a thread: None

heap address: 0x0000000091800000, size: 1768 MB, Compressed Oops mode: 32-bit
Narrow klass base: 0x0000000000000000, Narrow klass shift: 3
Compressed class space size: 1073741824 Address: 0x0000000100000000

Heap:
 PSYoungGen      total 38400K, used 32007K [0x00000000db300000, 0x00000000de280000, 0x0000000100000000)
  eden space 28160K, 95% used [0x00000000db300000,0x00000000dcd41ee8,0x00000000dce80000)
  from space 10240K, 50% used [0x00000000dd880000,0x00000000ddd80000,0x00000000de280000)
  to   space 4608K, 0% used [0x00000000dcf00000,0x00000000dcf00000,0x00000000dd380000)
 ParOldGen       total 76800K, used 21281K [0x0000000091800000, 0x0000000096300000, 0x00000000db300000)
  object space 76800K, 27% used [0x0000000091800000,0x0000000092cc8718,0x0000000096300000)
 Metaspace       used 17515K, capacity 17940K, committed 18304K, reserved 1064960K
  class space    used 1998K, capacity 2091K, committed 2176K, reserved 1048576K

Card table byte_map: [0x000002a3d4540000,0x000002a3d48c0000] byte_map_base: 0x000002a3d40b4000

Marking Bits: (ParMarkBitMap*) 0x0000000058bbf7f0
 Begin Bits: [0x000002a3d4b10000, 0x000002a3d66b0000)
 End Bits:   [0x000002a3d66b0000, 0x000002a3d8250000)

Polling page: 0x000002a3c3490000

CodeCache: size=245760Kb used=13011Kb max_used=13011Kb free=232748Kb
 bounds [0x000002a3c5180000, 0x000002a3c5e50000, 0x000002a3d4180000]
 total_blobs=3913 nmethods=3533 adapters=293
 compilation: enabled

Compilation events (10 events):
Event: 6.923 Thread 0x000002a3dade9000 3556   !   3       org.codehaus.plexus.classworlds.realm.ClassRealm::loadClassFromImport (21 bytes)
Event: 6.923 Thread 0x000002a3dade9000 nmethod 3556 0x000002a3c5e3e050 code [0x000002a3c5e3e1e0, 0x000002a3c5e3e540]
Event: 6.923 Thread 0x000002a3dade9000 3558   !   3       org.codehaus.plexus.classworlds.realm.ClassRealm::loadClassFromParent (28 bytes)
Event: 6.923 Thread 0x000002a3dade9000 nmethod 3558 0x000002a3c5e3d950 code [0x000002a3c5e3dae0, 0x000002a3c5e3df20]
Event: 6.936 Thread 0x000002a3dade9000 3559       3       java.util.StringTokenizer::setMaxDelimCodePoint (156 bytes)
Event: 6.937 Thread 0x000002a3dade9000 nmethod 3559 0x000002a3c5e3c710 code [0x000002a3c5e3c900, 0x000002a3c5e3d430]
Event: 6.937 Thread 0x000002a3dade9000 3561       3       java.util.StringTokenizer::<init> (52 bytes)
Event: 6.938 Thread 0x000002a3dade9000 nmethod 3561 0x000002a3c5e3f590 code [0x000002a3c5e3f700, 0x000002a3c5e3fa30]
Event: 6.938 Thread 0x000002a3dade9000 3560       3       java.util.StringTokenizer::<init> (8 bytes)
Event: 6.938 Thread 0x000002a3dade9000 nmethod 3560 0x000002a3c5e3b010 code [0x000002a3c5e3b180, 0x000002a3c5e3b310]

GC Heap History (10 events):
Event: 4.052 GC heap before
{Heap before GC invocations=4 (full 0):
 PSYoungGen      total 33280K, used 33273K [0x00000000db300000, 0x00000000dd800000, 0x0000000100000000)
  eden space 28672K, 100% used [0x00000000db300000,0x00000000dcf00000,0x00000000dcf00000)
  from space 4608K, 99% used [0x00000000dcf00000,0x00000000dd37e4f0,0x00000000dd380000)
  to   space 4608K, 0% used [0x00000000dd380000,0x00000000dd380000,0x00000000dd800000)
 ParOldGen       total 76800K, used 4159K [0x0000000091800000, 0x0000000096300000, 0x00000000db300000)
  object space 76800K, 5% used [0x0000000091800000,0x0000000091c0fd30,0x0000000096300000)
 Metaspace       used 15845K, capacity 16098K, committed 16384K, reserved 1062912K
  class space    used 1885K, capacity 1978K, committed 2048K, reserved 1048576K
Event: 4.058 GC heap after
Heap after GC invocations=4 (full 0):
 PSYoungGen      total 33280K, used 4600K [0x00000000db300000, 0x00000000dd800000, 0x0000000100000000)
  eden space 28672K, 0% used [0x00000000db300000,0x00000000db300000,0x00000000dcf00000)
  from space 4608K, 99% used [0x00000000dd380000,0x00000000dd7fe030,0x00000000dd800000)
  to   space 4608K, 0% used [0x00000000dcf00000,0x00000000dcf00000,0x00000000dd380000)
 ParOldGen       total 76800K, used 7640K [0x0000000091800000, 0x0000000096300000, 0x00000000db300000)
  object space 76800K, 9% used [0x0000000091800000,0x0000000091f762f0,0x0000000096300000)
 Metaspace       used 15845K, capacity 16098K, committed 16384K, reserved 1062912K
  class space    used 1885K, capacity 1978K, committed 2048K, reserved 1048576K
}
Event: 4.539 GC heap before
{Heap before GC invocations=5 (full 0):
 PSYoungGen      total 33280K, used 33272K [0x00000000db300000, 0x00000000dd800000, 0x0000000100000000)
  eden space 28672K, 100% used [0x00000000db300000,0x00000000dcf00000,0x00000000dcf00000)
  from space 4608K, 99% used [0x00000000dd380000,0x00000000dd7fe030,0x00000000dd800000)
  to   space 4608K, 0% used [0x00000000dcf00000,0x00000000dcf00000,0x00000000dd380000)
 ParOldGen       total 76800K, used 7640K [0x0000000091800000, 0x0000000096300000, 0x00000000db300000)
  object space 76800K, 9% used [0x0000000091800000,0x0000000091f762f0,0x0000000096300000)
 Metaspace       used 16107K, capacity 16386K, committed 16640K, reserved 1064960K
  class space    used 1897K, capacity 2010K, committed 2048K, reserved 1048576K
Event: 4.546 GC heap after
Heap after GC invocations=5 (full 0):
 PSYoungGen      total 32768K, used 4584K [0x00000000db300000, 0x00000000de280000, 0x0000000100000000)
  eden space 28160K, 0% used [0x00000000db300000,0x00000000db300000,0x00000000dce80000)
  from space 4608K, 99% used [0x00000000dcf00000,0x00000000dd37a020,0x00000000dd380000)
  to   space 10240K, 0% used [0x00000000dd880000,0x00000000dd880000,0x00000000de280000)
 ParOldGen       total 76800K, used 12314K [0x0000000091800000, 0x0000000096300000, 0x00000000db300000)
  object space 76800K, 16% used [0x0000000091800000,0x0000000092406a18,0x0000000096300000)
 Metaspace       used 16107K, capacity 16386K, committed 16640K, reserved 1064960K
  class space    used 1897K, capacity 2010K, committed 2048K, reserved 1048576K
}
Event: 4.997 GC heap before
{Heap before GC invocations=6 (full 0):
 PSYoungGen      total 32768K, used 32744K [0x00000000db300000, 0x00000000de280000, 0x0000000100000000)
  eden space 28160K, 100% used [0x00000000db300000,0x00000000dce80000,0x00000000dce80000)
  from space 4608K, 99% used [0x00000000dcf00000,0x00000000dd37a020,0x00000000dd380000)
  to   space 10240K, 0% used [0x00000000dd880000,0x00000000dd880000,0x00000000de280000)
 ParOldGen       total 76800K, used 12314K [0x0000000091800000, 0x0000000096300000, 0x00000000db300000)
  object space 76800K, 16% used [0x0000000091800000,0x0000000092406a18,0x0000000096300000)
 Metaspace       used 16313K, capacity 16596K, committed 16896K, reserved 1064960K
  class space    used 1899K, capacity 2013K, committed 2048K, reserved 1048576K
Event: 5.008 GC heap after
Heap after GC invocations=6 (full 0):
 PSYoungGen      total 38400K, used 8472K [0x00000000db300000, 0x00000000de280000, 0x0000000100000000)
  eden space 28160K, 0% used [0x00000000db300000,0x00000000db300000,0x00000000dce80000)
  from space 10240K, 82% used [0x00000000dd880000,0x00000000de0c6030,0x00000000de280000)
  to   space 4608K, 0% used [0x00000000dcf00000,0x00000000dcf00000,0x00000000dd380000)
 ParOldGen       total 76800K, used 12322K [0x0000000091800000, 0x0000000096300000, 0x00000000db300000)
  object space 76800K, 16% used [0x0000000091800000,0x0000000092408a18,0x0000000096300000)
 Metaspace       used 16313K, capacity 16596K, committed 16896K, reserved 1064960K
  class space    used 1899K, capacity 2013K, committed 2048K, reserved 1048576K
}
Event: 5.626 GC heap before
{Heap before GC invocations=7 (full 0):
 PSYoungGen      total 38400K, used 36632K [0x00000000db300000, 0x00000000de280000, 0x0000000100000000)
  eden space 28160K, 100% used [0x00000000db300000,0x00000000dce80000,0x00000000dce80000)
  from space 10240K, 82% used [0x00000000dd880000,0x00000000de0c6030,0x00000000de280000)
  to   space 4608K, 0% used [0x00000000dcf00000,0x00000000dcf00000,0x00000000dd380000)
 ParOldGen       total 76800K, used 12322K [0x0000000091800000, 0x0000000096300000, 0x00000000db300000)
  object space 76800K, 16% used [0x0000000091800000,0x0000000092408a18,0x0000000096300000)
 Metaspace       used 16469K, capacity 16874K, committed 17152K, reserved 1064960K
  class space    used 1903K, capacity 2016K, committed 2048K, reserved 1048576K
Event: 5.642 GC heap after
Heap after GC invocations=7 (full 0):
 PSYoungGen      total 32768K, used 4592K [0x00000000db300000, 0x00000000de280000, 0x0000000100000000)
  eden space 28160K, 0% used [0x00000000db300000,0x00000000db300000,0x00000000dce80000)
  from space 4608K, 99% used [0x00000000dcf00000,0x00000000dd37c010,0x00000000dd380000)
  to   space 10240K, 0% used [0x00000000dd880000,0x00000000dd880000,0x00000000de280000)
 ParOldGen       total 76800K, used 18810K [0x0000000091800000, 0x0000000096300000, 0x00000000db300000)
  object space 76800K, 24% used [0x0000000091800000,0x0000000092a5e8e0,0x0000000096300000)
 Metaspace       used 16469K, capacity 16874K, committed 17152K, reserved 1064960K
  class space    used 1903K, capacity 2016K, committed 2048K, reserved 1048576K
}
Event: 6.274 GC heap before
{Heap before GC invocations=8 (full 0):
 PSYoungGen      total 32768K, used 32752K [0x00000000db300000, 0x00000000de280000, 0x0000000100000000)
  eden space 28160K, 100% used [0x00000000db300000,0x00000000dce80000,0x00000000dce80000)
  from space 4608K, 99% used [0x00000000dcf00000,0x00000000dd37c010,0x00000000dd380000)
  to   space 10240K, 0% used [0x00000000dd880000,0x00000000dd880000,0x00000000de280000)
 ParOldGen       total 76800K, used 18810K [0x0000000091800000, 0x0000000096300000, 0x00000000db300000)
  object space 76800K, 24% used [0x0000000091800000,0x0000000092a5e8e0,0x0000000096300000)
 Metaspace       used 16783K, capacity 17148K, committed 17408K, reserved 1064960K
  class space    used 1918K, capacity 2019K, committed 2048K, reserved 1048576K
Event: 6.281 GC heap after
Heap after GC invocations=8 (full 0):
 PSYoungGen      total 38400K, used 5120K [0x00000000db300000, 0x00000000de280000, 0x0000000100000000)
  eden space 28160K, 0% used [0x00000000db300000,0x00000000db300000,0x00000000dce80000)
  from space 10240K, 50% used [0x00000000dd880000,0x00000000ddd80000,0x00000000de280000)
  to   space 4608K, 0% used [0x00000000dcf00000,0x00000000dcf00000,0x00000000dd380000)
 ParOldGen       total 76800K, used 21281K [0x0000000091800000, 0x0000000096300000, 0x00000000db300000)
  object space 76800K, 27% used [0x0000000091800000,0x0000000092cc8718,0x0000000096300000)
 Metaspace       used 16783K, capacity 17148K, committed 17408K, reserved 1064960K
  class space    used 1918K, capacity 2019K, committed 2048K, reserved 1048576K
}

Deoptimization events (10 events):
Event: 6.795 Thread 0x000002a3c34eb000 Uncommon trap: reason=unstable_if action=reinterpret pc=0x000002a3c57510f0 method=sun.net.www.protocol.jar.Handler.parseURL(Ljava/net/URL;Ljava/lang/String;II)V @ 116
Event: 6.822 Thread 0x000002a3c34eb000 Uncommon trap: reason=class_check action=maybe_recompile pc=0x000002a3c570e488 method=com.google.inject.internal.LinkedBindingImpl.acceptTargetVisitor(Lcom/google/inject/spi/BindingTargetVisitor;)Ljava/lang/Object; @ 2
Event: 6.822 Thread 0x000002a3c34eb000 Uncommon trap: reason=class_check action=maybe_recompile pc=0x000002a3c570e488 method=com.google.inject.internal.LinkedBindingImpl.acceptTargetVisitor(Lcom/google/inject/spi/BindingTargetVisitor;)Ljava/lang/Object; @ 2
Event: 6.852 Thread 0x000002a3c34eb000 Uncommon trap: reason=class_check action=maybe_recompile pc=0x000002a3c570e488 method=com.google.inject.internal.LinkedBindingImpl.acceptTargetVisitor(Lcom/google/inject/spi/BindingTargetVisitor;)Ljava/lang/Object; @ 2
Event: 6.852 Thread 0x000002a3c34eb000 Uncommon trap: reason=class_check action=maybe_recompile pc=0x000002a3c570e488 method=com.google.inject.internal.LinkedBindingImpl.acceptTargetVisitor(Lcom/google/inject/spi/BindingTargetVisitor;)Ljava/lang/Object; @ 2
Event: 6.857 Thread 0x000002a3c34eb000 Uncommon trap: reason=null_check action=make_not_entrant pc=0x000002a3c5bf1298 method=com.google.inject.internal.InjectorImpl.enterContext()Lcom/google/inject/internal/InternalContext; @ 7
Event: 6.868 Thread 0x000002a3c34eb000 Uncommon trap: reason=unstable_if action=reinterpret pc=0x000002a3c5c84bc8 method=java.util.Hashtable.entrySet()Ljava/util/Set; @ 4
Event: 6.869 Thread 0x000002a3c34eb000 Uncommon trap: reason=predicate action=maybe_recompile pc=0x000002a3c5e3aad0 method=java.util.TimSort.binarySort([Ljava/lang/Object;IIILjava/util/Comparator;)V @ 37
Event: 6.915 Thread 0x000002a3c34eb000 Uncommon trap: reason=class_check action=maybe_recompile pc=0x000002a3c5c0b90c method=org.eclipse.sisu.wire.EntryListAdapter$ValueIterator.next()Ljava/lang/Object; @ 4
Event: 6.944 Thread 0x000002a3c34eb000 Uncommon trap: reason=class_check action=maybe_recompile pc=0x000002a3c5c0b90c method=org.eclipse.sisu.wire.EntryListAdapter$ValueIterator.next()Ljava/lang/Object; @ 4

Classes redefined (0 events):
No events

Internal exceptions (10 events):
Event: 3.266 Thread 0x000002a3c34eb000 Exception <a 'java/lang/NullPointerException'> (0x00000000db38e190) thrown at [C:\wsjdk\Corretto8Src\installers\windows\zip\corretto-build\buildRoot\src\hotspot\src\share\vm\interpreter\linkResolver.cpp, line 1185]
Event: 3.266 Thread 0x000002a3c34eb000 Exception <a 'java/lang/NullPointerException'> (0x00000000db38e3a8) thrown at [C:\wsjdk\Corretto8Src\installers\windows\zip\corretto-build\buildRoot\src\hotspot\src\share\vm\interpreter\linkResolver.cpp, line 1185]
Event: 3.318 Thread 0x000002a3c34eb000 Implicit null exception at 0x000002a3c53ce956 to 0x000002a3c53cece5
Event: 3.318 Thread 0x000002a3c34eb000 Implicit null exception at 0x000002a3c5383b16 to 0x000002a3c5383e95
Event: 3.668 Thread 0x000002a3c34eb000 Implicit null exception at 0x000002a3c583eeb9 to 0x000002a3c58401b1
Event: 4.066 Thread 0x000002a3c34eb000 Implicit null exception at 0x000002a3c5946d37 to 0x000002a3c5946f7d
Event: 4.333 Thread 0x000002a3c34eb000 Implicit null exception at 0x000002a3c59e37a0 to 0x000002a3c59e4a05
Event: 6.101 Thread 0x000002a3c34eb000 Implicit null exception at 0x000002a3c5447a15 to 0x000002a3c5447bf1
Event: 6.103 Thread 0x000002a3c34eb000 Implicit null exception at 0x000002a3c5a13a2f to 0x000002a3c5a13a99
Event: 6.857 Thread 0x000002a3c34eb000 Implicit null exception at 0x000002a3c5bf0e81 to 0x000002a3c5bf1289

Events (10 events):
Event: 6.944 loading class org/apache/maven/plugin/logging/Log done
Event: 6.944 loading class org/apache/maven/plugin/logging/Log
Event: 6.944 loading class org/apache/maven/plugin/logging/Log done
Event: 6.944 Thread 0x000002a3c34eb000 Uncommon trap: trap_request=0xffffffde fr.pc=0x000002a3c5c0b90c
Event: 6.944 Thread 0x000002a3c34eb000 DEOPT PACKING pc=0x000002a3c5c0b90c sp=0x000000fa425fe4f0
Event: 6.944 Thread 0x000002a3c34eb000 DEOPT UNPACKING pc=0x000002a3c51c5583 sp=0x000000fa425fe4c8 mode 2
Event: 6.945 loading class org/apache/maven/artifact/resolver/filter/CumulativeScopeArtifactFilter
Event: 6.945 loading class org/apache/maven/artifact/resolver/filter/CumulativeScopeArtifactFilter done
Event: 6.946 loading class org/apache/maven/artifact/resolver/filter/AbstractScopeArtifactFilter
Event: 6.946 loading class org/apache/maven/artifact/resolver/filter/AbstractScopeArtifactFilter done


Dynamic libraries:
0x00007ff787190000 - 0x00007ff7871ca000 	C:\Users\yangz\.jdks\corretto-1.8.0_292\bin\java.exe
0x00007ff960160000 - 0x00007ff960350000 	C:\Windows\SYSTEM32\ntdll.dll
0x00007ff95fb50000 - 0x00007ff95fc03000 	C:\Windows\System32\KERNEL32.DLL
0x00007ff95def0000 - 0x00007ff95e196000 	C:\Windows\System32\KERNELBASE.dll
0x00007ff95f9f0000 - 0x00007ff95fa93000 	C:\Windows\System32\ADVAPI32.dll
0x00007ff95f590000 - 0x00007ff95f62e000 	C:\Windows\System32\msvcrt.dll
0x00007ff95f480000 - 0x00007ff95f517000 	C:\Windows\System32\sechost.dll
0x00007ff95f2b0000 - 0x00007ff95f3cf000 	C:\Windows\System32\RPCRT4.dll
0x00007ff95e310000 - 0x00007ff95e4a4000 	C:\Windows\System32\USER32.dll
0x00007ff95e1d0000 - 0x00007ff95e1f1000 	C:\Windows\System32\win32u.dll
0x00007ff95e4b0000 - 0x00007ff95e4d6000 	C:\Windows\System32\GDI32.dll
0x00007ff95dc00000 - 0x00007ff95dd98000 	C:\Windows\System32\gdi32full.dll
0x00007ff95de50000 - 0x00007ff95deee000 	C:\Windows\System32\msvcp_win.dll
0x00007ff95d180000 - 0x00007ff95d27a000 	C:\Windows\System32\ucrtbase.dll
0x00007ff940380000 - 0x00007ff940604000 	C:\Windows\WinSxS\amd64_microsoft.windows.common-controls_6595b64144ccf1df_6.0.18362.1801_none_9e79a739e46243f0\COMCTL32.dll
0x00007ff95f6b0000 - 0x00007ff95f9e6000 	C:\Windows\System32\combase.dll
0x00007ff95d2a0000 - 0x00007ff95d324000 	C:\Windows\System32\bcryptPrimitives.dll
0x00007ff95e200000 - 0x00007ff95e22e000 	C:\Windows\System32\IMM32.DLL
0x00007ff92c900000 - 0x00007ff92c9ef000 	C:\Users\yangz\.jdks\corretto-1.8.0_292\jre\bin\msvcr120.dll
0x00007ff92a3e0000 - 0x00007ff92a486000 	C:\Users\yangz\.jdks\corretto-1.8.0_292\jre\bin\msvcp120.dll
0x00000000583d0000 - 0x0000000058c3e000 	C:\Users\yangz\.jdks\corretto-1.8.0_292\jre\bin\server\jvm.dll
0x00007ff960110000 - 0x00007ff960118000 	C:\Windows\System32\PSAPI.DLL
0x00007ff94ca30000 - 0x00007ff94ca39000 	C:\Windows\SYSTEM32\WSOCK32.dll
0x00007ff95a960000 - 0x00007ff95a984000 	C:\Windows\SYSTEM32\WINMM.dll
0x00007ff95f630000 - 0x00007ff95f69f000 	C:\Windows\System32\WS2_32.dll
0x00007ff955b10000 - 0x00007ff955b1a000 	C:\Windows\SYSTEM32\VERSION.dll
0x00007ff95a930000 - 0x00007ff95a95d000 	C:\Windows\SYSTEM32\winmmbase.dll
0x00007ff95d0d0000 - 0x00007ff95d11a000 	C:\Windows\System32\cfgmgr32.dll
0x00007ff959970000 - 0x00007ff95997f000 	C:\Users\yangz\.jdks\corretto-1.8.0_292\jre\bin\verify.dll
0x00007ff94f080000 - 0x00007ff94f0a9000 	C:\Users\yangz\.jdks\corretto-1.8.0_292\jre\bin\java.dll
0x00007ff959950000 - 0x00007ff959966000 	C:\Users\yangz\.jdks\corretto-1.8.0_292\jre\bin\zip.dll
0x00007ff95e880000 - 0x00007ff95ef67000 	C:\Windows\System32\SHELL32.dll
0x00007ff95f3d0000 - 0x00007ff95f479000 	C:\Windows\System32\shcore.dll
0x00007ff95d330000 - 0x00007ff95daab000 	C:\Windows\System32\windows.storage.dll
0x00007ff95d0b0000 - 0x00007ff95d0ce000 	C:\Windows\System32\profapi.dll
0x00007ff95d040000 - 0x00007ff95d08a000 	C:\Windows\System32\powrprof.dll
0x00007ff95d010000 - 0x00007ff95d020000 	C:\Windows\System32\UMPDC.dll
0x00007ff95e230000 - 0x00007ff95e282000 	C:\Windows\System32\shlwapi.dll
0x00007ff95d090000 - 0x00007ff95d0a1000 	C:\Windows\System32\kernel.appcore.dll
0x00007ff95d280000 - 0x00007ff95d297000 	C:\Windows\System32\cryptsp.dll
0x00007ff95c370000 - 0x00007ff95c3a3000 	C:\Windows\system32\rsaenh.dll
0x00007ff95e1a0000 - 0x00007ff95e1c6000 	C:\Windows\System32\bcrypt.dll
0x00007ff95cf00000 - 0x00007ff95cf25000 	C:\Windows\SYSTEM32\USERENV.dll
0x00007ff95c9c0000 - 0x00007ff95c9cc000 	C:\Windows\SYSTEM32\CRYPTBASE.dll
0x00007ff93ba00000 - 0x00007ff93ba1a000 	C:\Users\yangz\.jdks\corretto-1.8.0_292\jre\bin\net.dll
0x00007ff95c7f0000 - 0x00007ff95c857000 	C:\Windows\system32\mswsock.dll
0x00007ff95c500000 - 0x00007ff95c53a000 	C:\Windows\SYSTEM32\IPHLPAPI.DLL
0x00007ff95f6a0000 - 0x00007ff95f6a8000 	C:\Windows\System32\NSI.dll
0x00007ff955ad0000 - 0x00007ff955ae6000 	C:\Windows\SYSTEM32\dhcpcsvc6.DLL
0x00007ff955d50000 - 0x00007ff955d6c000 	C:\Windows\SYSTEM32\dhcpcsvc.DLL
0x00007ff95c540000 - 0x00007ff95c60a000 	C:\Windows\SYSTEM32\DNSAPI.dll
0x00007ff9375e0000 - 0x00007ff9375f2000 	C:\Users\yangz\.jdks\corretto-1.8.0_292\jre\bin\nio.dll
0x00007ff959980000 - 0x00007ff95998a000 	C:\Users\yangz\AppData\Local\Temp\jansi-1.17.1-3331058639549607538.dll
0x00007ff9598c0000 - 0x00007ff9598ca000 	C:\Users\yangz\AppData\Local\Temp\jansi-1.17.1-3743273942468100640.dll

VM Arguments:
jvm_args: -Dmaven.multiModuleProjectDirectory=C:\Users\yangz\IdeaProjects\COVID-19\platform\Eureka_server -Dmaven.home=C:\Program Files\JetBrains\IntelliJ IDEA 2021.1.1\plugins\maven\lib\maven3 -Dclassworlds.conf=C:\Program Files\JetBrains\IntelliJ IDEA 2021.1.1\plugins\maven\lib\maven3\bin\m2.conf -Dmaven.ext.class.path=C:\Program Files\JetBrains\IntelliJ IDEA 2021.1.1\plugins\maven\lib\maven-event-listener.jar -Dfile.encoding=UTF-8 
java_command: org.codehaus.classworlds.Launcher -Didea.version=2021.1.1 -DskipTests=true install
java_class_path (initial): C:\Program Files\JetBrains\IntelliJ IDEA 2021.1.1\plugins\maven\lib\maven3\boot\plexus-classworlds-2.6.0.jar;C:\Program Files\JetBrains\IntelliJ IDEA 2021.1.1\plugins\maven\lib\maven3\boot\plexus-classworlds.license
Launcher Type: SUN_STANDARD

Environment Variables:
JAVA_HOME=D:\Java\jdk1.8.0_301
CLASSPATH=.;D:\Java\jdk1.8.0_301\lib\dt.jar;D:\Java\jdk1.8.0_301\lib\tools.jar
PATH=C:\Program Files (x86)\Common Files\Intel\Shared Libraries\redist\intel64\compiler;D:\Java\jdk1.8.0_301\jre\bin;D:\Java\jdk1.8.0_301bin;D:\Vmware\bin\;C:\Program Files\Common Files\Oracle\Java\javapath;C:\Program Files (x86)\Common Files\Oracle\Java\javapath;D:\apache-tomcat-9.0.44\bin;C:\Windows\system32;C:\Windows;C:\Windows\System32\Wbem;C:\Windows\System32\WindowsPowerShell\v1.0\;C:\Windows\System32\OpenSSH\;C:\Program Files (x86)\Microsoft SQL Server\150\DTS\Binn\;C:\Program Files\Azure Data Studio\bin;C:\Program Files\Microsoft SQL Server\Client SDK\ODBC\170\Tools\Binn\;C:\Program Files (x86)\Microsoft SQL Server\150\Tools\Binn\;C:\Program Files\Microsoft SQL Server\150\Tools\Binn\;C:\Program Files\Microsoft SQL Server\150\DTS\Binn\;C:\Program Files\Intel\WiFi\bin\;C:\Program Files\Common Files\Intel\WirelessCommon\;C:\sdk;C:\sdk\platform-tools;;D:\mysql-8.0.24-winx64bin;D:\apache-maven-3.8.1\bin;C:\Program Files\Common Files\Autodesk Shared\;C:\Program Files\Microsoft SQL Server\120\Tools\Binn\;C:\Program Files\Microsoft SQL Server\130\Tools\Binn\;D:\opencv3.4.1\opencv\build\x64\vc15\bin;"D:\apache-tomcat-7.0.109\bin;";"D:\apache-tomcat-7.0.109\lib;";D:\apache-jmeter-5.4.1\bin;D:\erl-23.0\bin;D:\nodejs\;D:\XShell7\;D:\Xftp7\;C:\Users\yangz\AppData\Local\Microsoft\WindowsApps;C:\Program Files\Azure Data Studio\bin;D:\idea\IntelliJ IDEA 2021.1.1\bin;;D:\Microsoft VS Code\bin;C:\Users\yangz\AppData\Roaming\npm;C:\Program Files\Bandizip\
USERNAME=yangz
OS=Windows_NT
PROCESSOR_IDENTIFIER=AMD64 Family 23 Model 17 Stepping 0, AuthenticAMD



---------------  S Y S T E M  ---------------

OS: Windows 10.0 , 64 bit Build 18362 (10.0.18362.1766)

CPU:total 8 (initial active 8) (8 cores per cpu, 1 threads per core) family 23 model 17 stepping 0, cmov, cx8, fxsr, mmx, sse, sse2, sse3, ssse3, sse4.1, sse4.2, popcnt, avx, avx2, aes, clmul, mmxext, 3dnowpref, lzcnt, sse4a, tsc, tscinvbit, tscinv, bmi1

Memory: 4k page, physical 7239248k(1622120k free), swap 9706244k(5932k free)

vm_info: OpenJDK 64-Bit Server VM (25.292-b10) for windows-amd64 JRE (1.8.0_292-b10), built on Apr 14 2021 23:06:53 by "Administrator" with MS VC++ 12.0 (VS2013)

time: Sun Jan 02 12:58:45 2022
timezone: ?D1¨²¡À¨º¡Á?¨º¡À??
elapsed time: 6.974793 seconds (0d 0h 0m 6s)

