#
# There is insufficient memory for the Java Runtime Environment to continue.
# Native memory allocation (malloc) failed to allocate 32744 bytes for ChunkPool::allocate
# Possible reasons:
#   The system is out of physical RAM or swap space
#   The process is running with CompressedOops enabled, and the Java Heap may be blocking the growth of the native heap
# Possible solutions:
#   Reduce memory load on the system
#   Increase physical memory or swap space
#   Check if swap backing store is full
#   Decrease Java heap size (-Xmx/-Xms)
#   Decrease number of Java threads
#   Decrease Java thread stack sizes (-Xss)
#   Set larger code cache with -XX:ReservedCodeCacheSize=
#   JVM is running with Unscaled Compressed Oops mode in which the Java heap is
#     placed in the first 4GB address space. The Java Heap base address is the
#     maximum limit for the native heap growth. Please use -XX:HeapBaseMinAddress
#     to set the Java Heap base and to place the Java Heap above 4GB virtual address.
# This output file may be truncated or incomplete.
#
#  Out of Memory Error (allocation.cpp:272), pid=17036, tid=0x000000000000334c
#
# JRE version: OpenJDK Runtime Environment (8.0_292-b10) (build 1.8.0_292-b10)
# Java VM: OpenJDK 64-Bit Server VM (25.292-b10 mixed mode windows-amd64 compressed oops)
# Failed to write core dump. Minidumps are not enabled by default on client versions of Windows
#

---------------  T H R E A D  ---------------

Current thread (0x0000024c4b627000):  JavaThread "C1 CompilerThread3" daemon [_thread_in_native, id=13132, stack(0x0000009904000000,0x0000009904100000)]

Stack: [0x0000009904000000,0x0000009904100000]
[error occurred during error reporting (printing stack bounds), id 0xc0000005]

Native frames: (J=compiled Java code, j=interpreted, Vv=VM code, C=native code)


Current CompileTask:
C1:   8172 3928       3       com.google.inject.internal.FailableCache::get (38 bytes)


---------------  P R O C E S S  ---------------

Java Threads: ( => current thread )
  0x0000024c4c8fa000 JavaThread "Service Thread" daemon [_thread_blocked, id=13772, stack(0x0000009904100000,0x0000009904200000)]
=>0x0000024c4b627000 JavaThread "C1 CompilerThread3" daemon [_thread_in_native, id=13132, stack(0x0000009904000000,0x0000009904100000)]
  0x0000024c4b61d800 JavaThread "C2 CompilerThread2" daemon [_thread_in_native, id=16468, stack(0x0000009903f00000,0x0000009904000000)]
  0x0000024c4b612800 JavaThread "C2 CompilerThread1" daemon [_thread_in_native, id=15372, stack(0x0000009903e00000,0x0000009903f00000)]
  0x0000024c4b60e800 JavaThread "C2 CompilerThread0" daemon [_thread_in_native, id=17220, stack(0x0000009903d00000,0x0000009903e00000)]
  0x0000024c4b60b000 JavaThread "Attach Listener" daemon [_thread_blocked, id=9980, stack(0x0000009903c00000,0x0000009903d00000)]
  0x0000024c4b606800 JavaThread "Signal Dispatcher" daemon [_thread_blocked, id=16404, stack(0x0000009903b00000,0x0000009903c00000)]
  0x0000024c4b585800 JavaThread "Finalizer" daemon [_thread_blocked, id=17048, stack(0x0000009903a00000,0x0000009903b00000)]
  0x0000024c4b57d800 JavaThread "Reference Handler" daemon [_thread_blocked, id=12568, stack(0x0000009903900000,0x0000009903a00000)]
  0x0000024c34e9a000 JavaThread "main" [_thread_in_vm, id=14968, stack(0x0000009902f00000,0x0000009903000000)]

Other Threads:
  0x0000024c4b550800 VMThread [stack: 0x0000009903800000,0x0000009903900000] [id=9164]
  0x0000024c4c8fb000 WatcherThread [stack: 0x0000009904200000,0x0000009904300000] [id=14748]

VM state:not at safepoint (normal execution)

VM Mutex/Monitor currently owned by a thread: None

heap address: 0x0000000091800000, size: 1768 MB, Compressed Oops mode: 32-bit
Narrow klass base: 0x0000000000000000, Narrow klass shift: 3
Compressed class space size: 1073741824 Address: 0x0000000100000000

Heap:
 PSYoungGen      total 67584K, used 29019K [0x00000000db300000, 0x00000000dff00000, 0x0000000100000000)
  eden space 57344K, 37% used [0x00000000db300000,0x00000000dc83d1b8,0x00000000deb00000)
  from space 10240K, 71% used [0x00000000deb00000,0x00000000df219cf0,0x00000000df500000)
  to   space 10240K, 0% used [0x00000000df500000,0x00000000df500000,0x00000000dff00000)
 ParOldGen       total 76800K, used 22708K [0x0000000091800000, 0x0000000096300000, 0x00000000db300000)
  object space 76800K, 29% used [0x0000000091800000,0x0000000092e2d218,0x0000000096300000)
 Metaspace       used 18783K, capacity 19436K, committed 19584K, reserved 1067008K
  class space    used 2160K, capacity 2310K, committed 2432K, reserved 1048576K

Card table byte_map: [0x0000024c46000000,0x0000024c46380000] byte_map_base: 0x0000024c45b74000

Marking Bits: (ParMarkBitMap*) 0x0000000058bbf7f0
 Begin Bits: [0x0000024c465d0000, 0x0000024c48170000)
 End Bits:   [0x0000024c48170000, 0x0000024c49d10000)

Polling page: 0x0000024c350c0000

CodeCache: size=245760Kb used=12482Kb max_used=13843Kb free=233277Kb
 bounds [0x0000024c36c40000, 0x0000024c379e0000, 0x0000024c45c40000]
 total_blobs=3883 nmethods=3502 adapters=294
 compilation: enabled

Compilation events (10 events):
Event: 8.163 Thread 0x0000024c4b627000 nmethod 3918 0x0000024c371dd2d0 code [0x0000024c371dd420, 0x0000024c371dd5f8]
Event: 8.163 Thread 0x0000024c4b627000 3919       3       com.google.inject.internal.Initializer::requestInjection (168 bytes)
Event: 8.165 Thread 0x0000024c4b627000 nmethod 3919 0x0000024c372ddad0 code [0x0000024c372ddde0, 0x0000024c372df590]
Event: 8.166 Thread 0x0000024c4b627000 3922       3       com.google.inject.internal.CycleDetectingLock$CycleDetectingLockFactory$ReentrantCycleDetectingLock::<init> (43 bytes)
Event: 8.166 Thread 0x0000024c4b627000 nmethod 3922 0x0000024c37454690 code [0x0000024c37454860, 0x0000024c37454ee0]
Event: 8.166 Thread 0x0000024c4b627000 3925       3       com.google.inject.internal.util.Classes::isConcrete (25 bytes)
Event: 8.167 Thread 0x0000024c4b627000 nmethod 3925 0x0000024c36d800d0 code [0x0000024c36d80260, 0x0000024c36d80660]
Event: 8.167 Thread 0x0000024c4b627000 3926       3       com.google.inject.internal.AbstractBindingProcessor$Processor::prepareBinding (41 bytes)
Event: 8.167 Thread 0x0000024c4b627000 nmethod 3926 0x0000024c36e43c10 code [0x0000024c36e43da0, 0x0000024c36e441c0]
Event: 8.167 Thread 0x0000024c4b627000 3928       3       com.google.inject.internal.FailableCache::get (38 bytes)

GC Heap History (10 events):
Event: 4.490 GC heap before
{Heap before GC invocations=5 (full 0):
 PSYoungGen      total 33280K, used 33256K [0x00000000db300000, 0x00000000dd800000, 0x0000000100000000)
  eden space 28672K, 100% used [0x00000000db300000,0x00000000dcf00000,0x00000000dcf00000)
  from space 4608K, 99% used [0x00000000dd380000,0x00000000dd7fa040,0x00000000dd800000)
  to   space 4608K, 0% used [0x00000000dcf00000,0x00000000dcf00000,0x00000000dd380000)
 ParOldGen       total 76800K, used 7886K [0x0000000091800000, 0x0000000096300000, 0x00000000db300000)
  object space 76800K, 10% used [0x0000000091800000,0x0000000091fb3a98,0x0000000096300000)
 Metaspace       used 16117K, capacity 16450K, committed 16640K, reserved 1064960K
  class space    used 1902K, capacity 2010K, committed 2048K, reserved 1048576K
Event: 4.500 GC heap after
Heap after GC invocations=5 (full 0):
 PSYoungGen      total 33280K, used 4584K [0x00000000db300000, 0x00000000dd800000, 0x0000000100000000)
  eden space 28672K, 0% used [0x00000000db300000,0x00000000db300000,0x00000000dcf00000)
  from space 4608K, 99% used [0x00000000dcf00000,0x00000000dd37a020,0x00000000dd380000)
  to   space 4608K, 0% used [0x00000000dd380000,0x00000000dd380000,0x00000000dd800000)
 ParOldGen       total 76800K, used 12515K [0x0000000091800000, 0x0000000096300000, 0x00000000db300000)
  object space 76800K, 16% used [0x0000000091800000,0x0000000092438ea8,0x0000000096300000)
 Metaspace       used 16117K, capacity 16450K, committed 16640K, reserved 1064960K
  class space    used 1902K, capacity 2010K, committed 2048K, reserved 1048576K
}
Event: 4.971 GC heap before
{Heap before GC invocations=6 (full 0):
 PSYoungGen      total 33280K, used 33256K [0x00000000db300000, 0x00000000dd800000, 0x0000000100000000)
  eden space 28672K, 100% used [0x00000000db300000,0x00000000dcf00000,0x00000000dcf00000)
  from space 4608K, 99% used [0x00000000dcf00000,0x00000000dd37a020,0x00000000dd380000)
  to   space 4608K, 0% used [0x00000000dd380000,0x00000000dd380000,0x00000000dd800000)
 ParOldGen       total 76800K, used 12515K [0x0000000091800000, 0x0000000096300000, 0x00000000db300000)
  object space 76800K, 16% used [0x0000000091800000,0x0000000092438ea8,0x0000000096300000)
 Metaspace       used 16331K, capacity 16596K, committed 16896K, reserved 1064960K
  class space    used 1904K, capacity 2013K, committed 2048K, reserved 1048576K
Event: 4.979 GC heap after
Heap after GC invocations=6 (full 0):
 PSYoungGen      total 33280K, used 4584K [0x00000000db300000, 0x00000000dd800000, 0x0000000100000000)
  eden space 28672K, 0% used [0x00000000db300000,0x00000000db300000,0x00000000dcf00000)
  from space 4608K, 99% used [0x00000000dd380000,0x00000000dd7fa020,0x00000000dd800000)
  to   space 4608K, 0% used [0x00000000dcf00000,0x00000000dcf00000,0x00000000dd380000)
 ParOldGen       total 76800K, used 16415K [0x0000000091800000, 0x0000000096300000, 0x00000000db300000)
  object space 76800K, 21% used [0x0000000091800000,0x0000000092807c08,0x0000000096300000)
 Metaspace       used 16331K, capacity 16596K, committed 16896K, reserved 1064960K
  class space    used 1904K, capacity 2013K, committed 2048K, reserved 1048576K
}
Event: 5.581 GC heap before
{Heap before GC invocations=7 (full 0):
 PSYoungGen      total 33280K, used 33256K [0x00000000db300000, 0x00000000dd800000, 0x0000000100000000)
  eden space 28672K, 100% used [0x00000000db300000,0x00000000dcf00000,0x00000000dcf00000)
  from space 4608K, 99% used [0x00000000dd380000,0x00000000dd7fa020,0x00000000dd800000)
  to   space 4608K, 0% used [0x00000000dcf00000,0x00000000dcf00000,0x00000000dd380000)
 ParOldGen       total 76800K, used 16415K [0x0000000091800000, 0x0000000096300000, 0x00000000db300000)
  object space 76800K, 21% used [0x0000000091800000,0x0000000092807c08,0x0000000096300000)
 Metaspace       used 16510K, capacity 16874K, committed 17152K, reserved 1064960K
  class space    used 1908K, capacity 2016K, committed 2048K, reserved 1048576K
Event: 5.591 GC heap after
Heap after GC invocations=7 (full 0):
 PSYoungGen      total 33280K, used 4608K [0x00000000db300000, 0x00000000dff00000, 0x0000000100000000)
  eden space 28672K, 0% used [0x00000000db300000,0x00000000db300000,0x00000000dcf00000)
  from space 4608K, 100% used [0x00000000dcf00000,0x00000000dd380000,0x00000000dd380000)
  to   space 10240K, 0% used [0x00000000df500000,0x00000000df500000,0x00000000dff00000)
 ParOldGen       total 76800K, used 19280K [0x0000000091800000, 0x0000000096300000, 0x00000000db300000)
  object space 76800K, 25% used [0x0000000091800000,0x0000000092ad4328,0x0000000096300000)
 Metaspace       used 16510K, capacity 16874K, committed 17152K, reserved 1064960K
  class space    used 1908K, capacity 2016K, committed 2048K, reserved 1048576K
}
Event: 6.271 GC heap before
{Heap before GC invocations=8 (full 0):
 PSYoungGen      total 33280K, used 33280K [0x00000000db300000, 0x00000000dff00000, 0x0000000100000000)
  eden space 28672K, 100% used [0x00000000db300000,0x00000000dcf00000,0x00000000dcf00000)
  from space 4608K, 100% used [0x00000000dcf00000,0x00000000dd380000,0x00000000dd380000)
  to   space 10240K, 0% used [0x00000000df500000,0x00000000df500000,0x00000000dff00000)
 ParOldGen       total 76800K, used 19280K [0x0000000091800000, 0x0000000096300000, 0x00000000db300000)
  object space 76800K, 25% used [0x0000000091800000,0x0000000092ad4328,0x0000000096300000)
 Metaspace       used 16808K, capacity 17148K, committed 17408K, reserved 1064960K
  class space    used 1923K, capacity 2019K, committed 2048K, reserved 1048576K
Event: 6.279 GC heap after
Heap after GC invocations=8 (full 0):
 PSYoungGen      total 67584K, used 5376K [0x00000000db300000, 0x00000000dff00000, 0x0000000100000000)
  eden space 57344K, 0% used [0x00000000db300000,0x00000000db300000,0x00000000deb00000)
  from space 10240K, 52% used [0x00000000df500000,0x00000000dfa40000,0x00000000dff00000)
  to   space 10240K, 0% used [0x00000000deb00000,0x00000000deb00000,0x00000000df500000)
 ParOldGen       total 76800K, used 21410K [0x0000000091800000, 0x0000000096300000, 0x00000000db300000)
  object space 76800K, 27% used [0x0000000091800000,0x0000000092ce8b68,0x0000000096300000)
 Metaspace       used 16808K, capacity 17148K, committed 17408K, reserved 1064960K
  class space    used 1923K, capacity 2019K, committed 2048K, reserved 1048576K
}
Event: 7.688 GC heap before
{Heap before GC invocations=9 (full 0):
 PSYoungGen      total 67584K, used 62720K [0x00000000db300000, 0x00000000dff00000, 0x0000000100000000)
  eden space 57344K, 100% used [0x00000000db300000,0x00000000deb00000,0x00000000deb00000)
  from space 10240K, 52% used [0x00000000df500000,0x00000000dfa40000,0x00000000dff00000)
  to   space 10240K, 0% used [0x00000000deb00000,0x00000000deb00000,0x00000000df500000)
 ParOldGen       total 76800K, used 21410K [0x0000000091800000, 0x0000000096300000, 0x00000000db300000)
  object space 76800K, 27% used [0x0000000091800000,0x0000000092ce8b68,0x0000000096300000)
 Metaspace       used 17984K, capacity 18500K, committed 18816K, reserved 1067008K
  class space    used 2031K, capacity 2131K, committed 2176K, reserved 1048576K
Event: 7.698 GC heap after
Heap after GC invocations=9 (full 0):
 PSYoungGen      total 67584K, used 7271K [0x00000000db300000, 0x00000000dff00000, 0x0000000100000000)
  eden space 57344K, 0% used [0x00000000db300000,0x00000000db300000,0x00000000deb00000)
  from space 10240K, 71% used [0x00000000deb00000,0x00000000df219cf0,0x00000000df500000)
  to   space 10240K, 0% used [0x00000000df500000,0x00000000df500000,0x00000000dff00000)
 ParOldGen       total 76800K, used 22708K [0x0000000091800000, 0x0000000096300000, 0x00000000db300000)
  object space 76800K, 29% used [0x0000000091800000,0x0000000092e2d218,0x0000000096300000)
 Metaspace       used 17984K, capacity 18500K, committed 18816K, reserved 1067008K
  class space    used 2031K, capacity 2131K, committed 2176K, reserved 1048576K
}

Deoptimization events (10 events):
Event: 7.431 Thread 0x0000024c34e9a000 Uncommon trap: reason=array_check action=maybe_recompile pc=0x0000024c37989f24 method=java.util.TimSort.binarySort([Ljava/lang/Object;IIILjava/util/Comparator;)V @ 193
Event: 7.431 Thread 0x0000024c34e9a000 Uncommon trap: reason=array_check action=maybe_recompile pc=0x0000024c37989f24 method=java.util.TimSort.binarySort([Ljava/lang/Object;IIILjava/util/Comparator;)V @ 193
Event: 7.460 Thread 0x0000024c34e9a000 Uncommon trap: reason=array_check action=maybe_recompile pc=0x0000024c37994f60 method=java.util.TimSort.binarySort([Ljava/lang/Object;IIILjava/util/Comparator;)V @ 183
Event: 7.460 Thread 0x0000024c34e9a000 Uncommon trap: reason=array_check action=maybe_recompile pc=0x0000024c37994f60 method=java.util.TimSort.binarySort([Ljava/lang/Object;IIILjava/util/Comparator;)V @ 183
Event: 7.473 Thread 0x0000024c34e9a000 Uncommon trap: reason=class_check action=maybe_recompile pc=0x0000024c376c3914 method=org.eclipse.sisu.wire.EntryListAdapter$ValueIterator.next()Ljava/lang/Object; @ 4
Event: 7.559 Thread 0x0000024c34e9a000 Uncommon trap: reason=unstable_if action=reinterpret pc=0x0000024c3728a114 method=java.nio.charset.CharsetEncoder.encode(Ljava/nio/CharBuffer;Ljava/nio/ByteBuffer;Z)Ljava/nio/charset/CoderResult; @ 1
Event: 7.560 Thread 0x0000024c34e9a000 Uncommon trap: reason=class_check action=maybe_recompile pc=0x0000024c376c3914 method=org.eclipse.sisu.wire.EntryListAdapter$ValueIterator.next()Ljava/lang/Object; @ 4
Event: 7.564 Thread 0x0000024c34e9a000 Uncommon trap: reason=unstable_if action=reinterpret pc=0x0000024c3701092c method=java.util.concurrent.ConcurrentHashMap.putVal(Ljava/lang/Object;Ljava/lang/Object;Z)Ljava/lang/Object; @ 206
Event: 7.715 Thread 0x0000024c34e9a000 Uncommon trap: reason=speculate_class_check action=maybe_recompile pc=0x0000024c377d3f78 method=java.nio.charset.CharsetDecoder.reset()Ljava/nio/charset/CharsetDecoder; @ 1
Event: 7.748 Thread 0x0000024c34e9a000 Uncommon trap: reason=unstable_if action=reinterpret pc=0x0000024c3782c08c method=org.eclipse.aether.util.graph.transformer.ConflictResolver$State.deriveScope(Lorg/eclipse/aether/graph/DependencyNode;Ljava/lang/Object;)Ljava/lang/String; @ 8

Classes redefined (0 events):
No events

Internal exceptions (10 events):
Event: 3.098 Thread 0x0000024c34e9a000 Exception <a 'java/lang/NullPointerException'> (0x00000000db37fec0) thrown at [C:\wsjdk\Corretto8Src\installers\windows\zip\corretto-build\buildRoot\src\hotspot\src\share\vm\interpreter\linkResolver.cpp, line 1185]
Event: 3.098 Thread 0x0000024c34e9a000 Exception <a 'java/lang/NullPointerException'> (0x00000000db3800d8) thrown at [C:\wsjdk\Corretto8Src\installers\windows\zip\corretto-build\buildRoot\src\hotspot\src\share\vm\interpreter\linkResolver.cpp, line 1185]
Event: 3.153 Thread 0x0000024c34e9a000 Implicit null exception at 0x0000024c36f00256 to 0x0000024c36f005e5
Event: 3.153 Thread 0x0000024c34e9a000 Implicit null exception at 0x0000024c36e427d9 to 0x0000024c36e42b8d
Event: 3.553 Thread 0x0000024c34e9a000 Implicit null exception at 0x0000024c3731b0b9 to 0x0000024c3731c3a9
Event: 3.975 Thread 0x0000024c34e9a000 Implicit null exception at 0x0000024c3740b4f7 to 0x0000024c3740b73d
Event: 4.275 Thread 0x0000024c34e9a000 Implicit null exception at 0x0000024c374a0500 to 0x0000024c374a179d
Event: 6.018 Thread 0x0000024c34e9a000 Implicit null exception at 0x0000024c36efe115 to 0x0000024c36efe2f1
Event: 6.020 Thread 0x0000024c34e9a000 Implicit null exception at 0x0000024c3708ebaf to 0x0000024c3708ec19
Event: 6.790 Thread 0x0000024c34e9a000 Implicit null exception at 0x0000024c376ae201 to 0x0000024c376ae609

Events (10 events):
Event: 8.160 Thread 0x0000024c4b627000 flushing nmethod 0x0000024c3746d3d0
Event: 8.160 Thread 0x0000024c4b627000 flushing nmethod 0x0000024c37495fd0
Event: 8.160 Thread 0x0000024c4b627000 flushing nmethod 0x0000024c374b4a90
Event: 8.160 Thread 0x0000024c4b627000 flushing nmethod 0x0000024c374b85d0
Event: 8.160 Thread 0x0000024c4b627000 flushing nmethod 0x0000024c374b8f50
Event: 8.160 Thread 0x0000024c4b627000 flushing nmethod 0x0000024c3750fcd0
Event: 8.160 loading class org/codehaus/plexus/archiver/zip/ZipUnArchiver$__sisu4
Event: 8.160 loading class org/codehaus/plexus/archiver/zip/ZipUnArchiver$__sisu4 done
Event: 8.161 Thread 0x0000024c4b627000 flushing nmethod 0x0000024c3756b2d0
Event: 8.161 Thread 0x0000024c4b627000 flushing nmethod 0x0000024c3759e1d0


Dynamic libraries:
0x00007ff787190000 - 0x00007ff7871ca000 	C:\Users\yangz\.jdks\corretto-1.8.0_292\bin\java.exe
0x00007ff960160000 - 0x00007ff960350000 	C:\Windows\SYSTEM32\ntdll.dll
0x00007ff95fb50000 - 0x00007ff95fc03000 	C:\Windows\System32\KERNEL32.DLL
0x00007ff95def0000 - 0x00007ff95e196000 	C:\Windows\System32\KERNELBASE.dll
0x00007ff95f9f0000 - 0x00007ff95fa93000 	C:\Windows\System32\ADVAPI32.dll
0x00007ff95f590000 - 0x00007ff95f62e000 	C:\Windows\System32\msvcrt.dll
0x00007ff95f480000 - 0x00007ff95f517000 	C:\Windows\System32\sechost.dll
0x00007ff95f2b0000 - 0x00007ff95f3cf000 	C:\Windows\System32\RPCRT4.dll
0x00007ff95e310000 - 0x00007ff95e4a4000 	C:\Windows\System32\USER32.dll
0x00007ff95e1d0000 - 0x00007ff95e1f1000 	C:\Windows\System32\win32u.dll
0x00007ff95e4b0000 - 0x00007ff95e4d6000 	C:\Windows\System32\GDI32.dll
0x00007ff95dc00000 - 0x00007ff95dd98000 	C:\Windows\System32\gdi32full.dll
0x00007ff95de50000 - 0x00007ff95deee000 	C:\Windows\System32\msvcp_win.dll
0x00007ff95d180000 - 0x00007ff95d27a000 	C:\Windows\System32\ucrtbase.dll
0x00007ff940380000 - 0x00007ff940604000 	C:\Windows\WinSxS\amd64_microsoft.windows.common-controls_6595b64144ccf1df_6.0.18362.1801_none_9e79a739e46243f0\COMCTL32.dll
0x00007ff95f6b0000 - 0x00007ff95f9e6000 	C:\Windows\System32\combase.dll
0x00007ff95d2a0000 - 0x00007ff95d324000 	C:\Windows\System32\bcryptPrimitives.dll
0x00007ff95e200000 - 0x00007ff95e22e000 	C:\Windows\System32\IMM32.DLL
0x00007ff92c900000 - 0x00007ff92c9ef000 	C:\Users\yangz\.jdks\corretto-1.8.0_292\jre\bin\msvcr120.dll
0x00007ff92a3e0000 - 0x00007ff92a486000 	C:\Users\yangz\.jdks\corretto-1.8.0_292\jre\bin\msvcp120.dll
0x00000000583d0000 - 0x0000000058c3e000 	C:\Users\yangz\.jdks\corretto-1.8.0_292\jre\bin\server\jvm.dll
0x00007ff960110000 - 0x00007ff960118000 	C:\Windows\System32\PSAPI.DLL
0x00007ff94ca30000 - 0x00007ff94ca39000 	C:\Windows\SYSTEM32\WSOCK32.dll
0x00007ff95a960000 - 0x00007ff95a984000 	C:\Windows\SYSTEM32\WINMM.dll
0x00007ff95f630000 - 0x00007ff95f69f000 	C:\Windows\System32\WS2_32.dll
0x00007ff955b10000 - 0x00007ff955b1a000 	C:\Windows\SYSTEM32\VERSION.dll
0x00007ff95a930000 - 0x00007ff95a95d000 	C:\Windows\SYSTEM32\winmmbase.dll
0x00007ff95d0d0000 - 0x00007ff95d11a000 	C:\Windows\System32\cfgmgr32.dll
0x00007ff959970000 - 0x00007ff95997f000 	C:\Users\yangz\.jdks\corretto-1.8.0_292\jre\bin\verify.dll
0x00007ff94f080000 - 0x00007ff94f0a9000 	C:\Users\yangz\.jdks\corretto-1.8.0_292\jre\bin\java.dll
0x00007ff959950000 - 0x00007ff959966000 	C:\Users\yangz\.jdks\corretto-1.8.0_292\jre\bin\zip.dll
0x00007ff95e880000 - 0x00007ff95ef67000 	C:\Windows\System32\SHELL32.dll
0x00007ff95f3d0000 - 0x00007ff95f479000 	C:\Windows\System32\shcore.dll
0x00007ff95d330000 - 0x00007ff95daab000 	C:\Windows\System32\windows.storage.dll
0x00007ff95d0b0000 - 0x00007ff95d0ce000 	C:\Windows\System32\profapi.dll
0x00007ff95d040000 - 0x00007ff95d08a000 	C:\Windows\System32\powrprof.dll
0x00007ff95d010000 - 0x00007ff95d020000 	C:\Windows\System32\UMPDC.dll
0x00007ff95e230000 - 0x00007ff95e282000 	C:\Windows\System32\shlwapi.dll
0x00007ff95d090000 - 0x00007ff95d0a1000 	C:\Windows\System32\kernel.appcore.dll
0x00007ff95d280000 - 0x00007ff95d297000 	C:\Windows\System32\cryptsp.dll
0x00007ff95c370000 - 0x00007ff95c3a3000 	C:\Windows\system32\rsaenh.dll
0x00007ff95e1a0000 - 0x00007ff95e1c6000 	C:\Windows\System32\bcrypt.dll
0x00007ff95cf00000 - 0x00007ff95cf25000 	C:\Windows\SYSTEM32\USERENV.dll
0x00007ff95c9c0000 - 0x00007ff95c9cc000 	C:\Windows\SYSTEM32\CRYPTBASE.dll
0x00007ff93ba00000 - 0x00007ff93ba1a000 	C:\Users\yangz\.jdks\corretto-1.8.0_292\jre\bin\net.dll
0x00007ff95c7f0000 - 0x00007ff95c857000 	C:\Windows\system32\mswsock.dll
0x00007ff95c500000 - 0x00007ff95c53a000 	C:\Windows\SYSTEM32\IPHLPAPI.DLL
0x00007ff95f6a0000 - 0x00007ff95f6a8000 	C:\Windows\System32\NSI.dll
0x00007ff955ad0000 - 0x00007ff955ae6000 	C:\Windows\SYSTEM32\dhcpcsvc6.DLL
0x00007ff955d50000 - 0x00007ff955d6c000 	C:\Windows\SYSTEM32\dhcpcsvc.DLL
0x00007ff95c540000 - 0x00007ff95c60a000 	C:\Windows\SYSTEM32\DNSAPI.dll
0x00007ff9375e0000 - 0x00007ff9375f2000 	C:\Users\yangz\.jdks\corretto-1.8.0_292\jre\bin\nio.dll
0x00007ff959980000 - 0x00007ff95998a000 	C:\Users\yangz\AppData\Local\Temp\jansi-1.17.1-6856095803642285252.dll
0x00007ff9598c0000 - 0x00007ff9598ca000 	C:\Users\yangz\AppData\Local\Temp\jansi-1.17.1-5691414813427201329.dll

VM Arguments:
jvm_args: -Dmaven.multiModuleProjectDirectory=C:\Users\yangz\IdeaProjects\COVID-19\platform\Eureka_server -Dmaven.home=C:\Program Files\JetBrains\IntelliJ IDEA 2021.1.1\plugins\maven\lib\maven3 -Dclassworlds.conf=C:\Program Files\JetBrains\IntelliJ IDEA 2021.1.1\plugins\maven\lib\maven3\bin\m2.conf -Dmaven.ext.class.path=C:\Program Files\JetBrains\IntelliJ IDEA 2021.1.1\plugins\maven\lib\maven-event-listener.jar -Dfile.encoding=UTF-8 
java_command: org.codehaus.classworlds.Launcher -Didea.version=2021.1.1 -DskipTests=true install
java_class_path (initial): C:\Program Files\JetBrains\IntelliJ IDEA 2021.1.1\plugins\maven\lib\maven3\boot\plexus-classworlds-2.6.0.jar;C:\Program Files\JetBrains\IntelliJ IDEA 2021.1.1\plugins\maven\lib\maven3\boot\plexus-classworlds.license
Launcher Type: SUN_STANDARD

Environment Variables:
JAVA_HOME=D:\Java\jdk1.8.0_301
CLASSPATH=.;D:\Java\jdk1.8.0_301\lib\dt.jar;D:\Java\jdk1.8.0_301\lib\tools.jar
PATH=C:\Program Files (x86)\Common Files\Intel\Shared Libraries\redist\intel64\compiler;D:\Java\jdk1.8.0_301\jre\bin;D:\Java\jdk1.8.0_301bin;D:\Vmware\bin\;C:\Program Files\Common Files\Oracle\Java\javapath;C:\Program Files (x86)\Common Files\Oracle\Java\javapath;D:\apache-tomcat-9.0.44\bin;C:\Windows\system32;C:\Windows;C:\Windows\System32\Wbem;C:\Windows\System32\WindowsPowerShell\v1.0\;C:\Windows\System32\OpenSSH\;C:\Program Files (x86)\Microsoft SQL Server\150\DTS\Binn\;C:\Program Files\Azure Data Studio\bin;C:\Program Files\Microsoft SQL Server\Client SDK\ODBC\170\Tools\Binn\;C:\Program Files (x86)\Microsoft SQL Server\150\Tools\Binn\;C:\Program Files\Microsoft SQL Server\150\Tools\Binn\;C:\Program Files\Microsoft SQL Server\150\DTS\Binn\;C:\Program Files\Intel\WiFi\bin\;C:\Program Files\Common Files\Intel\WirelessCommon\;C:\sdk;C:\sdk\platform-tools;;D:\mysql-8.0.24-winx64bin;D:\apache-maven-3.8.1\bin;C:\Program Files\Common Files\Autodesk Shared\;C:\Program Files\Microsoft SQL Server\120\Tools\Binn\;C:\Program Files\Microsoft SQL Server\130\Tools\Binn\;D:\opencv3.4.1\opencv\build\x64\vc15\bin;"D:\apache-tomcat-7.0.109\bin;";"D:\apache-tomcat-7.0.109\lib;";D:\apache-jmeter-5.4.1\bin;D:\erl-23.0\bin;D:\nodejs\;D:\XShell7\;D:\Xftp7\;C:\Users\yangz\AppData\Local\Microsoft\WindowsApps;C:\Program Files\Azure Data Studio\bin;D:\idea\IntelliJ IDEA 2021.1.1\bin;;D:\Microsoft VS Code\bin;C:\Users\yangz\AppData\Roaming\npm;C:\Program Files\Bandizip\
USERNAME=yangz
OS=Windows_NT
PROCESSOR_IDENTIFIER=AMD64 Family 23 Model 17 Stepping 0, AuthenticAMD



---------------  S Y S T E M  ---------------

OS: Windows 10.0 , 64 bit Build 18362 (10.0.18362.1766)

CPU:total 8 (initial active 8) (8 cores per cpu, 1 threads per core) family 23 model 17 stepping 0, cmov, cx8, fxsr, mmx, sse, sse2, sse3, ssse3, sse4.1, sse4.2, popcnt, avx, avx2, aes, clmul, mmxext, 3dnowpref, lzcnt, sse4a, tsc, tscinvbit, tscinv, bmi1

Memory: 4k page, physical 7239248k(1041104k free), swap 9706244k(5156k free)

vm_info: OpenJDK 64-Bit Server VM (25.292-b10) for windows-amd64 JRE (1.8.0_292-b10), built on Apr 14 2021 23:06:53 by "Administrator" with MS VC++ 12.0 (VS2013)

time: Sun Jan 02 12:57:55 2022
timezone: ?D1¨²¡À¨º¡Á?¨º¡À??
elapsed time: 8.180277 seconds (0d 0h 0m 8s)

