#
# There is insufficient memory for the Java Runtime Environment to continue.
# Native memory allocation (malloc) failed to allocate 1237616 bytes for Chunk::new
# Possible reasons:
#   The system is out of physical RAM or swap space
#   The process is running with CompressedOops enabled, and the Java Heap may be blocking the growth of the native heap
# Possible solutions:
#   Reduce memory load on the system
#   Increase physical memory or swap space
#   Check if swap backing store is full
#   Decrease Java heap size (-Xmx/-Xms)
#   Decrease number of Java threads
#   Decrease Java thread stack sizes (-Xss)
#   Set larger code cache with -XX:ReservedCodeCacheSize=
#   JVM is running with Unscaled Compressed Oops mode in which the Java heap is
#     placed in the first 4GB address space. The Java Heap base address is the
#     maximum limit for the native heap growth. Please use -XX:HeapBaseMinAddress
#     to set the Java Heap base and to place the Java Heap above 4GB virtual address.
# This output file may be truncated or incomplete.
#
#  Out of Memory Error (allocation.cpp:389), pid=11696, tid=0x00000000000043d0
#
# JRE version: OpenJDK Runtime Environment (8.0_292-b10) (build 1.8.0_292-b10)
# Java VM: OpenJDK 64-Bit Server VM (25.292-b10 mixed mode windows-amd64 compressed oops)
# Failed to write core dump. Minidumps are not enabled by default on client versions of Windows
#

---------------  T H R E A D  ---------------

Current thread (0x000001a1d7b6a800):  JavaThread "C2 CompilerThread0" daemon [_thread_in_native, id=17360, stack(0x00000038fd500000,0x00000038fd600000)]

Stack: [0x00000038fd500000,0x00000038fd600000]
[error occurred during error reporting (printing stack bounds), id 0xc0000005]

Native frames: (J=compiled Java code, j=interpreted, Vv=VM code, C=native code)


Current CompileTask:
C2:   4651 2584   !   4       org.codehaus.plexus.interpolation.StringSearchInterpolator::interpolate (650 bytes)


---------------  P R O C E S S  ---------------

Java Threads: ( => current thread )
  0x000001a1d8e81000 JavaThread "Service Thread" daemon [_thread_blocked, id=15860, stack(0x00000038fd900000,0x00000038fda00000)]
  0x000001a1d7b71800 JavaThread "C1 CompilerThread3" daemon [_thread_blocked, id=1848, stack(0x00000038fd800000,0x00000038fd900000)]
  0x000001a1d7b67800 JavaThread "C2 CompilerThread2" daemon [_thread_blocked, id=14512, stack(0x00000038fd700000,0x00000038fd800000)]
  0x000001a1d7b6b800 JavaThread "C2 CompilerThread1" daemon [_thread_blocked, id=9792, stack(0x00000038fd600000,0x00000038fd700000)]
=>0x000001a1d7b6a800 JavaThread "C2 CompilerThread0" daemon [_thread_in_native, id=17360, stack(0x00000038fd500000,0x00000038fd600000)]
  0x000001a1d7b07000 JavaThread "Attach Listener" daemon [_thread_blocked, id=10544, stack(0x00000038fd400000,0x00000038fd500000)]
  0x000001a1d7b06800 JavaThread "Signal Dispatcher" daemon [_thread_blocked, id=2480, stack(0x00000038fd300000,0x00000038fd400000)]
  0x000001a1d7ad7000 JavaThread "Finalizer" daemon [_thread_blocked, id=9816, stack(0x00000038fd200000,0x00000038fd300000)]
  0x000001a1d7acf000 JavaThread "Reference Handler" daemon [_thread_blocked, id=16504, stack(0x00000038fd100000,0x00000038fd200000)]
  0x000001a1c14fb800 JavaThread "main" [_thread_in_Java, id=7244, stack(0x00000038fc700000,0x00000038fc800000)]

Other Threads:
  0x000001a1d7aa2800 VMThread [stack: 0x00000038fd000000,0x00000038fd100000] [id=5760]
  0x000001a1d8e3c800 WatcherThread [stack: 0x00000038fda00000,0x00000038fdb00000] [id=10356]

VM state:not at safepoint (normal execution)

VM Mutex/Monitor currently owned by a thread: None

heap address: 0x0000000091800000, size: 1768 MB, Compressed Oops mode: 32-bit
Narrow klass base: 0x0000000000000000, Narrow klass shift: 3
Compressed class space size: 1073741824 Address: 0x0000000100000000

Heap:
 PSYoungGen      total 33280K, used 25726K [0x00000000db300000, 0x00000000dfe00000, 0x0000000100000000)
  eden space 28672K, 73% used [0x00000000db300000,0x00000000dc7a1bc8,0x00000000dcf00000)
  from space 4608K, 99% used [0x00000000dcf00000,0x00000000dd37e010,0x00000000dd380000)
  to   space 9728K, 0% used [0x00000000df480000,0x00000000df480000,0x00000000dfe00000)
 ParOldGen       total 76800K, used 12094K [0x0000000091800000, 0x0000000096300000, 0x00000000db300000)
  object space 76800K, 15% used [0x0000000091800000,0x00000000923cfac0,0x0000000096300000)
 Metaspace       used 16264K, capacity 16526K, committed 16896K, reserved 1064960K
  class space    used 1899K, capacity 2012K, committed 2048K, reserved 1048576K

Card table byte_map: [0x000001a1d2520000,0x000001a1d28a0000] byte_map_base: 0x000001a1d2094000

Marking Bits: (ParMarkBitMap*) 0x0000000069dcf7f0
 Begin Bits: [0x000001a1d2af0000, 0x000001a1d4690000)
 End Bits:   [0x000001a1d4690000, 0x000001a1d6230000)

Polling page: 0x000001a1c3130000

CodeCache: size=245760Kb used=9771Kb max_used=9771Kb free=235988Kb
 bounds [0x000001a1c3160000, 0x000001a1c3b00000, 0x000001a1d2160000]
 total_blobs=3179 nmethods=2804 adapters=288
 compilation: enabled

Compilation events (10 events):
Event: 4.634 Thread 0x000001a1d7b71800 nmethod 2799 0x000001a1c3aedd10 code [0x000001a1c3aede80, 0x000001a1c3aee098]
Event: 4.634 Thread 0x000001a1d7b71800 2800       3       java.lang.Boolean::hashCode (14 bytes)
Event: 4.634 Thread 0x000001a1d7b71800 nmethod 2800 0x000001a1c3aee150 code [0x000001a1c3aee2a0, 0x000001a1c3aee438]
Event: 4.639 Thread 0x000001a1d7b71800 2801       3       java.util.regex.Pattern$Begin::match (62 bytes)
Event: 4.639 Thread 0x000001a1d7b71800 nmethod 2801 0x000001a1c3aee4d0 code [0x000001a1c3aee640, 0x000001a1c3aee9b0]
Event: 4.643 Thread 0x000001a1d7b71800 2802       3       org.apache.maven.model.RepositoryPolicy::setEnabled (6 bytes)
Event: 4.643 Thread 0x000001a1d7b71800 nmethod 2802 0x000001a1c3aeeb50 code [0x000001a1c3aeeca0, 0x000001a1c3aeee18]
Event: 4.646 Thread 0x000001a1d7b71800 2803       3       org.eclipse.aether.artifact.AbstractArtifact::equals (139 bytes)
Event: 4.648 Thread 0x000001a1d7b71800 nmethod 2803 0x000001a1c3aeee90 code [0x000001a1c3aef220, 0x000001a1c3af11f0]
Event: 4.648 Thread 0x000001a1d7b71800 2804       3       org.eclipse.aether.util.repository.DefaultMirrorSelector::getMirror (101 bytes)

GC Heap History (10 events):
Event: 1.181 GC heap before
{Heap before GC invocations=1 (full 0):
 PSYoungGen      total 33280K, used 28672K [0x00000000db300000, 0x00000000dd800000, 0x0000000100000000)
  eden space 28672K, 100% used [0x00000000db300000,0x00000000dcf00000,0x00000000dcf00000)
  from space 4608K, 0% used [0x00000000dd380000,0x00000000dd380000,0x00000000dd800000)
  to   space 4608K, 0% used [0x00000000dcf00000,0x00000000dcf00000,0x00000000dd380000)
 ParOldGen       total 76800K, used 0K [0x0000000091800000, 0x0000000096300000, 0x00000000db300000)
  object space 76800K, 0% used [0x0000000091800000,0x0000000091800000,0x0000000096300000)
 Metaspace       used 8510K, capacity 8668K, committed 8832K, reserved 1056768K
  class space    used 1010K, capacity 1080K, committed 1152K, reserved 1048576K
Event: 1.186 GC heap after
Heap after GC invocations=1 (full 0):
 PSYoungGen      total 33280K, used 4606K [0x00000000db300000, 0x00000000dd800000, 0x0000000100000000)
  eden space 28672K, 0% used [0x00000000db300000,0x00000000db300000,0x00000000dcf00000)
  from space 4608K, 99% used [0x00000000dcf00000,0x00000000dd37f9f8,0x00000000dd380000)
  to   space 4608K, 0% used [0x00000000dd380000,0x00000000dd380000,0x00000000dd800000)
 ParOldGen       total 76800K, used 648K [0x0000000091800000, 0x0000000096300000, 0x00000000db300000)
  object space 76800K, 0% used [0x0000000091800000,0x00000000918a2380,0x0000000096300000)
 Metaspace       used 8510K, capacity 8668K, committed 8832K, reserved 1056768K
  class space    used 1010K, capacity 1080K, committed 1152K, reserved 1048576K
}
Event: 1.602 GC heap before
{Heap before GC invocations=2 (full 0):
 PSYoungGen      total 33280K, used 33278K [0x00000000db300000, 0x00000000dd800000, 0x0000000100000000)
  eden space 28672K, 100% used [0x00000000db300000,0x00000000dcf00000,0x00000000dcf00000)
  from space 4608K, 99% used [0x00000000dcf00000,0x00000000dd37f9f8,0x00000000dd380000)
  to   space 4608K, 0% used [0x00000000dd380000,0x00000000dd380000,0x00000000dd800000)
 ParOldGen       total 76800K, used 648K [0x0000000091800000, 0x0000000096300000, 0x00000000db300000)
  object space 76800K, 0% used [0x0000000091800000,0x00000000918a2380,0x0000000096300000)
 Metaspace       used 10958K, capacity 11086K, committed 11264K, reserved 1058816K
  class space    used 1320K, capacity 1414K, committed 1536K, reserved 1048576K
Event: 1.606 GC heap after
Heap after GC invocations=2 (full 0):
 PSYoungGen      total 33280K, used 4590K [0x00000000db300000, 0x00000000dd800000, 0x0000000100000000)
  eden space 28672K, 0% used [0x00000000db300000,0x00000000db300000,0x00000000dcf00000)
  from space 4608K, 99% used [0x00000000dd380000,0x00000000dd7fbb68,0x00000000dd800000)
  to   space 4608K, 0% used [0x00000000dcf00000,0x00000000dcf00000,0x00000000dd380000)
 ParOldGen       total 76800K, used 2200K [0x0000000091800000, 0x0000000096300000, 0x00000000db300000)
  object space 76800K, 2% used [0x0000000091800000,0x0000000091a262a8,0x0000000096300000)
 Metaspace       used 10958K, capacity 11086K, committed 11264K, reserved 1058816K
  class space    used 1320K, capacity 1414K, committed 1536K, reserved 1048576K
}
Event: 2.326 GC heap before
{Heap before GC invocations=3 (full 0):
 PSYoungGen      total 33280K, used 33262K [0x00000000db300000, 0x00000000dd800000, 0x0000000100000000)
  eden space 28672K, 100% used [0x00000000db300000,0x00000000dcf00000,0x00000000dcf00000)
  from space 4608K, 99% used [0x00000000dd380000,0x00000000dd7fbb68,0x00000000dd800000)
  to   space 4608K, 0% used [0x00000000dcf00000,0x00000000dcf00000,0x00000000dd380000)
 ParOldGen       total 76800K, used 2200K [0x0000000091800000, 0x0000000096300000, 0x00000000db300000)
  object space 76800K, 2% used [0x0000000091800000,0x0000000091a262a8,0x0000000096300000)
 Metaspace       used 14238K, capacity 14536K, committed 14720K, reserved 1062912K
  class space    used 1754K, capacity 1844K, committed 1920K, reserved 1048576K
Event: 2.334 GC heap after
Heap after GC invocations=3 (full 0):
 PSYoungGen      total 33280K, used 4602K [0x00000000db300000, 0x00000000dd800000, 0x0000000100000000)
  eden space 28672K, 0% used [0x00000000db300000,0x00000000db300000,0x00000000dcf00000)
  from space 4608K, 99% used [0x00000000dcf00000,0x00000000dd37e8d0,0x00000000dd380000)
  to   space 4608K, 0% used [0x00000000dd380000,0x00000000dd380000,0x00000000dd800000)
 ParOldGen       total 76800K, used 4469K [0x0000000091800000, 0x0000000096300000, 0x00000000db300000)
  object space 76800K, 5% used [0x0000000091800000,0x0000000091c5d6f0,0x0000000096300000)
 Metaspace       used 14238K, capacity 14536K, committed 14720K, reserved 1062912K
  class space    used 1754K, capacity 1844K, committed 1920K, reserved 1048576K
}
Event: 3.529 GC heap before
{Heap before GC invocations=4 (full 0):
 PSYoungGen      total 33280K, used 33274K [0x00000000db300000, 0x00000000dd800000, 0x0000000100000000)
  eden space 28672K, 100% used [0x00000000db300000,0x00000000dcf00000,0x00000000dcf00000)
  from space 4608K, 99% used [0x00000000dcf00000,0x00000000dd37e8d0,0x00000000dd380000)
  to   space 4608K, 0% used [0x00000000dd380000,0x00000000dd380000,0x00000000dd800000)
 ParOldGen       total 76800K, used 4469K [0x0000000091800000, 0x0000000096300000, 0x00000000db300000)
  object space 76800K, 5% used [0x0000000091800000,0x0000000091c5d6f0,0x0000000096300000)
 Metaspace       used 15847K, capacity 16098K, committed 16384K, reserved 1062912K
  class space    used 1885K, capacity 1978K, committed 2048K, reserved 1048576K
Event: 3.536 GC heap after
Heap after GC invocations=4 (full 0):
 PSYoungGen      total 33280K, used 4587K [0x00000000db300000, 0x00000000dd800000, 0x0000000100000000)
  eden space 28672K, 0% used [0x00000000db300000,0x00000000db300000,0x00000000dcf00000)
  from space 4608K, 99% used [0x00000000dd380000,0x00000000dd7fac88,0x00000000dd800000)
  to   space 4608K, 0% used [0x00000000dcf00000,0x00000000dcf00000,0x00000000dd380000)
 ParOldGen       total 76800K, used 8034K [0x0000000091800000, 0x0000000096300000, 0x00000000db300000)
  object space 76800K, 10% used [0x0000000091800000,0x0000000091fd8a40,0x0000000096300000)
 Metaspace       used 15847K, capacity 16098K, committed 16384K, reserved 1062912K
  class space    used 1885K, capacity 1978K, committed 2048K, reserved 1048576K
}
Event: 4.218 GC heap before
{Heap before GC invocations=5 (full 0):
 PSYoungGen      total 33280K, used 33259K [0x00000000db300000, 0x00000000dd800000, 0x0000000100000000)
  eden space 28672K, 100% used [0x00000000db300000,0x00000000dcf00000,0x00000000dcf00000)
  from space 4608K, 99% used [0x00000000dd380000,0x00000000dd7fac88,0x00000000dd800000)
  to   space 4608K, 0% used [0x00000000dcf00000,0x00000000dcf00000,0x00000000dd380000)
 ParOldGen       total 76800K, used 8034K [0x0000000091800000, 0x0000000096300000, 0x00000000db300000)
  object space 76800K, 10% used [0x0000000091800000,0x0000000091fd8a40,0x0000000096300000)
 Metaspace       used 16124K, capacity 16450K, committed 16640K, reserved 1064960K
  class space    used 1897K, capacity 2010K, committed 2048K, reserved 1048576K
Event: 4.233 GC heap after
Heap after GC invocations=5 (full 0):
 PSYoungGen      total 33280K, used 4600K [0x00000000db300000, 0x00000000dfe00000, 0x0000000100000000)
  eden space 28672K, 0% used [0x00000000db300000,0x00000000db300000,0x00000000dcf00000)
  from space 4608K, 99% used [0x00000000dcf00000,0x00000000dd37e010,0x00000000dd380000)
  to   space 9728K, 0% used [0x00000000df480000,0x00000000df480000,0x00000000dfe00000)
 ParOldGen       total 76800K, used 12094K [0x0000000091800000, 0x0000000096300000, 0x00000000db300000)
  object space 76800K, 15% used [0x0000000091800000,0x00000000923cfac0,0x0000000096300000)
 Metaspace       used 16124K, capacity 16450K, committed 16640K, reserved 1064960K
  class space    used 1897K, capacity 2010K, committed 2048K, reserved 1048576K
}

Deoptimization events (10 events):
Event: 3.523 Thread 0x000001a1c14fb800 Uncommon trap: reason=null_check action=make_not_entrant pc=0x000001a1c3918b1c method=org.apache.maven.model.io.xpp3.MavenXpp3Reader.checkFieldWithDuplicate(Lorg/codehaus/plexus/util/xml/pull/XmlPullParser;Ljava/lang/String;Ljava/lang/String;Ljava/util/Se
Event: 3.907 Thread 0x000001a1c14fb800 Uncommon trap: reason=null_check action=make_not_entrant pc=0x000001a1c39a926c method=org.apache.maven.model.validation.DefaultModelValidator.validateEffectiveDependency(Lorg/apache/maven/model/building/ModelProblemCollector;Lorg/apache/maven/model/Depend
Event: 4.071 Thread 0x000001a1c14fb800 Uncommon trap: reason=unstable_if action=reinterpret pc=0x000001a1c3904ea0 method=org.codehaus.plexus.util.xml.pull.MXParser.nextImpl()I @ 972
Event: 4.101 Thread 0x000001a1c14fb800 Uncommon trap: reason=unstable_if action=reinterpret pc=0x000001a1c3365450 method=java.io.WinNTFileSystem.normalize(Ljava/lang/String;II)Ljava/lang/String; @ 128
Event: 4.166 Thread 0x000001a1c14fb800 Uncommon trap: reason=unstable_if action=reinterpret pc=0x000001a1c39be2f8 method=java.util.regex.Pattern$Curly.match(Ljava/util/regex/Matcher;ILjava/lang/CharSequence;)Z @ 45
Event: 4.240 Thread 0x000001a1c14fb800 Uncommon trap: reason=unstable_if action=reinterpret pc=0x000001a1c397f47c method=org.apache.maven.model.io.xpp3.MavenXpp3Reader.nextTag(Lorg/codehaus/plexus/util/xml/pull/XmlPullParser;)I @ 9
Event: 4.337 Thread 0x000001a1c14fb800 Uncommon trap: reason=unstable_if action=reinterpret pc=0x000001a1c3967954 method=org.codehaus.plexus.util.xml.pull.MXParser.parseAttribute()C @ 1002
Event: 4.377 Thread 0x000001a1c14fb800 Uncommon trap: reason=unstable_if action=reinterpret pc=0x000001a1c3a32c9c method=org.apache.maven.model.interpolation.StringVisitorModelInterpolator$ModelVisitor.visit(Lorg/apache/maven/model/Dependency;)V @ 17
Event: 4.433 Thread 0x000001a1c14fb800 Uncommon trap: reason=unstable_if action=reinterpret pc=0x000001a1c3a18ffc method=org.codehaus.plexus.util.xml.pull.MXParser.nextImpl()I @ 310
Event: 4.582 Thread 0x000001a1c14fb800 Uncommon trap: reason=unstable_if action=reinterpret pc=0x000001a1c3798bdc method=java.util.LinkedHashMap.afterNodeInsertion(Z)V @ 18

Classes redefined (0 events):
No events

Internal exceptions (10 events):
Event: 2.313 Thread 0x000001a1c14fb800 Exception <a 'java/lang/NullPointerException'> (0x00000000dce92390) thrown at [C:\wsjdk\Corretto8Src\installers\windows\zip\corretto-build\buildRoot\src\hotspot\src\share\vm\interpreter\linkResolver.cpp, line 1185]
Event: 2.313 Thread 0x000001a1c14fb800 Exception <a 'java/lang/NullPointerException'> (0x00000000dce925a8) thrown at [C:\wsjdk\Corretto8Src\installers\windows\zip\corretto-build\buildRoot\src\hotspot\src\share\vm\interpreter\linkResolver.cpp, line 1185]
Event: 2.314 Thread 0x000001a1c14fb800 Exception <a 'java/lang/NullPointerException'> (0x00000000dce9aa18) thrown at [C:\wsjdk\Corretto8Src\installers\windows\zip\corretto-build\buildRoot\src\hotspot\src\share\vm\interpreter\linkResolver.cpp, line 1185]
Event: 2.315 Thread 0x000001a1c14fb800 Exception <a 'java/lang/NullPointerException'> (0x00000000dce9ac30) thrown at [C:\wsjdk\Corretto8Src\installers\windows\zip\corretto-build\buildRoot\src\hotspot\src\share\vm\interpreter\linkResolver.cpp, line 1185]
Event: 2.315 Thread 0x000001a1c14fb800 Exception <a 'java/lang/NullPointerException'> (0x00000000dce9ae48) thrown at [C:\wsjdk\Corretto8Src\installers\windows\zip\corretto-build\buildRoot\src\hotspot\src\share\vm\interpreter\linkResolver.cpp, line 1185]
Event: 2.380 Thread 0x000001a1c14fb800 Implicit null exception at 0x000001a1c338e996 to 0x000001a1c338ed15
Event: 2.380 Thread 0x000001a1c14fb800 Implicit null exception at 0x000001a1c3358a56 to 0x000001a1c3358dd5
Event: 2.865 Thread 0x000001a1c14fb800 Implicit null exception at 0x000001a1c37dc833 to 0x000001a1c37ddb0d
Event: 3.523 Thread 0x000001a1c14fb800 Implicit null exception at 0x000001a1c39188b7 to 0x000001a1c3918afd
Event: 3.907 Thread 0x000001a1c14fb800 Implicit null exception at 0x000001a1c39a7fe0 to 0x000001a1c39a9261

Events (10 events):
Event: 4.377 Thread 0x000001a1c14fb800 DEOPT PACKING pc=0x000001a1c3a32c9c sp=0x00000038fc7fcf00
Event: 4.377 Thread 0x000001a1c14fb800 DEOPT UNPACKING pc=0x000001a1c31a5583 sp=0x00000038fc7fce90 mode 2
Event: 4.433 Thread 0x000001a1c14fb800 Uncommon trap: trap_request=0xffffff65 fr.pc=0x000001a1c3a18ffc
Event: 4.433 Thread 0x000001a1c14fb800 DEOPT PACKING pc=0x000001a1c3a18ffc sp=0x00000038fc7fc8a0
Event: 4.433 Thread 0x000001a1c14fb800 DEOPT UNPACKING pc=0x000001a1c31a5583 sp=0x00000038fc7fc810 mode 2
Event: 4.560 Thread 0x000001a1c14fb800 DEOPT PACKING pc=0x000001a1c3821e9f sp=0x00000038fc7fc990
Event: 4.560 Thread 0x000001a1c14fb800 DEOPT UNPACKING pc=0x000001a1c31a71d8 sp=0x00000038fc7fc6b0 mode 0
Event: 4.582 Thread 0x000001a1c14fb800 Uncommon trap: trap_request=0xffffff65 fr.pc=0x000001a1c3798bdc
Event: 4.582 Thread 0x000001a1c14fb800 DEOPT PACKING pc=0x000001a1c3798bdc sp=0x00000038fc7fc5d0
Event: 4.582 Thread 0x000001a1c14fb800 DEOPT UNPACKING pc=0x000001a1c31a5583 sp=0x00000038fc7fc558 mode 2


Dynamic libraries:
0x00007ff798c10000 - 0x00007ff798c4a000 	C:\Users\yangz\.jdks\corretto-1.8.0_292\bin\java.exe
0x00007ffa48400000 - 0x00007ffa485f0000 	C:\Windows\SYSTEM32\ntdll.dll
0x00007ffa47e10000 - 0x00007ffa47ec3000 	C:\Windows\System32\KERNEL32.DLL
0x00007ffa461c0000 - 0x00007ffa46466000 	C:\Windows\System32\KERNELBASE.dll
0x00007ffa47ed0000 - 0x00007ffa47f73000 	C:\Windows\System32\ADVAPI32.dll
0x00007ffa47f80000 - 0x00007ffa4801e000 	C:\Windows\System32\msvcrt.dll
0x00007ffa464a0000 - 0x00007ffa46537000 	C:\Windows\System32\sechost.dll
0x00007ffa47780000 - 0x00007ffa4789f000 	C:\Windows\System32\RPCRT4.dll
0x00007ffa46dd0000 - 0x00007ffa46f64000 	C:\Windows\System32\USER32.dll
0x00007ffa46470000 - 0x00007ffa46491000 	C:\Windows\System32\win32u.dll
0x00007ffa47de0000 - 0x00007ffa47e06000 	C:\Windows\System32\GDI32.dll
0x00007ffa45f70000 - 0x00007ffa46108000 	C:\Windows\System32\gdi32full.dll
0x00007ffa45370000 - 0x00007ffa4540e000 	C:\Windows\System32\msvcp_win.dll
0x00007ffa45bb0000 - 0x00007ffa45caa000 	C:\Windows\System32\ucrtbase.dll
0x00007ffa278d0000 - 0x00007ffa27b54000 	C:\Windows\WinSxS\amd64_microsoft.windows.common-controls_6595b64144ccf1df_6.0.18362.1801_none_9e79a739e46243f0\COMCTL32.dll
0x00007ffa47aa0000 - 0x00007ffa47dd6000 	C:\Windows\System32\combase.dll
0x00007ffa45cb0000 - 0x00007ffa45d34000 	C:\Windows\System32\bcryptPrimitives.dll
0x00007ffa46f80000 - 0x00007ffa46fae000 	C:\Windows\System32\IMM32.DLL
0x00007ffa26360000 - 0x00007ffa2644f000 	C:\Users\yangz\.jdks\corretto-1.8.0_292\jre\bin\msvcr120.dll
0x00007ffa262b0000 - 0x00007ffa26356000 	C:\Users\yangz\.jdks\corretto-1.8.0_292\jre\bin\msvcp120.dll
0x00000000695e0000 - 0x0000000069e4e000 	C:\Users\yangz\.jdks\corretto-1.8.0_292\jre\bin\server\jvm.dll
0x00007ffa48240000 - 0x00007ffa48248000 	C:\Windows\System32\PSAPI.DLL
0x00007ffa42db0000 - 0x00007ffa42dd4000 	C:\Windows\SYSTEM32\WINMM.dll
0x00007ffa35080000 - 0x00007ffa35089000 	C:\Windows\SYSTEM32\WSOCK32.dll
0x00007ffa3d990000 - 0x00007ffa3d99a000 	C:\Windows\SYSTEM32\VERSION.dll
0x00007ffa478a0000 - 0x00007ffa4790f000 	C:\Windows\System32\WS2_32.dll
0x00007ffa42d80000 - 0x00007ffa42dad000 	C:\Windows\SYSTEM32\WINMMBASE.dll
0x00007ffa45d40000 - 0x00007ffa45d8a000 	C:\Windows\System32\cfgmgr32.dll
0x00007ffa41bb0000 - 0x00007ffa41bbf000 	C:\Users\yangz\.jdks\corretto-1.8.0_292\jre\bin\verify.dll
0x00007ffa41b80000 - 0x00007ffa41ba9000 	C:\Users\yangz\.jdks\corretto-1.8.0_292\jre\bin\java.dll
0x00007ffa26290000 - 0x00007ffa262a6000 	C:\Users\yangz\.jdks\corretto-1.8.0_292\jre\bin\zip.dll
0x00007ffa46fb0000 - 0x00007ffa47697000 	C:\Windows\System32\SHELL32.dll
0x00007ffa479f0000 - 0x00007ffa47a99000 	C:\Windows\System32\shcore.dll
0x00007ffa45430000 - 0x00007ffa45bab000 	C:\Windows\System32\windows.storage.dll
0x00007ffa45300000 - 0x00007ffa4531e000 	C:\Windows\System32\profapi.dll
0x00007ffa45320000 - 0x00007ffa4536a000 	C:\Windows\System32\powrprof.dll
0x00007ffa452b0000 - 0x00007ffa452c0000 	C:\Windows\System32\UMPDC.dll
0x00007ffa47720000 - 0x00007ffa47772000 	C:\Windows\System32\shlwapi.dll
0x00007ffa452c0000 - 0x00007ffa452d1000 	C:\Windows\System32\kernel.appcore.dll
0x00007ffa45410000 - 0x00007ffa45427000 	C:\Windows\System32\cryptsp.dll
0x00007ffa44610000 - 0x00007ffa44643000 	C:\Windows\system32\rsaenh.dll
0x00007ffa45f40000 - 0x00007ffa45f66000 	C:\Windows\System32\bcrypt.dll
0x00007ffa451d0000 - 0x00007ffa451f5000 	C:\Windows\SYSTEM32\USERENV.dll
0x00007ffa44c60000 - 0x00007ffa44c6c000 	C:\Windows\SYSTEM32\CRYPTBASE.dll
0x00007ffa23980000 - 0x00007ffa2399a000 	C:\Users\yangz\.jdks\corretto-1.8.0_292\jre\bin\net.dll
0x00007ffa44a90000 - 0x00007ffa44af7000 	C:\Windows\system32\mswsock.dll
0x00007ffa447a0000 - 0x00007ffa447da000 	C:\Windows\SYSTEM32\IPHLPAPI.DLL
0x00007ffa48250000 - 0x00007ffa48258000 	C:\Windows\System32\NSI.dll
0x00007ffa3dbe0000 - 0x00007ffa3dbf6000 	C:\Windows\SYSTEM32\dhcpcsvc6.DLL
0x00007ffa3dbb0000 - 0x00007ffa3dbcc000 	C:\Windows\SYSTEM32\dhcpcsvc.DLL
0x00007ffa447e0000 - 0x00007ffa448aa000 	C:\Windows\SYSTEM32\DNSAPI.dll
0x00007ffa23540000 - 0x00007ffa23552000 	C:\Users\yangz\.jdks\corretto-1.8.0_292\jre\bin\nio.dll
0x00007ffa40ca0000 - 0x00007ffa40caa000 	C:\Users\yangz\AppData\Local\Temp\jansi-1.17.1-7031137937705910326.dll
0x00007ffa3f1f0000 - 0x00007ffa3f1fa000 	C:\Users\yangz\AppData\Local\Temp\jansi-1.17.1-7134774456607197587.dll

VM Arguments:
jvm_args: -Dmaven.multiModuleProjectDirectory=C:\Users\yangz\IdeaProjects\COVID-19\domain\Home\Home_Module -Dmaven.home=C:\Program Files\JetBrains\IntelliJ IDEA 2021.1.1\plugins\maven\lib\maven3 -Dclassworlds.conf=C:\Program Files\JetBrains\IntelliJ IDEA 2021.1.1\plugins\maven\lib\maven3\bin\m2.conf -Dmaven.ext.class.path=C:\Program Files\JetBrains\IntelliJ IDEA 2021.1.1\plugins\maven\lib\maven-event-listener.jar -Dfile.encoding=UTF-8 
java_command: org.codehaus.classworlds.Launcher -Didea.version=2021.1.1 -DskipTests=true install
java_class_path (initial): C:\Program Files\JetBrains\IntelliJ IDEA 2021.1.1\plugins\maven\lib\maven3\boot\plexus-classworlds-2.6.0.jar;C:\Program Files\JetBrains\IntelliJ IDEA 2021.1.1\plugins\maven\lib\maven3\boot\plexus-classworlds.license
Launcher Type: SUN_STANDARD

Environment Variables:
JAVA_HOME=D:\Java\jdk1.8.0_301
CLASSPATH=.;D:\Java\jdk1.8.0_301\lib\dt.jar;D:\Java\jdk1.8.0_301\lib\tools.jar
PATH=C:\Program Files (x86)\Common Files\Intel\Shared Libraries\redist\intel64\compiler;D:\Java\jdk1.8.0_301\jre\bin;D:\Java\jdk1.8.0_301bin;D:\Vmware\bin\;C:\Program Files\Common Files\Oracle\Java\javapath;C:\Program Files (x86)\Common Files\Oracle\Java\javapath;D:\apache-tomcat-9.0.44\bin;C:\Windows\system32;C:\Windows;C:\Windows\System32\Wbem;C:\Windows\System32\WindowsPowerShell\v1.0\;C:\Windows\System32\OpenSSH\;C:\Program Files (x86)\Microsoft SQL Server\150\DTS\Binn\;C:\Program Files\Azure Data Studio\bin;C:\Program Files\Microsoft SQL Server\Client SDK\ODBC\170\Tools\Binn\;C:\Program Files (x86)\Microsoft SQL Server\150\Tools\Binn\;C:\Program Files\Microsoft SQL Server\150\Tools\Binn\;C:\Program Files\Microsoft SQL Server\150\DTS\Binn\;C:\Program Files\Intel\WiFi\bin\;C:\Program Files\Common Files\Intel\WirelessCommon\;C:\sdk;C:\sdk\platform-tools;;D:\mysql-8.0.24-winx64bin;D:\apache-maven-3.8.1\bin;C:\Program Files\Common Files\Autodesk Shared\;C:\Program Files\Microsoft SQL Server\120\Tools\Binn\;C:\Program Files\Microsoft SQL Server\130\Tools\Binn\;D:\opencv3.4.1\opencv\build\x64\vc15\bin;"D:\apache-tomcat-7.0.109\bin;";"D:\apache-tomcat-7.0.109\lib;";D:\apache-jmeter-5.4.1\bin;D:\erl-23.0\bin;D:\nodejs\;D:\XShell7\;D:\Xftp7\;D:\Git\cmd;C:\Users\yangz\AppData\Local\Microsoft\WindowsApps;C:\Program Files\Azure Data Studio\bin;D:\idea\IntelliJ IDEA 2021.1.1\bin;;D:\Microsoft VS Code\bin;C:\Users\yangz\AppData\Roaming\npm;C:\Program Files\Bandizip\
USERNAME=yangz
OS=Windows_NT
PROCESSOR_IDENTIFIER=AMD64 Family 23 Model 17 Stepping 0, AuthenticAMD



---------------  S Y S T E M  ---------------

OS: Windows 10.0 , 64 bit Build 18362 (10.0.18362.1766)

CPU:total 8 (initial active 8) (8 cores per cpu, 1 threads per core) family 23 model 17 stepping 0, cmov, cx8, fxsr, mmx, sse, sse2, sse3, ssse3, sse4.1, sse4.2, popcnt, avx, avx2, aes, clmul, mmxext, 3dnowpref, lzcnt, sse4a, tsc, tscinvbit, tscinv, bmi1

Memory: 4k page, physical 7239248k(742776k free), swap 10178884k(4372k free)

vm_info: OpenJDK 64-Bit Server VM (25.292-b10) for windows-amd64 JRE (1.8.0_292-b10), built on Apr 14 2021 23:06:53 by "Administrator" with MS VC++ 12.0 (VS2013)

time: Thu Jan 13 11:34:41 2022
timezone: ?D1¨²¡À¨º¡Á?¨º¡À??
elapsed time: 4.657415 seconds (0d 0h 0m 4s)

