#
# There is insufficient memory for the Java Runtime Environment to continue.
# Native memory allocation (malloc) failed to allocate 32744 bytes for ChunkPool::allocate
# Possible reasons:
#   The system is out of physical RAM or swap space
#   The process is running with CompressedOops enabled, and the Java Heap may be blocking the growth of the native heap
# Possible solutions:
#   Reduce memory load on the system
#   Increase physical memory or swap space
#   Check if swap backing store is full
#   Decrease Java heap size (-Xmx/-Xms)
#   Decrease number of Java threads
#   Decrease Java thread stack sizes (-Xss)
#   Set larger code cache with -XX:ReservedCodeCacheSize=
#   JVM is running with Unscaled Compressed Oops mode in which the Java heap is
#     placed in the first 4GB address space. The Java Heap base address is the
#     maximum limit for the native heap growth. Please use -XX:HeapBaseMinAddress
#     to set the Java Heap base and to place the Java Heap above 4GB virtual address.
# This output file may be truncated or incomplete.
#
#  Out of Memory Error (allocation.cpp:272), pid=10056, tid=0x00000000000021e0
#
# JRE version: OpenJDK Runtime Environment (8.0_292-b10) (build 1.8.0_292-b10)
# Java VM: OpenJDK 64-Bit Server VM (25.292-b10 mixed mode windows-amd64 compressed oops)
# Failed to write core dump. Minidumps are not enabled by default on client versions of Windows
#

---------------  T H R E A D  ---------------

Current thread (0x00000280639bb800):  JavaThread "C2 CompilerThread0" daemon [_thread_in_native, id=8672, stack(0x000000b3b1400000,0x000000b3b1500000)]

Stack: [0x000000b3b1400000,0x000000b3b1500000]
[error occurred during error reporting (printing stack bounds), id 0xc0000005]

Native frames: (J=compiled Java code, j=interpreted, Vv=VM code, C=native code)


Current CompileTask:
C2:   7533 3999   !   4       com.google.inject.spi.InjectionPoint::getInjectionPoints (489 bytes)


---------------  P R O C E S S  ---------------

Java Threads: ( => current thread )
  0x000002806574a800 JavaThread "Service Thread" daemon [_thread_blocked, id=13212, stack(0x000000b3b1800000,0x000000b3b1900000)]
  0x00000280639c9000 JavaThread "C1 CompilerThread3" daemon [_thread_blocked, id=11780, stack(0x000000b3b1700000,0x000000b3b1800000)]
  0x00000280639c6000 JavaThread "C2 CompilerThread2" daemon [_thread_in_native, id=10196, stack(0x000000b3b1600000,0x000000b3b1700000)]
  0x00000280639c0000 JavaThread "C2 CompilerThread1" daemon [_thread_in_native, id=4720, stack(0x000000b3b1500000,0x000000b3b1600000)]
=>0x00000280639bb800 JavaThread "C2 CompilerThread0" daemon [_thread_in_native, id=8672, stack(0x000000b3b1400000,0x000000b3b1500000)]
  0x000002806395f800 JavaThread "Attach Listener" daemon [_thread_blocked, id=212, stack(0x000000b3b1300000,0x000000b3b1400000)]
  0x000002806395e800 JavaThread "Signal Dispatcher" daemon [_thread_blocked, id=1260, stack(0x000000b3b1200000,0x000000b3b1300000)]
  0x0000028063928000 JavaThread "Finalizer" daemon [_thread_blocked, id=8000, stack(0x000000b3b1100000,0x000000b3b1200000)]
  0x000002806391f800 JavaThread "Reference Handler" daemon [_thread_blocked, id=8892, stack(0x000000b3b1000000,0x000000b3b1100000)]
  0x000002804ddac000 JavaThread "main" [_thread_in_native, id=15484, stack(0x000000b3b0600000,0x000000b3b0700000)]

Other Threads:
  0x00000280638f4000 VMThread [stack: 0x000000b3b0f00000,0x000000b3b1000000] [id=3900]
  0x000002806574b000 WatcherThread [stack: 0x000000b3b1900000,0x000000b3b1a00000] [id=6268]

VM state:not at safepoint (normal execution)

VM Mutex/Monitor currently owned by a thread: None

heap address: 0x0000000091800000, size: 1768 MB, Compressed Oops mode: 32-bit
Narrow klass base: 0x0000000000000000, Narrow klass shift: 3
Compressed class space size: 1073741824 Address: 0x0000000100000000

Heap:
 PSYoungGen      total 56832K, used 48672K [0x00000000db300000, 0x00000000df500000, 0x0000000100000000)
  eden space 46080K, 99% used [0x00000000db300000,0x00000000ddfde1e0,0x00000000de000000)
  from space 10752K, 25% used [0x00000000de000000,0x00000000de2a9f40,0x00000000dea80000)
  to   space 10752K, 0% used [0x00000000dea80000,0x00000000dea80000,0x00000000df500000)
 ParOldGen       total 76800K, used 37579K [0x0000000091800000, 0x0000000096300000, 0x00000000db300000)
  object space 76800K, 48% used [0x0000000091800000,0x0000000093cb2ea8,0x0000000096300000)
 Metaspace       used 19037K, capacity 19698K, committed 19840K, reserved 1067008K
  class space    used 2173K, capacity 2311K, committed 2432K, reserved 1048576K

Card table byte_map: [0x000002805ee40000,0x000002805f1c0000] byte_map_base: 0x000002805e9b4000

Marking Bits: (ParMarkBitMap*) 0x0000000069dcf7f0
 Begin Bits: [0x000002805f410000, 0x0000028060fb0000)
 End Bits:   [0x0000028060fb0000, 0x0000028062b50000)

Polling page: 0x000002804dd60000

CodeCache: size=245760Kb used=13023Kb max_used=13825Kb free=232736Kb
 bounds [0x000002804fa80000, 0x0000028050820000, 0x000002805ea80000]
 total_blobs=3941 nmethods=3560 adapters=294
 compilation: enabled

Compilation events (10 events):
Event: 7.505 Thread 0x00000280639c9000 4020       3       org.codehaus.plexus.util.SelectorUtils::tokenizePath (38 bytes)
Event: 7.506 Thread 0x00000280639c9000 nmethod 4020 0x000002804fbe85d0 code [0x000002804fbe87a0, 0x000002804fbe8df0]
Event: 7.506 Thread 0x00000280639c9000 4021       3       org.codehaus.plexus.util.SelectorUtils::match (534 bytes)
Event: 7.509 Thread 0x00000280639c9000 nmethod 4021 0x000002804fbf4890 code [0x000002804fbf4b60, 0x000002804fbf6320]
Event: 7.509 Thread 0x00000280639c9000 4022       3       org.codehaus.plexus.util.AbstractScanner::matchPath (7 bytes)
Event: 7.509 Thread 0x00000280639c9000 nmethod 4022 0x000002804fbe8250 code [0x000002804fbe83c0, 0x000002804fbe8530]
Event: 7.509 Thread 0x00000280639c9000 4023       3       org.codehaus.plexus.util.SelectorUtils::matchPath (129 bytes)
Event: 7.510 Thread 0x00000280639c9000 nmethod 4023 0x0000028050117690 code [0x0000028050117960, 0x0000028050119480]
Event: 7.518 Thread 0x00000280639c9000 4025       1       org.fusesource.jansi.Ansi$Attribute::value (5 bytes)
Event: 7.519 Thread 0x00000280639c9000 nmethod 4025 0x000002804fbe7f90 code [0x000002804fbe80e0, 0x000002804fbe81f8]

GC Heap History (10 events):
Event: 4.617 GC heap before
{Heap before GC invocations=7 (full 0):
 PSYoungGen      total 33280K, used 33272K [0x00000000db300000, 0x00000000dd800000, 0x0000000100000000)
  eden space 28672K, 100% used [0x00000000db300000,0x00000000dcf00000,0x00000000dcf00000)
  from space 4608K, 99% used [0x00000000dd380000,0x00000000dd7fe050,0x00000000dd800000)
  to   space 4608K, 0% used [0x00000000dcf00000,0x00000000dcf00000,0x00000000dd380000)
 ParOldGen       total 76800K, used 16131K [0x0000000091800000, 0x0000000096300000, 0x00000000db300000)
  object space 76800K, 21% used [0x0000000091800000,0x00000000927c0f68,0x0000000096300000)
 Metaspace       used 16553K, capacity 16950K, committed 17152K, reserved 1064960K
  class space    used 1904K, capacity 2018K, committed 2048K, reserved 1048576K
Event: 4.626 GC heap after
Heap after GC invocations=7 (full 0):
 PSYoungGen      total 33280K, used 4592K [0x00000000db300000, 0x00000000dd800000, 0x0000000100000000)
  eden space 28672K, 0% used [0x00000000db300000,0x00000000db300000,0x00000000dcf00000)
  from space 4608K, 99% used [0x00000000dcf00000,0x00000000dd37c010,0x00000000dd380000)
  to   space 4608K, 0% used [0x00000000dd380000,0x00000000dd380000,0x00000000dd800000)
 ParOldGen       total 76800K, used 18840K [0x0000000091800000, 0x0000000096300000, 0x00000000db300000)
  object space 76800K, 24% used [0x0000000091800000,0x0000000092a66350,0x0000000096300000)
 Metaspace       used 16553K, capacity 16950K, committed 17152K, reserved 1064960K
  class space    used 1904K, capacity 2018K, committed 2048K, reserved 1048576K
}
Event: 4.996 GC heap before
{Heap before GC invocations=8 (full 0):
 PSYoungGen      total 33280K, used 33264K [0x00000000db300000, 0x00000000dd800000, 0x0000000100000000)
  eden space 28672K, 100% used [0x00000000db300000,0x00000000dcf00000,0x00000000dcf00000)
  from space 4608K, 99% used [0x00000000dcf00000,0x00000000dd37c010,0x00000000dd380000)
  to   space 4608K, 0% used [0x00000000dd380000,0x00000000dd380000,0x00000000dd800000)
 ParOldGen       total 76800K, used 18840K [0x0000000091800000, 0x0000000096300000, 0x00000000db300000)
  object space 76800K, 24% used [0x0000000091800000,0x0000000092a66350,0x0000000096300000)
 Metaspace       used 16660K, capacity 17014K, committed 17152K, reserved 1064960K
  class space    used 1907K, capacity 2018K, committed 2048K, reserved 1048576K
Event: 5.004 GC heap after
Heap after GC invocations=8 (full 0):
 PSYoungGen      total 33280K, used 4608K [0x00000000db300000, 0x00000000dd800000, 0x0000000100000000)
  eden space 28672K, 0% used [0x00000000db300000,0x00000000db300000,0x00000000dcf00000)
  from space 4608K, 100% used [0x00000000dd380000,0x00000000dd800000,0x00000000dd800000)
  to   space 4608K, 0% used [0x00000000dcf00000,0x00000000dcf00000,0x00000000dd380000)
 ParOldGen       total 76800K, used 23682K [0x0000000091800000, 0x0000000096300000, 0x00000000db300000)
  object space 76800K, 30% used [0x0000000091800000,0x0000000092f20be8,0x0000000096300000)
 Metaspace       used 16660K, capacity 17014K, committed 17152K, reserved 1064960K
  class space    used 1907K, capacity 2018K, committed 2048K, reserved 1048576K
}
Event: 5.377 GC heap before
{Heap before GC invocations=9 (full 0):
 PSYoungGen      total 33280K, used 33280K [0x00000000db300000, 0x00000000dd800000, 0x0000000100000000)
  eden space 28672K, 100% used [0x00000000db300000,0x00000000dcf00000,0x00000000dcf00000)
  from space 4608K, 100% used [0x00000000dd380000,0x00000000dd800000,0x00000000dd800000)
  to   space 4608K, 0% used [0x00000000dcf00000,0x00000000dcf00000,0x00000000dd380000)
 ParOldGen       total 76800K, used 23682K [0x0000000091800000, 0x0000000096300000, 0x00000000db300000)
  object space 76800K, 30% used [0x0000000091800000,0x0000000092f20be8,0x0000000096300000)
 Metaspace       used 16766K, capacity 17142K, committed 17408K, reserved 1064960K
  class space    used 1908K, capacity 2018K, committed 2048K, reserved 1048576K
Event: 5.383 GC heap after
Heap after GC invocations=9 (full 0):
 PSYoungGen      total 33280K, used 4608K [0x00000000db300000, 0x00000000df500000, 0x0000000100000000)
  eden space 28672K, 0% used [0x00000000db300000,0x00000000db300000,0x00000000dcf00000)
  from space 4608K, 100% used [0x00000000dcf00000,0x00000000dd380000,0x00000000dd380000)
  to   space 10752K, 0% used [0x00000000dea80000,0x00000000dea80000,0x00000000df500000)
 ParOldGen       total 76800K, used 28115K [0x0000000091800000, 0x0000000096300000, 0x00000000db300000)
  object space 76800K, 36% used [0x0000000091800000,0x0000000093374ca0,0x0000000096300000)
 Metaspace       used 16766K, capacity 17142K, committed 17408K, reserved 1064960K
  class space    used 1908K, capacity 2018K, committed 2048K, reserved 1048576K
}
Event: 5.692 GC heap before
{Heap before GC invocations=10 (full 0):
 PSYoungGen      total 33280K, used 33280K [0x00000000db300000, 0x00000000df500000, 0x0000000100000000)
  eden space 28672K, 100% used [0x00000000db300000,0x00000000dcf00000,0x00000000dcf00000)
  from space 4608K, 100% used [0x00000000dcf00000,0x00000000dd380000,0x00000000dd380000)
  to   space 10752K, 0% used [0x00000000dea80000,0x00000000dea80000,0x00000000df500000)
 ParOldGen       total 76800K, used 28115K [0x0000000091800000, 0x0000000096300000, 0x00000000db300000)
  object space 76800K, 36% used [0x0000000091800000,0x0000000093374ca0,0x0000000096300000)
 Metaspace       used 16805K, capacity 17148K, committed 17408K, reserved 1064960K
  class space    used 1908K, capacity 2019K, committed 2048K, reserved 1048576K
Event: 5.699 GC heap after
Heap after GC invocations=10 (full 0):
 PSYoungGen      total 56832K, used 7552K [0x00000000db300000, 0x00000000df500000, 0x0000000100000000)
  eden space 46080K, 0% used [0x00000000db300000,0x00000000db300000,0x00000000de000000)
  from space 10752K, 70% used [0x00000000dea80000,0x00000000df1e0000,0x00000000df500000)
  to   space 10752K, 0% used [0x00000000de000000,0x00000000de000000,0x00000000dea80000)
 ParOldGen       total 76800K, used 30249K [0x0000000091800000, 0x0000000096300000, 0x00000000db300000)
  object space 76800K, 39% used [0x0000000091800000,0x000000009358a6a0,0x0000000096300000)
 Metaspace       used 16805K, capacity 17148K, committed 17408K, reserved 1064960K
  class space    used 1908K, capacity 2019K, committed 2048K, reserved 1048576K
}
Event: 6.767 GC heap before
{Heap before GC invocations=11 (full 0):
 PSYoungGen      total 56832K, used 53632K [0x00000000db300000, 0x00000000df500000, 0x0000000100000000)
  eden space 46080K, 100% used [0x00000000db300000,0x00000000de000000,0x00000000de000000)
  from space 10752K, 70% used [0x00000000dea80000,0x00000000df1e0000,0x00000000df500000)
  to   space 10752K, 0% used [0x00000000de000000,0x00000000de000000,0x00000000dea80000)
 ParOldGen       total 76800K, used 30249K [0x0000000091800000, 0x0000000096300000, 0x00000000db300000)
  object space 76800K, 39% used [0x0000000091800000,0x000000009358a6a0,0x0000000096300000)
 Metaspace       used 17651K, capacity 18138K, committed 18304K, reserved 1064960K
  class space    used 2001K, capacity 2092K, committed 2176K, reserved 1048576K
Event: 6.775 GC heap after
Heap after GC invocations=11 (full 0):
 PSYoungGen      total 56832K, used 2727K [0x00000000db300000, 0x00000000df500000, 0x0000000100000000)
  eden space 46080K, 0% used [0x00000000db300000,0x00000000db300000,0x00000000de000000)
  from space 10752K, 25% used [0x00000000de000000,0x00000000de2a9f40,0x00000000dea80000)
  to   space 10752K, 0% used [0x00000000dea80000,0x00000000dea80000,0x00000000df500000)
 ParOldGen       total 76800K, used 37579K [0x0000000091800000, 0x0000000096300000, 0x00000000db300000)
  object space 76800K, 48% used [0x0000000091800000,0x0000000093cb2ea8,0x0000000096300000)
 Metaspace       used 17651K, capacity 18138K, committed 18304K, reserved 1064960K
  class space    used 2001K, capacity 2092K, committed 2176K, reserved 1048576K
}

Deoptimization events (10 events):
Event: 7.047 Thread 0x000002804ddac000 Uncommon trap: reason=array_check action=maybe_recompile pc=0x000002804fd306a4 method=java.util.TimSort.binarySort([Ljava/lang/Object;IIILjava/util/Comparator;)V @ 193
Event: 7.047 Thread 0x000002804ddac000 Uncommon trap: reason=array_check action=maybe_recompile pc=0x000002804fd3076c method=java.util.TimSort.binarySort([Ljava/lang/Object;IIILjava/util/Comparator;)V @ 183
Event: 7.047 Thread 0x000002804ddac000 Uncommon trap: reason=array_check action=maybe_recompile pc=0x000002804fd306a4 method=java.util.TimSort.binarySort([Ljava/lang/Object;IIILjava/util/Comparator;)V @ 193
Event: 7.067 Thread 0x000002804ddac000 Uncommon trap: reason=class_check action=maybe_recompile pc=0x00000280504f87cc method=org.eclipse.sisu.wire.EntryListAdapter$ValueIterator.next()Ljava/lang/Object; @ 4
Event: 7.121 Thread 0x000002804ddac000 Uncommon trap: reason=unstable_if action=reinterpret pc=0x00000280500c9c54 method=java.nio.charset.CharsetEncoder.encode(Ljava/nio/CharBuffer;Ljava/nio/ByteBuffer;Z)Ljava/nio/charset/CoderResult; @ 1
Event: 7.121 Thread 0x000002804ddac000 Uncommon trap: reason=class_check action=maybe_recompile pc=0x000002805012c9e4 method=sun.nio.cs.StreamEncoder.writeBytes()V @ 120
Event: 7.122 Thread 0x000002804ddac000 Uncommon trap: reason=class_check action=maybe_recompile pc=0x00000280504f87cc method=org.eclipse.sisu.wire.EntryListAdapter$ValueIterator.next()Ljava/lang/Object; @ 4
Event: 7.125 Thread 0x000002804ddac000 Uncommon trap: reason=unstable_if action=reinterpret pc=0x000002804fe678f0 method=java.util.concurrent.ConcurrentHashMap.putVal(Ljava/lang/Object;Ljava/lang/Object;Z)Ljava/lang/Object; @ 206
Event: 7.483 Thread 0x000002804ddac000 Uncommon trap: reason=class_check action=maybe_recompile pc=0x00000280501216d0 method=org.apache.maven.model.ModelBase.clone()Lorg/apache/maven/model/ModelBase; @ 119
Event: 7.491 Thread 0x000002804ddac000 Uncommon trap: reason=unstable_if action=reinterpret pc=0x00000280500a2a34 method=java.util.Properties.load0(Ljava/util/Properties$LineReader;)V @ 145

Classes redefined (0 events):
No events

Internal exceptions (10 events):
Event: 2.875 Thread 0x000002804ddac000 Exception <a 'java/lang/NullPointerException'> (0x00000000dceabd58) thrown at [C:\wsjdk\Corretto8Src\installers\windows\zip\corretto-build\buildRoot\src\hotspot\src\share\vm\interpreter\linkResolver.cpp, line 1185]
Event: 2.875 Thread 0x000002804ddac000 Exception <a 'java/lang/NullPointerException'> (0x00000000dceabf70) thrown at [C:\wsjdk\Corretto8Src\installers\windows\zip\corretto-build\buildRoot\src\hotspot\src\share\vm\interpreter\linkResolver.cpp, line 1185]
Event: 2.933 Thread 0x000002804ddac000 Implicit null exception at 0x000002804fc9fd14 to 0x000002804fca00ed
Event: 2.933 Thread 0x000002804ddac000 Implicit null exception at 0x000002804fc7e556 to 0x000002804fc7e8d5
Event: 3.192 Thread 0x000002804ddac000 Implicit null exception at 0x00000280501343b3 to 0x0000028050135691
Event: 3.474 Thread 0x000002804ddac000 Implicit null exception at 0x0000028050221e77 to 0x00000280502220bd
Event: 3.664 Thread 0x000002804ddac000 Implicit null exception at 0x00000280502cdca0 to 0x00000280502cef05
Event: 5.746 Thread 0x000002804ddac000 Implicit null exception at 0x00000280506f7e76 to 0x00000280506f8105
Event: 5.748 Thread 0x000002804ddac000 Implicit null exception at 0x000002804fed5faf to 0x000002804fed6019
Event: 6.249 Thread 0x000002804ddac000 Implicit null exception at 0x00000280505f4ec8 to 0x00000280505f54ed

Events (10 events):
Event: 7.500 loading class org/codehaus/plexus/util/AbstractScanner
Event: 7.500 loading class org/codehaus/plexus/util/AbstractScanner done
Event: 7.501 loading class org/codehaus/plexus/util/Scanner
Event: 7.501 loading class org/codehaus/plexus/util/Scanner done
Event: 7.501 loading class org/codehaus/plexus/util/Scanner
Event: 7.501 loading class org/codehaus/plexus/util/Scanner done
Event: 7.502 loading class org/codehaus/plexus/util/SelectorUtils
Event: 7.502 loading class org/codehaus/plexus/util/SelectorUtils done
Event: 7.502 loading class org/codehaus/plexus/util/SelectorUtils
Event: 7.502 loading class org/codehaus/plexus/util/SelectorUtils done


Dynamic libraries:
0x00007ff798c10000 - 0x00007ff798c4a000 	C:\Users\yangz\.jdks\corretto-1.8.0_292\bin\java.exe
0x00007ffa48400000 - 0x00007ffa485f0000 	C:\Windows\SYSTEM32\ntdll.dll
0x00007ffa47e10000 - 0x00007ffa47ec3000 	C:\Windows\System32\KERNEL32.DLL
0x00007ffa461c0000 - 0x00007ffa46466000 	C:\Windows\System32\KERNELBASE.dll
0x00007ffa47ed0000 - 0x00007ffa47f73000 	C:\Windows\System32\ADVAPI32.dll
0x00007ffa47f80000 - 0x00007ffa4801e000 	C:\Windows\System32\msvcrt.dll
0x00007ffa464a0000 - 0x00007ffa46537000 	C:\Windows\System32\sechost.dll
0x00007ffa47780000 - 0x00007ffa4789f000 	C:\Windows\System32\RPCRT4.dll
0x00007ffa46dd0000 - 0x00007ffa46f64000 	C:\Windows\System32\USER32.dll
0x00007ffa46470000 - 0x00007ffa46491000 	C:\Windows\System32\win32u.dll
0x00007ffa47de0000 - 0x00007ffa47e06000 	C:\Windows\System32\GDI32.dll
0x00007ffa45f70000 - 0x00007ffa46108000 	C:\Windows\System32\gdi32full.dll
0x00007ffa45370000 - 0x00007ffa4540e000 	C:\Windows\System32\msvcp_win.dll
0x00007ffa45bb0000 - 0x00007ffa45caa000 	C:\Windows\System32\ucrtbase.dll
0x00007ffa278d0000 - 0x00007ffa27b54000 	C:\Windows\WinSxS\amd64_microsoft.windows.common-controls_6595b64144ccf1df_6.0.18362.1801_none_9e79a739e46243f0\COMCTL32.dll
0x00007ffa47aa0000 - 0x00007ffa47dd6000 	C:\Windows\System32\combase.dll
0x00007ffa45cb0000 - 0x00007ffa45d34000 	C:\Windows\System32\bcryptPrimitives.dll
0x00007ffa46f80000 - 0x00007ffa46fae000 	C:\Windows\System32\IMM32.DLL
0x00007ffa26360000 - 0x00007ffa2644f000 	C:\Users\yangz\.jdks\corretto-1.8.0_292\jre\bin\msvcr120.dll
0x00007ffa262b0000 - 0x00007ffa26356000 	C:\Users\yangz\.jdks\corretto-1.8.0_292\jre\bin\msvcp120.dll
0x00000000695e0000 - 0x0000000069e4e000 	C:\Users\yangz\.jdks\corretto-1.8.0_292\jre\bin\server\jvm.dll
0x00007ffa48240000 - 0x00007ffa48248000 	C:\Windows\System32\PSAPI.DLL
0x00007ffa42db0000 - 0x00007ffa42dd4000 	C:\Windows\SYSTEM32\WINMM.dll
0x00007ffa3d990000 - 0x00007ffa3d99a000 	C:\Windows\SYSTEM32\VERSION.dll
0x00007ffa42d80000 - 0x00007ffa42dad000 	C:\Windows\SYSTEM32\WINMMBASE.dll
0x00007ffa45d40000 - 0x00007ffa45d8a000 	C:\Windows\System32\cfgmgr32.dll
0x00007ffa35080000 - 0x00007ffa35089000 	C:\Windows\SYSTEM32\WSOCK32.dll
0x00007ffa478a0000 - 0x00007ffa4790f000 	C:\Windows\System32\WS2_32.dll
0x00007ffa41bb0000 - 0x00007ffa41bbf000 	C:\Users\yangz\.jdks\corretto-1.8.0_292\jre\bin\verify.dll
0x00007ffa41b80000 - 0x00007ffa41ba9000 	C:\Users\yangz\.jdks\corretto-1.8.0_292\jre\bin\java.dll
0x00007ffa26290000 - 0x00007ffa262a6000 	C:\Users\yangz\.jdks\corretto-1.8.0_292\jre\bin\zip.dll
0x00007ffa46fb0000 - 0x00007ffa47697000 	C:\Windows\System32\SHELL32.dll
0x00007ffa479f0000 - 0x00007ffa47a99000 	C:\Windows\System32\shcore.dll
0x00007ffa45430000 - 0x00007ffa45bab000 	C:\Windows\System32\windows.storage.dll
0x00007ffa45300000 - 0x00007ffa4531e000 	C:\Windows\System32\profapi.dll
0x00007ffa45320000 - 0x00007ffa4536a000 	C:\Windows\System32\powrprof.dll
0x00007ffa452b0000 - 0x00007ffa452c0000 	C:\Windows\System32\UMPDC.dll
0x00007ffa47720000 - 0x00007ffa47772000 	C:\Windows\System32\shlwapi.dll
0x00007ffa452c0000 - 0x00007ffa452d1000 	C:\Windows\System32\kernel.appcore.dll
0x00007ffa45410000 - 0x00007ffa45427000 	C:\Windows\System32\cryptsp.dll
0x00007ffa44610000 - 0x00007ffa44643000 	C:\Windows\system32\rsaenh.dll
0x00007ffa45f40000 - 0x00007ffa45f66000 	C:\Windows\System32\bcrypt.dll
0x00007ffa451d0000 - 0x00007ffa451f5000 	C:\Windows\SYSTEM32\USERENV.dll
0x00007ffa44c60000 - 0x00007ffa44c6c000 	C:\Windows\SYSTEM32\CRYPTBASE.dll
0x00007ffa23980000 - 0x00007ffa2399a000 	C:\Users\yangz\.jdks\corretto-1.8.0_292\jre\bin\net.dll
0x00007ffa44a90000 - 0x00007ffa44af7000 	C:\Windows\system32\mswsock.dll
0x00007ffa447a0000 - 0x00007ffa447da000 	C:\Windows\SYSTEM32\IPHLPAPI.DLL
0x00007ffa48250000 - 0x00007ffa48258000 	C:\Windows\System32\NSI.dll
0x00007ffa3dbe0000 - 0x00007ffa3dbf6000 	C:\Windows\SYSTEM32\dhcpcsvc6.DLL
0x00007ffa3dbb0000 - 0x00007ffa3dbcc000 	C:\Windows\SYSTEM32\dhcpcsvc.DLL
0x00007ffa447e0000 - 0x00007ffa448aa000 	C:\Windows\SYSTEM32\DNSAPI.dll
0x00007ffa23540000 - 0x00007ffa23552000 	C:\Users\yangz\.jdks\corretto-1.8.0_292\jre\bin\nio.dll
0x00007ffa40ca0000 - 0x00007ffa40caa000 	C:\Users\yangz\AppData\Local\Temp\jansi-1.17.1-2201420471632786724.dll
0x00007ffa3f1f0000 - 0x00007ffa3f1fa000 	C:\Users\yangz\AppData\Local\Temp\jansi-1.17.1-4957532478584192765.dll

VM Arguments:
jvm_args: -Dmaven.multiModuleProjectDirectory=C:\Users\yangz\IdeaProjects\COVID-19\domain\Home\Home_Module -Dmaven.home=C:\Program Files\JetBrains\IntelliJ IDEA 2021.1.1\plugins\maven\lib\maven3 -Dclassworlds.conf=C:\Program Files\JetBrains\IntelliJ IDEA 2021.1.1\plugins\maven\lib\maven3\bin\m2.conf -Dmaven.ext.class.path=C:\Program Files\JetBrains\IntelliJ IDEA 2021.1.1\plugins\maven\lib\maven-event-listener.jar -Dfile.encoding=UTF-8 
java_command: org.codehaus.classworlds.Launcher -Didea.version=2021.1.1 -DskipTests=true install
java_class_path (initial): C:\Program Files\JetBrains\IntelliJ IDEA 2021.1.1\plugins\maven\lib\maven3\boot\plexus-classworlds-2.6.0.jar;C:\Program Files\JetBrains\IntelliJ IDEA 2021.1.1\plugins\maven\lib\maven3\boot\plexus-classworlds.license
Launcher Type: SUN_STANDARD

Environment Variables:
JAVA_HOME=D:\Java\jdk1.8.0_301
CLASSPATH=.;D:\Java\jdk1.8.0_301\lib\dt.jar;D:\Java\jdk1.8.0_301\lib\tools.jar
PATH=C:\Program Files (x86)\Common Files\Intel\Shared Libraries\redist\intel64\compiler;D:\Java\jdk1.8.0_301\jre\bin;D:\Java\jdk1.8.0_301bin;D:\Vmware\bin\;C:\Program Files\Common Files\Oracle\Java\javapath;C:\Program Files (x86)\Common Files\Oracle\Java\javapath;D:\apache-tomcat-9.0.44\bin;C:\Windows\system32;C:\Windows;C:\Windows\System32\Wbem;C:\Windows\System32\WindowsPowerShell\v1.0\;C:\Windows\System32\OpenSSH\;C:\Program Files (x86)\Microsoft SQL Server\150\DTS\Binn\;C:\Program Files\Azure Data Studio\bin;C:\Program Files\Microsoft SQL Server\Client SDK\ODBC\170\Tools\Binn\;C:\Program Files (x86)\Microsoft SQL Server\150\Tools\Binn\;C:\Program Files\Microsoft SQL Server\150\Tools\Binn\;C:\Program Files\Microsoft SQL Server\150\DTS\Binn\;C:\Program Files\Intel\WiFi\bin\;C:\Program Files\Common Files\Intel\WirelessCommon\;C:\sdk;C:\sdk\platform-tools;;D:\mysql-8.0.24-winx64bin;D:\apache-maven-3.8.1\bin;C:\Program Files\Common Files\Autodesk Shared\;C:\Program Files\Microsoft SQL Server\120\Tools\Binn\;C:\Program Files\Microsoft SQL Server\130\Tools\Binn\;D:\opencv3.4.1\opencv\build\x64\vc15\bin;"D:\apache-tomcat-7.0.109\bin;";"D:\apache-tomcat-7.0.109\lib;";D:\apache-jmeter-5.4.1\bin;D:\erl-23.0\bin;D:\nodejs\;D:\XShell7\;D:\Xftp7\;D:\Git\cmd;C:\Users\yangz\AppData\Local\Microsoft\WindowsApps;C:\Program Files\Azure Data Studio\bin;D:\idea\IntelliJ IDEA 2021.1.1\bin;;D:\Microsoft VS Code\bin;C:\Users\yangz\AppData\Roaming\npm;C:\Program Files\Bandizip\
USERNAME=yangz
OS=Windows_NT
PROCESSOR_IDENTIFIER=AMD64 Family 23 Model 17 Stepping 0, AuthenticAMD



---------------  S Y S T E M  ---------------

OS: Windows 10.0 , 64 bit Build 18362 (10.0.18362.1766)

CPU:total 8 (initial active 8) (8 cores per cpu, 1 threads per core) family 23 model 17 stepping 0, cmov, cx8, fxsr, mmx, sse, sse2, sse3, ssse3, sse4.1, sse4.2, popcnt, avx, avx2, aes, clmul, mmxext, 3dnowpref, lzcnt, sse4a, tsc, tscinvbit, tscinv, bmi1

Memory: 4k page, physical 7239248k(314356k free), swap 10178884k(5272k free)

vm_info: OpenJDK 64-Bit Server VM (25.292-b10) for windows-amd64 JRE (1.8.0_292-b10), built on Apr 14 2021 23:06:53 by "Administrator" with MS VC++ 12.0 (VS2013)

time: Thu Jan 13 11:33:29 2022
timezone: ?D1¨²¡À¨º¡Á?¨º¡À??
elapsed time: 7.550024 seconds (0d 0h 0m 7s)

