#
# There is insufficient memory for the Java Runtime Environment to continue.
# Native memory allocation (malloc) failed to allocate 1055056 bytes for Chunk::new
# Possible reasons:
#   The system is out of physical RAM or swap space
#   The process is running with CompressedOops enabled, and the Java Heap may be blocking the growth of the native heap
# Possible solutions:
#   Reduce memory load on the system
#   Increase physical memory or swap space
#   Check if swap backing store is full
#   Decrease Java heap size (-Xmx/-Xms)
#   Decrease number of Java threads
#   Decrease Java thread stack sizes (-Xss)
#   Set larger code cache with -XX:ReservedCodeCacheSize=
#   JVM is running with Unscaled Compressed Oops mode in which the Java heap is
#     placed in the first 4GB address space. The Java Heap base address is the
#     maximum limit for the native heap growth. Please use -XX:HeapBaseMinAddress
#     to set the Java Heap base and to place the Java Heap above 4GB virtual address.
# This output file may be truncated or incomplete.
#
#  Out of Memory Error (allocation.cpp:389), pid=16812, tid=0x0000000000003ea4
#
# JRE version: OpenJDK Runtime Environment (8.0_292-b10) (build 1.8.0_292-b10)
# Java VM: OpenJDK 64-Bit Server VM (25.292-b10 mixed mode windows-amd64 compressed oops)
# Failed to write core dump. Minidumps are not enabled by default on client versions of Windows
#

---------------  T H R E A D  ---------------

Current thread (0x0000021bba436000):  JavaThread "C2 CompilerThread1" daemon [_thread_in_native, id=16036, stack(0x000000dbc4e00000,0x000000dbc4f00000)]

Stack: [0x000000dbc4e00000,0x000000dbc4f00000]
[error occurred during error reporting (printing stack bounds), id 0xc0000005]

Native frames: (J=compiled Java code, j=interpreted, Vv=VM code, C=native code)


Current CompileTask:
C2:   7196 4004   !   4       com.google.inject.spi.InjectionPoint::getInjectionPoints (489 bytes)


---------------  P R O C E S S  ---------------

Java Threads: ( => current thread )
  0x0000021bbc235000 JavaThread "Service Thread" daemon [_thread_blocked, id=17048, stack(0x000000dbc5100000,0x000000dbc5200000)]
  0x0000021bba43a000 JavaThread "C1 CompilerThread3" daemon [_thread_blocked, id=13152, stack(0x000000dbc5000000,0x000000dbc5100000)]
  0x0000021bba436800 JavaThread "C2 CompilerThread2" daemon [_thread_in_native, id=8040, stack(0x000000dbc4f00000,0x000000dbc5000000)]
=>0x0000021bba436000 JavaThread "C2 CompilerThread1" daemon [_thread_in_native, id=16036, stack(0x000000dbc4e00000,0x000000dbc4f00000)]
  0x0000021bba434800 JavaThread "C2 CompilerThread0" daemon [_thread_in_native, id=6844, stack(0x000000dbc4d00000,0x000000dbc4e00000)]
  0x0000021bba41e800 JavaThread "Attach Listener" daemon [_thread_blocked, id=6336, stack(0x000000dbc4c00000,0x000000dbc4d00000)]
  0x0000021bba3c9000 JavaThread "Signal Dispatcher" daemon [_thread_blocked, id=5460, stack(0x000000dbc4b00000,0x000000dbc4c00000)]
  0x0000021bba397800 JavaThread "Finalizer" daemon [_thread_blocked, id=6296, stack(0x000000dbc4a00000,0x000000dbc4b00000)]
  0x0000021bba38f800 JavaThread "Reference Handler" daemon [_thread_blocked, id=6544, stack(0x000000dbc4900000,0x000000dbc4a00000)]
  0x0000021ba482d000 JavaThread "main" [_thread_in_native, id=5432, stack(0x000000dbc3f00000,0x000000dbc4000000)]

Other Threads:
  0x0000021bba364000 VMThread [stack: 0x000000dbc4800000,0x000000dbc4900000] [id=10496]
  0x0000021bbc1ed000 WatcherThread [stack: 0x000000dbc5200000,0x000000dbc5300000] [id=15768]

VM state:not at safepoint (normal execution)

VM Mutex/Monitor currently owned by a thread: None

heap address: 0x0000000091800000, size: 1768 MB, Compressed Oops mode: 32-bit
Narrow klass base: 0x0000000000000000, Narrow klass shift: 3
Compressed class space size: 1073741824 Address: 0x0000000100000000

Heap:
 PSYoungGen      total 67072K, used 64525K [0x00000000db300000, 0x00000000dff00000, 0x0000000100000000)
  eden space 56832K, 95% used [0x00000000db300000,0x00000000de8037e0,0x00000000dea80000)
  from space 10240K, 100% used [0x00000000dea80000,0x00000000df480000,0x00000000df480000)
  to   space 9728K, 0% used [0x00000000df480000,0x00000000df480000,0x00000000dfe00000)
 ParOldGen       total 76800K, used 30548K [0x0000000091800000, 0x0000000096300000, 0x00000000db300000)
  object space 76800K, 39% used [0x0000000091800000,0x00000000935d5200,0x0000000096300000)
 Metaspace       used 19057K, capacity 19704K, committed 19840K, reserved 1067008K
  class space    used 2173K, capacity 2312K, committed 2432K, reserved 1048576K

Card table byte_map: [0x0000021bb5880000,0x0000021bb5c00000] byte_map_base: 0x0000021bb53f4000

Marking Bits: (ParMarkBitMap*) 0x0000000069dcf7f0
 Begin Bits: [0x0000021bb5e50000, 0x0000021bb79f0000)
 End Bits:   [0x0000021bb79f0000, 0x0000021bb9590000)

Polling page: 0x0000021ba47e0000

CodeCache: size=245760Kb used=12796Kb max_used=14260Kb free=232963Kb
 bounds [0x0000021ba64c0000, 0x0000021ba72c0000, 0x0000021bb54c0000]
 total_blobs=3915 nmethods=3534 adapters=294
 compilation: enabled

Compilation events (10 events):
Event: 7.138 Thread 0x0000021bba43a000 nmethod 4050 0x0000021ba6ae6b90 code [0x0000021ba6ae7160, 0x0000021ba6aeb4c0]
Event: 7.143 Thread 0x0000021bba436800 4051   !   4       org.apache.maven.model.Model::clone (502 bytes)
Event: 7.144 Thread 0x0000021bba43a000 4052       1       org.eclipse.aether.resolution.VersionRangeRequest::setTrace (7 bytes)
Event: 7.144 Thread 0x0000021bba43a000 nmethod 4052 0x0000021ba6d71c10 code [0x0000021ba6d71d60, 0x0000021ba6d71e98]
Event: 7.177 Thread 0x0000021bba43a000 4053       3       org.apache.maven.model.io.xpp3.MavenXpp3Reader::parseActivation (278 bytes)
Event: 7.180 Thread 0x0000021bba43a000 nmethod 4053 0x0000021ba6af1890 code [0x0000021ba6af1d00, 0x0000021ba6af4040]
Event: 7.180 Thread 0x0000021bba43a000 4054   !   3       org.apache.maven.repository.internal.DefaultModelResolver::resolveModel (107 bytes)
Event: 7.181 Thread 0x0000021bba43a000 nmethod 4054 0x0000021ba6650a10 code [0x0000021ba6650ca0, 0x0000021ba6651c30]
Event: 7.182 Thread 0x0000021bba43a000 4055       3       org.apache.maven.repository.internal.DefaultModelCache::put (28 bytes)
Event: 7.183 Thread 0x0000021bba43a000 nmethod 4055 0x0000021ba6654990 code [0x0000021ba6654b40, 0x0000021ba6655010]

GC Heap History (10 events):
Event: 3.347 GC heap before
{Heap before GC invocations=5 (full 0):
 PSYoungGen      total 33280K, used 33259K [0x00000000db300000, 0x00000000dd800000, 0x0000000100000000)
  eden space 28672K, 100% used [0x00000000db300000,0x00000000dcf00000,0x00000000dcf00000)
  from space 4608K, 99% used [0x00000000dd380000,0x00000000dd7fac88,0x00000000dd800000)
  to   space 4608K, 0% used [0x00000000dcf00000,0x00000000dcf00000,0x00000000dd380000)
 ParOldGen       total 76800K, used 8483K [0x0000000091800000, 0x0000000096300000, 0x00000000db300000)
  object space 76800K, 11% used [0x0000000091800000,0x0000000092048d58,0x0000000096300000)
 Metaspace       used 16090K, capacity 16386K, committed 16640K, reserved 1064960K
  class space    used 1898K, capacity 2010K, committed 2048K, reserved 1048576K
Event: 3.355 GC heap after
Heap after GC invocations=5 (full 0):
 PSYoungGen      total 33280K, used 4600K [0x00000000db300000, 0x00000000dfe00000, 0x0000000100000000)
  eden space 28672K, 0% used [0x00000000db300000,0x00000000db300000,0x00000000dcf00000)
  from space 4608K, 99% used [0x00000000dcf00000,0x00000000dd37e030,0x00000000dd380000)
  to   space 9728K, 0% used [0x00000000df480000,0x00000000df480000,0x00000000dfe00000)
 ParOldGen       total 76800K, used 12394K [0x0000000091800000, 0x0000000096300000, 0x00000000db300000)
  object space 76800K, 16% used [0x0000000091800000,0x000000009241aad8,0x0000000096300000)
 Metaspace       used 16090K, capacity 16386K, committed 16640K, reserved 1064960K
  class space    used 1898K, capacity 2010K, committed 2048K, reserved 1048576K
}
Event: 3.732 GC heap before
{Heap before GC invocations=6 (full 0):
 PSYoungGen      total 33280K, used 33272K [0x00000000db300000, 0x00000000dfe00000, 0x0000000100000000)
  eden space 28672K, 100% used [0x00000000db300000,0x00000000dcf00000,0x00000000dcf00000)
  from space 4608K, 99% used [0x00000000dcf00000,0x00000000dd37e030,0x00000000dd380000)
  to   space 9728K, 0% used [0x00000000df480000,0x00000000df480000,0x00000000dfe00000)
 ParOldGen       total 76800K, used 12394K [0x0000000091800000, 0x0000000096300000, 0x00000000db300000)
  object space 76800K, 16% used [0x0000000091800000,0x000000009241aad8,0x0000000096300000)
 Metaspace       used 16361K, capacity 16660K, committed 16896K, reserved 1064960K
  class space    used 1902K, capacity 2013K, committed 2048K, reserved 1048576K
Event: 3.740 GC heap after
Heap after GC invocations=6 (full 0):
 PSYoungGen      total 66560K, used 8840K [0x00000000db300000, 0x00000000dff00000, 0x0000000100000000)
  eden space 56832K, 0% used [0x00000000db300000,0x00000000db300000,0x00000000dea80000)
  from space 9728K, 90% used [0x00000000df480000,0x00000000dfd22060,0x00000000dfe00000)
  to   space 10240K, 0% used [0x00000000dea80000,0x00000000dea80000,0x00000000df480000)
 ParOldGen       total 76800K, used 12402K [0x0000000091800000, 0x0000000096300000, 0x00000000db300000)
  object space 76800K, 16% used [0x0000000091800000,0x000000009241cad8,0x0000000096300000)
 Metaspace       used 16361K, capacity 16660K, committed 16896K, reserved 1064960K
  class space    used 1902K, capacity 2013K, committed 2048K, reserved 1048576K
}
Event: 4.445 GC heap before
{Heap before GC invocations=7 (full 0):
 PSYoungGen      total 66560K, used 65672K [0x00000000db300000, 0x00000000dff00000, 0x0000000100000000)
  eden space 56832K, 100% used [0x00000000db300000,0x00000000dea80000,0x00000000dea80000)
  from space 9728K, 90% used [0x00000000df480000,0x00000000dfd22060,0x00000000dfe00000)
  to   space 10240K, 0% used [0x00000000dea80000,0x00000000dea80000,0x00000000df480000)
 ParOldGen       total 76800K, used 12402K [0x0000000091800000, 0x0000000096300000, 0x00000000db300000)
  object space 76800K, 16% used [0x0000000091800000,0x000000009241cad8,0x0000000096300000)
 Metaspace       used 16647K, capacity 17014K, committed 17152K, reserved 1064960K
  class space    used 1908K, capacity 2018K, committed 2048K, reserved 1048576K
Event: 4.457 GC heap after
Heap after GC invocations=7 (full 0):
 PSYoungGen      total 67072K, used 10208K [0x00000000db300000, 0x00000000dff00000, 0x0000000100000000)
  eden space 56832K, 0% used [0x00000000db300000,0x00000000db300000,0x00000000dea80000)
  from space 10240K, 99% used [0x00000000dea80000,0x00000000df478020,0x00000000df480000)
  to   space 9728K, 0% used [0x00000000df480000,0x00000000df480000,0x00000000dfe00000)
 ParOldGen       total 76800K, used 18145K [0x0000000091800000, 0x0000000096300000, 0x00000000db300000)
  object space 76800K, 23% used [0x0000000091800000,0x00000000929b85e8,0x0000000096300000)
 Metaspace       used 16647K, capacity 17014K, committed 17152K, reserved 1064960K
  class space    used 1908K, capacity 2018K, committed 2048K, reserved 1048576K
}
Event: 4.996 GC heap before
{Heap before GC invocations=8 (full 0):
 PSYoungGen      total 67072K, used 67040K [0x00000000db300000, 0x00000000dff00000, 0x0000000100000000)
  eden space 56832K, 100% used [0x00000000db300000,0x00000000dea80000,0x00000000dea80000)
  from space 10240K, 99% used [0x00000000dea80000,0x00000000df478020,0x00000000df480000)
  to   space 9728K, 0% used [0x00000000df480000,0x00000000df480000,0x00000000dfe00000)
 ParOldGen       total 76800K, used 18145K [0x0000000091800000, 0x0000000096300000, 0x00000000db300000)
  object space 76800K, 23% used [0x0000000091800000,0x00000000929b85e8,0x0000000096300000)
 Metaspace       used 16808K, capacity 17148K, committed 17408K, reserved 1064960K
  class space    used 1909K, capacity 2019K, committed 2048K, reserved 1048576K
Event: 5.011 GC heap after
Heap after GC invocations=8 (full 0):
 PSYoungGen      total 66560K, used 9728K [0x00000000db300000, 0x00000000dff00000, 0x0000000100000000)
  eden space 56832K, 0% used [0x00000000db300000,0x00000000db300000,0x00000000dea80000)
  from space 9728K, 100% used [0x00000000df480000,0x00000000dfe00000,0x00000000dfe00000)
  to   space 10240K, 0% used [0x00000000dea80000,0x00000000dea80000,0x00000000df480000)
 ParOldGen       total 76800K, used 27675K [0x0000000091800000, 0x0000000096300000, 0x00000000db300000)
  object space 76800K, 36% used [0x0000000091800000,0x0000000093306ca0,0x0000000096300000)
 Metaspace       used 16808K, capacity 17148K, committed 17408K, reserved 1064960K
  class space    used 1909K, capacity 2019K, committed 2048K, reserved 1048576K
}
Event: 6.230 GC heap before
{Heap before GC invocations=9 (full 0):
 PSYoungGen      total 66560K, used 66560K [0x00000000db300000, 0x00000000dff00000, 0x0000000100000000)
  eden space 56832K, 100% used [0x00000000db300000,0x00000000dea80000,0x00000000dea80000)
  from space 9728K, 100% used [0x00000000df480000,0x00000000dfe00000,0x00000000dfe00000)
  to   space 10240K, 0% used [0x00000000dea80000,0x00000000dea80000,0x00000000df480000)
 ParOldGen       total 76800K, used 27675K [0x0000000091800000, 0x0000000096300000, 0x00000000db300000)
  object space 76800K, 36% used [0x0000000091800000,0x0000000093306ca0,0x0000000096300000)
 Metaspace       used 17674K, capacity 18138K, committed 18304K, reserved 1064960K
  class space    used 2001K, capacity 2092K, committed 2176K, reserved 1048576K
Event: 6.242 GC heap after
Heap after GC invocations=9 (full 0):
 PSYoungGen      total 67072K, used 10240K [0x00000000db300000, 0x00000000dff00000, 0x0000000100000000)
  eden space 56832K, 0% used [0x00000000db300000,0x00000000db300000,0x00000000dea80000)
  from space 10240K, 100% used [0x00000000dea80000,0x00000000df480000,0x00000000df480000)
  to   space 9728K, 0% used [0x00000000df480000,0x00000000df480000,0x00000000dfe00000)
 ParOldGen       total 76800K, used 30548K [0x0000000091800000, 0x0000000096300000, 0x00000000db300000)
  object space 76800K, 39% used [0x0000000091800000,0x00000000935d5200,0x0000000096300000)
 Metaspace       used 17674K, capacity 18138K, committed 18304K, reserved 1064960K
  class space    used 2001K, capacity 2092K, committed 2176K, reserved 1048576K
}

Deoptimization events (10 events):
Event: 6.423 Thread 0x0000021ba482d000 Uncommon trap: reason=array_check action=maybe_recompile pc=0x0000021ba65fdce0 method=java.util.TimSort.binarySort([Ljava/lang/Object;IIILjava/util/Comparator;)V @ 183
Event: 6.427 Thread 0x0000021ba482d000 Uncommon trap: reason=array_check action=maybe_recompile pc=0x0000021ba65fdce0 method=java.util.TimSort.binarySort([Ljava/lang/Object;IIILjava/util/Comparator;)V @ 183
Event: 6.438 Thread 0x0000021ba482d000 Uncommon trap: reason=class_check action=maybe_recompile pc=0x0000021ba6f2660c method=org.eclipse.sisu.wire.EntryListAdapter$ValueIterator.next()Ljava/lang/Object; @ 4
Event: 6.495 Thread 0x0000021ba482d000 Uncommon trap: reason=unstable_if action=reinterpret pc=0x0000021ba6ae0994 method=java.nio.charset.CharsetEncoder.encode(Ljava/nio/CharBuffer;Ljava/nio/ByteBuffer;Z)Ljava/nio/charset/CoderResult; @ 1
Event: 6.495 Thread 0x0000021ba482d000 Uncommon trap: reason=class_check action=maybe_recompile pc=0x0000021ba6b668e4 method=sun.nio.cs.StreamEncoder.writeBytes()V @ 120
Event: 6.496 Thread 0x0000021ba482d000 Uncommon trap: reason=class_check action=maybe_recompile pc=0x0000021ba6f2660c method=org.eclipse.sisu.wire.EntryListAdapter$ValueIterator.next()Ljava/lang/Object; @ 4
Event: 6.498 Thread 0x0000021ba482d000 Uncommon trap: reason=unstable_if action=reinterpret pc=0x0000021ba688f530 method=java.util.concurrent.ConcurrentHashMap.putVal(Ljava/lang/Object;Ljava/lang/Object;Z)Ljava/lang/Object; @ 206
Event: 6.878 Thread 0x0000021ba482d000 Uncommon trap: reason=class_check action=maybe_recompile pc=0x0000021ba6b4a594 method=org.apache.maven.model.ModelBase.clone()Lorg/apache/maven/model/ModelBase; @ 119
Event: 6.888 Thread 0x0000021ba482d000 Uncommon trap: reason=unstable_if action=reinterpret pc=0x0000021ba66ec1f4 method=java.util.Properties.load0(Ljava/util/Properties$LineReader;)V @ 145
Event: 7.134 Thread 0x0000021ba482d000 Uncommon trap: reason=unstable_if action=reinterpret pc=0x0000021ba6e92f14 method=org.codehaus.plexus.interpolation.StringSearchInterpolator.interpolate(Ljava/lang/String;Lorg/codehaus/plexus/interpolation/RecursionInterceptor;Ljava/util/Set;)Ljava/lang/S

Classes redefined (0 events):
No events

Internal exceptions (10 events):
Event: 2.427 Thread 0x0000021ba482d000 Exception <a 'java/lang/NullPointerException'> (0x00000000dce135b8) thrown at [C:\wsjdk\Corretto8Src\installers\windows\zip\corretto-build\buildRoot\src\hotspot\src\share\vm\interpreter\linkResolver.cpp, line 1185]
Event: 2.427 Thread 0x0000021ba482d000 Exception <a 'java/lang/NullPointerException'> (0x00000000dce137d0) thrown at [C:\wsjdk\Corretto8Src\installers\windows\zip\corretto-build\buildRoot\src\hotspot\src\share\vm\interpreter\linkResolver.cpp, line 1185]
Event: 2.484 Thread 0x0000021ba482d000 Implicit null exception at 0x0000021ba66e3356 to 0x0000021ba66e36d5
Event: 2.484 Thread 0x0000021ba482d000 Implicit null exception at 0x0000021ba66bc3d6 to 0x0000021ba66bc755
Event: 2.775 Thread 0x0000021ba482d000 Implicit null exception at 0x0000021ba6b78cf9 to 0x0000021ba6b79ff1
Event: 3.022 Thread 0x0000021ba482d000 Implicit null exception at 0x0000021ba6c67677 to 0x0000021ba6c678bd
Event: 3.182 Thread 0x0000021ba482d000 Implicit null exception at 0x0000021ba6cf6860 to 0x0000021ba6cf7ac5
Event: 5.075 Thread 0x0000021ba482d000 Implicit null exception at 0x0000021ba71270b6 to 0x0000021ba7127345
Event: 5.548 Thread 0x0000021ba482d000 Implicit null exception at 0x0000021ba7037608 to 0x0000021ba7037c2d
Event: 5.861 Thread 0x0000021ba482d000 Implicit null exception at 0x0000021ba6e7d241 to 0x0000021ba6e7d649

Events (10 events):
Event: 6.898 loading class org/codehaus/plexus/util/Scanner done
Event: 6.898 loading class org/codehaus/plexus/util/Scanner
Event: 6.898 loading class org/codehaus/plexus/util/Scanner done
Event: 6.900 loading class org/codehaus/plexus/util/SelectorUtils
Event: 6.900 loading class org/codehaus/plexus/util/SelectorUtils done
Event: 6.900 loading class org/codehaus/plexus/util/SelectorUtils
Event: 6.900 loading class org/codehaus/plexus/util/SelectorUtils done
Event: 7.134 Thread 0x0000021ba482d000 Uncommon trap: trap_request=0xffffff65 fr.pc=0x0000021ba6e92f14
Event: 7.134 Thread 0x0000021ba482d000 DEOPT PACKING pc=0x0000021ba6e92f14 sp=0x000000dbc3ffbd90
Event: 7.134 Thread 0x0000021ba482d000 DEOPT UNPACKING pc=0x0000021ba6505583 sp=0x000000dbc3ffbd98 mode 2


Dynamic libraries:
0x00007ff798c10000 - 0x00007ff798c4a000 	C:\Users\yangz\.jdks\corretto-1.8.0_292\bin\java.exe
0x00007ffa48400000 - 0x00007ffa485f0000 	C:\Windows\SYSTEM32\ntdll.dll
0x00007ffa47e10000 - 0x00007ffa47ec3000 	C:\Windows\System32\KERNEL32.DLL
0x00007ffa461c0000 - 0x00007ffa46466000 	C:\Windows\System32\KERNELBASE.dll
0x00007ffa47ed0000 - 0x00007ffa47f73000 	C:\Windows\System32\ADVAPI32.dll
0x00007ffa47f80000 - 0x00007ffa4801e000 	C:\Windows\System32\msvcrt.dll
0x00007ffa464a0000 - 0x00007ffa46537000 	C:\Windows\System32\sechost.dll
0x00007ffa47780000 - 0x00007ffa4789f000 	C:\Windows\System32\RPCRT4.dll
0x00007ffa46dd0000 - 0x00007ffa46f64000 	C:\Windows\System32\USER32.dll
0x00007ffa46470000 - 0x00007ffa46491000 	C:\Windows\System32\win32u.dll
0x00007ffa47de0000 - 0x00007ffa47e06000 	C:\Windows\System32\GDI32.dll
0x00007ffa45f70000 - 0x00007ffa46108000 	C:\Windows\System32\gdi32full.dll
0x00007ffa45370000 - 0x00007ffa4540e000 	C:\Windows\System32\msvcp_win.dll
0x00007ffa45bb0000 - 0x00007ffa45caa000 	C:\Windows\System32\ucrtbase.dll
0x00007ffa278d0000 - 0x00007ffa27b54000 	C:\Windows\WinSxS\amd64_microsoft.windows.common-controls_6595b64144ccf1df_6.0.18362.1801_none_9e79a739e46243f0\COMCTL32.dll
0x00007ffa47aa0000 - 0x00007ffa47dd6000 	C:\Windows\System32\combase.dll
0x00007ffa45cb0000 - 0x00007ffa45d34000 	C:\Windows\System32\bcryptPrimitives.dll
0x00007ffa46f80000 - 0x00007ffa46fae000 	C:\Windows\System32\IMM32.DLL
0x00007ffa26360000 - 0x00007ffa2644f000 	C:\Users\yangz\.jdks\corretto-1.8.0_292\jre\bin\msvcr120.dll
0x00007ffa262b0000 - 0x00007ffa26356000 	C:\Users\yangz\.jdks\corretto-1.8.0_292\jre\bin\msvcp120.dll
0x00000000695e0000 - 0x0000000069e4e000 	C:\Users\yangz\.jdks\corretto-1.8.0_292\jre\bin\server\jvm.dll
0x00007ffa48240000 - 0x00007ffa48248000 	C:\Windows\System32\PSAPI.DLL
0x00007ffa35080000 - 0x00007ffa35089000 	C:\Windows\SYSTEM32\WSOCK32.dll
0x00007ffa3d990000 - 0x00007ffa3d99a000 	C:\Windows\SYSTEM32\VERSION.dll
0x00007ffa42db0000 - 0x00007ffa42dd4000 	C:\Windows\SYSTEM32\WINMM.dll
0x00007ffa478a0000 - 0x00007ffa4790f000 	C:\Windows\System32\WS2_32.dll
0x00007ffa42d80000 - 0x00007ffa42dad000 	C:\Windows\SYSTEM32\winmmbase.dll
0x00007ffa45d40000 - 0x00007ffa45d8a000 	C:\Windows\System32\cfgmgr32.dll
0x00007ffa41bb0000 - 0x00007ffa41bbf000 	C:\Users\yangz\.jdks\corretto-1.8.0_292\jre\bin\verify.dll
0x00007ffa41b80000 - 0x00007ffa41ba9000 	C:\Users\yangz\.jdks\corretto-1.8.0_292\jre\bin\java.dll
0x00007ffa26290000 - 0x00007ffa262a6000 	C:\Users\yangz\.jdks\corretto-1.8.0_292\jre\bin\zip.dll
0x00007ffa46fb0000 - 0x00007ffa47697000 	C:\Windows\System32\SHELL32.dll
0x00007ffa479f0000 - 0x00007ffa47a99000 	C:\Windows\System32\shcore.dll
0x00007ffa45430000 - 0x00007ffa45bab000 	C:\Windows\System32\windows.storage.dll
0x00007ffa45300000 - 0x00007ffa4531e000 	C:\Windows\System32\profapi.dll
0x00007ffa45320000 - 0x00007ffa4536a000 	C:\Windows\System32\powrprof.dll
0x00007ffa452b0000 - 0x00007ffa452c0000 	C:\Windows\System32\UMPDC.dll
0x00007ffa47720000 - 0x00007ffa47772000 	C:\Windows\System32\shlwapi.dll
0x00007ffa452c0000 - 0x00007ffa452d1000 	C:\Windows\System32\kernel.appcore.dll
0x00007ffa45410000 - 0x00007ffa45427000 	C:\Windows\System32\cryptsp.dll
0x00007ffa44610000 - 0x00007ffa44643000 	C:\Windows\system32\rsaenh.dll
0x00007ffa45f40000 - 0x00007ffa45f66000 	C:\Windows\System32\bcrypt.dll
0x00007ffa451d0000 - 0x00007ffa451f5000 	C:\Windows\SYSTEM32\USERENV.dll
0x00007ffa44c60000 - 0x00007ffa44c6c000 	C:\Windows\SYSTEM32\CRYPTBASE.dll
0x00007ffa23980000 - 0x00007ffa2399a000 	C:\Users\yangz\.jdks\corretto-1.8.0_292\jre\bin\net.dll
0x00007ffa44a90000 - 0x00007ffa44af7000 	C:\Windows\system32\mswsock.dll
0x00007ffa447a0000 - 0x00007ffa447da000 	C:\Windows\SYSTEM32\IPHLPAPI.DLL
0x00007ffa48250000 - 0x00007ffa48258000 	C:\Windows\System32\NSI.dll
0x00007ffa3dbe0000 - 0x00007ffa3dbf6000 	C:\Windows\SYSTEM32\dhcpcsvc6.DLL
0x00007ffa3dbb0000 - 0x00007ffa3dbcc000 	C:\Windows\SYSTEM32\dhcpcsvc.DLL
0x00007ffa447e0000 - 0x00007ffa448aa000 	C:\Windows\SYSTEM32\DNSAPI.dll
0x00007ffa23540000 - 0x00007ffa23552000 	C:\Users\yangz\.jdks\corretto-1.8.0_292\jre\bin\nio.dll
0x00007ffa40ca0000 - 0x00007ffa40caa000 	C:\Users\yangz\AppData\Local\Temp\jansi-1.17.1-8621339398557671194.dll
0x00007ffa3f1f0000 - 0x00007ffa3f1fa000 	C:\Users\yangz\AppData\Local\Temp\jansi-1.17.1-7028701866217234167.dll

VM Arguments:
jvm_args: -Dmaven.multiModuleProjectDirectory=C:\Users\yangz\IdeaProjects\COVID-19\domain\Home\Home_Module -Dmaven.home=C:\Program Files\JetBrains\IntelliJ IDEA 2021.1.1\plugins\maven\lib\maven3 -Dclassworlds.conf=C:\Program Files\JetBrains\IntelliJ IDEA 2021.1.1\plugins\maven\lib\maven3\bin\m2.conf -Dmaven.ext.class.path=C:\Program Files\JetBrains\IntelliJ IDEA 2021.1.1\plugins\maven\lib\maven-event-listener.jar -Dfile.encoding=UTF-8 
java_command: org.codehaus.classworlds.Launcher -Didea.version=2021.1.1 -DskipTests=true install
java_class_path (initial): C:\Program Files\JetBrains\IntelliJ IDEA 2021.1.1\plugins\maven\lib\maven3\boot\plexus-classworlds-2.6.0.jar;C:\Program Files\JetBrains\IntelliJ IDEA 2021.1.1\plugins\maven\lib\maven3\boot\plexus-classworlds.license
Launcher Type: SUN_STANDARD

Environment Variables:
JAVA_HOME=D:\Java\jdk1.8.0_301
CLASSPATH=.;D:\Java\jdk1.8.0_301\lib\dt.jar;D:\Java\jdk1.8.0_301\lib\tools.jar
PATH=C:\Program Files (x86)\Common Files\Intel\Shared Libraries\redist\intel64\compiler;D:\Java\jdk1.8.0_301\jre\bin;D:\Java\jdk1.8.0_301bin;D:\Vmware\bin\;C:\Program Files\Common Files\Oracle\Java\javapath;C:\Program Files (x86)\Common Files\Oracle\Java\javapath;D:\apache-tomcat-9.0.44\bin;C:\Windows\system32;C:\Windows;C:\Windows\System32\Wbem;C:\Windows\System32\WindowsPowerShell\v1.0\;C:\Windows\System32\OpenSSH\;C:\Program Files (x86)\Microsoft SQL Server\150\DTS\Binn\;C:\Program Files\Azure Data Studio\bin;C:\Program Files\Microsoft SQL Server\Client SDK\ODBC\170\Tools\Binn\;C:\Program Files (x86)\Microsoft SQL Server\150\Tools\Binn\;C:\Program Files\Microsoft SQL Server\150\Tools\Binn\;C:\Program Files\Microsoft SQL Server\150\DTS\Binn\;C:\Program Files\Intel\WiFi\bin\;C:\Program Files\Common Files\Intel\WirelessCommon\;C:\sdk;C:\sdk\platform-tools;;D:\mysql-8.0.24-winx64bin;D:\apache-maven-3.8.1\bin;C:\Program Files\Common Files\Autodesk Shared\;C:\Program Files\Microsoft SQL Server\120\Tools\Binn\;C:\Program Files\Microsoft SQL Server\130\Tools\Binn\;D:\opencv3.4.1\opencv\build\x64\vc15\bin;"D:\apache-tomcat-7.0.109\bin;";"D:\apache-tomcat-7.0.109\lib;";D:\apache-jmeter-5.4.1\bin;D:\erl-23.0\bin;D:\nodejs\;D:\XShell7\;D:\Xftp7\;D:\Git\cmd;C:\Users\yangz\AppData\Local\Microsoft\WindowsApps;C:\Program Files\Azure Data Studio\bin;D:\idea\IntelliJ IDEA 2021.1.1\bin;;D:\Microsoft VS Code\bin;C:\Users\yangz\AppData\Roaming\npm;C:\Program Files\Bandizip\
USERNAME=yangz
OS=Windows_NT
PROCESSOR_IDENTIFIER=AMD64 Family 23 Model 17 Stepping 0, AuthenticAMD



---------------  S Y S T E M  ---------------

OS: Windows 10.0 , 64 bit Build 18362 (10.0.18362.1766)

CPU:total 8 (initial active 8) (8 cores per cpu, 1 threads per core) family 23 model 17 stepping 0, cmov, cx8, fxsr, mmx, sse, sse2, sse3, ssse3, sse4.1, sse4.2, popcnt, avx, avx2, aes, clmul, mmxext, 3dnowpref, lzcnt, sse4a, tsc, tscinvbit, tscinv, bmi1

Memory: 4k page, physical 7239248k(302324k free), swap 10178884k(5496k free)

vm_info: OpenJDK 64-Bit Server VM (25.292-b10) for windows-amd64 JRE (1.8.0_292-b10), built on Apr 14 2021 23:06:53 by "Administrator" with MS VC++ 12.0 (VS2013)

time: Thu Jan 13 11:34:10 2022
timezone: ?D1¨²¡À¨º¡Á?¨º¡À??
elapsed time: 7.211924 seconds (0d 0h 0m 7s)

