#
# There is insufficient memory for the Java Runtime Environment to continue.
# Native memory allocation (malloc) failed to allocate 953376 bytes for Chunk::new
# Possible reasons:
#   The system is out of physical RAM or swap space
#   The process is running with CompressedOops enabled, and the Java Heap may be blocking the growth of the native heap
# Possible solutions:
#   Reduce memory load on the system
#   Increase physical memory or swap space
#   Check if swap backing store is full
#   Decrease Java heap size (-Xmx/-Xms)
#   Decrease number of Java threads
#   Decrease Java thread stack sizes (-Xss)
#   Set larger code cache with -XX:ReservedCodeCacheSize=
#   JVM is running with Unscaled Compressed Oops mode in which the Java heap is
#     placed in the first 4GB address space. The Java Heap base address is the
#     maximum limit for the native heap growth. Please use -XX:HeapBaseMinAddress
#     to set the Java Heap base and to place the Java Heap above 4GB virtual address.
# This output file may be truncated or incomplete.
#
#  Out of Memory Error (allocation.cpp:389), pid=832, tid=0x0000000000003908
#
# JRE version: OpenJDK Runtime Environment (8.0_292-b10) (build 1.8.0_292-b10)
# Java VM: OpenJDK 64-Bit Server VM (25.292-b10 mixed mode windows-amd64 compressed oops)
# Failed to write core dump. Minidumps are not enabled by default on client versions of Windows
#

---------------  T H R E A D  ---------------

Current thread (0x000002be2c07e800):  JavaThread "C2 CompilerThread2" daemon [_thread_in_native, id=14600, stack(0x000000fdf6900000,0x000000fdf6a00000)]

Stack: [0x000000fdf6900000,0x000000fdf6a00000]
[error occurred during error reporting (printing stack bounds), id 0xc0000005]

Native frames: (J=compiled Java code, j=interpreted, Vv=VM code, C=native code)


Current CompileTask:
C2:   8213 4053   !   4       java.net.URLClassLoader$1::run (63 bytes)


---------------  P R O C E S S  ---------------

Java Threads: ( => current thread )
  0x000002be2d399000 JavaThread "Service Thread" daemon [_thread_blocked, id=2980, stack(0x000000fdf6b00000,0x000000fdf6c00000)]
  0x000002be2c089000 JavaThread "C1 CompilerThread3" daemon [_thread_in_vm, id=3644, stack(0x000000fdf6a00000,0x000000fdf6b00000)]
=>0x000002be2c07e800 JavaThread "C2 CompilerThread2" daemon [_thread_in_native, id=14600, stack(0x000000fdf6900000,0x000000fdf6a00000)]
  0x000002be2c07d800 JavaThread "C2 CompilerThread1" daemon [_thread_in_native, id=12776, stack(0x000000fdf6800000,0x000000fdf6900000)]
  0x000002be2c07a000 JavaThread "C2 CompilerThread0" daemon [_thread_in_native, id=5396, stack(0x000000fdf6700000,0x000000fdf6800000)]
  0x000002be2c06c000 JavaThread "Attach Listener" daemon [_thread_blocked, id=10112, stack(0x000000fdf6600000,0x000000fdf6700000)]
  0x000002be2c016000 JavaThread "Signal Dispatcher" daemon [_thread_blocked, id=2016, stack(0x000000fdf6500000,0x000000fdf6600000)]
  0x000002be2bfe5000 JavaThread "Finalizer" daemon [_thread_blocked, id=4436, stack(0x000000fdf6400000,0x000000fdf6500000)]
  0x000002be2bfdd000 JavaThread "Reference Handler" daemon [_thread_blocked, id=15332, stack(0x000000fdf6300000,0x000000fdf6400000)]
  0x000002be15919000 JavaThread "main" [_thread_in_Java, id=8536, stack(0x000000fdf5900000,0x000000fdf5a00000)]

Other Threads:
  0x000002be2bfb1800 VMThread [stack: 0x000000fdf6200000,0x000000fdf6300000] [id=12488]
  0x000002be2d3a4000 WatcherThread [stack: 0x000000fdf6c00000,0x000000fdf6d00000] [id=15464]

VM state:not at safepoint (normal execution)

VM Mutex/Monitor currently owned by a thread: None

heap address: 0x0000000091800000, size: 1768 MB, Compressed Oops mode: 32-bit
Narrow klass base: 0x0000000000000000, Narrow klass shift: 3
Compressed class space size: 1073741824 Address: 0x0000000100000000

Heap:
 PSYoungGen      total 129024K, used 50941K [0x00000000db300000, 0x00000000e4500000, 0x0000000100000000)
  eden space 111616K, 45% used [0x00000000db300000,0x00000000de4bf5b8,0x00000000e2000000)
  from space 17408K, 0% used [0x00000000e2000000,0x00000000e2000000,0x00000000e3100000)
  to   space 14336K, 0% used [0x00000000e3100000,0x00000000e3100000,0x00000000e3f00000)
 ParOldGen       total 78848K, used 30941K [0x0000000091800000, 0x0000000096500000, 0x00000000db300000)
  object space 78848K, 39% used [0x0000000091800000,0x0000000093637558,0x0000000096500000)
 Metaspace       used 22250K, capacity 22750K, committed 22960K, reserved 1069056K
  class space    used 2584K, capacity 2716K, committed 2736K, reserved 1048576K

Card table byte_map: [0x000002be26a60000,0x000002be26de0000] byte_map_base: 0x000002be265d4000

Marking Bits: (ParMarkBitMap*) 0x000000006efef7f0
 Begin Bits: [0x000002be27030000, 0x000002be28bd0000)
 End Bits:   [0x000002be28bd0000, 0x000002be2a770000)

Polling page: 0x000002be15b50000

CodeCache: size=245760Kb used=13040Kb max_used=13419Kb free=232719Kb
 bounds [0x000002be176a0000, 0x000002be18460000, 0x000002be266a0000]
 total_blobs=3946 nmethods=3539 adapters=320
 compilation: enabled

Compilation events (10 events):
Event: 8.204 Thread 0x000002be2c089000 4103       3       com.sun.tools.javac.file.ZipFileIndexArchive$ZipFileIndexFileObject::inferBinaryName (58 bytes)
Event: 8.206 Thread 0x000002be2c089000 nmethod 4103 0x000002be1781d310 code [0x000002be1781d5c0, 0x000002be1781eb60]
Event: 8.206 Thread 0x000002be2c089000 4104       3       com.sun.tools.javac.code.Type$ClassType::<init> (36 bytes)
Event: 8.206 Thread 0x000002be2c089000 nmethod 4104 0x000002be17951c10 code [0x000002be17951d80, 0x000002be17952078]
Event: 8.208 Thread 0x000002be2c089000 4105   !   3       com.sun.tools.javac.file.ZipFileIndex$DirectoryEntry::initEntries (345 bytes)
Event: 8.210 Thread 0x000002be2c089000 nmethod 4105 0x000002be1794e050 code [0x000002be1794e420, 0x000002be17950370]
Event: 8.210 Thread 0x000002be2c089000 4106       3       com.sun.tools.javac.code.Scope::lookup (9 bytes)
Event: 8.211 Thread 0x000002be2c089000 nmethod 4106 0x000002be1781ced0 code [0x000002be1781d040, 0x000002be1781d270]
Event: 8.211 Thread 0x000002be2c089000 4107       3       com.sun.tools.javac.code.Scope::lookup (67 bytes)
Event: 8.211 Thread 0x000002be2c089000 nmethod 4107 0x000002be1794d7d0 code [0x000002be1794d960, 0x000002be1794de60]

GC Heap History (10 events):
Event: 3.733 GC heap before
{Heap before GC invocations=6 (full 0):
 PSYoungGen      total 33280K, used 33256K [0x00000000db300000, 0x00000000dff00000, 0x0000000100000000)
  eden space 28672K, 100% used [0x00000000db300000,0x00000000dcf00000,0x00000000dcf00000)
  from space 4608K, 99% used [0x00000000dcf00000,0x00000000dd37a040,0x00000000dd380000)
  to   space 10240K, 0% used [0x00000000df500000,0x00000000df500000,0x00000000dff00000)
 ParOldGen       total 76800K, used 12482K [0x0000000091800000, 0x0000000096300000, 0x00000000db300000)
  object space 76800K, 16% used [0x0000000091800000,0x0000000092430bc0,0x0000000096300000)
 Metaspace       used 16342K, capacity 16722K, committed 16896K, reserved 1064960K
  class space    used 1906K, capacity 2012K, committed 2048K, reserved 1048576K
Event: 3.741 GC heap after
Heap after GC invocations=6 (full 0):
 PSYoungGen      total 67584K, used 8584K [0x00000000db300000, 0x00000000dff00000, 0x0000000100000000)
  eden space 57344K, 0% used [0x00000000db300000,0x00000000db300000,0x00000000deb00000)
  from space 10240K, 83% used [0x00000000df500000,0x00000000dfd62060,0x00000000dff00000)
  to   space 10240K, 0% used [0x00000000deb00000,0x00000000deb00000,0x00000000df500000)
 ParOldGen       total 76800K, used 12490K [0x0000000091800000, 0x0000000096300000, 0x00000000db300000)
  object space 76800K, 16% used [0x0000000091800000,0x0000000092432bc0,0x0000000096300000)
 Metaspace       used 16342K, capacity 16722K, committed 16896K, reserved 1064960K
  class space    used 1906K, capacity 2012K, committed 2048K, reserved 1048576K
}
Event: 4.558 GC heap before
{Heap before GC invocations=7 (full 0):
 PSYoungGen      total 67584K, used 65928K [0x00000000db300000, 0x00000000dff00000, 0x0000000100000000)
  eden space 57344K, 100% used [0x00000000db300000,0x00000000deb00000,0x00000000deb00000)
  from space 10240K, 83% used [0x00000000df500000,0x00000000dfd62060,0x00000000dff00000)
  to   space 10240K, 0% used [0x00000000deb00000,0x00000000deb00000,0x00000000df500000)
 ParOldGen       total 76800K, used 12490K [0x0000000091800000, 0x0000000096300000, 0x00000000db300000)
  object space 76800K, 16% used [0x0000000091800000,0x0000000092432bc0,0x0000000096300000)
 Metaspace       used 16629K, capacity 16950K, committed 17152K, reserved 1064960K
  class space    used 1912K, capacity 2018K, committed 2048K, reserved 1048576K
Event: 4.570 GC heap after
Heap after GC invocations=7 (full 0):
 PSYoungGen      total 67584K, used 10224K [0x00000000db300000, 0x00000000e3f00000, 0x0000000100000000)
  eden space 57344K, 0% used [0x00000000db300000,0x00000000db300000,0x00000000deb00000)
  from space 10240K, 99% used [0x00000000deb00000,0x00000000df4fc030,0x00000000df500000)
  to   space 14336K, 0% used [0x00000000e3100000,0x00000000e3100000,0x00000000e3f00000)
 ParOldGen       total 76800K, used 18089K [0x0000000091800000, 0x0000000096300000, 0x00000000db300000)
  object space 76800K, 23% used [0x0000000091800000,0x00000000929aa6d0,0x0000000096300000)
 Metaspace       used 16629K, capacity 16950K, committed 17152K, reserved 1064960K
  class space    used 1912K, capacity 2018K, committed 2048K, reserved 1048576K
}
Event: 5.595 GC heap before
{Heap before GC invocations=8 (full 0):
 PSYoungGen      total 67584K, used 67568K [0x00000000db300000, 0x00000000e3f00000, 0x0000000100000000)
  eden space 57344K, 100% used [0x00000000db300000,0x00000000deb00000,0x00000000deb00000)
  from space 10240K, 99% used [0x00000000deb00000,0x00000000df4fc030,0x00000000df500000)
  to   space 14336K, 0% used [0x00000000e3100000,0x00000000e3100000,0x00000000e3f00000)
 ParOldGen       total 76800K, used 18089K [0x0000000091800000, 0x0000000096300000, 0x00000000db300000)
  object space 76800K, 23% used [0x0000000091800000,0x00000000929aa6d0,0x0000000096300000)
 Metaspace       used 16959K, capacity 17282K, committed 17408K, reserved 1064960K
  class space    used 1928K, capacity 2020K, committed 2048K, reserved 1048576K
Event: 5.609 GC heap after
Heap after GC invocations=8 (full 0):
 PSYoungGen      total 125952K, used 14336K [0x00000000db300000, 0x00000000e4500000, 0x0000000100000000)
  eden space 111616K, 0% used [0x00000000db300000,0x00000000db300000,0x00000000e2000000)
  from space 14336K, 100% used [0x00000000e3100000,0x00000000e3f00000,0x00000000e3f00000)
  to   space 17408K, 0% used [0x00000000e2000000,0x00000000e2000000,0x00000000e3100000)
 ParOldGen       total 76800K, used 20933K [0x0000000091800000, 0x0000000096300000, 0x00000000db300000)
  object space 76800K, 27% used [0x0000000091800000,0x0000000092c71658,0x0000000096300000)
 Metaspace       used 16959K, capacity 17282K, committed 17408K, reserved 1064960K
  class space    used 1928K, capacity 2020K, committed 2048K, reserved 1048576K
}
Event: 6.543 GC heap before
{Heap before GC invocations=9 (full 0):
 PSYoungGen      total 125952K, used 63112K [0x00000000db300000, 0x00000000e4500000, 0x0000000100000000)
  eden space 111616K, 43% used [0x00000000db300000,0x00000000de2a2080,0x00000000e2000000)
  from space 14336K, 100% used [0x00000000e3100000,0x00000000e3f00000,0x00000000e3f00000)
  to   space 17408K, 0% used [0x00000000e2000000,0x00000000e2000000,0x00000000e3100000)
 ParOldGen       total 76800K, used 20933K [0x0000000091800000, 0x0000000096300000, 0x00000000db300000)
  object space 76800K, 27% used [0x0000000091800000,0x0000000092c71658,0x0000000096300000)
 Metaspace       used 20749K, capacity 21214K, committed 21296K, reserved 1069056K
  class space    used 2441K, capacity 2588K, committed 2608K, reserved 1048576K
Event: 6.559 GC heap after
Heap after GC invocations=9 (full 0):
 PSYoungGen      total 129024K, used 14829K [0x00000000db300000, 0x00000000e4500000, 0x0000000100000000)
  eden space 111616K, 0% used [0x00000000db300000,0x00000000db300000,0x00000000e2000000)
  from space 17408K, 85% used [0x00000000e2000000,0x00000000e2e7b4b0,0x00000000e3100000)
  to   space 14336K, 0% used [0x00000000e3100000,0x00000000e3100000,0x00000000e3f00000)
 ParOldGen       total 76800K, used 23778K [0x0000000091800000, 0x0000000096300000, 0x00000000db300000)
  object space 76800K, 30% used [0x0000000091800000,0x0000000092f38a60,0x0000000096300000)
 Metaspace       used 20749K, capacity 21214K, committed 21296K, reserved 1069056K
  class space    used 2441K, capacity 2588K, committed 2608K, reserved 1048576K
}
Event: 6.559 GC heap before
{Heap before GC invocations=10 (full 1):
 PSYoungGen      total 129024K, used 14829K [0x00000000db300000, 0x00000000e4500000, 0x0000000100000000)
  eden space 111616K, 0% used [0x00000000db300000,0x00000000db300000,0x00000000e2000000)
  from space 17408K, 85% used [0x00000000e2000000,0x00000000e2e7b4b0,0x00000000e3100000)
  to   space 14336K, 0% used [0x00000000e3100000,0x00000000e3100000,0x00000000e3f00000)
 ParOldGen       total 76800K, used 23778K [0x0000000091800000, 0x0000000096300000, 0x00000000db300000)
  object space 76800K, 30% used [0x0000000091800000,0x0000000092f38a60,0x0000000096300000)
 Metaspace       used 20749K, capacity 21214K, committed 21296K, reserved 1069056K
  class space    used 2441K, capacity 2588K, committed 2608K, reserved 1048576K
Event: 6.636 GC heap after
Heap after GC invocations=10 (full 1):
 PSYoungGen      total 129024K, used 0K [0x00000000db300000, 0x00000000e4500000, 0x0000000100000000)
  eden space 111616K, 0% used [0x00000000db300000,0x00000000db300000,0x00000000e2000000)
  from space 17408K, 0% used [0x00000000e2000000,0x00000000e2000000,0x00000000e3100000)
  to   space 14336K, 0% used [0x00000000e3100000,0x00000000e3100000,0x00000000e3f00000)
 ParOldGen       total 78848K, used 30941K [0x0000000091800000, 0x0000000096500000, 0x00000000db300000)
  object space 78848K, 39% used [0x0000000091800000,0x0000000093637558,0x0000000096500000)
 Metaspace       used 20749K, capacity 21214K, committed 21296K, reserved 1069056K
  class space    used 2441K, capacity 2588K, committed 2608K, reserved 1048576K
}

Deoptimization events (10 events):
Event: 8.040 Thread 0x000002be15919000 Uncommon trap: reason=array_check action=maybe_recompile pc=0x000002be17cae3d8 method=java.util.ComparableTimSort.binarySort([Ljava/lang/Object;III)V @ 215
Event: 8.040 Thread 0x000002be15919000 Uncommon trap: reason=array_check action=maybe_recompile pc=0x000002be17812200 method=java.util.ComparableTimSort.binarySort([Ljava/lang/Object;III)V @ 193
Event: 8.042 Thread 0x000002be15919000 Uncommon trap: reason=array_check action=maybe_recompile pc=0x000002be17812200 method=java.util.ComparableTimSort.binarySort([Ljava/lang/Object;III)V @ 193
Event: 8.046 Thread 0x000002be15919000 Uncommon trap: reason=array_check action=maybe_recompile pc=0x000002be17cba8cc method=java.util.ComparableTimSort.binarySort([Ljava/lang/Object;III)V @ 215
Event: 8.062 Thread 0x000002be15919000 Uncommon trap: reason=array_check action=maybe_recompile pc=0x000002be17cac7ac method=java.util.ComparableTimSort.binarySort([Ljava/lang/Object;III)V @ 183
Event: 8.062 Thread 0x000002be15919000 Uncommon trap: reason=array_check action=maybe_recompile pc=0x000002be17cac7ac method=java.util.ComparableTimSort.binarySort([Ljava/lang/Object;III)V @ 183
Event: 8.079 Thread 0x000002be15919000 Uncommon trap: reason=array_check action=maybe_recompile pc=0x000002be177b3364 method=java.util.ComparableTimSort.reverseRange([Ljava/lang/Object;II)V @ 20
Event: 8.079 Thread 0x000002be15919000 Uncommon trap: reason=array_check action=maybe_recompile pc=0x000002be177b3364 method=java.util.ComparableTimSort.reverseRange([Ljava/lang/Object;II)V @ 20
Event: 8.079 Thread 0x000002be15919000 Uncommon trap: reason=array_check action=maybe_recompile pc=0x000002be177b3364 method=java.util.ComparableTimSort.reverseRange([Ljava/lang/Object;II)V @ 20
Event: 8.079 Thread 0x000002be15919000 Uncommon trap: reason=array_check action=maybe_recompile pc=0x000002be177b3364 method=java.util.ComparableTimSort.reverseRange([Ljava/lang/Object;II)V @ 20

Classes redefined (0 events):
No events

Internal exceptions (10 events):
Event: 2.353 Thread 0x000002be15919000 Implicit null exception at 0x000002be178d0956 to 0x000002be178d0ce1
Event: 2.638 Thread 0x000002be15919000 Implicit null exception at 0x000002be17d5c679 to 0x000002be17d5d969
Event: 2.935 Thread 0x000002be15919000 Implicit null exception at 0x000002be17e4a1f7 to 0x000002be17e4a43d
Event: 3.168 Thread 0x000002be15919000 Implicit null exception at 0x000002be17eddaa0 to 0x000002be17eded09
Event: 5.030 Thread 0x000002be15919000 Implicit null exception at 0x000002be1823aa75 to 0x000002be1823ac45
Event: 5.032 Thread 0x000002be15919000 Implicit null exception at 0x000002be17ae66ef to 0x000002be17ae6759
Event: 5.706 Thread 0x000002be15919000 Implicit null exception at 0x000002be18079641 to 0x000002be18079a49
Event: 6.306 Thread 0x000002be15919000 Exception <a 'java/lang/ClassNotFoundException': com/sun/tools/javac/api/JavacTool> (0x00000000dd75ea40) thrown at [C:\wsjdk\Corretto8Src\installers\windows\zip\corretto-build\buildRoot\src\hotspot\src\share\vm\classfile\systemDictionary.cpp, line 217]
Event: 7.896 Thread 0x000002be15919000 Exception <a 'java/io/FileNotFoundException'> (0x00000000dce984b0) thrown at [C:\wsjdk\Corretto8Src\installers\windows\zip\corretto-build\buildRoot\src\hotspot\src\share\vm\prims\jni.cpp, line 711]
Event: 7.901 Thread 0x000002be15919000 Exception <a 'java/io/FileNotFoundException'> (0x00000000dcef4978) thrown at [C:\wsjdk\Corretto8Src\installers\windows\zip\corretto-build\buildRoot\src\hotspot\src\share\vm\prims\jni.cpp, line 711]

Events (10 events):
Event: 8.156 loading class com/sun/tools/javac/util/JCDiagnostic$DiagnosticType
Event: 8.156 loading class com/sun/tools/javac/util/JCDiagnostic$DiagnosticType done
Event: 8.175 loading class com/sun/tools/javac/jvm/ClassReader$SourceFileObject
Event: 8.175 loading class com/sun/tools/javac/jvm/ClassReader$SourceFileObject done
Event: 8.176 loading class com/sun/tools/javac/jvm/Code
Event: 8.176 loading class com/sun/tools/javac/jvm/Code done
Event: 8.197 loading class com/sun/tools/javac/code/Type$ArrayType$1
Event: 8.197 loading class com/sun/tools/javac/code/Type$ArrayType$1 done
Event: 8.198 loading class com/sun/tools/javac/jvm/Code$1
Event: 8.198 loading class com/sun/tools/javac/jvm/Code$1 done


Dynamic libraries:
0x00007ff7ac350000 - 0x00007ff7ac38a000 	C:\Users\yangz\.jdks\corretto-1.8.0_292\bin\java.exe
0x00007fffba260000 - 0x00007fffba450000 	C:\Windows\SYSTEM32\ntdll.dll
0x00007fffb8a70000 - 0x00007fffb8b23000 	C:\Windows\System32\KERNEL32.DLL
0x00007fffb7300000 - 0x00007fffb75a6000 	C:\Windows\System32\KERNELBASE.dll
0x00007fffb92e0000 - 0x00007fffb9383000 	C:\Windows\System32\ADVAPI32.dll
0x00007fffb9460000 - 0x00007fffb94fe000 	C:\Windows\System32\msvcrt.dll
0x00007fffb8b30000 - 0x00007fffb8bc7000 	C:\Windows\System32\sechost.dll
0x00007fffb8ff0000 - 0x00007fffb910f000 	C:\Windows\System32\RPCRT4.dll
0x00007fffb8380000 - 0x00007fffb8514000 	C:\Windows\System32\USER32.dll
0x00007fffb72d0000 - 0x00007fffb72f1000 	C:\Windows\System32\win32u.dll
0x00007fffb9cd0000 - 0x00007fffb9cf6000 	C:\Windows\System32\GDI32.dll
0x00007fffb7930000 - 0x00007fffb7ac8000 	C:\Windows\System32\gdi32full.dll
0x00007fffb7890000 - 0x00007fffb792e000 	C:\Windows\System32\msvcp_win.dll
0x00007fffb75b0000 - 0x00007fffb76aa000 	C:\Windows\System32\ucrtbase.dll
0x00007fffa6720000 - 0x00007fffa69a4000 	C:\Windows\WinSxS\amd64_microsoft.windows.common-controls_6595b64144ccf1df_6.0.18362.1801_none_9e79a739e46243f0\COMCTL32.dll
0x00007fffb8c80000 - 0x00007fffb8fb6000 	C:\Windows\System32\combase.dll
0x00007fffb7800000 - 0x00007fffb7884000 	C:\Windows\System32\bcryptPrimitives.dll
0x00007fffb8fc0000 - 0x00007fffb8fee000 	C:\Windows\System32\IMM32.DLL
0x00007fff74830000 - 0x00007fff7491f000 	C:\Users\yangz\.jdks\corretto-1.8.0_292\jre\bin\msvcr120.dll
0x00007fff74780000 - 0x00007fff74826000 	C:\Users\yangz\.jdks\corretto-1.8.0_292\jre\bin\msvcp120.dll
0x000000006e800000 - 0x000000006f06e000 	C:\Users\yangz\.jdks\corretto-1.8.0_292\jre\bin\server\jvm.dll
0x00007fffb9d00000 - 0x00007fffb9d08000 	C:\Windows\System32\PSAPI.DLL
0x00007fffaeea0000 - 0x00007fffaeeaa000 	C:\Windows\SYSTEM32\VERSION.dll
0x00007fffa26d0000 - 0x00007fffa26d9000 	C:\Windows\SYSTEM32\WSOCK32.dll
0x00007fffb89a0000 - 0x00007fffb8a0f000 	C:\Windows\System32\WS2_32.dll
0x00007fffb4c20000 - 0x00007fffb4c44000 	C:\Windows\SYSTEM32\WINMM.dll
0x00007fffb4bf0000 - 0x00007fffb4c1d000 	C:\Windows\SYSTEM32\winmmbase.dll
0x00007fffb7200000 - 0x00007fffb724a000 	C:\Windows\System32\cfgmgr32.dll
0x00007fffb2dc0000 - 0x00007fffb2dcf000 	C:\Users\yangz\.jdks\corretto-1.8.0_292\jre\bin\verify.dll
0x00007fffa2a20000 - 0x00007fffa2a49000 	C:\Users\yangz\.jdks\corretto-1.8.0_292\jre\bin\java.dll
0x00007fffb2b90000 - 0x00007fffb2ba6000 	C:\Users\yangz\.jdks\corretto-1.8.0_292\jre\bin\zip.dll
0x00007fffb9500000 - 0x00007fffb9be7000 	C:\Windows\System32\SHELL32.dll
0x00007fffb8bd0000 - 0x00007fffb8c79000 	C:\Windows\System32\shcore.dll
0x00007fffb7ad0000 - 0x00007fffb824b000 	C:\Windows\System32\windows.storage.dll
0x00007fffb71b0000 - 0x00007fffb71ce000 	C:\Windows\System32\profapi.dll
0x00007fffb7160000 - 0x00007fffb71aa000 	C:\Windows\System32\powrprof.dll
0x00007fffb7110000 - 0x00007fffb7120000 	C:\Windows\System32\UMPDC.dll
0x00007fffb8a10000 - 0x00007fffb8a62000 	C:\Windows\System32\shlwapi.dll
0x00007fffb7120000 - 0x00007fffb7131000 	C:\Windows\System32\kernel.appcore.dll
0x00007fffb7250000 - 0x00007fffb7267000 	C:\Windows\System32\cryptsp.dll
0x00007fffb6470000 - 0x00007fffb64a3000 	C:\Windows\system32\rsaenh.dll
0x00007fffb71d0000 - 0x00007fffb71f6000 	C:\Windows\System32\bcrypt.dll
0x00007fffb7000000 - 0x00007fffb7025000 	C:\Windows\SYSTEM32\USERENV.dll
0x00007fffb6ac0000 - 0x00007fffb6acc000 	C:\Windows\SYSTEM32\CRYPTBASE.dll
0x00007fffa4150000 - 0x00007fffa416a000 	C:\Users\yangz\.jdks\corretto-1.8.0_292\jre\bin\net.dll
0x00007fffb68f0000 - 0x00007fffb6957000 	C:\Windows\system32\mswsock.dll
0x00007fffb6600000 - 0x00007fffb663a000 	C:\Windows\SYSTEM32\IPHLPAPI.DLL
0x00007fffb9bf0000 - 0x00007fffb9bf8000 	C:\Windows\System32\NSI.dll
0x00007fffafa50000 - 0x00007fffafa66000 	C:\Windows\SYSTEM32\dhcpcsvc6.DLL
0x00007fffaf930000 - 0x00007fffaf94c000 	C:\Windows\SYSTEM32\dhcpcsvc.DLL
0x00007fffb6640000 - 0x00007fffb670a000 	C:\Windows\SYSTEM32\DNSAPI.dll
0x00007fffa3090000 - 0x00007fffa30a2000 	C:\Users\yangz\.jdks\corretto-1.8.0_292\jre\bin\nio.dll
0x00007fffa3ae0000 - 0x00007fffa3aea000 	C:\Users\yangz\AppData\Local\Temp\jansi-1.17.1-4401061997520701368.dll
0x00007fffa37d0000 - 0x00007fffa37da000 	C:\Users\yangz\AppData\Local\Temp\jansi-1.17.1-4040168489528309969.dll

VM Arguments:
jvm_args: -Dmaven.multiModuleProjectDirectory=C:\Users\yangz\IdeaProjects\COVID-19\domain\Admin\Admin_Module_service -Dmaven.home=C:\Program Files\JetBrains\IntelliJ IDEA 2021.1.1\plugins\maven\lib\maven3 -Dclassworlds.conf=C:\Program Files\JetBrains\IntelliJ IDEA 2021.1.1\plugins\maven\lib\maven3\bin\m2.conf -Dmaven.ext.class.path=C:\Program Files\JetBrains\IntelliJ IDEA 2021.1.1\plugins\maven\lib\maven-event-listener.jar -Dfile.encoding=UTF-8 
java_command: org.codehaus.classworlds.Launcher -Didea.version=2021.1.1 -DskipTests=true install
java_class_path (initial): C:\Program Files\JetBrains\IntelliJ IDEA 2021.1.1\plugins\maven\lib\maven3\boot\plexus-classworlds-2.6.0.jar;C:\Program Files\JetBrains\IntelliJ IDEA 2021.1.1\plugins\maven\lib\maven3\boot\plexus-classworlds.license
Launcher Type: SUN_STANDARD

Environment Variables:
JAVA_HOME=D:\Java\jdk1.8.0_301
CLASSPATH=.;D:\Java\jdk1.8.0_301\lib\dt.jar;D:\Java\jdk1.8.0_301\lib\tools.jar
PATH=D:\Java\jdk1.8.0_301\jre\bin;D:\Java\jdk1.8.0_301bin;D:\Vmware\bin\;C:\Program Files\Common Files\Oracle\Java\javapath;C:\Program Files (x86)\Common Files\Oracle\Java\javapath;D:\apache-tomcat-9.0.44\bin;C:\Windows\system32;C:\Windows;C:\Windows\System32\Wbem;C:\Windows\System32\WindowsPowerShell\v1.0\;C:\Windows\System32\OpenSSH\;C:\Program Files (x86)\Microsoft SQL Server\150\DTS\Binn\;C:\Program Files\Azure Data Studio\bin;C:\Program Files\Microsoft SQL Server\Client SDK\ODBC\170\Tools\Binn\;C:\Program Files (x86)\Microsoft SQL Server\150\Tools\Binn\;C:\Program Files\Microsoft SQL Server\150\Tools\Binn\;C:\Program Files\Microsoft SQL Server\150\DTS\Binn\;C:\Program Files\Intel\WiFi\bin\;C:\Program Files\Common Files\Intel\WirelessCommon\;C:\sdk;C:\sdk\platform-tools;;D:\mysql-8.0.24-winx64bin;D:\apache-maven-3.8.1\bin;C:\Program Files\Common Files\Autodesk Shared\;C:\Program Files\Microsoft SQL Server\120\Tools\Binn\;C:\Program Files\Microsoft SQL Server\130\Tools\Binn\;D:\opencv3.4.1\opencv\build\x64\vc15\bin;"D:\apache-tomcat-7.0.109\bin;";"D:\apache-tomcat-7.0.109\lib;";D:\apache-jmeter-5.4.1\bin;D:\erl-23.0\bin;D:\nodejs\;D:\XShell7\;D:\Xftp7\;C:\Users\yangz\AppData\Local\Microsoft\WindowsApps;C:\Program Files\Azure Data Studio\bin;D:\idea\IntelliJ IDEA 2021.1.1\bin;;D:\Microsoft VS Code\bin;C:\Users\yangz\AppData\Roaming\npm;C:\Program Files\Bandizip\
USERNAME=yangz
OS=Windows_NT
PROCESSOR_IDENTIFIER=AMD64 Family 23 Model 17 Stepping 0, AuthenticAMD



---------------  S Y S T E M  ---------------

OS: Windows 10.0 , 64 bit Build 18362 (10.0.18362.1766)

CPU:total 8 (initial active 8) (8 cores per cpu, 1 threads per core) family 23 model 17 stepping 0, cmov, cx8, fxsr, mmx, sse, sse2, sse3, ssse3, sse4.1, sse4.2, popcnt, avx, avx2, aes, clmul, mmxext, 3dnowpref, lzcnt, sse4a, tsc, tscinvbit, tscinv, bmi1

Memory: 4k page, physical 7239248k(744904k free), swap 10424224k(5496k free)

vm_info: OpenJDK 64-Bit Server VM (25.292-b10) for windows-amd64 JRE (1.8.0_292-b10), built on Apr 14 2021 23:06:53 by "Administrator" with MS VC++ 12.0 (VS2013)

time: Fri Dec 31 10:38:45 2021
timezone: ?D1¨²¡À¨º¡Á?¨º¡À??
elapsed time: 8.224624 seconds (0d 0h 0m 8s)

