#
# There is insufficient memory for the Java Runtime Environment to continue.
# Native memory allocation (malloc) failed to allocate 105136 bytes for Chunk::new
# Possible reasons:
#   The system is out of physical RAM or swap space
#   The process is running with CompressedOops enabled, and the Java Heap may be blocking the growth of the native heap
# Possible solutions:
#   Reduce memory load on the system
#   Increase physical memory or swap space
#   Check if swap backing store is full
#   Decrease Java heap size (-Xmx/-Xms)
#   Decrease number of Java threads
#   Decrease Java thread stack sizes (-Xss)
#   Set larger code cache with -XX:ReservedCodeCacheSize=
#   JVM is running with Unscaled Compressed Oops mode in which the Java heap is
#     placed in the first 4GB address space. The Java Heap base address is the
#     maximum limit for the native heap growth. Please use -XX:HeapBaseMinAddress
#     to set the Java Heap base and to place the Java Heap above 4GB virtual address.
# This output file may be truncated or incomplete.
#
#  Out of Memory Error (allocation.cpp:389), pid=5076, tid=0x0000000000001b9c
#
# JRE version: OpenJDK Runtime Environment (8.0_292-b10) (build 1.8.0_292-b10)
# Java VM: OpenJDK 64-Bit Server VM (25.292-b10 mixed mode windows-amd64 compressed oops)
# Failed to write core dump. Minidumps are not enabled by default on client versions of Windows
#

---------------  T H R E A D  ---------------

Current thread (0x0000024af3a76800):  JavaThread "C2 CompilerThread0" daemon [_thread_in_native, id=7068, stack(0x0000006288c00000,0x0000006288d00000)]

Stack: [0x0000006288c00000,0x0000006288d00000]
[error occurred during error reporting (printing stack bounds), id 0xc0000005]

Native frames: (J=compiled Java code, j=interpreted, Vv=VM code, C=native code)


Current CompileTask:
C2:   1861  904   !   4       java.util.concurrent.ConcurrentHashMap::putVal (362 bytes)


---------------  P R O C E S S  ---------------

Java Threads: ( => current thread )
  0x0000024af4d63800 JavaThread "Service Thread" daemon [_thread_blocked, id=9308, stack(0x0000006289000000,0x0000006289100000)]
  0x0000024af3a83800 JavaThread "C1 CompilerThread3" daemon [_thread_blocked, id=6764, stack(0x0000006288f00000,0x0000006289000000)]
  0x0000024af3a7a000 JavaThread "C2 CompilerThread2" daemon [_thread_in_native, id=4332, stack(0x0000006288e00000,0x0000006288f00000)]
  0x0000024af3a71800 JavaThread "C2 CompilerThread1" daemon [_thread_in_native, id=4216, stack(0x0000006288d00000,0x0000006288e00000)]
=>0x0000024af3a76800 JavaThread "C2 CompilerThread0" daemon [_thread_in_native, id=7068, stack(0x0000006288c00000,0x0000006288d00000)]
  0x0000024af3a6b000 JavaThread "Attach Listener" daemon [_thread_blocked, id=13340, stack(0x0000006288b00000,0x0000006288c00000)]
  0x0000024af3a66000 JavaThread "Signal Dispatcher" daemon [_thread_blocked, id=2364, stack(0x0000006288a00000,0x0000006288b00000)]
  0x0000024af39e5000 JavaThread "Finalizer" daemon [_thread_blocked, id=16272, stack(0x0000006288900000,0x0000006288a00000)]
  0x0000024af39dc800 JavaThread "Reference Handler" daemon [_thread_blocked, id=11072, stack(0x0000006288800000,0x0000006288900000)]
  0x0000024add3f9000 JavaThread "main" [_thread_in_Java, id=13400, stack(0x0000006287e00000,0x0000006287f00000)]

Other Threads:
  0x0000024af2dde800 VMThread [stack: 0x0000006288700000,0x0000006288800000] [id=10164]
  0x0000024af4d64800 WatcherThread [stack: 0x0000006289100000,0x0000006289200000] [id=15760]

VM state:not at safepoint (normal execution)

VM Mutex/Monitor currently owned by a thread: None

heap address: 0x0000000091800000, size: 1768 MB, Compressed Oops mode: 32-bit
Narrow klass base: 0x0000000000000000, Narrow klass shift: 3
Compressed class space size: 1073741824 Address: 0x0000000100000000

Heap:
 PSYoungGen      total 33280K, used 22499K [0x00000000db300000, 0x00000000dd800000, 0x0000000100000000)
  eden space 28672K, 62% used [0x00000000db300000,0x00000000dc47ee10,0x00000000dcf00000)
  from space 4608K, 99% used [0x00000000dcf00000,0x00000000dd379ed0,0x00000000dd380000)
  to   space 4608K, 0% used [0x00000000dd380000,0x00000000dd380000,0x00000000dd800000)
 ParOldGen       total 76800K, used 761K [0x0000000091800000, 0x0000000096300000, 0x00000000db300000)
  object space 76800K, 0% used [0x0000000091800000,0x00000000918be748,0x0000000096300000)
 Metaspace       used 9663K, capacity 9842K, committed 9984K, reserved 1058816K
  class space    used 1154K, capacity 1212K, committed 1280K, reserved 1048576K

Card table byte_map: [0x0000024aee420000,0x0000024aee7a0000] byte_map_base: 0x0000024aedf94000

Marking Bits: (ParMarkBitMap*) 0x000000006efef7f0
 Begin Bits: [0x0000024aee9f0000, 0x0000024af0590000)
 End Bits:   [0x0000024af0590000, 0x0000024af2130000)

Polling page: 0x0000024add540000

CodeCache: size=245760Kb used=3886Kb max_used=3886Kb free=241873Kb
 bounds [0x0000024adf060000, 0x0000024adf430000, 0x0000024aee060000]
 total_blobs=1248 nmethods=918 adapters=244
 compilation: enabled

Compilation events (10 events):
Event: 1.850 Thread 0x0000024af3a83800  912       1       java.security.Permission::getName (5 bytes)
Event: 1.850 Thread 0x0000024af3a83800 nmethod 912 0x0000024adf423e50 code [0x0000024adf423fa0, 0x0000024adf4240b8]
Event: 1.852 Thread 0x0000024af3a83800  916       3       sun.misc.URLClassPath::findResource (47 bytes)
Event: 1.852 Thread 0x0000024af3a83800 nmethod 916 0x0000024adf424510 code [0x0000024adf4246a0, 0x0000024adf424a70]
Event: 1.852 Thread 0x0000024af3a83800  914       3       java.net.URLClassLoader$2::run (5 bytes)
Event: 1.853 Thread 0x0000024af3a83800 nmethod 914 0x0000024adf424c10 code [0x0000024adf424d80, 0x0000024adf424fd0]
Event: 1.853 Thread 0x0000024af3a83800  915       3       java.net.URLClassLoader$2::run (16 bytes)
Event: 1.853 Thread 0x0000024af3a83800 nmethod 915 0x0000024adf425110 code [0x0000024adf425280, 0x0000024adf425450]
Event: 1.855 Thread 0x0000024af3a83800  918       3       java.util.LinkedHashMap$LinkedKeyIterator::next (8 bytes)
Event: 1.855 Thread 0x0000024af3a83800 nmethod 918 0x0000024adf425550 code [0x0000024adf4256c0, 0x0000024adf425970]

GC Heap History (2 events):
Event: 1.607 GC heap before
{Heap before GC invocations=1 (full 0):
 PSYoungGen      total 33280K, used 28672K [0x00000000db300000, 0x00000000dd800000, 0x0000000100000000)
  eden space 28672K, 100% used [0x00000000db300000,0x00000000dcf00000,0x00000000dcf00000)
  from space 4608K, 0% used [0x00000000dd380000,0x00000000dd380000,0x00000000dd800000)
  to   space 4608K, 0% used [0x00000000dcf00000,0x00000000dcf00000,0x00000000dd380000)
 ParOldGen       total 76800K, used 0K [0x0000000091800000, 0x0000000096300000, 0x00000000db300000)
  object space 76800K, 0% used [0x0000000091800000,0x0000000091800000,0x0000000096300000)
 Metaspace       used 8526K, capacity 8668K, committed 8832K, reserved 1056768K
  class space    used 1016K, capacity 1080K, committed 1152K, reserved 1048576K
Event: 1.612 GC heap after
Heap after GC invocations=1 (full 0):
 PSYoungGen      total 33280K, used 4583K [0x00000000db300000, 0x00000000dd800000, 0x0000000100000000)
  eden space 28672K, 0% used [0x00000000db300000,0x00000000db300000,0x00000000dcf00000)
  from space 4608K, 99% used [0x00000000dcf00000,0x00000000dd379ed0,0x00000000dd380000)
  to   space 4608K, 0% used [0x00000000dd380000,0x00000000dd380000,0x00000000dd800000)
 ParOldGen       total 76800K, used 761K [0x0000000091800000, 0x0000000096300000, 0x00000000db300000)
  object space 76800K, 0% used [0x0000000091800000,0x00000000918be748,0x0000000096300000)
 Metaspace       used 8526K, capacity 8668K, committed 8832K, reserved 1056768K
  class space    used 1016K, capacity 1080K, committed 1152K, reserved 1048576K
}

Deoptimization events (8 events):
Event: 1.525 Thread 0x0000024add3f9000 Uncommon trap: reason=unstable_if action=reinterpret pc=0x0000024adf2787e4 method=org.codehaus.plexus.util.xml.pull.MXParser.more()C @ 8
Event: 1.567 Thread 0x0000024add3f9000 Uncommon trap: reason=unstable_if action=reinterpret pc=0x0000024adf357674 method=sun.nio.cs.StreamDecoder.implRead([CII)I @ 71
Event: 1.569 Thread 0x0000024add3f9000 Uncommon trap: reason=unstable_if action=reinterpret pc=0x0000024adf361bd4 method=sun.nio.cs.StreamDecoder.implRead([CII)I @ 71
Event: 1.637 Thread 0x0000024add3f9000 Uncommon trap: reason=unstable_if action=reinterpret pc=0x0000024adf35b040 method=java.io.Reader.read()I @ 12
Event: 1.643 Thread 0x0000024add3f9000 Uncommon trap: reason=unstable_if action=reinterpret pc=0x0000024adf37b7fc method=org.codehaus.plexus.util.xml.pull.MXParser.nextImpl()I @ 241
Event: 1.644 Thread 0x0000024add3f9000 Uncommon trap: reason=unstable_if action=reinterpret pc=0x0000024adf375b60 method=java.io.Reader.read()I @ 12
Event: 1.645 Thread 0x0000024add3f9000 Uncommon trap: reason=unstable_if action=reinterpret pc=0x0000024adf370aac method=sun.nio.cs.StreamDecoder.implRead([CII)I @ 197
Event: 1.723 Thread 0x0000024add3f9000 Uncommon trap: reason=range_check action=make_not_entrant pc=0x0000024adf3522a0 method=sun.reflect.generics.parser.SignatureParser.current()C @ 34

Classes redefined (0 events):
No events

Internal exceptions (10 events):
Event: 0.338 Thread 0x0000024add3f9000 Exception <a 'java/security/PrivilegedActionException'> (0x00000000db73b588) thrown at [C:\wsjdk\Corretto8Src\installers\windows\zip\corretto-build\buildRoot\src\hotspot\src\share\vm\prims\jvm.cpp, line 1523]
Event: 0.338 Thread 0x0000024add3f9000 Exception <a 'java/security/PrivilegedActionException'> (0x00000000db73b980) thrown at [C:\wsjdk\Corretto8Src\installers\windows\zip\corretto-build\buildRoot\src\hotspot\src\share\vm\prims\jvm.cpp, line 1523]
Event: 0.339 Thread 0x0000024add3f9000 Exception <a 'java/security/PrivilegedActionException'> (0x00000000db73ec20) thrown at [C:\wsjdk\Corretto8Src\installers\windows\zip\corretto-build\buildRoot\src\hotspot\src\share\vm\prims\jvm.cpp, line 1523]
Event: 0.339 Thread 0x0000024add3f9000 Exception <a 'java/security/PrivilegedActionException'> (0x00000000db73f018) thrown at [C:\wsjdk\Corretto8Src\installers\windows\zip\corretto-build\buildRoot\src\hotspot\src\share\vm\prims\jvm.cpp, line 1523]
Event: 1.495 Thread 0x0000024add3f9000 Exception <a 'java/lang/ArrayIndexOutOfBoundsException'> (0x00000000dc860d50) thrown at [C:\wsjdk\Corretto8Src\installers\windows\zip\corretto-build\buildRoot\src\hotspot\src\share\vm\runtime\sharedRuntime.cpp, line 609]
Event: 1.499 Thread 0x0000024add3f9000 Exception <a 'java/lang/ArrayIndexOutOfBoundsException'> (0x00000000dc87e010) thrown at [C:\wsjdk\Corretto8Src\installers\windows\zip\corretto-build\buildRoot\src\hotspot\src\share\vm\runtime\sharedRuntime.cpp, line 609]
Event: 1.510 Thread 0x0000024add3f9000 Exception <a 'java/lang/ArrayIndexOutOfBoundsException'> (0x00000000dc8c1ec8) thrown at [C:\wsjdk\Corretto8Src\installers\windows\zip\corretto-build\buildRoot\src\hotspot\src\share\vm\runtime\sharedRuntime.cpp, line 609]
Event: 1.652 Thread 0x0000024add3f9000 Exception <a 'java/lang/ArrayIndexOutOfBoundsException'> (0x00000000db6e64e8) thrown at [C:\wsjdk\Corretto8Src\installers\windows\zip\corretto-build\buildRoot\src\hotspot\src\share\vm\runtime\sharedRuntime.cpp, line 609]
Event: 1.653 Thread 0x0000024add3f9000 Exception <a 'java/lang/ArrayIndexOutOfBoundsException'> (0x00000000db6e8090) thrown at [C:\wsjdk\Corretto8Src\installers\windows\zip\corretto-build\buildRoot\src\hotspot\src\share\vm\runtime\sharedRuntime.cpp, line 609]
Event: 1.723 Thread 0x0000024add3f9000 Exception <a 'java/lang/ArrayIndexOutOfBoundsException': 66> (0x00000000dba4f0c8) thrown at [C:\wsjdk\Corretto8Src\installers\windows\zip\corretto-build\buildRoot\src\hotspot\src\share\vm\interpreter\interpreterRuntime.cpp, line 371]

Events (10 events):
Event: 1.853 loading class org/eclipse/aether/impl/MetadataGeneratorFactory
Event: 1.853 loading class org/eclipse/aether/impl/MetadataGeneratorFactory done
Event: 1.854 loading class org/apache/maven/repository/internal/VersionsMetadataGeneratorFactory
Event: 1.854 loading class org/apache/maven/repository/internal/VersionsMetadataGeneratorFactory done
Event: 1.854 loading class org/apache/maven/repository/internal/VersionsMetadataGeneratorFactory
Event: 1.854 loading class org/apache/maven/repository/internal/VersionsMetadataGeneratorFactory done
Event: 1.855 loading class org/eclipse/aether/internal/transport/wagon/PlexusWagonConfigurator
Event: 1.856 loading class org/eclipse/aether/internal/transport/wagon/PlexusWagonConfigurator done
Event: 1.856 loading class org/eclipse/aether/internal/transport/wagon/PlexusWagonConfigurator
Event: 1.856 loading class org/eclipse/aether/internal/transport/wagon/PlexusWagonConfigurator done


Dynamic libraries:
0x00007ff7ac350000 - 0x00007ff7ac38a000 	C:\Users\yangz\.jdks\corretto-1.8.0_292\bin\java.exe
0x00007fffba260000 - 0x00007fffba450000 	C:\Windows\SYSTEM32\ntdll.dll
0x00007fffb8a70000 - 0x00007fffb8b23000 	C:\Windows\System32\KERNEL32.DLL
0x00007fffb7300000 - 0x00007fffb75a6000 	C:\Windows\System32\KERNELBASE.dll
0x00007fffb92e0000 - 0x00007fffb9383000 	C:\Windows\System32\ADVAPI32.dll
0x00007fffb9460000 - 0x00007fffb94fe000 	C:\Windows\System32\msvcrt.dll
0x00007fffb8b30000 - 0x00007fffb8bc7000 	C:\Windows\System32\sechost.dll
0x00007fffb8ff0000 - 0x00007fffb910f000 	C:\Windows\System32\RPCRT4.dll
0x00007fffb8380000 - 0x00007fffb8514000 	C:\Windows\System32\USER32.dll
0x00007fffb72d0000 - 0x00007fffb72f1000 	C:\Windows\System32\win32u.dll
0x00007fffb9cd0000 - 0x00007fffb9cf6000 	C:\Windows\System32\GDI32.dll
0x00007fffb7930000 - 0x00007fffb7ac8000 	C:\Windows\System32\gdi32full.dll
0x00007fffb7890000 - 0x00007fffb792e000 	C:\Windows\System32\msvcp_win.dll
0x00007fffb75b0000 - 0x00007fffb76aa000 	C:\Windows\System32\ucrtbase.dll
0x00007fffa6720000 - 0x00007fffa69a4000 	C:\Windows\WinSxS\amd64_microsoft.windows.common-controls_6595b64144ccf1df_6.0.18362.1801_none_9e79a739e46243f0\COMCTL32.dll
0x00007fffb8c80000 - 0x00007fffb8fb6000 	C:\Windows\System32\combase.dll
0x00007fffb7800000 - 0x00007fffb7884000 	C:\Windows\System32\bcryptPrimitives.dll
0x00007fffb8fc0000 - 0x00007fffb8fee000 	C:\Windows\System32\IMM32.DLL
0x00007fff74830000 - 0x00007fff7491f000 	C:\Users\yangz\.jdks\corretto-1.8.0_292\jre\bin\msvcr120.dll
0x00007fff74780000 - 0x00007fff74826000 	C:\Users\yangz\.jdks\corretto-1.8.0_292\jre\bin\msvcp120.dll
0x000000006e800000 - 0x000000006f06e000 	C:\Users\yangz\.jdks\corretto-1.8.0_292\jre\bin\server\jvm.dll
0x00007fffb9d00000 - 0x00007fffb9d08000 	C:\Windows\System32\PSAPI.DLL
0x00007fffb4c20000 - 0x00007fffb4c44000 	C:\Windows\SYSTEM32\WINMM.dll
0x00007fffa26d0000 - 0x00007fffa26d9000 	C:\Windows\SYSTEM32\WSOCK32.dll
0x00007fffaeea0000 - 0x00007fffaeeaa000 	C:\Windows\SYSTEM32\VERSION.dll
0x00007fffb89a0000 - 0x00007fffb8a0f000 	C:\Windows\System32\WS2_32.dll
0x00007fffb4bf0000 - 0x00007fffb4c1d000 	C:\Windows\SYSTEM32\winmmbase.dll
0x00007fffb7200000 - 0x00007fffb724a000 	C:\Windows\System32\cfgmgr32.dll
0x00007fffb2dc0000 - 0x00007fffb2dcf000 	C:\Users\yangz\.jdks\corretto-1.8.0_292\jre\bin\verify.dll
0x00007fffa2a20000 - 0x00007fffa2a49000 	C:\Users\yangz\.jdks\corretto-1.8.0_292\jre\bin\java.dll
0x00007fffb2b90000 - 0x00007fffb2ba6000 	C:\Users\yangz\.jdks\corretto-1.8.0_292\jre\bin\zip.dll
0x00007fffb9500000 - 0x00007fffb9be7000 	C:\Windows\System32\SHELL32.dll
0x00007fffb8bd0000 - 0x00007fffb8c79000 	C:\Windows\System32\shcore.dll
0x00007fffb7ad0000 - 0x00007fffb824b000 	C:\Windows\System32\windows.storage.dll
0x00007fffb71b0000 - 0x00007fffb71ce000 	C:\Windows\System32\profapi.dll
0x00007fffb7160000 - 0x00007fffb71aa000 	C:\Windows\System32\powrprof.dll
0x00007fffb7110000 - 0x00007fffb7120000 	C:\Windows\System32\UMPDC.dll
0x00007fffb8a10000 - 0x00007fffb8a62000 	C:\Windows\System32\shlwapi.dll
0x00007fffb7120000 - 0x00007fffb7131000 	C:\Windows\System32\kernel.appcore.dll
0x00007fffb7250000 - 0x00007fffb7267000 	C:\Windows\System32\cryptsp.dll
0x00007fffb6470000 - 0x00007fffb64a3000 	C:\Windows\system32\rsaenh.dll
0x00007fffb71d0000 - 0x00007fffb71f6000 	C:\Windows\System32\bcrypt.dll
0x00007fffb7000000 - 0x00007fffb7025000 	C:\Windows\SYSTEM32\USERENV.dll
0x00007fffb6ac0000 - 0x00007fffb6acc000 	C:\Windows\SYSTEM32\CRYPTBASE.dll
0x00007fffa4150000 - 0x00007fffa416a000 	C:\Users\yangz\.jdks\corretto-1.8.0_292\jre\bin\net.dll
0x00007fffb68f0000 - 0x00007fffb6957000 	C:\Windows\system32\mswsock.dll
0x00007fffb6600000 - 0x00007fffb663a000 	C:\Windows\SYSTEM32\IPHLPAPI.DLL
0x00007fffb9bf0000 - 0x00007fffb9bf8000 	C:\Windows\System32\NSI.dll
0x00007fffafa50000 - 0x00007fffafa66000 	C:\Windows\SYSTEM32\dhcpcsvc6.DLL
0x00007fffaf930000 - 0x00007fffaf94c000 	C:\Windows\SYSTEM32\dhcpcsvc.DLL
0x00007fffb6640000 - 0x00007fffb670a000 	C:\Windows\SYSTEM32\DNSAPI.dll
0x00007fffa3090000 - 0x00007fffa30a2000 	C:\Users\yangz\.jdks\corretto-1.8.0_292\jre\bin\nio.dll
0x00007fffa3ae0000 - 0x00007fffa3aea000 	C:\Users\yangz\AppData\Local\Temp\jansi-1.17.1-815532607221588961.dll
0x00007fffa37d0000 - 0x00007fffa37da000 	C:\Users\yangz\AppData\Local\Temp\jansi-1.17.1-9063843494896540680.dll

VM Arguments:
jvm_args: -Dmaven.multiModuleProjectDirectory=C:\Users\yangz\IdeaProjects\COVID-19\domain\Admin\Admin_Module_service -Dmaven.home=C:\Program Files\JetBrains\IntelliJ IDEA 2021.1.1\plugins\maven\lib\maven3 -Dclassworlds.conf=C:\Program Files\JetBrains\IntelliJ IDEA 2021.1.1\plugins\maven\lib\maven3\bin\m2.conf -Dmaven.ext.class.path=C:\Program Files\JetBrains\IntelliJ IDEA 2021.1.1\plugins\maven\lib\maven-event-listener.jar -Dfile.encoding=UTF-8 
java_command: org.codehaus.classworlds.Launcher -Didea.version=2021.1.1 -DskipTests=true install
java_class_path (initial): C:\Program Files\JetBrains\IntelliJ IDEA 2021.1.1\plugins\maven\lib\maven3\boot\plexus-classworlds-2.6.0.jar;C:\Program Files\JetBrains\IntelliJ IDEA 2021.1.1\plugins\maven\lib\maven3\boot\plexus-classworlds.license
Launcher Type: SUN_STANDARD

Environment Variables:
JAVA_HOME=D:\Java\jdk1.8.0_301
CLASSPATH=.;D:\Java\jdk1.8.0_301\lib\dt.jar;D:\Java\jdk1.8.0_301\lib\tools.jar
PATH=D:\Java\jdk1.8.0_301\jre\bin;D:\Java\jdk1.8.0_301bin;D:\Vmware\bin\;C:\Program Files\Common Files\Oracle\Java\javapath;C:\Program Files (x86)\Common Files\Oracle\Java\javapath;D:\apache-tomcat-9.0.44\bin;C:\Windows\system32;C:\Windows;C:\Windows\System32\Wbem;C:\Windows\System32\WindowsPowerShell\v1.0\;C:\Windows\System32\OpenSSH\;C:\Program Files (x86)\Microsoft SQL Server\150\DTS\Binn\;C:\Program Files\Azure Data Studio\bin;C:\Program Files\Microsoft SQL Server\Client SDK\ODBC\170\Tools\Binn\;C:\Program Files (x86)\Microsoft SQL Server\150\Tools\Binn\;C:\Program Files\Microsoft SQL Server\150\Tools\Binn\;C:\Program Files\Microsoft SQL Server\150\DTS\Binn\;C:\Program Files\Intel\WiFi\bin\;C:\Program Files\Common Files\Intel\WirelessCommon\;C:\sdk;C:\sdk\platform-tools;;D:\mysql-8.0.24-winx64bin;D:\apache-maven-3.8.1\bin;C:\Program Files\Common Files\Autodesk Shared\;C:\Program Files\Microsoft SQL Server\120\Tools\Binn\;C:\Program Files\Microsoft SQL Server\130\Tools\Binn\;D:\opencv3.4.1\opencv\build\x64\vc15\bin;"D:\apache-tomcat-7.0.109\bin;";"D:\apache-tomcat-7.0.109\lib;";D:\apache-jmeter-5.4.1\bin;D:\erl-23.0\bin;D:\nodejs\;D:\XShell7\;D:\Xftp7\;C:\Users\yangz\AppData\Local\Microsoft\WindowsApps;C:\Program Files\Azure Data Studio\bin;D:\idea\IntelliJ IDEA 2021.1.1\bin;;D:\Microsoft VS Code\bin;C:\Users\yangz\AppData\Roaming\npm;C:\Program Files\Bandizip\
USERNAME=yangz
OS=Windows_NT
PROCESSOR_IDENTIFIER=AMD64 Family 23 Model 17 Stepping 0, AuthenticAMD



---------------  S Y S T E M  ---------------

OS: Windows 10.0 , 64 bit Build 18362 (10.0.18362.1766)

CPU:total 8 (initial active 8) (8 cores per cpu, 1 threads per core) family 23 model 17 stepping 0, cmov, cx8, fxsr, mmx, sse, sse2, sse3, ssse3, sse4.1, sse4.2, popcnt, avx, avx2, aes, clmul, mmxext, 3dnowpref, lzcnt, sse4a, tsc, tscinvbit, tscinv, bmi1

Memory: 4k page, physical 7239248k(778372k free), swap 10424224k(5124k free)

vm_info: OpenJDK 64-Bit Server VM (25.292-b10) for windows-amd64 JRE (1.8.0_292-b10), built on Apr 14 2021 23:06:53 by "Administrator" with MS VC++ 12.0 (VS2013)

time: Fri Dec 31 10:39:58 2021
timezone: ?D1¨²¡À¨º¡Á?¨º¡À??
elapsed time: 1.868581 seconds (0d 0h 0m 1s)

