#
# There is insufficient memory for the Java Runtime Environment to continue.
# Native memory allocation (malloc) failed to allocate 55216 bytes for Chunk::new
# Possible reasons:
#   The system is out of physical RAM or swap space
#   The process is running with CompressedOops enabled, and the Java Heap may be blocking the growth of the native heap
# Possible solutions:
#   Reduce memory load on the system
#   Increase physical memory or swap space
#   Check if swap backing store is full
#   Decrease Java heap size (-Xmx/-Xms)
#   Decrease number of Java threads
#   Decrease Java thread stack sizes (-Xss)
#   Set larger code cache with -XX:ReservedCodeCacheSize=
#   JVM is running with Unscaled Compressed Oops mode in which the Java heap is
#     placed in the first 4GB address space. The Java Heap base address is the
#     maximum limit for the native heap growth. Please use -XX:HeapBaseMinAddress
#     to set the Java Heap base and to place the Java Heap above 4GB virtual address.
# This output file may be truncated or incomplete.
#
#  Out of Memory Error (allocation.cpp:389), pid=15548, tid=0x0000000000002078
#
# JRE version: OpenJDK Runtime Environment (8.0_292-b10) (build 1.8.0_292-b10)
# Java VM: OpenJDK 64-Bit Server VM (25.292-b10 mixed mode windows-amd64 compressed oops)
# Failed to write core dump. Minidumps are not enabled by default on client versions of Windows
#

---------------  T H R E A D  ---------------

Current thread (0x0000025171a95800):  JavaThread "C2 CompilerThread0" daemon [_thread_in_native, id=8312, stack(0x000000b463300000,0x000000b463400000)]

Stack: [0x000000b463300000,0x000000b463400000]
[error occurred during error reporting (printing stack bounds), id 0xc0000005]

Native frames: (J=compiled Java code, j=interpreted, Vv=VM code, C=native code)


Current CompileTask:
C2:   2366 1803  s    4       org.fusesource.jansi.AnsiPrintStream::filter (948 bytes)


---------------  P R O C E S S  ---------------

Java Threads: ( => current thread )
  0x0000025172da9800 JavaThread "Service Thread" daemon [_thread_blocked, id=13584, stack(0x000000b463700000,0x000000b463800000)]
  0x0000025171aa0000 JavaThread "C1 CompilerThread3" daemon [_thread_blocked, id=14892, stack(0x000000b463600000,0x000000b463700000)]
  0x0000025171a9e000 JavaThread "C2 CompilerThread2" daemon [_thread_in_native, id=14932, stack(0x000000b463500000,0x000000b463600000)]
  0x0000025171a98000 JavaThread "C2 CompilerThread1" daemon [_thread_in_native, id=11456, stack(0x000000b463400000,0x000000b463500000)]
=>0x0000025171a95800 JavaThread "C2 CompilerThread0" daemon [_thread_in_native, id=8312, stack(0x000000b463300000,0x000000b463400000)]
  0x0000025171a3b000 JavaThread "Attach Listener" daemon [_thread_blocked, id=7220, stack(0x000000b463200000,0x000000b463300000)]
  0x0000025171a25800 JavaThread "Signal Dispatcher" daemon [_thread_blocked, id=11492, stack(0x000000b463100000,0x000000b463200000)]
  0x0000025171a06000 JavaThread "Finalizer" daemon [_thread_blocked, id=2080, stack(0x000000b463000000,0x000000b463100000)]
  0x00000251719fe800 JavaThread "Reference Handler" daemon [_thread_blocked, id=5084, stack(0x000000b462f00000,0x000000b463000000)]
  0x000002515b2f9000 JavaThread "main" [_thread_in_native, id=3716, stack(0x000000b462500000,0x000000b462600000)]

Other Threads:
  0x00000251719d3000 VMThread [stack: 0x000000b462e00000,0x000000b462f00000] [id=14780]
  0x0000025172d5e000 WatcherThread [stack: 0x000000b463800000,0x000000b463900000] [id=16208]

VM state:not at safepoint (normal execution)

VM Mutex/Monitor currently owned by a thread: None

heap address: 0x0000000091800000, size: 1768 MB, Compressed Oops mode: 32-bit
Narrow klass base: 0x0000000000000000, Narrow klass shift: 3
Compressed class space size: 1073741824 Address: 0x0000000100000000

Heap:
 PSYoungGen      total 33280K, used 14529K [0x00000000db300000, 0x00000000dd800000, 0x0000000100000000)
  eden space 28672K, 34% used [0x00000000db300000,0x00000000dbcb6448,0x00000000dcf00000)
  from space 4608K, 99% used [0x00000000dcf00000,0x00000000dd37a040,0x00000000dd380000)
  to   space 4608K, 0% used [0x00000000dd380000,0x00000000dd380000,0x00000000dd800000)
 ParOldGen       total 76800K, used 4330K [0x0000000091800000, 0x0000000096300000, 0x00000000db300000)
  object space 76800K, 5% used [0x0000000091800000,0x0000000091c3a9c8,0x0000000096300000)
 Metaspace       used 15298K, capacity 15554K, committed 15872K, reserved 1062912K
  class space    used 1860K, capacity 1946K, committed 2048K, reserved 1048576K

Card table byte_map: [0x000002516c470000,0x000002516c7f0000] byte_map_base: 0x000002516bfe4000

Marking Bits: (ParMarkBitMap*) 0x000000006efef7f0
 Begin Bits: [0x000002516ca40000, 0x000002516e5e0000)
 End Bits:   [0x000002516e5e0000, 0x0000025170180000)

Polling page: 0x000002515b520000

CodeCache: size=245760Kb used=6379Kb max_used=6379Kb free=239380Kb
 bounds [0x000002515d0b0000, 0x000002515d6f0000, 0x000002516c0b0000]
 total_blobs=2188 nmethods=1814 adapters=286
 compilation: disabled (not enough contiguous free space left)

Compilation events (10 events):
Event: 2.351 Thread 0x0000025171aa0000 1818       3       org.apache.maven.model.merge.ModelMerger$SourceDominant::<init> (10 bytes)
Event: 2.351 Thread 0x0000025171aa0000 nmethod 1818 0x000002515d6ecd50 code [0x000002515d6ecea0, 0x000002515d6ed058]
Event: 2.351 Thread 0x0000025171aa0000 1819       1       org.apache.maven.model.RepositoryPolicy::getUpdatePolicy (5 bytes)
Event: 2.352 Thread 0x0000025171aa0000 nmethod 1819 0x000002515d6ed110 code [0x000002515d6ed260, 0x000002515d6ed378]
Event: 2.352 Thread 0x0000025171aa0000 1820       1       org.apache.maven.model.RepositoryPolicy::getChecksumPolicy (5 bytes)
Event: 2.352 Thread 0x0000025171aa0000 nmethod 1820 0x000002515d6ed3d0 code [0x000002515d6ed520, 0x000002515d6ed638]
Event: 2.352 Thread 0x0000025171aa0000 1821       3       org.apache.maven.model.validation.DefaultModelValidator::validateId (119 bytes)
Event: 2.354 Thread 0x0000025171aa0000 nmethod 1821 0x000002515d6ed690 code [0x000002515d6ed960, 0x000002515d6eeff0]
Event: 2.356 Thread 0x0000025171aa0000 1822       1       org.eclipse.aether.artifact.DefaultArtifact::getVersion (5 bytes)
Event: 2.359 Thread 0x0000025171aa0000 


GC Heap History (6 events):
Event: 1.193 GC heap before
{Heap before GC invocations=1 (full 0):
 PSYoungGen      total 33280K, used 28672K [0x00000000db300000, 0x00000000dd800000, 0x0000000100000000)
  eden space 28672K, 100% used [0x00000000db300000,0x00000000dcf00000,0x00000000dcf00000)
  from space 4608K, 0% used [0x00000000dd380000,0x00000000dd380000,0x00000000dd800000)
  to   space 4608K, 0% used [0x00000000dcf00000,0x00000000dcf00000,0x00000000dd380000)
 ParOldGen       total 76800K, used 0K [0x0000000091800000, 0x0000000096300000, 0x00000000db300000)
  object space 76800K, 0% used [0x0000000091800000,0x0000000091800000,0x0000000096300000)
 Metaspace       used 8544K, capacity 8668K, committed 8832K, reserved 1056768K
  class space    used 1015K, capacity 1080K, committed 1152K, reserved 1048576K
Event: 1.199 GC heap after
Heap after GC invocations=1 (full 0):
 PSYoungGen      total 33280K, used 4596K [0x00000000db300000, 0x00000000dd800000, 0x0000000100000000)
  eden space 28672K, 0% used [0x00000000db300000,0x00000000db300000,0x00000000dcf00000)
  from space 4608K, 99% used [0x00000000dcf00000,0x00000000dd37d3d0,0x00000000dd380000)
  to   space 4608K, 0% used [0x00000000dd380000,0x00000000dd380000,0x00000000dd800000)
 ParOldGen       total 76800K, used 613K [0x0000000091800000, 0x0000000096300000, 0x00000000db300000)
  object space 76800K, 0% used [0x0000000091800000,0x0000000091899768,0x0000000096300000)
 Metaspace       used 8544K, capacity 8668K, committed 8832K, reserved 1056768K
  class space    used 1015K, capacity 1080K, committed 1152K, reserved 1048576K
}
Event: 1.572 GC heap before
{Heap before GC invocations=2 (full 0):
 PSYoungGen      total 33280K, used 33268K [0x00000000db300000, 0x00000000dd800000, 0x0000000100000000)
  eden space 28672K, 100% used [0x00000000db300000,0x00000000dcf00000,0x00000000dcf00000)
  from space 4608K, 99% used [0x00000000dcf00000,0x00000000dd37d3d0,0x00000000dd380000)
  to   space 4608K, 0% used [0x00000000dd380000,0x00000000dd380000,0x00000000dd800000)
 ParOldGen       total 76800K, used 613K [0x0000000091800000, 0x0000000096300000, 0x00000000db300000)
  object space 76800K, 0% used [0x0000000091800000,0x0000000091899768,0x0000000096300000)
 Metaspace       used 10933K, capacity 11086K, committed 11264K, reserved 1058816K
  class space    used 1317K, capacity 1414K, committed 1536K, reserved 1048576K
Event: 1.576 GC heap after
Heap after GC invocations=2 (full 0):
 PSYoungGen      total 33280K, used 4578K [0x00000000db300000, 0x00000000dd800000, 0x0000000100000000)
  eden space 28672K, 0% used [0x00000000db300000,0x00000000db300000,0x00000000dcf00000)
  from space 4608K, 99% used [0x00000000dd380000,0x00000000dd7f8b28,0x00000000dd800000)
  to   space 4608K, 0% used [0x00000000dcf00000,0x00000000dcf00000,0x00000000dd380000)
 ParOldGen       total 76800K, used 2014K [0x0000000091800000, 0x0000000096300000, 0x00000000db300000)
  object space 76800K, 2% used [0x0000000091800000,0x00000000919f79c8,0x0000000096300000)
 Metaspace       used 10933K, capacity 11086K, committed 11264K, reserved 1058816K
  class space    used 1317K, capacity 1414K, committed 1536K, reserved 1048576K
}
Event: 2.125 GC heap before
{Heap before GC invocations=3 (full 0):
 PSYoungGen      total 33280K, used 33250K [0x00000000db300000, 0x00000000dd800000, 0x0000000100000000)
  eden space 28672K, 100% used [0x00000000db300000,0x00000000dcf00000,0x00000000dcf00000)
  from space 4608K, 99% used [0x00000000dd380000,0x00000000dd7f8b28,0x00000000dd800000)
  to   space 4608K, 0% used [0x00000000dcf00000,0x00000000dcf00000,0x00000000dd380000)
 ParOldGen       total 76800K, used 2014K [0x0000000091800000, 0x0000000096300000, 0x00000000db300000)
  object space 76800K, 2% used [0x0000000091800000,0x00000000919f79c8,0x0000000096300000)
 Metaspace       used 14211K, capacity 14472K, committed 14720K, reserved 1062912K
  class space    used 1754K, capacity 1844K, committed 1920K, reserved 1048576K
Event: 2.131 GC heap after
Heap after GC invocations=3 (full 0):
 PSYoungGen      total 33280K, used 4584K [0x00000000db300000, 0x00000000dd800000, 0x0000000100000000)
  eden space 28672K, 0% used [0x00000000db300000,0x00000000db300000,0x00000000dcf00000)
  from space 4608K, 99% used [0x00000000dcf00000,0x00000000dd37a040,0x00000000dd380000)
  to   space 4608K, 0% used [0x00000000dd380000,0x00000000dd380000,0x00000000dd800000)
 ParOldGen       total 76800K, used 4330K [0x0000000091800000, 0x0000000096300000, 0x00000000db300000)
  object space 76800K, 5% used [0x0000000091800000,0x0000000091c3a9c8,0x0000000096300000)
 Metaspace       used 14211K, capacity 14472K, committed 14720K, reserved 1062912K
  class space    used 1754K, capacity 1844K, committed 1920K, reserved 1048576K
}

Deoptimization events (10 events):
Event: 1.226 Thread 0x000002515b2f9000 Uncommon trap: reason=unstable_if action=reinterpret pc=0x000002515d3ce260 method=org.codehaus.plexus.util.xml.pull.MXParser.nextImpl()I @ 241
Event: 1.227 Thread 0x000002515b2f9000 Uncommon trap: reason=unstable_if action=reinterpret pc=0x000002515d3ba398 method=sun.nio.cs.StreamDecoder.implRead([CII)I @ 197
Event: 1.291 Thread 0x000002515b2f9000 Uncommon trap: reason=range_check action=make_not_entrant pc=0x000002515d41d320 method=sun.reflect.generics.parser.SignatureParser.current()C @ 34
Event: 1.482 Thread 0x000002515b2f9000 Uncommon trap: reason=unstable_if action=reinterpret pc=0x000002515d42e8a0 method=java.lang.String.lastIndexOf([CII[CIII)I @ 118
Event: 2.035 Thread 0x000002515b2f9000 Uncommon trap: reason=unstable_if action=reinterpret pc=0x000002515d5fc310 method=org.eclipse.sisu.inject.InjectorBindings.isAssignableFrom(Lcom/google/inject/TypeLiteral;Lcom/google/inject/Binding;)Z @ 14
Event: 2.041 Thread 0x000002515b2f9000 Uncommon trap: reason=unstable_if action=reinterpret pc=0x000002515d2fb644 method=sun.misc.MetaIndex.mayContain(Ljava/lang/String;)Z @ 38
Event: 2.167 Thread 0x000002515b2f9000 Uncommon trap: reason=unstable_if action=reinterpret pc=0x000002515d36581c method=java.lang.AbstractStringBuilder.append(Ljava/lang/String;)Ljava/lang/AbstractStringBuilder; @ 1
Event: 2.167 Thread 0x000002515b2f9000 Uncommon trap: reason=unstable_if action=reinterpret pc=0x000002515d2e4b38 method=java.lang.AbstractStringBuilder.append(Ljava/lang/String;)Ljava/lang/AbstractStringBuilder; @ 1
Event: 2.174 Thread 0x000002515b2f9000 Uncommon trap: reason=unstable_if action=reinterpret pc=0x000002515d28abb8 method=java.lang.String.replace(CC)Ljava/lang/String; @ 2
Event: 2.175 Thread 0x000002515b2f9000 Uncommon trap: reason=unstable_if action=reinterpret pc=0x000002515d38e75c method=sun.nio.cs.UTF_8$Decoder.decodeArrayLoop(Ljava/nio/ByteBuffer;Ljava/nio/CharBuffer;)Ljava/nio/charset/CoderResult; @ 84

Classes redefined (0 events):
No events

Internal exceptions (10 events):
Event: 1.932 Thread 0x000002515b2f9000 Exception <a 'java/lang/NoClassDefFoundError'> (0x00000000dc77c050) thrown at [C:\wsjdk\Corretto8Src\installers\windows\zip\corretto-build\buildRoot\src\hotspot\src\share\vm\prims\jvm.cpp, line 1527]
Event: 1.932 Thread 0x000002515b2f9000 Exception <a 'java/lang/NoClassDefFoundError': javax/annotation/Priority> (0x00000000dc780ef8) thrown at [C:\wsjdk\Corretto8Src\installers\windows\zip\corretto-build\buildRoot\src\hotspot\src\share\vm\classfile\systemDictionary.cpp, line 206]
Event: 2.119 Thread 0x000002515b2f9000 Exception <a 'java/lang/NullPointerException'> (0x00000000dceca9c8) thrown at [C:\wsjdk\Corretto8Src\installers\windows\zip\corretto-build\buildRoot\src\hotspot\src\share\vm\interpreter\linkResolver.cpp, line 1185]
Event: 2.119 Thread 0x000002515b2f9000 Exception <a 'java/lang/NullPointerException'> (0x00000000dcecabe0) thrown at [C:\wsjdk\Corretto8Src\installers\windows\zip\corretto-build\buildRoot\src\hotspot\src\share\vm\interpreter\linkResolver.cpp, line 1185]
Event: 2.119 Thread 0x000002515b2f9000 Exception <a 'java/lang/NullPointerException'> (0x00000000dcecadf8) thrown at [C:\wsjdk\Corretto8Src\installers\windows\zip\corretto-build\buildRoot\src\hotspot\src\share\vm\interpreter\linkResolver.cpp, line 1185]
Event: 2.120 Thread 0x000002515b2f9000 Exception <a 'java/lang/NullPointerException'> (0x00000000dced3268) thrown at [C:\wsjdk\Corretto8Src\installers\windows\zip\corretto-build\buildRoot\src\hotspot\src\share\vm\interpreter\linkResolver.cpp, line 1185]
Event: 2.120 Thread 0x000002515b2f9000 Exception <a 'java/lang/NullPointerException'> (0x00000000dced3480) thrown at [C:\wsjdk\Corretto8Src\installers\windows\zip\corretto-build\buildRoot\src\hotspot\src\share\vm\interpreter\linkResolver.cpp, line 1185]
Event: 2.120 Thread 0x000002515b2f9000 Exception <a 'java/lang/NullPointerException'> (0x00000000dced3698) thrown at [C:\wsjdk\Corretto8Src\installers\windows\zip\corretto-build\buildRoot\src\hotspot\src\share\vm\interpreter\linkResolver.cpp, line 1185]
Event: 2.167 Thread 0x000002515b2f9000 Implicit null exception at 0x000002515d365454 to 0x000002515d365805
Event: 2.167 Thread 0x000002515b2f9000 Implicit null exception at 0x000002515d2e4796 to 0x000002515d2e4b21

Events (10 events):
Event: 2.255 loading class org/eclipse/aether/util/version/GenericVersion$Item
Event: 2.255 loading class org/eclipse/aether/util/version/GenericVersion$Item done
Event: 2.262 loading class org/apache/maven/model/Site
Event: 2.262 loading class org/apache/maven/model/Site done
Event: 2.272 loading class org/apache/maven/model/Exclusion
Event: 2.272 loading class org/apache/maven/model/Exclusion done
Event: 2.341 Thread 0x000002515b2f9000 DEOPT PACKING pc=0x000002515d68351b sp=0x000000b4625fd610
Event: 2.341 Thread 0x000002515b2f9000 DEOPT UNPACKING pc=0x000002515d0f71d8 sp=0x000000b4625fd410 mode 0
Event: 2.357 Thread 0x000002515b2f9000 DEOPT PACKING pc=0x000002515d68351b sp=0x000000b4625fd610
Event: 2.357 Thread 0x000002515b2f9000 DEOPT UNPACKING pc=0x000002515d0f71d8 sp=0x000000b4625fd410 mode 0


Dynamic libraries:
0x00007ff7ac350000 - 0x00007ff7ac38a000 	C:\Users\yangz\.jdks\corretto-1.8.0_292\bin\java.exe
0x00007fffba260000 - 0x00007fffba450000 	C:\Windows\SYSTEM32\ntdll.dll
0x00007fffb8a70000 - 0x00007fffb8b23000 	C:\Windows\System32\KERNEL32.DLL
0x00007fffb7300000 - 0x00007fffb75a6000 	C:\Windows\System32\KERNELBASE.dll
0x00007fffb92e0000 - 0x00007fffb9383000 	C:\Windows\System32\ADVAPI32.dll
0x00007fffb9460000 - 0x00007fffb94fe000 	C:\Windows\System32\msvcrt.dll
0x00007fffb8b30000 - 0x00007fffb8bc7000 	C:\Windows\System32\sechost.dll
0x00007fffb8ff0000 - 0x00007fffb910f000 	C:\Windows\System32\RPCRT4.dll
0x00007fffb8380000 - 0x00007fffb8514000 	C:\Windows\System32\USER32.dll
0x00007fffb72d0000 - 0x00007fffb72f1000 	C:\Windows\System32\win32u.dll
0x00007fffb9cd0000 - 0x00007fffb9cf6000 	C:\Windows\System32\GDI32.dll
0x00007fffb7930000 - 0x00007fffb7ac8000 	C:\Windows\System32\gdi32full.dll
0x00007fffb7890000 - 0x00007fffb792e000 	C:\Windows\System32\msvcp_win.dll
0x00007fffb75b0000 - 0x00007fffb76aa000 	C:\Windows\System32\ucrtbase.dll
0x00007fffa6720000 - 0x00007fffa69a4000 	C:\Windows\WinSxS\amd64_microsoft.windows.common-controls_6595b64144ccf1df_6.0.18362.1801_none_9e79a739e46243f0\COMCTL32.dll
0x00007fffb8c80000 - 0x00007fffb8fb6000 	C:\Windows\System32\combase.dll
0x00007fffb7800000 - 0x00007fffb7884000 	C:\Windows\System32\bcryptPrimitives.dll
0x00007fffb8fc0000 - 0x00007fffb8fee000 	C:\Windows\System32\IMM32.DLL
0x00007fff74830000 - 0x00007fff7491f000 	C:\Users\yangz\.jdks\corretto-1.8.0_292\jre\bin\msvcr120.dll
0x00007fff74780000 - 0x00007fff74826000 	C:\Users\yangz\.jdks\corretto-1.8.0_292\jre\bin\msvcp120.dll
0x000000006e800000 - 0x000000006f06e000 	C:\Users\yangz\.jdks\corretto-1.8.0_292\jre\bin\server\jvm.dll
0x00007fffb9d00000 - 0x00007fffb9d08000 	C:\Windows\System32\PSAPI.DLL
0x00007fffaeea0000 - 0x00007fffaeeaa000 	C:\Windows\SYSTEM32\VERSION.dll
0x00007fffa26d0000 - 0x00007fffa26d9000 	C:\Windows\SYSTEM32\WSOCK32.dll
0x00007fffb89a0000 - 0x00007fffb8a0f000 	C:\Windows\System32\WS2_32.dll
0x00007fffb4c20000 - 0x00007fffb4c44000 	C:\Windows\SYSTEM32\WINMM.dll
0x00007fffb4bf0000 - 0x00007fffb4c1d000 	C:\Windows\SYSTEM32\winmmbase.dll
0x00007fffb7200000 - 0x00007fffb724a000 	C:\Windows\System32\cfgmgr32.dll
0x00007fffb2dc0000 - 0x00007fffb2dcf000 	C:\Users\yangz\.jdks\corretto-1.8.0_292\jre\bin\verify.dll
0x00007fffa2a20000 - 0x00007fffa2a49000 	C:\Users\yangz\.jdks\corretto-1.8.0_292\jre\bin\java.dll
0x00007fffb2b90000 - 0x00007fffb2ba6000 	C:\Users\yangz\.jdks\corretto-1.8.0_292\jre\bin\zip.dll
0x00007fffb9500000 - 0x00007fffb9be7000 	C:\Windows\System32\SHELL32.dll
0x00007fffb8bd0000 - 0x00007fffb8c79000 	C:\Windows\System32\shcore.dll
0x00007fffb7ad0000 - 0x00007fffb824b000 	C:\Windows\System32\windows.storage.dll
0x00007fffb71b0000 - 0x00007fffb71ce000 	C:\Windows\System32\profapi.dll
0x00007fffb7160000 - 0x00007fffb71aa000 	C:\Windows\System32\powrprof.dll
0x00007fffb7110000 - 0x00007fffb7120000 	C:\Windows\System32\UMPDC.dll
0x00007fffb8a10000 - 0x00007fffb8a62000 	C:\Windows\System32\shlwapi.dll
0x00007fffb7120000 - 0x00007fffb7131000 	C:\Windows\System32\kernel.appcore.dll
0x00007fffb7250000 - 0x00007fffb7267000 	C:\Windows\System32\cryptsp.dll
0x00007fffb6470000 - 0x00007fffb64a3000 	C:\Windows\system32\rsaenh.dll
0x00007fffb71d0000 - 0x00007fffb71f6000 	C:\Windows\System32\bcrypt.dll
0x00007fffb7000000 - 0x00007fffb7025000 	C:\Windows\SYSTEM32\USERENV.dll
0x00007fffb6ac0000 - 0x00007fffb6acc000 	C:\Windows\SYSTEM32\CRYPTBASE.dll
0x00007fffa4150000 - 0x00007fffa416a000 	C:\Users\yangz\.jdks\corretto-1.8.0_292\jre\bin\net.dll
0x00007fffb68f0000 - 0x00007fffb6957000 	C:\Windows\system32\mswsock.dll
0x00007fffb6600000 - 0x00007fffb663a000 	C:\Windows\SYSTEM32\IPHLPAPI.DLL
0x00007fffb9bf0000 - 0x00007fffb9bf8000 	C:\Windows\System32\NSI.dll
0x00007fffafa50000 - 0x00007fffafa66000 	C:\Windows\SYSTEM32\dhcpcsvc6.DLL
0x00007fffaf930000 - 0x00007fffaf94c000 	C:\Windows\SYSTEM32\dhcpcsvc.DLL
0x00007fffb6640000 - 0x00007fffb670a000 	C:\Windows\SYSTEM32\DNSAPI.dll
0x00007fffa3090000 - 0x00007fffa30a2000 	C:\Users\yangz\.jdks\corretto-1.8.0_292\jre\bin\nio.dll
0x00007fffa3ae0000 - 0x00007fffa3aea000 	C:\Users\yangz\AppData\Local\Temp\jansi-1.17.1-1490171968875043131.dll
0x00007fffa37d0000 - 0x00007fffa37da000 	C:\Users\yangz\AppData\Local\Temp\jansi-1.17.1-8851942172305341444.dll

VM Arguments:
jvm_args: -Dmaven.multiModuleProjectDirectory=C:\Users\yangz\IdeaProjects\COVID-19\domain\Admin\Admin_Module_service -Dmaven.home=C:\Program Files\JetBrains\IntelliJ IDEA 2021.1.1\plugins\maven\lib\maven3 -Dclassworlds.conf=C:\Program Files\JetBrains\IntelliJ IDEA 2021.1.1\plugins\maven\lib\maven3\bin\m2.conf -Dmaven.ext.class.path=C:\Program Files\JetBrains\IntelliJ IDEA 2021.1.1\plugins\maven\lib\maven-event-listener.jar -Dfile.encoding=UTF-8 
java_command: org.codehaus.classworlds.Launcher -Didea.version=2021.1.1 -DskipTests=true install
java_class_path (initial): C:\Program Files\JetBrains\IntelliJ IDEA 2021.1.1\plugins\maven\lib\maven3\boot\plexus-classworlds-2.6.0.jar;C:\Program Files\JetBrains\IntelliJ IDEA 2021.1.1\plugins\maven\lib\maven3\boot\plexus-classworlds.license
Launcher Type: SUN_STANDARD

Environment Variables:
JAVA_HOME=D:\Java\jdk1.8.0_301
CLASSPATH=.;D:\Java\jdk1.8.0_301\lib\dt.jar;D:\Java\jdk1.8.0_301\lib\tools.jar
PATH=D:\Java\jdk1.8.0_301\jre\bin;D:\Java\jdk1.8.0_301bin;D:\Vmware\bin\;C:\Program Files\Common Files\Oracle\Java\javapath;C:\Program Files (x86)\Common Files\Oracle\Java\javapath;D:\apache-tomcat-9.0.44\bin;C:\Windows\system32;C:\Windows;C:\Windows\System32\Wbem;C:\Windows\System32\WindowsPowerShell\v1.0\;C:\Windows\System32\OpenSSH\;C:\Program Files (x86)\Microsoft SQL Server\150\DTS\Binn\;C:\Program Files\Azure Data Studio\bin;C:\Program Files\Microsoft SQL Server\Client SDK\ODBC\170\Tools\Binn\;C:\Program Files (x86)\Microsoft SQL Server\150\Tools\Binn\;C:\Program Files\Microsoft SQL Server\150\Tools\Binn\;C:\Program Files\Microsoft SQL Server\150\DTS\Binn\;C:\Program Files\Intel\WiFi\bin\;C:\Program Files\Common Files\Intel\WirelessCommon\;C:\sdk;C:\sdk\platform-tools;;D:\mysql-8.0.24-winx64bin;D:\apache-maven-3.8.1\bin;C:\Program Files\Common Files\Autodesk Shared\;C:\Program Files\Microsoft SQL Server\120\Tools\Binn\;C:\Program Files\Microsoft SQL Server\130\Tools\Binn\;D:\opencv3.4.1\opencv\build\x64\vc15\bin;"D:\apache-tomcat-7.0.109\bin;";"D:\apache-tomcat-7.0.109\lib;";D:\apache-jmeter-5.4.1\bin;D:\erl-23.0\bin;D:\nodejs\;D:\XShell7\;D:\Xftp7\;C:\Users\yangz\AppData\Local\Microsoft\WindowsApps;C:\Program Files\Azure Data Studio\bin;D:\idea\IntelliJ IDEA 2021.1.1\bin;;D:\Microsoft VS Code\bin;C:\Users\yangz\AppData\Roaming\npm;C:\Program Files\Bandizip\
USERNAME=yangz
OS=Windows_NT
PROCESSOR_IDENTIFIER=AMD64 Family 23 Model 17 Stepping 0, AuthenticAMD



---------------  S Y S T E M  ---------------

OS: Windows 10.0 , 64 bit Build 18362 (10.0.18362.1766)

CPU:total 8 (initial active 8) (8 cores per cpu, 1 threads per core) family 23 model 17 stepping 0, cmov, cx8, fxsr, mmx, sse, sse2, sse3, ssse3, sse4.1, sse4.2, popcnt, avx, avx2, aes, clmul, mmxext, 3dnowpref, lzcnt, sse4a, tsc, tscinvbit, tscinv, bmi1

Memory: 4k page, physical 7239248k(755688k free), swap 10424224k(4116k free)

vm_info: OpenJDK 64-Bit Server VM (25.292-b10) for windows-amd64 JRE (1.8.0_292-b10), built on Apr 14 2021 23:06:53 by "Administrator" with MS VC++ 12.0 (VS2013)

time: Fri Dec 31 10:39:44 2021
timezone: ?D1¨²¡À¨º¡Á?¨º¡À??
elapsed time: 2.372386 seconds (0d 0h 0m 2s)

