#
# There is insufficient memory for the Java Runtime Environment to continue.
# Native memory allocation (malloc) failed to allocate 1255456 bytes for Chunk::new
# Possible reasons:
#   The system is out of physical RAM or swap space
#   The process is running with CompressedOops enabled, and the Java Heap may be blocking the growth of the native heap
# Possible solutions:
#   Reduce memory load on the system
#   Increase physical memory or swap space
#   Check if swap backing store is full
#   Decrease Java heap size (-Xmx/-Xms)
#   Decrease number of Java threads
#   Decrease Java thread stack sizes (-Xss)
#   Set larger code cache with -XX:ReservedCodeCacheSize=
#   JVM is running with Unscaled Compressed Oops mode in which the Java heap is
#     placed in the first 4GB address space. The Java Heap base address is the
#     maximum limit for the native heap growth. Please use -XX:HeapBaseMinAddress
#     to set the Java Heap base and to place the Java Heap above 4GB virtual address.
# This output file may be truncated or incomplete.
#
#  Out of Memory Error (allocation.cpp:389), pid=6624, tid=0x00000000000032dc
#
# JRE version: OpenJDK Runtime Environment (8.0_292-b10) (build 1.8.0_292-b10)
# Java VM: OpenJDK 64-Bit Server VM (25.292-b10 mixed mode windows-amd64 compressed oops)
# Failed to write core dump. Minidumps are not enabled by default on client versions of Windows
#

---------------  T H R E A D  ---------------

Current thread (0x0000028fbad35800):  JavaThread "C2 CompilerThread0" daemon [_thread_in_native, id=13020, stack(0x000000def4800000,0x000000def4900000)]

Stack: [0x000000def4800000,0x000000def4900000]
[error occurred during error reporting (printing stack bounds), id 0xc0000005]

Native frames: (J=compiled Java code, j=interpreted, Vv=VM code, C=native code)


Current CompileTask:
C2:  11885 4108   !   4       org.apache.maven.model.Model::clone (502 bytes)


---------------  P R O C E S S  ---------------

Java Threads: ( => current thread )
  0x0000028fbc04f000 JavaThread "Service Thread" daemon [_thread_blocked, id=2748, stack(0x000000def4c00000,0x000000def4d00000)]
  0x0000028fbbfe4800 JavaThread "C1 CompilerThread3" daemon [_thread_blocked, id=1208, stack(0x000000def4b00000,0x000000def4c00000)]
  0x0000028fbad42800 JavaThread "C2 CompilerThread2" daemon [_thread_in_native, id=4752, stack(0x000000def4a00000,0x000000def4b00000)]
  0x0000028fbad37800 JavaThread "C2 CompilerThread1" daemon [_thread_in_native, id=12948, stack(0x000000def4900000,0x000000def4a00000)]
=>0x0000028fbad35800 JavaThread "C2 CompilerThread0" daemon [_thread_in_native, id=13020, stack(0x000000def4800000,0x000000def4900000)]
  0x0000028fbad29000 JavaThread "Attach Listener" daemon [_thread_blocked, id=2480, stack(0x000000def4700000,0x000000def4800000)]
  0x0000028fbacd4000 JavaThread "Signal Dispatcher" daemon [_thread_blocked, id=1720, stack(0x000000def4600000,0x000000def4700000)]
  0x0000028fbac9e000 JavaThread "Finalizer" daemon [_thread_blocked, id=11896, stack(0x000000def4500000,0x000000def4600000)]
  0x0000028fbac9c800 JavaThread "Reference Handler" daemon [_thread_blocked, id=4124, stack(0x000000def4400000,0x000000def4500000)]
  0x0000028fa477b800 JavaThread "main" [_thread_in_native, id=1768, stack(0x000000def3a00000,0x000000def3b00000)]

Other Threads:
  0x0000028fbac70800 VMThread [stack: 0x000000def4300000,0x000000def4400000] [id=4620]
  0x0000028fbc050800 WatcherThread [stack: 0x000000def4d00000,0x000000def4e00000] [id=14084]

VM state:not at safepoint (normal execution)

VM Mutex/Monitor currently owned by a thread: None

heap address: 0x0000000091800000, size: 1768 MB, Compressed Oops mode: 32-bit
Narrow klass base: 0x0000000000000000, Narrow klass shift: 3
Compressed class space size: 1073741824 Address: 0x0000000100000000

Heap:
 PSYoungGen      total 128000K, used 42439K [0x00000000db300000, 0x00000000e8a80000, 0x0000000100000000)
  eden space 109568K, 21% used [0x00000000db300000,0x00000000dca76098,0x00000000e1e00000)
  from space 18432K, 99% used [0x00000000e1e00000,0x00000000e2ffbc50,0x00000000e3000000)
  to   space 22528K, 0% used [0x00000000e7480000,0x00000000e7480000,0x00000000e8a80000)
 ParOldGen       total 76800K, used 25550K [0x0000000091800000, 0x0000000096300000, 0x00000000db300000)
  object space 76800K, 33% used [0x0000000091800000,0x00000000930f38f8,0x0000000096300000)
 Metaspace       used 19082K, capacity 19710K, committed 20096K, reserved 1067008K
  class space    used 2174K, capacity 2313K, committed 2432K, reserved 1048576K

Card table byte_map: [0x0000028fb56e0000,0x0000028fb5a60000] byte_map_base: 0x0000028fb5254000

Marking Bits: (ParMarkBitMap*) 0x000000006e56f7f0
 Begin Bits: [0x0000028fb5cb0000, 0x0000028fb7850000)
 End Bits:   [0x0000028fb7850000, 0x0000028fb93f0000)

Polling page: 0x0000028fa46f0000

CodeCache: size=245760Kb used=14248Kb max_used=15518Kb free=231511Kb
 bounds [0x0000028fa6320000, 0x0000028fa7290000, 0x0000028fb5320000]
 total_blobs=4138 nmethods=3757 adapters=294
 compilation: enabled

Compilation events (10 events):
Event: 11.774 Thread 0x0000028fbad42800 4134       4       java.util.Properties::load0 (250 bytes)
Event: 11.783 Thread 0x0000028fbad42800 nmethod 4134 0x0000028fa6479090 code [0x0000028fa6479220, 0x0000028fa64797c0]
Event: 11.783 Thread 0x0000028fbad42800 4133       4       java.lang.AbstractStringBuilder::append (29 bytes)
Event: 11.786 Thread 0x0000028fbad42800 nmethod 4133 0x0000028fa64366d0 code [0x0000028fa6436820, 0x0000028fa6436b78]
Event: 11.862 Thread 0x0000028fbbfe4800 4141       3       org.apache.maven.model.merge.ModelMerger::mergeSite_Id (41 bytes)
Event: 11.863 Thread 0x0000028fbbfe4800 nmethod 4141 0x0000028fa6ac8d90 code [0x0000028fa6ac8f20, 0x0000028fa6ac9280]
Event: 11.863 Thread 0x0000028fbbfe4800 4143       3       org.apache.maven.model.Site::setId (6 bytes)
Event: 11.863 Thread 0x0000028fbbfe4800 nmethod 4143 0x0000028fa6442510 code [0x0000028fa6442660, 0x0000028fa64427d8]
Event: 11.863 Thread 0x0000028fbbfe4800 4142       3       org.apache.maven.model.merge.ModelMerger::mergeSite_Name (41 bytes)
Event: 11.863 Thread 0x0000028fbbfe4800 nmethod 4142 0x0000028fa69c4310 code [0x0000028fa69c44a0, 0x0000028fa69c4800]

GC Heap History (10 events):
Event: 5.302 GC heap before
{Heap before GC invocations=5 (full 0):
 PSYoungGen      total 33280K, used 33262K [0x00000000db300000, 0x00000000dd800000, 0x0000000100000000)
  eden space 28672K, 100% used [0x00000000db300000,0x00000000dcf00000,0x00000000dcf00000)
  from space 4608K, 99% used [0x00000000dd380000,0x00000000dd7fb8d0,0x00000000dd800000)
  to   space 4608K, 0% used [0x00000000dcf00000,0x00000000dcf00000,0x00000000dd380000)
 ParOldGen       total 76800K, used 7895K [0x0000000091800000, 0x0000000096300000, 0x00000000db300000)
  object space 76800K, 10% used [0x0000000091800000,0x0000000091fb5c30,0x0000000096300000)
 Metaspace       used 16124K, capacity 16386K, committed 16640K, reserved 1064960K
  class space    used 1897K, capacity 2010K, committed 2048K, reserved 1048576K
Event: 5.314 GC heap after
Heap after GC invocations=5 (full 0):
 PSYoungGen      total 33280K, used 4584K [0x00000000db300000, 0x00000000dff00000, 0x0000000100000000)
  eden space 28672K, 0% used [0x00000000db300000,0x00000000db300000,0x00000000dcf00000)
  from space 4608K, 99% used [0x00000000dcf00000,0x00000000dd37a060,0x00000000dd380000)
  to   space 10240K, 0% used [0x00000000df500000,0x00000000df500000,0x00000000dff00000)
 ParOldGen       total 76800K, used 12100K [0x0000000091800000, 0x0000000096300000, 0x00000000db300000)
  object space 76800K, 15% used [0x0000000091800000,0x00000000923d1010,0x0000000096300000)
 Metaspace       used 16124K, capacity 16386K, committed 16640K, reserved 1064960K
  class space    used 1897K, capacity 2010K, committed 2048K, reserved 1048576K
}
Event: 5.845 GC heap before
{Heap before GC invocations=6 (full 0):
 PSYoungGen      total 33280K, used 33256K [0x00000000db300000, 0x00000000dff00000, 0x0000000100000000)
  eden space 28672K, 100% used [0x00000000db300000,0x00000000dcf00000,0x00000000dcf00000)
  from space 4608K, 99% used [0x00000000dcf00000,0x00000000dd37a060,0x00000000dd380000)
  to   space 10240K, 0% used [0x00000000df500000,0x00000000df500000,0x00000000dff00000)
 ParOldGen       total 76800K, used 12100K [0x0000000091800000, 0x0000000096300000, 0x00000000db300000)
  object space 76800K, 15% used [0x0000000091800000,0x00000000923d1010,0x0000000096300000)
 Metaspace       used 16359K, capacity 16660K, committed 16896K, reserved 1064960K
  class space    used 1900K, capacity 2013K, committed 2048K, reserved 1048576K
Event: 5.855 GC heap after
Heap after GC invocations=6 (full 0):
 PSYoungGen      total 67072K, used 8616K [0x00000000db300000, 0x00000000e0000000, 0x0000000100000000)
  eden space 56832K, 0% used [0x00000000db300000,0x00000000db300000,0x00000000dea80000)
  from space 10240K, 84% used [0x00000000df500000,0x00000000dfd6a040,0x00000000dff00000)
  to   space 10752K, 0% used [0x00000000dea80000,0x00000000dea80000,0x00000000df500000)
 ParOldGen       total 76800K, used 12108K [0x0000000091800000, 0x0000000096300000, 0x00000000db300000)
  object space 76800K, 15% used [0x0000000091800000,0x00000000923d3010,0x0000000096300000)
 Metaspace       used 16359K, capacity 16660K, committed 16896K, reserved 1064960K
  class space    used 1900K, capacity 2013K, committed 2048K, reserved 1048576K
}
Event: 6.924 GC heap before
{Heap before GC invocations=7 (full 0):
 PSYoungGen      total 67072K, used 65448K [0x00000000db300000, 0x00000000e0000000, 0x0000000100000000)
  eden space 56832K, 100% used [0x00000000db300000,0x00000000dea80000,0x00000000dea80000)
  from space 10240K, 84% used [0x00000000df500000,0x00000000dfd6a040,0x00000000dff00000)
  to   space 10752K, 0% used [0x00000000dea80000,0x00000000dea80000,0x00000000df500000)
 ParOldGen       total 76800K, used 12108K [0x0000000091800000, 0x0000000096300000, 0x00000000db300000)
  object space 76800K, 15% used [0x0000000091800000,0x00000000923d3010,0x0000000096300000)
 Metaspace       used 16677K, capacity 17078K, committed 17408K, reserved 1064960K
  class space    used 1906K, capacity 2018K, committed 2048K, reserved 1048576K
Event: 6.939 GC heap after
Heap after GC invocations=7 (full 0):
 PSYoungGen      total 67584K, used 10736K [0x00000000db300000, 0x00000000e3e00000, 0x0000000100000000)
  eden space 56832K, 0% used [0x00000000db300000,0x00000000db300000,0x00000000dea80000)
  from space 10752K, 99% used [0x00000000dea80000,0x00000000df4fc010,0x00000000df500000)
  to   space 14336K, 0% used [0x00000000e3000000,0x00000000e3000000,0x00000000e3e00000)
 ParOldGen       total 76800K, used 16990K [0x0000000091800000, 0x0000000096300000, 0x00000000db300000)
  object space 76800K, 22% used [0x0000000091800000,0x0000000092897af0,0x0000000096300000)
 Metaspace       used 16677K, capacity 17078K, committed 17408K, reserved 1064960K
  class space    used 1906K, capacity 2018K, committed 2048K, reserved 1048576K
}
Event: 7.690 GC heap before
{Heap before GC invocations=8 (full 0):
 PSYoungGen      total 67584K, used 67568K [0x00000000db300000, 0x00000000e3e00000, 0x0000000100000000)
  eden space 56832K, 100% used [0x00000000db300000,0x00000000dea80000,0x00000000dea80000)
  from space 10752K, 99% used [0x00000000dea80000,0x00000000df4fc010,0x00000000df500000)
  to   space 14336K, 0% used [0x00000000e3000000,0x00000000e3000000,0x00000000e3e00000)
 ParOldGen       total 76800K, used 16990K [0x0000000091800000, 0x0000000096300000, 0x00000000db300000)
  object space 76800K, 22% used [0x0000000091800000,0x0000000092897af0,0x0000000096300000)
 Metaspace       used 16832K, capacity 17212K, committed 17408K, reserved 1064960K
  class space    used 1908K, capacity 2019K, committed 2048K, reserved 1048576K
Event: 7.708 GC heap after
Heap after GC invocations=8 (full 0):
 PSYoungGen      total 123904K, used 14336K [0x00000000db300000, 0x00000000e4600000, 0x0000000100000000)
  eden space 109568K, 0% used [0x00000000db300000,0x00000000db300000,0x00000000e1e00000)
  from space 14336K, 100% used [0x00000000e3000000,0x00000000e3e00000,0x00000000e3e00000)
  to   space 18432K, 0% used [0x00000000e1e00000,0x00000000e1e00000,0x00000000e3000000)
 ParOldGen       total 76800K, used 22147K [0x0000000091800000, 0x0000000096300000, 0x00000000db300000)
  object space 76800K, 28% used [0x0000000091800000,0x0000000092da0d98,0x0000000096300000)
 Metaspace       used 16832K, capacity 17212K, committed 17408K, reserved 1064960K
  class space    used 1908K, capacity 2019K, committed 2048K, reserved 1048576K
}
Event: 11.287 GC heap before
{Heap before GC invocations=9 (full 0):
 PSYoungGen      total 123904K, used 123904K [0x00000000db300000, 0x00000000e4600000, 0x0000000100000000)
  eden space 109568K, 100% used [0x00000000db300000,0x00000000e1e00000,0x00000000e1e00000)
  from space 14336K, 100% used [0x00000000e3000000,0x00000000e3e00000,0x00000000e3e00000)
  to   space 18432K, 0% used [0x00000000e1e00000,0x00000000e1e00000,0x00000000e3000000)
 ParOldGen       total 76800K, used 22147K [0x0000000091800000, 0x0000000096300000, 0x00000000db300000)
  object space 76800K, 28% used [0x0000000091800000,0x0000000092da0d98,0x0000000096300000)
 Metaspace       used 19045K, capacity 19698K, committed 19840K, reserved 1067008K
  class space    used 2173K, capacity 2311K, committed 2432K, reserved 1048576K
Event: 11.313 GC heap after
Heap after GC invocations=9 (full 0):
 PSYoungGen      total 128000K, used 18415K [0x00000000db300000, 0x00000000e8a80000, 0x0000000100000000)
  eden space 109568K, 0% used [0x00000000db300000,0x00000000db300000,0x00000000e1e00000)
  from space 18432K, 99% used [0x00000000e1e00000,0x00000000e2ffbc50,0x00000000e3000000)
  to   space 22528K, 0% used [0x00000000e7480000,0x00000000e7480000,0x00000000e8a80000)
 ParOldGen       total 76800K, used 25550K [0x0000000091800000, 0x0000000096300000, 0x00000000db300000)
  object space 76800K, 33% used [0x0000000091800000,0x00000000930f38f8,0x0000000096300000)
 Metaspace       used 19045K, capacity 19698K, committed 19840K, reserved 1067008K
  class space    used 2173K, capacity 2311K, committed 2432K, reserved 1048576K
}

Deoptimization events (10 events):
Event: 10.251 Thread 0x0000028fa477b800 Uncommon trap: reason=array_check action=maybe_recompile pc=0x0000028fa718f864 method=java.util.TimSort.binarySort([Ljava/lang/Object;IIILjava/util/Comparator;)V @ 193
Event: 10.267 Thread 0x0000028fa477b800 Uncommon trap: reason=array_check action=maybe_recompile pc=0x0000028fa718d2e0 method=java.util.TimSort.binarySort([Ljava/lang/Object;IIILjava/util/Comparator;)V @ 183
Event: 10.268 Thread 0x0000028fa477b800 Uncommon trap: reason=array_check action=maybe_recompile pc=0x0000028fa718d2e0 method=java.util.TimSort.binarySort([Ljava/lang/Object;IIILjava/util/Comparator;)V @ 183
Event: 10.295 Thread 0x0000028fa477b800 Uncommon trap: reason=class_check action=maybe_recompile pc=0x0000028fa6db7f54 method=org.eclipse.sisu.wire.EntryListAdapter$ValueIterator.next()Ljava/lang/Object; @ 4
Event: 10.392 Thread 0x0000028fa477b800 Uncommon trap: reason=unstable_if action=reinterpret pc=0x0000028fa6962414 method=java.nio.charset.CharsetEncoder.encode(Ljava/nio/CharBuffer;Ljava/nio/ByteBuffer;Z)Ljava/nio/charset/CoderResult; @ 1
Event: 10.393 Thread 0x0000028fa477b800 Uncommon trap: reason=class_check action=maybe_recompile pc=0x0000028fa6db7f54 method=org.eclipse.sisu.wire.EntryListAdapter$ValueIterator.next()Ljava/lang/Object; @ 4
Event: 10.398 Thread 0x0000028fa477b800 Uncommon trap: reason=predicate action=maybe_recompile pc=0x0000028fa715dd28 method=java.util.AbstractMap.equals(Ljava/lang/Object;)Z @ 55
Event: 10.401 Thread 0x0000028fa477b800 Uncommon trap: reason=unstable_if action=reinterpret pc=0x0000028fa66f0f70 method=java.util.concurrent.ConcurrentHashMap.putVal(Ljava/lang/Object;Ljava/lang/Object;Z)Ljava/lang/Object; @ 206
Event: 10.977 Thread 0x0000028fa477b800 Uncommon trap: reason=class_check action=maybe_recompile pc=0x0000028fa71825f0 method=org.apache.maven.model.ModelBase.clone()Lorg/apache/maven/model/ModelBase; @ 119
Event: 11.397 Thread 0x0000028fa477b800 Uncommon trap: reason=unstable_if action=reinterpret pc=0x0000028fa6d21e28 method=org.codehaus.plexus.interpolation.StringSearchInterpolator.interpolate(Ljava/lang/String;Lorg/codehaus/plexus/interpolation/RecursionInterceptor;Ljava/util/Set;)Ljava/lang/S

Classes redefined (0 events):
No events

Internal exceptions (10 events):
Event: 3.838 Thread 0x0000028fa477b800 Exception <a 'java/lang/NullPointerException'> (0x00000000dceb9a30) thrown at [C:\wsjdk\Corretto8Src\installers\windows\zip\corretto-build\buildRoot\src\hotspot\src\share\vm\interpreter\linkResolver.cpp, line 1185]
Event: 3.936 Thread 0x0000028fa477b800 Implicit null exception at 0x0000028fa6558656 to 0x0000028fa65589d5
Event: 3.936 Thread 0x0000028fa477b800 Implicit null exception at 0x0000028fa651ed96 to 0x0000028fa651f115
Event: 4.475 Thread 0x0000028fa477b800 Implicit null exception at 0x0000028fa69fdd39 to 0x0000028fa69ff031
Event: 4.818 Thread 0x0000028fa477b800 Implicit null exception at 0x0000028fa6ae62b7 to 0x0000028fa6ae64fd
Event: 5.118 Thread 0x0000028fa477b800 Implicit null exception at 0x0000028fa6b92860 to 0x0000028fa6b93ac5
Event: 7.842 Thread 0x0000028fa477b800 Implicit null exception at 0x0000028fa6fd3136 to 0x0000028fa6fd33b9
Event: 7.845 Thread 0x0000028fa477b800 Implicit null exception at 0x0000028fa6f76bef to 0x0000028fa6f76c96
Event: 8.716 Thread 0x0000028fa477b800 Implicit null exception at 0x0000028fa6fd4688 to 0x0000028fa6fd4cad
Event: 9.259 Thread 0x0000028fa477b800 Implicit null exception at 0x0000028fa6ce3501 to 0x0000028fa6ce3909

Events (10 events):
Event: 11.413 Thread 0x0000028fbbfe4800 flushing nmethod 0x0000028fa6b08710
Event: 11.413 Thread 0x0000028fbbfe4800 flushing nmethod 0x0000028fa6b34750
Event: 11.413 Thread 0x0000028fbbfe4800 flushing nmethod 0x0000028fa6b35150
Event: 11.413 Thread 0x0000028fbbfe4800 flushing nmethod 0x0000028fa6b38b90
Event: 11.413 Thread 0x0000028fbbfe4800 flushing nmethod 0x0000028fa6b3c9d0
Event: 11.415 Thread 0x0000028fbbfe4800 flushing nmethod 0x0000028fa6b92450
Event: 11.415 Thread 0x0000028fbbfe4800 flushing nmethod 0x0000028fa6b96010
Event: 11.416 Thread 0x0000028fbbfe4800 flushing nmethod 0x0000028fa6bd81d0
Event: 11.707 Thread 0x0000028fa477b800 DEOPT PACKING pc=0x0000028fa6b91ecd sp=0x000000def3afd0b0
Event: 11.707 Thread 0x0000028fa477b800 DEOPT UNPACKING pc=0x0000028fa63671d8 sp=0x000000def3afcdb8 mode 0


Dynamic libraries:
0x00007ff7182c0000 - 0x00007ff7182fa000 	C:\Users\yangz\.jdks\corretto-1.8.0_292\bin\java.exe
0x00007ffae1da0000 - 0x00007ffae1f90000 	C:\Windows\SYSTEM32\ntdll.dll
0x00007ffae0260000 - 0x00007ffae0313000 	C:\Windows\System32\KERNEL32.DLL
0x00007ffadf0a0000 - 0x00007ffadf346000 	C:\Windows\System32\KERNELBASE.dll
0x00007ffae01a0000 - 0x00007ffae0243000 	C:\Windows\System32\ADVAPI32.dll
0x00007ffadfe40000 - 0x00007ffadfede000 	C:\Windows\System32\msvcrt.dll
0x00007ffae1c90000 - 0x00007ffae1d27000 	C:\Windows\System32\sechost.dll
0x00007ffae0020000 - 0x00007ffae013f000 	C:\Windows\System32\RPCRT4.dll
0x00007ffae0320000 - 0x00007ffae04b4000 	C:\Windows\System32\USER32.dll
0x00007ffadeda0000 - 0x00007ffadedc1000 	C:\Windows\System32\win32u.dll
0x00007ffae0170000 - 0x00007ffae0196000 	C:\Windows\System32\GDI32.dll
0x00007ffadef00000 - 0x00007ffadf098000 	C:\Windows\System32\gdi32full.dll
0x00007ffadf350000 - 0x00007ffadf3ee000 	C:\Windows\System32\msvcp_win.dll
0x00007ffadfd40000 - 0x00007ffadfe3a000 	C:\Windows\System32\ucrtbase.dll
0x00007ffac1f80000 - 0x00007ffac2204000 	C:\Windows\WinSxS\amd64_microsoft.windows.common-controls_6595b64144ccf1df_6.0.18362.1801_none_9e79a739e46243f0\COMCTL32.dll
0x00007ffae09a0000 - 0x00007ffae0cd6000 	C:\Windows\System32\combase.dll
0x00007ffaded10000 - 0x00007ffaded94000 	C:\Windows\System32\bcryptPrimitives.dll
0x00007ffae1d30000 - 0x00007ffae1d5e000 	C:\Windows\System32\IMM32.DLL
0x00007ffa9cd00000 - 0x00007ffa9cdef000 	C:\Users\yangz\.jdks\corretto-1.8.0_292\jre\bin\msvcr120.dll
0x00007ffaa05d0000 - 0x00007ffaa0676000 	C:\Users\yangz\.jdks\corretto-1.8.0_292\jre\bin\msvcp120.dll
0x000000006dd80000 - 0x000000006e5ee000 	C:\Users\yangz\.jdks\corretto-1.8.0_292\jre\bin\server\jvm.dll
0x00007ffae0250000 - 0x00007ffae0258000 	C:\Windows\System32\PSAPI.DLL
0x00007ffadc760000 - 0x00007ffadc784000 	C:\Windows\SYSTEM32\WINMM.dll
0x00007ffac68a0000 - 0x00007ffac68a9000 	C:\Windows\SYSTEM32\WSOCK32.dll
0x00007ffae06d0000 - 0x00007ffae073f000 	C:\Windows\System32\WS2_32.dll
0x00007ffad84e0000 - 0x00007ffad84ea000 	C:\Windows\SYSTEM32\VERSION.dll
0x00007ffadc550000 - 0x00007ffadc57d000 	C:\Windows\SYSTEM32\WINMMBASE.dll
0x00007ffadf3f0000 - 0x00007ffadf43a000 	C:\Windows\System32\cfgmgr32.dll
0x00007ffad02c0000 - 0x00007ffad02cf000 	C:\Users\yangz\.jdks\corretto-1.8.0_292\jre\bin\verify.dll
0x00007ffabd470000 - 0x00007ffabd499000 	C:\Users\yangz\.jdks\corretto-1.8.0_292\jre\bin\java.dll
0x00007ffabe850000 - 0x00007ffabe866000 	C:\Users\yangz\.jdks\corretto-1.8.0_292\jre\bin\zip.dll
0x00007ffae0f80000 - 0x00007ffae1667000 	C:\Windows\System32\SHELL32.dll
0x00007ffae0830000 - 0x00007ffae08d9000 	C:\Windows\System32\shcore.dll
0x00007ffadf5c0000 - 0x00007ffadfd3b000 	C:\Windows\System32\windows.storage.dll
0x00007ffadec60000 - 0x00007ffadec7e000 	C:\Windows\System32\profapi.dll
0x00007ffadecc0000 - 0x00007ffaded0a000 	C:\Windows\System32\powrprof.dll
0x00007ffadec50000 - 0x00007ffadec60000 	C:\Windows\System32\UMPDC.dll
0x00007ffae0940000 - 0x00007ffae0992000 	C:\Windows\System32\shlwapi.dll
0x00007ffadec80000 - 0x00007ffadec91000 	C:\Windows\System32\kernel.appcore.dll
0x00007ffadee30000 - 0x00007ffadee47000 	C:\Windows\System32\cryptsp.dll
0x00007ffaddfb0000 - 0x00007ffaddfe3000 	C:\Windows\system32\rsaenh.dll
0x00007ffadf590000 - 0x00007ffadf5b6000 	C:\Windows\System32\bcrypt.dll
0x00007ffadeb70000 - 0x00007ffadeb95000 	C:\Windows\SYSTEM32\USERENV.dll
0x00007ffade600000 - 0x00007ffade60c000 	C:\Windows\SYSTEM32\CRYPTBASE.dll
0x00007ffab2fa0000 - 0x00007ffab2fba000 	C:\Users\yangz\.jdks\corretto-1.8.0_292\jre\bin\net.dll
0x00007ffade430000 - 0x00007ffade497000 	C:\Windows\system32\mswsock.dll
0x00007ffade140000 - 0x00007ffade17a000 	C:\Windows\SYSTEM32\IPHLPAPI.DLL
0x00007ffae0140000 - 0x00007ffae0148000 	C:\Windows\System32\NSI.dll
0x00007ffad8290000 - 0x00007ffad82a6000 	C:\Windows\SYSTEM32\dhcpcsvc6.DLL
0x00007ffad7980000 - 0x00007ffad799c000 	C:\Windows\SYSTEM32\dhcpcsvc.DLL
0x00007ffade190000 - 0x00007ffade25a000 	C:\Windows\SYSTEM32\DNSAPI.dll
0x00007ffaac2c0000 - 0x00007ffaac2d2000 	C:\Users\yangz\.jdks\corretto-1.8.0_292\jre\bin\nio.dll
0x00007ffabd460000 - 0x00007ffabd46a000 	C:\Users\yangz\AppData\Local\Temp\jansi-1.17.1-4955810381063496980.dll
0x00007ffab8380000 - 0x00007ffab838a000 	C:\Users\yangz\AppData\Local\Temp\jansi-1.17.1-9212205203711103117.dll

VM Arguments:
jvm_args: -Dmaven.multiModuleProjectDirectory=C:\Users\yangz\IdeaProjects\COVID-19\domain\Admin\Admin_Module -Dmaven.home=C:\Program Files\JetBrains\IntelliJ IDEA 2021.1.1\plugins\maven\lib\maven3 -Dclassworlds.conf=C:\Program Files\JetBrains\IntelliJ IDEA 2021.1.1\plugins\maven\lib\maven3\bin\m2.conf -Dmaven.ext.class.path=C:\Program Files\JetBrains\IntelliJ IDEA 2021.1.1\plugins\maven\lib\maven-event-listener.jar -Dfile.encoding=UTF-8 
java_command: org.codehaus.classworlds.Launcher -Didea.version=2021.1.1 -DskipTests=true install
java_class_path (initial): C:\Program Files\JetBrains\IntelliJ IDEA 2021.1.1\plugins\maven\lib\maven3\boot\plexus-classworlds-2.6.0.jar;C:\Program Files\JetBrains\IntelliJ IDEA 2021.1.1\plugins\maven\lib\maven3\boot\plexus-classworlds.license
Launcher Type: SUN_STANDARD

Environment Variables:
JAVA_HOME=D:\Java\jdk1.8.0_301
CLASSPATH=.;D:\Java\jdk1.8.0_301\lib\dt.jar;D:\Java\jdk1.8.0_301\lib\tools.jar
PATH=C:\Program Files (x86)\Common Files\Intel\Shared Libraries\redist\intel64\compiler;D:\Java\jdk1.8.0_301\jre\bin;D:\Java\jdk1.8.0_301bin;D:\Vmware\bin\;C:\Program Files\Common Files\Oracle\Java\javapath;C:\Program Files (x86)\Common Files\Oracle\Java\javapath;D:\apache-tomcat-9.0.44\bin;C:\Windows\system32;C:\Windows;C:\Windows\System32\Wbem;C:\Windows\System32\WindowsPowerShell\v1.0\;C:\Windows\System32\OpenSSH\;C:\Program Files (x86)\Microsoft SQL Server\150\DTS\Binn\;C:\Program Files\Azure Data Studio\bin;C:\Program Files\Microsoft SQL Server\Client SDK\ODBC\170\Tools\Binn\;C:\Program Files (x86)\Microsoft SQL Server\150\Tools\Binn\;C:\Program Files\Microsoft SQL Server\150\Tools\Binn\;C:\Program Files\Microsoft SQL Server\150\DTS\Binn\;C:\Program Files\Intel\WiFi\bin\;C:\Program Files\Common Files\Intel\WirelessCommon\;C:\sdk;C:\sdk\platform-tools;;D:\mysql-8.0.24-winx64bin;D:\apache-maven-3.8.1\bin;C:\Program Files\Common Files\Autodesk Shared\;C:\Program Files\Microsoft SQL Server\120\Tools\Binn\;C:\Program Files\Microsoft SQL Server\130\Tools\Binn\;D:\opencv3.4.1\opencv\build\x64\vc15\bin;"D:\apache-tomcat-7.0.109\bin;";"D:\apache-tomcat-7.0.109\lib;";D:\apache-jmeter-5.4.1\bin;D:\erl-23.0\bin;D:\nodejs\;D:\XShell7\;D:\Xftp7\;C:\Users\yangz\AppData\Local\Microsoft\WindowsApps;C:\Program Files\Azure Data Studio\bin;D:\idea\IntelliJ IDEA 2021.1.1\bin;;D:\Microsoft VS Code\bin;C:\Users\yangz\AppData\Roaming\npm;C:\Program Files\Bandizip\
USERNAME=yangz
OS=Windows_NT
PROCESSOR_IDENTIFIER=AMD64 Family 23 Model 17 Stepping 0, AuthenticAMD



---------------  S Y S T E M  ---------------

OS: Windows 10.0 , 64 bit Build 18362 (10.0.18362.1766)

CPU:total 8 (initial active 8) (8 cores per cpu, 1 threads per core) family 23 model 17 stepping 0, cmov, cx8, fxsr, mmx, sse, sse2, sse3, ssse3, sse4.1, sse4.2, popcnt, avx, avx2, aes, clmul, mmxext, 3dnowpref, lzcnt, sse4a, tsc, tscinvbit, tscinv, bmi1

Memory: 4k page, physical 7239248k(364220k free), swap 11025316k(5132k free)

vm_info: OpenJDK 64-Bit Server VM (25.292-b10) for windows-amd64 JRE (1.8.0_292-b10), built on Apr 14 2021 23:06:53 by "Administrator" with MS VC++ 12.0 (VS2013)

time: Sun Jan 09 20:38:05 2022
timezone: ?D1¨²¡À¨º¡Á?¨º¡À??
elapsed time: 11.895957 seconds (0d 0h 0m 11s)

